2025-07-17 12:16:06,485 [INFO] Activator:176 - 


2025-07-17 12:16:06,487 [INFO] Activator:177 - !SESSION log4j initialized
2025-07-17 12:16:07,404 [ERROR] LogOutputStream:75 - [STDERR_REDIRECT] 
2025-07-17 12:16:08,783 [INFO] LogOutputStream:77 - [STDOUT_REDIRECT] 
2025-07-17 12:16:11,190 [INFO] ApplicationProperties:184 - Using Application install path: /Applications/STM32CubeIDE.app/Contents/Eclipse/plugins/com.st.stm32cube.common.mx_6.15.0.202507011659
2025-07-17 12:16:11,211 [INFO] DbMcusXml:78 - Set database path to: /Applications/STM32CubeIDE.app/Contents/Eclipse/plugins/com.st.stm32cube.common.mx_6.15.0.202507011659//db//mcu/
2025-07-17 12:16:11,211 [INFO] ApiDb:274 - Set plugin database path to: /Applications/STM32CubeIDE.app/Contents/Eclipse/plugins/com.st.stm32cube.common.mx_6.15.0.202507011659//db//plugins/boardmanager/
2025-07-17 12:16:11,212 [WARN] ApiDb:259 - Overriding images path with different value:  => /Applications/STM32CubeIDE.app/Contents/Eclipse/plugins/com.st.stm32cube.common.mx_6.15.0.202507011659//db//plugins/mcufinder/images/
2025-07-17 12:16:11,219 [INFO] ApiDb:250 - Set database path to: /Users/liufangzheng/.stmcufinder/plugins/mcufinder//mcu/
2025-07-17 12:16:11,221 [INFO] DbMcusAds:125 - Set database path to: /Users/liufangzheng/.stmcufinder/plugins/mcufinder//mcu/
2025-07-17 12:16:11,224 [INFO] CrossReferenceDbSqlite:203 - Set database path to: /Users/liufangzheng/.stmcufinder/plugins/mcufinder//mcu/cs/
2025-07-17 12:16:11,367 [INFO] RulesReader:64 - Compatibility file has been processed (317 Rules)
2025-07-17 12:16:11,426 [INFO] DbMcusXml:78 - Set database path to: /Applications/STM32CubeIDE.app/Contents/Eclipse/plugins/com.st.stm32cube.common.mx_6.15.0.202507011659//db//mcu/
2025-07-17 12:16:11,426 [INFO] ApiDb:274 - Set plugin database path to: /Applications/STM32CubeIDE.app/Contents/Eclipse/plugins/com.st.stm32cube.common.mx_6.15.0.202507011659//db//plugins/boardmanager/
2025-07-17 12:16:11,426 [INFO] ApiDb:261 - Set plugin images path to: /Applications/STM32CubeIDE.app/Contents/Eclipse/plugins/com.st.stm32cube.common.mx_6.15.0.202507011659//db//plugins/mcufinder/images/
2025-07-17 12:16:11,427 [WARN] DbFile:41 - Overriding database path with different value: /Users/liufangzheng/.stmcufinder/plugins/mcufinder/ => /Users/liufangzheng/.stmcufinder/plugins/mcufinder
2025-07-17 12:16:11,427 [INFO] ApiDb:250 - Set database path to: /Users/liufangzheng/.stmcufinder/plugins/mcufinder//mcu/
2025-07-17 12:16:11,427 [WARN] DbFile:41 - Overriding database path with different value: /Users/liufangzheng/.stmcufinder/plugins/mcufinder/ => /Users/liufangzheng/.stmcufinder/plugins/mcufinder
2025-07-17 12:16:11,427 [INFO] DbMcusAds:125 - Set database path to: /Users/liufangzheng/.stmcufinder/plugins/mcufinder//mcu/
2025-07-17 12:16:11,427 [WARN] DbFile:41 - Overriding database path with different value: /Users/liufangzheng/.stmcufinder/plugins/mcufinder/ => /Users/liufangzheng/.stmcufinder/plugins/mcufinder
2025-07-17 12:16:11,427 [WARN] DbFile:41 - Overriding database path with different value: /Users/liufangzheng/.stmcufinder/plugins/mcufinder/ => /Users/liufangzheng/.stmcufinder/plugins/mcufinder
2025-07-17 12:16:11,427 [INFO] CrossReferenceDbSqlite:203 - Set database path to: /Users/liufangzheng/.stmcufinder/plugins/mcufinder//mcu/cs/
2025-07-17 12:16:11,509 [INFO] MainPanel:274 - HeapMemory: 268435456
2025-07-17 12:16:12,057 [INFO] DbMcusXml:78 - Set database path to: /Applications/STM32CubeIDE.app/Contents/Eclipse/plugins/com.st.stm32cube.common.mx_6.15.0.202507011659//db//mcu/
2025-07-17 12:16:12,057 [INFO] ApiDb:274 - Set plugin database path to: /Applications/STM32CubeIDE.app/Contents/Eclipse/plugins/com.st.stm32cube.common.mx_6.15.0.202507011659//db//plugins/boardmanager/
2025-07-17 12:16:12,057 [INFO] ApiDb:261 - Set plugin images path to: /Applications/STM32CubeIDE.app/Contents/Eclipse/plugins/com.st.stm32cube.common.mx_6.15.0.202507011659//db//plugins/mcufinder/images/
2025-07-17 12:16:12,058 [WARN] DbFile:41 - Overriding database path with different value: /Users/liufangzheng/.stmcufinder/plugins/mcufinder/ => /Users/liufangzheng/.stmcufinder/plugins/mcufinder
2025-07-17 12:16:12,058 [INFO] ApiDb:250 - Set database path to: /Users/liufangzheng/.stmcufinder/plugins/mcufinder//mcu/
2025-07-17 12:16:12,058 [WARN] DbFile:41 - Overriding database path with different value: /Users/liufangzheng/.stmcufinder/plugins/mcufinder/ => /Users/liufangzheng/.stmcufinder/plugins/mcufinder
2025-07-17 12:16:12,058 [INFO] DbMcusAds:125 - Set database path to: /Users/liufangzheng/.stmcufinder/plugins/mcufinder//mcu/
2025-07-17 12:16:12,058 [WARN] DbFile:41 - Overriding database path with different value: /Users/liufangzheng/.stmcufinder/plugins/mcufinder/ => /Users/liufangzheng/.stmcufinder/plugins/mcufinder
2025-07-17 12:16:12,058 [WARN] DbFile:41 - Overriding database path with different value: /Users/liufangzheng/.stmcufinder/plugins/mcufinder/ => /Users/liufangzheng/.stmcufinder/plugins/mcufinder
2025-07-17 12:16:12,058 [INFO] CrossReferenceDbSqlite:203 - Set database path to: /Users/liufangzheng/.stmcufinder/plugins/mcufinder//mcu/cs/
2025-07-17 12:16:12,076 [INFO] ApplicationProperties:184 - Using Application install path: /Applications/STM32CubeIDE.app/Contents/Eclipse/plugins/com.st.stm32cube.common.mx_6.15.0.202507011659
2025-07-17 12:16:12,078 [INFO] PluginManage:196 - Search for loadable plugins [exclusion list=, ]
2025-07-17 12:16:12,079 [INFO] PluginManage:310 - Check plugin analytics
2025-07-17 12:16:12,243 [INFO] AnalyticsPlugin:253 - Accepted Software Licenses: STM32CubeMX.6.14.0,STM32CubeMX.6.7.0,STM32CubeMX.6.14.1,STM32CubeMX.6.15.0
2025-07-17 12:16:12,243 [INFO] AnalyticsPlugin:255 - Accepted CMSIS Pack Licenses: 
2025-07-17 12:16:12,244 [INFO] AnalyticsPlugin:257 - Accepted Firmware Licenses: FW.C0.1.4.0,FW.L4.1.18.0,FW.F7.1.17.0
2025-07-17 12:16:12,246 [INFO] PluginManage:359 - Loaded plugin analytics (category:tool,tabindex:-1)
2025-07-17 12:16:12,246 [INFO] PluginManage:310 - Check plugin cadmodel
2025-07-17 12:16:12,251 [INFO] CADModel:105 - Init CAD model plugin
2025-07-17 12:16:12,251 [INFO] PluginManage:359 - Loaded plugin cadmodel (category:power,tabindex:5)
2025-07-17 12:16:12,252 [INFO] PluginManage:310 - Check plugin clock
2025-07-17 12:16:12,262 [INFO] PluginManage:359 - Loaded plugin clock (category:base,tabindex:2)
2025-07-17 12:16:12,262 [INFO] PluginManage:310 - Check plugin ddr
2025-07-17 12:16:12,265 [INFO] PluginManage:359 - Loaded plugin ddr (category:tool,tabindex:6)
2025-07-17 12:16:12,266 [INFO] PluginManage:310 - Check plugin filemanager
2025-07-17 12:16:12,443 [INFO] PluginManage:359 - Loaded plugin filemanager (category:base,tabindex:10)
2025-07-17 12:16:12,443 [INFO] PluginManage:310 - Check plugin ipmanager
2025-07-17 12:16:12,450 [INFO] PluginManage:359 - Loaded plugin ipmanager (category:base,tabindex:5)
2025-07-17 12:16:12,450 [INFO] PluginManage:310 - Check plugin lpbam
2025-07-17 12:16:12,461 [INFO] PluginManage:359 - Loaded plugin lpbam (category:base,tabindex:0)
2025-07-17 12:16:12,461 [INFO] PluginManage:310 - Check plugin memorymap
2025-07-17 12:16:12,477 [INFO] PluginManage:359 - Loaded plugin memorymap (category:base,tabindex:4)
2025-07-17 12:16:12,477 [INFO] PluginManage:310 - Check plugin pinoutandconfiguration
2025-07-17 12:16:12,487 [INFO] PluginManage:359 - Loaded plugin pinoutandconfiguration (category:base,tabindex:1)
2025-07-17 12:16:12,487 [INFO] PluginManage:310 - Check plugin pinoutconfig
2025-07-17 12:16:12,573 [WARN] SupportedApi:132 - Cannot load RTOS API schema: s4s-elt-must-match.1: The content of 'definitions' must match (annotation?, (simpleType | complexType)?, (unique | key | keyref)*)). A problem was found starting at: attribute.
2025-07-17 12:16:12,693 [INFO] PluginManage:359 - Loaded plugin pinoutconfig (category:base,tabindex:0)
2025-07-17 12:16:12,693 [INFO] PluginManage:310 - Check plugin power
2025-07-17 12:16:12,702 [INFO] PluginManage:359 - Loaded plugin power (category:power,tabindex:4)
2025-07-17 12:16:12,702 [INFO] PluginManage:310 - Check plugin projectmanager
2025-07-17 12:16:12,715 [INFO] PluginManage:359 - Loaded plugin projectmanager (category:projectmanager,tabindex:4)
2025-07-17 12:16:12,716 [INFO] PluginManage:310 - Check plugin rif
2025-07-17 12:16:12,724 [INFO] PluginManage:359 - Loaded plugin rif (category:base,tabindex:3)
2025-07-17 12:16:12,725 [INFO] PluginManage:310 - Check plugin thirdparty
2025-07-17 12:16:12,842 [INFO] PluginManage:359 - Loaded plugin thirdparty (category:base,tabindex:-1)
2025-07-17 12:16:12,842 [WARN] IntegrityCheckThread:84 - waiting for thirdparty lock release [integrity check]
2025-07-17 12:16:12,842 [INFO] PluginManage:310 - Check plugin tools
2025-07-17 12:16:12,842 [INFO] IntegrityCheckThread:86 - entering critical section [integrity check]
2025-07-17 12:16:12,842 [INFO] ThirdPartyUpdaterWithRetryManager:70 - Updater plugin not ready yet. [1/15]
2025-07-17 12:16:12,844 [INFO] PluginManage:359 - Loaded plugin tools (category:base,tabindex:7)
2025-07-17 12:16:12,844 [INFO] PluginManage:310 - Check plugin tutovideos
2025-07-17 12:16:13,057 [INFO] PluginManage:359 - Loaded plugin tutovideos (category:base,tabindex:-1)
2025-07-17 12:16:13,057 [INFO] PluginManage:310 - Check plugin updater
2025-07-17 12:16:13,077 [INFO] PluginManage:359 - Loaded plugin updater (category:base,tabindex:12)
2025-07-17 12:16:13,078 [INFO] PluginManage:310 - Check plugin userauth
2025-07-17 12:16:13,082 [INFO] UserAuth:118 - Init User Auth plugin
2025-07-17 12:16:13,083 [INFO] PluginManage:359 - Loaded plugin userauth (category:base,tabindex:14)
2025-07-17 12:16:13,083 [INFO] PluginManage:283 - PluginManage : Loaded plugins [18]
2025-07-17 12:16:13,257 [INFO] PinOutPanel:1589 - setPackage(No Configuration,No Configuration)
2025-07-17 12:16:13,329 [INFO] CADModel:165 - CPN selected for project level
2025-07-17 12:16:13,329 [INFO] CADModel:114 - Register for checkConnection events
2025-07-17 12:16:13,341 [INFO] IPUIPlugin:80 - create IPUIPlugin
2025-07-17 12:16:13,342 [INFO] PluginManager:220 - loadIPPluginJar : add mdma
2025-07-17 12:16:13,349 [INFO] IPUIPlugin:80 - create IPUIPlugin
2025-07-17 12:16:13,349 [INFO] PluginManager:220 - loadIPPluginJar : add freertos
2025-07-17 12:16:13,355 [INFO] IPUIPlugin:80 - create IPUIPlugin
2025-07-17 12:16:13,355 [INFO] PluginManager:220 - loadIPPluginJar : add gic
2025-07-17 12:16:13,365 [INFO] IPUIPlugin:80 - create IPUIPlugin
2025-07-17 12:16:13,365 [INFO] PluginManager:220 - loadIPPluginJar : add adc
2025-07-17 12:16:13,368 [INFO] IPUIPlugin:80 - create IPUIPlugin
2025-07-17 12:16:13,368 [INFO] PluginManager:220 - loadIPPluginJar : add gtzc
2025-07-17 12:16:13,369 [INFO] IPUIPlugin:80 - create IPUIPlugin
2025-07-17 12:16:13,369 [INFO] PluginManager:220 - loadIPPluginJar : add quadspi
2025-07-17 12:16:13,372 [INFO] IPUIPlugin:80 - create IPUIPlugin
2025-07-17 12:16:13,372 [INFO] PluginManager:220 - loadIPPluginJar : add aes
2025-07-17 12:16:13,374 [INFO] IPUIPlugin:80 - create IPUIPlugin
2025-07-17 12:16:13,375 [INFO] PluginManager:220 - loadIPPluginJar : add pdm2pcm
2025-07-17 12:16:13,376 [INFO] IPUIPlugin:80 - create IPUIPlugin
2025-07-17 12:16:13,376 [INFO] PluginManager:220 - loadIPPluginJar : add hash
2025-07-17 12:16:13,377 [INFO] IPUIPlugin:80 - create IPUIPlugin
2025-07-17 12:16:13,377 [INFO] PluginManager:220 - loadIPPluginJar : add tim
2025-07-17 12:16:13,378 [INFO] IPUIPlugin:80 - create IPUIPlugin
2025-07-17 12:16:13,379 [INFO] PluginManager:220 - loadIPPluginJar : add tsc
2025-07-17 12:16:13,382 [INFO] IPUIPlugin:80 - create IPUIPlugin
2025-07-17 12:16:13,382 [INFO] PluginManager:220 - loadIPPluginJar : add extmemmanager
2025-07-17 12:16:13,383 [INFO] IPUIPlugin:80 - create IPUIPlugin
2025-07-17 12:16:13,383 [INFO] PluginManager:220 - loadIPPluginJar : add ts
2025-07-17 12:16:13,384 [INFO] IPUIPlugin:80 - create IPUIPlugin
2025-07-17 12:16:13,385 [INFO] PluginManager:220 - loadIPPluginJar : add radio
2025-07-17 12:16:13,387 [INFO] IPUIPlugin:80 - create IPUIPlugin
2025-07-17 12:16:13,387 [INFO] PluginManager:220 - loadIPPluginJar : add can
2025-07-17 12:16:13,390 [INFO] IPUIPlugin:80 - create IPUIPlugin
2025-07-17 12:16:13,391 [INFO] PluginManager:220 - loadIPPluginJar : add dma3
2025-07-17 12:16:13,392 [INFO] IPUIPlugin:80 - create IPUIPlugin
2025-07-17 12:16:13,392 [INFO] PluginManager:220 - loadIPPluginJar : add dfsdm
2025-07-17 12:16:13,394 [INFO] IPUIPlugin:80 - create IPUIPlugin
2025-07-17 12:16:13,394 [INFO] PluginManager:220 - loadIPPluginJar : add spi
2025-07-17 12:16:13,396 [INFO] IPUIPlugin:80 - create IPUIPlugin
2025-07-17 12:16:13,396 [INFO] PluginManager:220 - loadIPPluginJar : add gfxmmu
2025-07-17 12:16:13,398 [INFO] IPUIPlugin:80 - create IPUIPlugin
2025-07-17 12:16:13,398 [INFO] PluginManager:220 - loadIPPluginJar : add genericplugin
2025-07-17 12:16:13,400 [INFO] IPUIPlugin:80 - create IPUIPlugin
2025-07-17 12:16:13,400 [INFO] PluginManager:220 - loadIPPluginJar : add cryp
2025-07-17 12:16:13,403 [INFO] IPUIPlugin:80 - create IPUIPlugin
2025-07-17 12:16:13,403 [INFO] PluginManager:220 - loadIPPluginJar : add gpio
2025-07-17 12:16:13,406 [INFO] IPUIPlugin:80 - create IPUIPlugin
2025-07-17 12:16:13,406 [INFO] PluginManager:220 - loadIPPluginJar : add ddr_ctrl_phy
2025-07-17 12:16:13,408 [INFO] IPUIPlugin:80 - create IPUIPlugin
2025-07-17 12:16:13,408 [INFO] PluginManager:220 - loadIPPluginJar : add comp
2025-07-17 12:16:13,409 [INFO] IPUIPlugin:80 - create IPUIPlugin
2025-07-17 12:16:13,409 [INFO] PluginManager:220 - loadIPPluginJar : add tracer_emb
2025-07-17 12:16:13,412 [INFO] IPUIPlugin:80 - create IPUIPlugin
2025-07-17 12:16:13,412 [INFO] PluginManager:220 - loadIPPluginJar : add openamp
2025-07-17 12:16:13,417 [INFO] IPUIPlugin:80 - create IPUIPlugin
2025-07-17 12:16:13,417 [INFO] PluginManager:220 - loadIPPluginJar : add stm32_wpan
2025-07-17 12:16:13,423 [INFO] IPUIPlugin:80 - create IPUIPlugin
2025-07-17 12:16:13,425 [INFO] PluginManager:220 - loadIPPluginJar : add plateformsettings
2025-07-17 12:16:13,428 [INFO] IPUIPlugin:80 - create IPUIPlugin
2025-07-17 12:16:13,428 [INFO] PluginManager:220 - loadIPPluginJar : add ipddr
2025-07-17 12:16:13,431 [INFO] IPUIPlugin:80 - create IPUIPlugin
2025-07-17 12:16:13,431 [INFO] PluginManager:220 - loadIPPluginJar : add usart
2025-07-17 12:16:13,432 [INFO] IPUIPlugin:80 - create IPUIPlugin
2025-07-17 12:16:13,432 [INFO] PluginManager:220 - loadIPPluginJar : add ltdc
2025-07-17 12:16:13,435 [INFO] IPUIPlugin:80 - create IPUIPlugin
2025-07-17 12:16:13,435 [INFO] PluginManager:220 - loadIPPluginJar : add nvic
2025-07-17 12:16:13,436 [INFO] IPUIPlugin:80 - create IPUIPlugin
2025-07-17 12:16:13,436 [INFO] PluginManager:220 - loadIPPluginJar : add fatfs
2025-07-17 12:16:13,442 [INFO] IPUIPlugin:80 - create IPUIPlugin
2025-07-17 12:16:13,442 [INFO] PluginManager:220 - loadIPPluginJar : add linkedlist
2025-07-17 12:16:13,447 [INFO] IPUIPlugin:80 - create IPUIPlugin
2025-07-17 12:16:13,447 [INFO] PluginManager:220 - loadIPPluginJar : add dma
2025-07-17 12:16:13,450 [INFO] IPUIPlugin:80 - create IPUIPlugin
2025-07-17 12:16:13,450 [INFO] PluginManager:220 - loadIPPluginJar : add fmc
2025-07-17 12:16:13,452 [INFO] IPUIPlugin:80 - create IPUIPlugin
2025-07-17 12:16:13,452 [INFO] PluginManager:220 - loadIPPluginJar : add i2s
2025-07-17 12:16:13,453 [INFO] IPUIPlugin:80 - create IPUIPlugin
2025-07-17 12:16:13,453 [INFO] PluginManager:220 - loadIPPluginJar : add ucpd
2025-07-17 12:16:13,455 [INFO] IPUIPlugin:80 - create IPUIPlugin
2025-07-17 12:16:13,455 [INFO] PluginManager:220 - loadIPPluginJar : add lorawan
2025-07-17 12:16:13,457 [INFO] IPUIPlugin:80 - create IPUIPlugin
2025-07-17 12:16:13,457 [INFO] PluginManager:220 - loadIPPluginJar : add opamp
2025-07-17 12:16:13,459 [INFO] IPUIPlugin:80 - create IPUIPlugin
2025-07-17 12:16:13,459 [INFO] PluginManager:220 - loadIPPluginJar : add i3c
2025-07-17 12:16:13,462 [INFO] IPUIPlugin:80 - create IPUIPlugin
2025-07-17 12:16:13,462 [INFO] PluginManager:220 - loadIPPluginJar : add touchsensing
2025-07-17 12:16:13,464 [INFO] IPUIPlugin:80 - create IPUIPlugin
2025-07-17 12:16:13,464 [INFO] PluginManager:220 - loadIPPluginJar : add i2c
2025-07-17 12:16:13,467 [INFO] IPUIPlugin:80 - create IPUIPlugin
2025-07-17 12:16:13,467 [INFO] PluginManager:220 - loadIPPluginJar : add resmgrutility
2025-07-17 12:16:13,469 [INFO] IPUIPlugin:80 - create IPUIPlugin
2025-07-17 12:16:13,469 [INFO] PluginManager:220 - loadIPPluginJar : add sai
2025-07-17 12:16:13,472 [INFO] IPUIPlugin:80 - create IPUIPlugin
2025-07-17 12:16:13,472 [INFO] PluginManager:220 - loadIPPluginJar : add usbx
2025-07-17 12:16:13,574 [FATAL] Updater:351 - Updater called before beeing initialized
2025-07-17 12:16:13,599 [INFO] RulesReader:64 - Compatibility file has been processed (317 Rules)
2025-07-17 12:16:13,609 [INFO] RulesReader:64 - Compatibility file has been processed (317 Rules)
2025-07-17 12:16:13,615 [INFO] CADModel:165 - CPN selected for project level
2025-07-17 12:16:13,615 [INFO] CADModel:114 - Register for checkConnection events
2025-07-17 12:16:13,615 [FATAL] Updater:351 - Updater called before beeing initialized
2025-07-17 12:16:13,616 [ERROR] CADModel:125 - Updater not yet initialized, retry later 
2025-07-17 12:16:13,801 [FATAL] Updater:351 - Updater called before beeing initialized
2025-07-17 12:16:13,803 [INFO] CADModel:165 - CPN selected for project level
2025-07-17 12:16:13,803 [INFO] CADModel:114 - Register for checkConnection events
2025-07-17 12:16:13,803 [FATAL] Updater:351 - Updater called before beeing initialized
2025-07-17 12:16:13,803 [ERROR] CADModel:125 - Updater not yet initialized, retry later 
2025-07-17 12:16:13,806 [FATAL] Updater:351 - Updater called before beeing initialized
2025-07-17 12:16:13,877 [FATAL] Updater:351 - Updater called before beeing initialized
2025-07-17 12:16:13,881 [INFO] DbMcusAds:53 - JSON generation date=Tue Jul 08 04:14:23 EDT 2025 (1751962463524)
2025-07-17 12:16:13,881 [FATAL] Updater:351 - Updater called before beeing initialized
2025-07-17 12:16:13,955 [WARN] DetailPanel:346 - Failed to get advertising image, set to default
2025-07-17 12:16:14,051 [FATAL] Updater:351 - Updater called before beeing initialized
2025-07-17 12:16:14,053 [FATAL] Updater:351 - Updater called before beeing initialized
2025-07-17 12:16:14,053 [FATAL] Updater:351 - Updater called before beeing initialized
2025-07-17 12:16:14,053 [WARN] DetailPanel:346 - Failed to get advertising image, set to default
2025-07-17 12:16:14,054 [FATAL] Updater:351 - Updater called before beeing initialized
2025-07-17 12:16:14,091 [ERROR] Updater:1198 - MainUpdater not yet initialized. External WinMGr cannot be set.
2025-07-17 12:16:14,093 [INFO] Updater:1134 - Updater Version found : 6.15.0
2025-07-17 12:16:14,111 [INFO] ApplicationProperties:184 - Using Application install path: /Applications/STM32CubeIDE.app/Contents/Eclipse/plugins/com.st.stm32cube.common.mx_6.15.0.202507011659
2025-07-17 12:16:14,521 [INFO] MainUpdater:2872 - connection check result : 10
2025-07-17 12:16:14,522 [INFO] MainUpdater:289 - Updater Check For Update Now.
2025-07-17 12:16:14,522 [INFO] MicroXplorer:498 - Change Database Version : DB.6.0.150
2025-07-17 12:16:14,526 [INFO] McuFinderGlobals:63 - Set McuFinder mode to 2 (CubeIDE integrated)
2025-07-17 12:16:14,527 [INFO] UserAuth:487 - Internet connection configuration mode: 1
2025-07-17 12:16:14,548 [INFO] JxBrowserEngine:152 - Initiate JxBrowser Engine with user profile folder
2025-07-17 12:16:14,696 [INFO] CheckServerUpdateThread:120 - End of CheckServer Thread
2025-07-17 12:16:16,114 [WARN] PackLoader:240 - Cannot read IP mode file for STMicroelectronics.FP-SNS-MOTENVWB1.1.4.0
2025-07-17 12:16:16,122 [WARN] PackLoader:240 - Cannot read IP mode file for STMicroelectronics.FP-ATR-ASTRA1.2.0.2
2025-07-17 12:16:16,128 [WARN] PackLoader:240 - Cannot read IP mode file for STMicroelectronics.FP-ATR-ASTRA1.2.0.1
2025-07-17 12:16:16,139 [WARN] PackLoader:240 - Cannot read IP mode file for STMicroelectronics.X-CUBE-SMBUS.2.1.0
2025-07-17 12:16:16,173 [WARN] PackLoader:240 - Cannot read IP mode file for STMicroelectronics.X-CUBE-WB05N.1.1.0
2025-07-17 12:16:16,223 [WARN] PackLoader:240 - Cannot read IP mode file for STMicroelectronics.X-CUBE-ST60.1.0.0
2025-07-17 12:16:16,278 [WARN] PackLoader:240 - Cannot read IP mode file for STMicroelectronics.X-CUBE-TOUCHGFX.4.23.2
2025-07-17 12:16:16,356 [WARN] PackLoader:240 - Cannot read IP mode file for STMicroelectronics.X-CUBE-AZRTOS-F7.1.1.0
2025-07-17 12:16:16,433 [WARN] PackLoader:240 - Cannot read IP mode file for STMicroelectronics.X-CUBE-AI.7.1.0
2025-07-17 12:16:16,481 [ERROR] RealEvaluatedCondition:428 - Found unsupported composite condition: GROUP='STM32_MetaDataManager' CLASS='Data Exchange'
2025-07-17 12:16:16,500 [ERROR] RealEvaluatedCondition:428 - Found unsupported composite condition: GROUP='STM32_MetaDataManager' CLASS='Data Exchange'
2025-07-17 12:16:16,501 [WARN] PackLoader:240 - Cannot read IP mode file for STMicroelectronics.FP-SNS-MOTENV1.4.3.0
2025-07-17 12:16:16,509 [INFO] WebApp:169 - Instantiating new browser for Auth
2025-07-17 12:16:16,540 [WARN] PackLoader:240 - Cannot read IP mode file for STMicroelectronics.FP-SNS-MOTENV1.4.3.2
2025-07-17 12:16:16,620 [WARN] PackLoader:240 - Cannot read IP mode file for STMicroelectronics.FP-SNS-FLIGHT1.5.0.0
2025-07-17 12:16:16,772 [WARN] PackLoader:240 - Cannot read IP mode file for STMicroelectronics.X-CUBE-MEMS1.11.0.0
2025-07-17 12:16:16,994 [WARN] PackLoader:240 - Cannot read IP mode file for STMicroelectronics.X-CUBE-BLE1.6.2.4
2025-07-17 12:16:17,349 [WARN] PackLoader:240 - Cannot read IP mode file for STMicroelectronics.X-CUBE-BLE1.6.2.2
2025-07-17 12:16:17,427 [WARN] PackLoader:240 - Cannot read IP mode file for STMicroelectronics.FP-SNS-FLIGHT1.5.0.2
2025-07-17 12:16:17,483 [WARN] PackLoader:240 - Cannot read IP mode file for STMicroelectronics.X-CUBE-BLE2.3.2.2
2025-07-17 12:16:17,626 [WARN] PackLoader:240 - Cannot read IP mode file for Infineon.AIROC-Wi-Fi-Bluetooth-STM32.1.7.0
2025-07-17 12:16:17,630 [INFO] WebApp:463 - Apply proxy settings
2025-07-17 12:16:17,648 [INFO] WebApp:508 - Chromium authenticates against Manually configured proxy
2025-07-17 12:16:17,684 [INFO] WebApp:516 - Username used for proxy authentication: 
2025-07-17 12:16:17,738 [INFO] WebApp:900 - Register for checkConnection events
2025-07-17 12:16:17,746 [INFO] WebApp:463 - Apply proxy settings
2025-07-17 12:16:17,749 [WARN] PackLoader:240 - Cannot read IP mode file for wolfSSL.I-CUBE-wolfSSL.5.1.1
2025-07-17 12:16:17,750 [INFO] WebApp:508 - Chromium authenticates against Manually configured proxy
2025-07-17 12:16:17,769 [INFO] WebApp:516 - Username used for proxy authentication: 
2025-07-17 12:16:17,842 [WARN] PackLoader:240 - Cannot read IP mode file for STMicroelectronics.X-CUBE-AZRTOS-H7.3.4.0
2025-07-17 12:16:17,907 [WARN] PackLoader:240 - Cannot read IP mode file for STMicroelectronics.X-CUBE-DISPLAY.3.0.0
2025-07-17 12:16:17,978 [WARN] PackLoader:240 - Cannot read IP mode file for STMicroelectronics.X-CUBE-BLE1.7.0.0
2025-07-17 12:16:18,029 [INFO] WebApp:225 - Starting web application
2025-07-17 12:16:18,034 [INFO] WebApp:593 - Web application path used /Applications/STM32CubeIDE.app/Contents/Eclipse/plugins/com.st.stm32cube.common.mx_6.15.0.202507011659/db/plugins/mcufinder/reactClient1/index.html
2025-07-17 12:16:18,074 [WARN] PackLoader:240 - Cannot read IP mode file for STMicroelectronics.X-CUBE-NFC10.1.0.0
2025-07-17 12:16:18,189 [INFO] UserAuth:487 - Internet connection configuration mode: 1
2025-07-17 12:16:18,189 [WARN] PackLoader:240 - Cannot read IP mode file for STMicroelectronics.X-CUBE-BLEMGR.4.0.0
2025-07-17 12:16:18,339 [WARN] PackLoader:240 - Cannot read IP mode file for emotas.I-CUBE-CANOPEN.1.3.0
2025-07-17 12:16:18,395 [WARN] PackLoader:240 - Cannot read IP mode file for STMicroelectronics.X-CUBE-TOUCHGFX.4.22.0
2025-07-17 12:16:18,495 [WARN] PackLoader:240 - Cannot read IP mode file for STMicroelectronics.X-CUBE-SUBG2.4.2.0
2025-07-17 12:16:18,523 [INFO] WebApp:191 - Connection restablished
2025-07-17 12:16:18,691 [WARN] ConditionMgr:438 - getConditionDescription Invalid condition id : Cortex-A Device cause : null
2025-07-17 12:16:18,903 [WARN] ConditionMgr:1044 - genDependencies : Invalid condition id : Cortex-A Device cause : null
2025-07-17 12:16:18,921 [WARN] ConditionMgr:1044 - genDependencies : Invalid condition id : Cortex-A Device cause : null
2025-07-17 12:16:18,961 [WARN] ConditionMgr:1044 - genDependencies : Invalid condition id : Cortex-A Device cause : null
2025-07-17 12:16:19,037 [WARN] PackLoader:240 - Cannot read IP mode file for STMicroelectronics.X-CUBE-BLEMGR.3.1.0
2025-07-17 12:16:19,092 [WARN] PackLoader:240 - Cannot read IP mode file for STMicroelectronics.X-CUBE-AI.10.0.0
2025-07-17 12:16:19,170 [WARN] PackLoader:240 - Cannot read IP mode file for STMicroelectronics.FP-SNS-SMARTAG2.1.2.0
2025-07-17 12:16:19,226 [WARN] PackLoader:240 - Cannot read IP mode file for STMicroelectronics.FP-SNS-FLIGHT1.5.1.0
2025-07-17 12:16:19,292 [WARN] PackLoader:240 - Cannot read IP mode file for STMicroelectronics.X-CUBE-MEMS1.11.1.0
2025-07-17 12:16:19,439 [INFO] LogOutputStream:77 - [STDOUT_REDIRECT] 1 : Invalid condition id : UX_CORESTACK_Condition cause : null
2025-07-17 12:16:19,457 [INFO] LogOutputStream:77 - [STDOUT_REDIRECT] 1 : Invalid condition id : UX_CORESTACK_Condition cause : null
2025-07-17 12:16:19,475 [INFO] LogOutputStream:77 - [STDOUT_REDIRECT] 1 : Invalid condition id : UX_CORESTACK_Condition cause : null
2025-07-17 12:16:19,494 [INFO] LogOutputStream:77 - [STDOUT_REDIRECT] 1 : Invalid condition id : UX_CORESTACK_Condition cause : null
2025-07-17 12:16:19,514 [INFO] LogOutputStream:77 - [STDOUT_REDIRECT] 1 : Invalid condition id : UX_CORESTACK_Condition cause : null
2025-07-17 12:16:19,535 [WARN] PackLoader:240 - Cannot read IP mode file for STMicroelectronics.X-CUBE-AZRTOS-WL.2.0.0
2025-07-17 12:16:19,573 [WARN] PackLoader:240 - Cannot read IP mode file for STMicroelectronics.FP-SNS-MOTENV1.5.0.0
2025-07-17 12:16:19,705 [WARN] PackLoader:240 - Cannot read IP mode file for WES.I-CUBE-Cesium.1.3.0
2025-07-17 12:16:19,741 [WARN] PackLoader:240 - Cannot read IP mode file for STMicroelectronics.X-CUBE-BLE2.3.3.0
2025-07-17 12:16:19,798 [WARN] PackLoader:240 - Cannot read IP mode file for STMicroelectronics.X-CUBE-DISPLAY.2.2.0
2025-07-17 12:16:19,876 [WARN] PackLoader:240 - Cannot read IP mode file for STMicroelectronics.X-CUBE-TOF1.3.2.0
2025-07-17 12:16:19,907 [WARN] PackLoader:240 - Cannot read IP mode file for STMicroelectronics.X-CUBE-TOUCHGFX.4.18.1
2025-07-17 12:16:20,024 [WARN] PackLoader:240 - Cannot read IP mode file for STMicroelectronics.X-CUBE-NFC9.1.0.0
2025-07-17 12:16:20,060 [WARN] PackLoader:240 - Cannot read IP mode file for STMicroelectronics.X-CUBE-BLE1.7.1.0
2025-07-17 12:16:20,119 [WARN] PackLoader:240 - Cannot read IP mode file for wolfSSL.I-CUBE-wolfMQTT.1.19.2
2025-07-17 12:16:20,197 [WARN] PackLoader:240 - Cannot read IP mode file for STMicroelectronics.X-CUBE-TCPP.4.1.0
2025-07-17 12:16:20,235 [WARN] PackLoader:240 - Cannot read IP mode file for STMicroelectronics.X-CUBE-EEPRMA1.5.2.0
2025-07-17 12:16:20,273 [WARN] PackLoader:240 - Cannot read IP mode file for STMicroelectronics.X-CUBE-TOUCHGFX.4.21.1
2025-07-17 12:16:20,309 [WARN] PackLoader:240 - Cannot read IP mode file for STMicroelectronics.X-CUBE-TOUCHGFX.4.21.0
2025-07-17 12:16:20,348 [WARN] PackLoader:240 - Cannot read IP mode file for STMicroelectronics.X-CUBE-TOUCHGFX.4.21.3
2025-07-17 12:16:20,386 [WARN] PackLoader:240 - Cannot read IP mode file for STMicroelectronics.X-CUBE-TOUCHGFX.4.21.4
2025-07-17 12:16:20,456 [WARN] PackLoader:240 - Cannot read IP mode file for STMicroelectronics.X-CUBE-MEMS1.9.4.0
2025-07-17 12:16:20,548 [WARN] PackLoader:240 - Cannot read IP mode file for STMicroelectronics.X-CUBE-AI.7.3.0
2025-07-17 12:16:20,550 [WARN] PackLoader:240 - Cannot read IP mode file for STMicroelectronics.X-CUBE-AI.10.1.0
2025-07-17 12:16:20,553 [WARN] PackLoader:240 - Cannot read IP mode file for STMicroelectronics.X-CUBE-ALGOBUILD.1.3.0
2025-07-17 12:16:20,564 [WARN] PackLoader:240 - Cannot read IP mode file for STMicroelectronics.X-CUBE-AZRTOS-G0.1.1.0
2025-07-17 12:16:20,569 [WARN] PackLoader:240 - Cannot read IP mode file for STMicroelectronics.X-CUBE-SAFEA1.1.2.2
2025-07-17 12:16:20,573 [WARN] PackLoader:240 - Cannot read IP mode file for STMicroelectronics.X-CUBE-NFC4.3.0.0
2025-07-17 12:16:20,594 [WARN] PackLoader:240 - Cannot read IP mode file for SEGGER.I-CUBE-embOS.1.2.0
2025-07-17 12:16:20,628 [WARN] PackLoader:240 - Cannot read IP mode file for EmbeddedOffice.I-CUBE-FS-RTOS.1.0.1
2025-07-17 12:16:20,632 [WARN] PackLoader:240 - Cannot read IP mode file for STMicroelectronics.X-CUBE-WB05N.2.0.0
2025-07-17 12:16:20,634 [WARN] PackLoader:240 - Cannot read IP mode file for wolfSSL.I-CUBE-wolfTPM.3.8.0
2025-07-17 12:16:20,639 [WARN] PackLoader:240 - Cannot read IP mode file for STMicroelectronics.X-CUBE-BLEMGR.1.3.0
2025-07-17 12:16:20,644 [WARN] PackLoader:240 - Cannot read IP mode file for STMicroelectronics.X-CUBE-TCPP.4.2.0
2025-07-17 12:16:20,647 [WARN] PackLoader:240 - Cannot read IP mode file for RealThread.X-CUBE-RT-Thread_Nano.4.1.1
2025-07-17 12:16:20,663 [WARN] PackLoader:240 - Cannot read IP mode file for STMicroelectronics.X-CUBE-AZRTOS-H7.2.0.0
2025-07-17 12:16:20,668 [WARN] PackLoader:240 - Cannot read IP mode file for STMicroelectronics.FP-ATR-SIGFOX1.3.2.0
2025-07-17 12:16:20,671 [WARN] PackLoader:240 - Cannot read IP mode file for STMicroelectronics.X-CUBE-EEPRMA1.5.1.0
2025-07-17 12:16:20,674 [WARN] PackLoader:240 - Cannot read IP mode file for STMicroelectronics.X-CUBE-TOUCHGFX.4.20.0
2025-07-17 12:16:20,676 [WARN] PackLoader:240 - Cannot read IP mode file for wolfSSL.I-CUBE-wolfSSL.5.7.6
2025-07-17 12:16:20,680 [WARN] PackLoader:240 - Cannot read IP mode file for ITTIA_DB.I-CUBE-ITTIADB.8.9.0
2025-07-17 12:16:20,702 [WARN] PackLoader:240 - Cannot read IP mode file for STMicroelectronics.X-CUBE-MEMS1.9.5.0
2025-07-17 12:16:20,805 [WARN] PackLoader:240 - Cannot read IP mode file for STMicroelectronics.X-CUBE-ST67W61.1.0.0
2025-07-17 12:16:20,822 [WARN] PackLoader:240 - Cannot read IP mode file for SEGGER.I-CUBE-embOS.1.3.1
2025-07-17 12:16:20,851 [WARN] PackLoader:240 - Cannot read IP mode file for STMicroelectronics.X-CUBE-ALGOBUILD.1.4.0
2025-07-17 12:16:20,904 [WARN] PackLoader:240 - Cannot read IP mode file for STMicroelectronics.X-CUBE-MEMS1.11.3.0
2025-07-17 12:16:21,026 [WARN] PackLoader:240 - Cannot read IP mode file for STMicroelectronics.X-CUBE-DISPLAY.2.0.1
2025-07-17 12:16:21,046 [WARN] PackLoader:240 - Cannot read IP mode file for STMicroelectronics.X-CUBE-AI.9.1.0
2025-07-17 12:16:21,050 [WARN] PackLoader:240 - Cannot read IP mode file for STMicroelectronics.X-CUBE-TOF1.3.0.0
2025-07-17 12:16:21,054 [WARN] PackLoader:240 - Cannot read IP mode file for STMicroelectronics.X-CUBE-PM33A1.1.0.0
2025-07-17 12:16:21,058 [WARN] PackLoader:240 - Cannot read IP mode file for STMicroelectronics.X-CUBE-GNSS1.6.0.0
2025-07-17 12:16:21,068 [WARN] PackLoader:240 - Cannot read IP mode file for STMicroelectronics.X-CUBE-AZRTOS-F4.1.1.0
2025-07-17 12:16:21,072 [WARN] PackLoader:240 - Cannot read IP mode file for Avnet-IotConnect.X-CUBE-IoTC-DA16k-PMOD.1.0.0
2025-07-17 12:16:21,074 [WARN] PackLoader:240 - Cannot read IP mode file for STMicroelectronics.X-CUBE-ISPU.2.1.0
2025-07-17 12:16:21,076 [WARN] PackLoader:240 - Cannot read IP mode file for STMicroelectronics.X-CUBE-FREERTOS.1.2.0
2025-07-17 12:16:21,096 [WARN] PackLoader:240 - Cannot read IP mode file for STMicroelectronics.X-CUBE-NFC12.1.0.0
2025-07-17 12:16:21,109 [WARN] PackLoader:240 - Cannot read IP mode file for STMicroelectronics.X-CUBE-AZRTOS-L5.2.0.0
2025-07-17 12:16:21,136 [WARN] PackLoader:240 - Cannot read IP mode file for STMicroelectronics.X-CUBE-MEMS1.9.6.0
2025-07-17 12:16:21,222 [WARN] PackLoader:240 - Cannot read IP mode file for STMicroelectronics.X-CUBE-NFC6.3.1.0
2025-07-17 12:16:21,226 [WARN] PackLoader:240 - Cannot read IP mode file for emotas.I-CUBE-CANOPEN.1.1.3
2025-07-17 12:16:21,248 [WARN] PackLoader:240 - Cannot read IP mode file for STMicroelectronics.X-CUBE-BLEMGR.2.0.0
2025-07-17 12:16:21,252 [WARN] PackLoader:240 - Cannot read IP mode file for STMicroelectronics.X-CUBE-DPower.1.2.0
2025-07-17 12:16:21,256 [WARN] PackLoader:240 - Cannot read IP mode file for STMicroelectronics.X-CUBE-NFC4.2.0.5
2025-07-17 12:16:21,259 [WARN] PackLoader:240 - Cannot read IP mode file for STMicroelectronics.X-CUBE-NFC4.2.0.3
2025-07-17 12:16:21,275 [WARN] ConditionMgr:438 - getConditionDescription Invalid condition id : UX DEVICE CLASS RTOS Condition cause : null
2025-07-17 12:16:21,275 [WARN] ConditionMgr:438 - getConditionDescription Invalid condition id : UX DEVICE CLASS RTOS Condition cause : null
2025-07-17 12:16:21,277 [WARN] PackLoader:240 - Cannot read IP mode file for STMicroelectronics.X-CUBE-AZRTOS-H7.3.1.0
2025-07-17 12:16:21,278 [WARN] ConditionMgr:1044 - genDependencies : Invalid condition id : UX DEVICE CLASS RTOS Condition cause : null
2025-07-17 12:16:21,278 [WARN] ConditionMgr:1044 - genDependencies : Invalid condition id : UX DEVICE CLASS RTOS Condition cause : null
2025-07-17 12:16:21,279 [WARN] ConditionMgr:1044 - genDependencies : Invalid condition id : UX DEVICE CLASS RTOS Condition cause : null
2025-07-17 12:16:21,279 [WARN] ConditionMgr:1044 - genDependencies : Invalid condition id : UX DEVICE CLASS RTOS Condition cause : null
2025-07-17 12:16:21,279 [WARN] ConditionMgr:1044 - genDependencies : Invalid condition id : UX DEVICE CLASS RTOS Condition cause : null
2025-07-17 12:16:21,301 [WARN] PackLoader:240 - Cannot read IP mode file for STMicroelectronics.X-CUBE-SFXS2LP1.3.1.0
2025-07-17 12:16:21,313 [WARN] PackLoader:240 - Cannot read IP mode file for STMicroelectronics.X-CUBE-AZRTOS-F4.1.0.0
2025-07-17 12:16:21,318 [WARN] PackLoader:240 - Cannot read IP mode file for STMicroelectronics.X-CUBE-FREERTOS.1.3.1
2025-07-17 12:16:21,322 [WARN] PackLoader:240 - Cannot read IP mode file for STMicroelectronics.X-CUBE-FREERTOS.1.3.0
2025-07-17 12:16:21,325 [WARN] PackLoader:240 - Cannot read IP mode file for STMicroelectronics.X-CUBE-NFC7.1.0.1
2025-07-17 12:16:21,346 [WARN] PackLoader:240 - Cannot read IP mode file for STMicroelectronics.X-CUBE-NFC7.1.0.0
2025-07-17 12:16:21,351 [WARN] PackLoader:240 - Cannot read IP mode file for STMicroelectronics.X-CUBE-NFC6.3.0.0
2025-07-17 12:16:21,357 [WARN] PackLoader:240 - Cannot read IP mode file for STMicroelectronics.X-CUBE-EEPRMA1.4.1.0
2025-07-17 12:16:21,361 [WARN] PackLoader:240 - Cannot read IP mode file for STMicroelectronics.FP-SNS-STAIOTCFT.1.0.0
2025-07-17 12:16:21,365 [WARN] PackLoader:240 - Cannot read IP mode file for STMicroelectronics.X-CUBE-DPower.1.3.0
2025-07-17 12:16:21,369 [WARN] PackLoader:240 - Cannot read IP mode file for STMicroelectronics.X-CUBE-AI.8.1.0
2025-07-17 12:16:21,380 [WARN] PackLoader:240 - Cannot read IP mode file for STMicroelectronics.X-CUBE-AZRTOS-G0.1.0.0
2025-07-17 12:16:21,413 [WARN] ConditionMgr:438 - getConditionDescription Invalid condition id : LAN8742 Phy interface Condition cause : null
2025-07-17 12:16:21,413 [WARN] PackLoader:240 - Cannot read IP mode file for STMicroelectronics.X-CUBE-AZRTOS-L4.2.0.0
2025-07-17 12:16:21,415 [WARN] ConditionMgr:1044 - genDependencies : Invalid condition id : LAN8742 Phy interface Condition cause : null
2025-07-17 12:16:21,415 [WARN] ConditionMgr:1044 - genDependencies : Invalid condition id : LAN8742 Phy interface Condition cause : null
2025-07-17 12:16:21,415 [WARN] ConditionMgr:1044 - genDependencies : Invalid condition id : LAN8742 Phy interface Condition cause : null
2025-07-17 12:16:21,421 [WARN] PackLoader:240 - Cannot read IP mode file for STMicroelectronics.X-CUBE-SFXS2LP1.4.0.0
2025-07-17 12:16:21,460 [WARN] PackLoader:240 - Cannot read IP mode file for STMicroelectronics.X-CUBE-AZRTOS-H7.3.0.0
2025-07-17 12:16:21,508 [WARN] PackLoader:240 - Cannot read IP mode file for STMicroelectronics.X-CUBE-ISPU.1.1.0
2025-07-17 12:16:21,572 [WARN] PackLoader:240 - Cannot read IP mode file for STMicroelectronics.X-CUBE-AZRTOS-H7.3.3.0
2025-07-17 12:16:21,660 [WARN] PackLoader:240 - Cannot read IP mode file for RoweBots.I-CUBE-UNISONRTOS.5.5.0-4
2025-07-17 12:16:21,702 [WARN] PackLoader:240 - Cannot read IP mode file for STMicroelectronics.X-CUBE-AI.8.0.0
2025-07-17 12:16:21,741 [WARN] PackLoader:240 - Cannot read IP mode file for STMicroelectronics.X-CUBE-IPS.3.0.0
2025-07-17 12:16:21,817 [WARN] ConditionMgr:438 - getConditionDescription Invalid condition id : UX DEVICE CLASS RTOS Condition cause : null
2025-07-17 12:16:21,834 [WARN] ConditionMgr:438 - getConditionDescription Invalid condition id : UX DEVICE CLASS RTOS Condition cause : null
2025-07-17 12:16:21,854 [WARN] PackLoader:240 - Cannot read IP mode file for STMicroelectronics.X-CUBE-AZRTOS-WB.2.0.0
2025-07-17 12:16:21,872 [WARN] ConditionMgr:1044 - genDependencies : Invalid condition id : UX DEVICE CLASS RTOS Condition cause : null
2025-07-17 12:16:21,892 [WARN] ConditionMgr:1044 - genDependencies : Invalid condition id : UX DEVICE CLASS RTOS Condition cause : null
2025-07-17 12:16:21,911 [WARN] ConditionMgr:1044 - genDependencies : Invalid condition id : UX DEVICE CLASS RTOS Condition cause : null
2025-07-17 12:16:21,929 [WARN] ConditionMgr:1044 - genDependencies : Invalid condition id : UX DEVICE CLASS RTOS Condition cause : null
2025-07-17 12:16:21,929 [WARN] ConditionMgr:1044 - genDependencies : Invalid condition id : UX DEVICE CLASS RTOS Condition cause : null
2025-07-17 12:16:21,967 [WARN] PackLoader:240 - Cannot read IP mode file for STMicroelectronics.X-CUBE-FREERTOS.1.0.0
2025-07-17 12:16:22,005 [WARN] PackLoader:240 - Cannot read IP mode file for STMicroelectronics.X-CUBE-FREERTOS.1.0.1
2025-07-17 12:16:22,042 [WARN] PackLoader:240 - Cannot read IP mode file for STMicroelectronics.X-CUBE-GNSS1.7.0.0
2025-07-17 12:16:22,082 [WARN] PackLoader:240 - Cannot read IP mode file for STMicroelectronics.X-CUBE-GNSS1.7.0.1
2025-07-17 12:16:22,102 [WARN] PackLoader:240 - Cannot read IP mode file for STMicroelectronics.X-CUBE-TOUCHGFX.4.25.0
2025-07-17 12:16:22,108 [WARN] PackLoader:240 - Cannot read IP mode file for STMicroelectronics.FP-SNS-STBOX1.2.0.0
2025-07-17 12:16:22,133 [WARN] PackLoader:240 - Cannot read IP mode file for STMicroelectronics.X-CUBE-AZRTOS-L5.1.1.0
2025-07-17 12:16:22,144 [WARN] PackLoader:240 - Cannot read IP mode file for STMicroelectronics.X-CUBE-AI.8.0.1
2025-07-17 12:16:22,159 [WARN] PackLoader:240 - Cannot read IP mode file for STMicroelectronics.X-CUBE-SUBG2.5.0.0
2025-07-17 12:16:22,191 [WARN] PackLoader:240 - Cannot read IP mode file for STMicroelectronics.X-CUBE-AZRTOS-H7RS.1.1.0
2025-07-17 12:16:22,197 [WARN] PackLoader:240 - Cannot read IP mode file for Cesanta.I-CUBE-Mongoose.7.13.0
2025-07-17 12:16:22,205 [WARN] PackLoader:240 - Cannot read IP mode file for STMicroelectronics.X-CUBE-TOF1.3.3.1
2025-07-17 12:16:22,227 [WARN] PackLoader:240 - Cannot read IP mode file for STMicroelectronics.X-CUBE-AZRTOS-G4.2.0.0
2025-07-17 12:16:22,238 [WARN] PackLoader:240 - Cannot read IP mode file for STMicroelectronics.X-CUBE-TOF1.3.3.0
2025-07-17 12:16:22,249 [WARN] PackLoader:240 - Cannot read IP mode file for STMicroelectronics.FP-ATR-ASTRA1.1.1.1
2025-07-17 12:16:22,251 [WARN] PackLoader:240 - Cannot read IP mode file for wolfSSL.I-CUBE-wolfSSH.1.4.20
2025-07-17 12:16:22,255 [WARN] PackLoader:240 - Cannot read IP mode file for STMicroelectronics.X-CUBE-NFC7.2.0.0
2025-07-17 12:16:22,268 [WARN] PackLoader:240 - Cannot read IP mode file for STMicroelectronics.X-CUBE-AZRTOS-G4.1.0.0
2025-07-17 12:16:22,281 [WARN] PackLoader:240 - Cannot read IP mode file for STMicroelectronics.X-CUBE-AZRTOS-L4.1.0.0
2025-07-17 12:16:22,285 [WARN] PackLoader:240 - Cannot read IP mode file for STMicroelectronics.X-CUBE-ISPU.2.0.0
2025-07-17 12:16:22,292 [WARN] PackLoader:240 - Cannot read IP mode file for STMicroelectronics.X-CUBE-IPS.3.1.0
2025-07-17 12:16:22,298 [WARN] PackLoader:240 - Cannot read IP mode file for STMicroelectronics.X-CUBE-ALS.1.0.2
2025-07-17 12:16:22,324 [WARN] PackLoader:240 - Cannot read IP mode file for STMicroelectronics.X-CUBE-MEMS1.10.0.0
2025-07-17 12:16:22,402 [WARN] PackLoader:240 - Cannot read IP mode file for STMicroelectronics.X-CUBE-FREERTOS.1.1.0
2025-07-17 12:16:22,415 [WARN] PackLoader:240 - Cannot read IP mode file for STMicroelectronics.X-CUBE-AZRTOS-F7.1.0.0
2025-07-17 12:16:22,424 [WARN] PackLoader:240 - Cannot read IP mode file for STMicroelectronics.X-CUBE-AZRTOS-WL.1.0.0
2025-07-17 12:16:22,427 [WARN] PackLoader:240 - Cannot read IP mode file for STMicroelectronics.X-CUBE-TOUCHGFX.4.24.1
2025-07-17 12:16:22,449 [WARN] PackLoader:240 - Cannot read IP mode file for STMicroelectronics.X-CUBE-MEMS1.9.1.0
2025-07-17 12:16:22,514 [WARN] PackLoader:240 - Cannot read IP mode file for portGmbH.I-Cube-SoM-uGOAL.1.1.0
2025-07-17 12:16:22,517 [WARN] PackLoader:240 - Cannot read IP mode file for STMicroelectronics.X-CUBE-ALS.1.0.1
2025-07-17 12:16:22,526 [WARN] PackLoader:240 - Cannot read IP mode file for STMicroelectronics.X-CUBE-AZRTOS-WB.1.1.0
2025-07-17 12:16:22,537 [WARN] PackLoader:240 - Cannot read IP mode file for STMicroelectronics.X-CUBE-AZRTOS-L5.1.0.0
2025-07-17 12:16:22,540 [WARN] PackLoader:240 - Cannot read IP mode file for STMicroelectronics.X-CUBE-EEPRMA1.3.1.1
2025-07-17 12:16:22,544 [WARN] PackLoader:240 - Cannot read IP mode file for STMicroelectronics.X-CUBE-GNSS1.5.2.0
2025-07-17 12:16:22,546 [WARN] PackLoader:240 - Cannot read IP mode file for STMicroelectronics.FP-ATR-ASTRA1.2.0.0
2025-07-17 12:16:22,553 [WARN] PackLoader:240 - Cannot read IP mode file for STMicroelectronics.X-CUBE-TOF1.3.4.2
2025-07-17 12:16:22,565 [WARN] PackLoader:240 - Cannot read IP mode file for STMicroelectronics.X-CUBE-TOF1.3.4.3
2025-07-17 12:16:22,578 [WARN] PackLoader:240 - Cannot read IP mode file for STMicroelectronics.X-CUBE-TOF1.3.4.1
2025-07-17 12:16:22,601 [WARN] PackLoader:240 - Cannot read IP mode file for STMicroelectronics.X-CUBE-AZRTOS-H7.3.2.0
2025-07-17 12:16:22,614 [WARN] PackLoader:240 - Cannot read IP mode file for Infineon.AIROC-Wi-Fi-Bluetooth-STM32.1.6.0
2025-07-17 12:16:22,617 [INFO] ThirdParty:978 - Integrity check success = true
2025-07-17 12:16:22,617 [INFO] IntegrityCheckThread:100 - exiting critical section [integrity check]
2025-07-17 12:16:22,618 [INFO] IntegrityCheckThread:103 - End integrity checks thread
2025-07-17 12:18:03,470 [ERROR] LogOutputStream:75 - [STDERR_REDIRECT] 
