2025-07-17 12:18:31,858 [INFO] Activator:176 - 


2025-07-17 12:18:31,866 [INFO] Activator:177 - !SESSION log4j initialized
2025-07-17 12:18:35,430 [INFO] LogOutputStream:77 - [STDOUT_REDIRECT] 
2025-07-17 12:18:36,301 [ERROR] LogOutputStream:75 - [STDERR_REDIRECT] 
2025-07-17 12:18:37,853 [INFO] LogOutputStream:77 - [STDOUT_REDIRECT] 
2025-07-17 12:18:38,571 [INFO] ApplicationProperties:184 - Using Application install path: /Applications/STM32CubeIDE.app/Contents/Eclipse/plugins/com.st.stm32cube.common.mx_6.15.0.202507011659
2025-07-17 12:18:38,588 [INFO] DbMcusXml:78 - Set database path to: /Applications/STM32CubeIDE.app/Contents/Eclipse/plugins/com.st.stm32cube.common.mx_6.15.0.202507011659//db//mcu/
2025-07-17 12:18:38,589 [INFO] ApiDb:274 - Set plugin database path to: /Applications/STM32CubeIDE.app/Contents/Eclipse/plugins/com.st.stm32cube.common.mx_6.15.0.202507011659//db//plugins/boardmanager/
2025-07-17 12:18:38,589 [WARN] ApiDb:259 - Overriding images path with different value:  => /Applications/STM32CubeIDE.app/Contents/Eclipse/plugins/com.st.stm32cube.common.mx_6.15.0.202507011659//db//plugins/mcufinder/images/
2025-07-17 12:18:38,593 [INFO] ApiDb:250 - Set database path to: /Users/liufangzheng/.stmcufinder/plugins/mcufinder//mcu/
2025-07-17 12:18:38,595 [INFO] DbMcusAds:125 - Set database path to: /Users/liufangzheng/.stmcufinder/plugins/mcufinder//mcu/
2025-07-17 12:18:38,598 [INFO] CrossReferenceDbSqlite:203 - Set database path to: /Users/liufangzheng/.stmcufinder/plugins/mcufinder//mcu/cs/
2025-07-17 12:18:38,714 [INFO] RulesReader:64 - Compatibility file has been processed (317 Rules)
2025-07-17 12:18:38,772 [INFO] DbMcusXml:78 - Set database path to: /Applications/STM32CubeIDE.app/Contents/Eclipse/plugins/com.st.stm32cube.common.mx_6.15.0.202507011659//db//mcu/
2025-07-17 12:18:38,772 [INFO] ApiDb:274 - Set plugin database path to: /Applications/STM32CubeIDE.app/Contents/Eclipse/plugins/com.st.stm32cube.common.mx_6.15.0.202507011659//db//plugins/boardmanager/
2025-07-17 12:18:38,772 [INFO] ApiDb:261 - Set plugin images path to: /Applications/STM32CubeIDE.app/Contents/Eclipse/plugins/com.st.stm32cube.common.mx_6.15.0.202507011659//db//plugins/mcufinder/images/
2025-07-17 12:18:38,773 [WARN] DbFile:41 - Overriding database path with different value: /Users/liufangzheng/.stmcufinder/plugins/mcufinder/ => /Users/liufangzheng/.stmcufinder/plugins/mcufinder
2025-07-17 12:18:38,773 [INFO] ApiDb:250 - Set database path to: /Users/liufangzheng/.stmcufinder/plugins/mcufinder//mcu/
2025-07-17 12:18:38,773 [WARN] DbFile:41 - Overriding database path with different value: /Users/liufangzheng/.stmcufinder/plugins/mcufinder/ => /Users/liufangzheng/.stmcufinder/plugins/mcufinder
2025-07-17 12:18:38,773 [INFO] DbMcusAds:125 - Set database path to: /Users/liufangzheng/.stmcufinder/plugins/mcufinder//mcu/
2025-07-17 12:18:38,773 [WARN] DbFile:41 - Overriding database path with different value: /Users/liufangzheng/.stmcufinder/plugins/mcufinder/ => /Users/liufangzheng/.stmcufinder/plugins/mcufinder
2025-07-17 12:18:38,773 [WARN] DbFile:41 - Overriding database path with different value: /Users/liufangzheng/.stmcufinder/plugins/mcufinder/ => /Users/liufangzheng/.stmcufinder/plugins/mcufinder
2025-07-17 12:18:38,773 [INFO] CrossReferenceDbSqlite:203 - Set database path to: /Users/liufangzheng/.stmcufinder/plugins/mcufinder//mcu/cs/
2025-07-17 12:18:38,835 [INFO] MainPanel:274 - HeapMemory: 268435456
2025-07-17 12:18:39,386 [INFO] DbMcusXml:78 - Set database path to: /Applications/STM32CubeIDE.app/Contents/Eclipse/plugins/com.st.stm32cube.common.mx_6.15.0.202507011659//db//mcu/
2025-07-17 12:18:39,386 [INFO] ApiDb:274 - Set plugin database path to: /Applications/STM32CubeIDE.app/Contents/Eclipse/plugins/com.st.stm32cube.common.mx_6.15.0.202507011659//db//plugins/boardmanager/
2025-07-17 12:18:39,386 [INFO] ApiDb:261 - Set plugin images path to: /Applications/STM32CubeIDE.app/Contents/Eclipse/plugins/com.st.stm32cube.common.mx_6.15.0.202507011659//db//plugins/mcufinder/images/
2025-07-17 12:18:39,387 [WARN] DbFile:41 - Overriding database path with different value: /Users/liufangzheng/.stmcufinder/plugins/mcufinder/ => /Users/liufangzheng/.stmcufinder/plugins/mcufinder
2025-07-17 12:18:39,387 [INFO] ApiDb:250 - Set database path to: /Users/liufangzheng/.stmcufinder/plugins/mcufinder//mcu/
2025-07-17 12:18:39,387 [WARN] DbFile:41 - Overriding database path with different value: /Users/liufangzheng/.stmcufinder/plugins/mcufinder/ => /Users/liufangzheng/.stmcufinder/plugins/mcufinder
2025-07-17 12:18:39,387 [INFO] DbMcusAds:125 - Set database path to: /Users/liufangzheng/.stmcufinder/plugins/mcufinder//mcu/
2025-07-17 12:18:39,387 [WARN] DbFile:41 - Overriding database path with different value: /Users/liufangzheng/.stmcufinder/plugins/mcufinder/ => /Users/liufangzheng/.stmcufinder/plugins/mcufinder
2025-07-17 12:18:39,387 [WARN] DbFile:41 - Overriding database path with different value: /Users/liufangzheng/.stmcufinder/plugins/mcufinder/ => /Users/liufangzheng/.stmcufinder/plugins/mcufinder
2025-07-17 12:18:39,388 [INFO] CrossReferenceDbSqlite:203 - Set database path to: /Users/liufangzheng/.stmcufinder/plugins/mcufinder//mcu/cs/
2025-07-17 12:18:39,403 [INFO] ApplicationProperties:184 - Using Application install path: /Applications/STM32CubeIDE.app/Contents/Eclipse/plugins/com.st.stm32cube.common.mx_6.15.0.202507011659
2025-07-17 12:18:39,405 [INFO] PluginManage:196 - Search for loadable plugins [exclusion list=, ]
2025-07-17 12:18:39,406 [INFO] PluginManage:310 - Check plugin analytics
2025-07-17 12:18:39,577 [INFO] AnalyticsPlugin:253 - Accepted Software Licenses: STM32CubeMX.6.14.0,STM32CubeMX.6.7.0,STM32CubeMX.6.14.1,STM32CubeMX.6.15.0
2025-07-17 12:18:39,578 [INFO] AnalyticsPlugin:255 - Accepted CMSIS Pack Licenses: 
2025-07-17 12:18:39,578 [INFO] AnalyticsPlugin:257 - Accepted Firmware Licenses: FW.C0.1.4.0,FW.L4.1.18.0,FW.F7.1.17.0
2025-07-17 12:18:39,580 [INFO] PluginManage:359 - Loaded plugin analytics (category:tool,tabindex:-1)
2025-07-17 12:18:39,581 [INFO] PluginManage:310 - Check plugin cadmodel
2025-07-17 12:18:39,587 [INFO] CADModel:105 - Init CAD model plugin
2025-07-17 12:18:39,587 [INFO] PluginManage:359 - Loaded plugin cadmodel (category:power,tabindex:5)
2025-07-17 12:18:39,587 [INFO] PluginManage:310 - Check plugin clock
2025-07-17 12:18:39,595 [INFO] PluginManage:359 - Loaded plugin clock (category:base,tabindex:2)
2025-07-17 12:18:39,596 [INFO] PluginManage:310 - Check plugin ddr
2025-07-17 12:18:39,598 [INFO] PluginManage:359 - Loaded plugin ddr (category:tool,tabindex:6)
2025-07-17 12:18:39,598 [INFO] PluginManage:310 - Check plugin filemanager
2025-07-17 12:18:39,743 [INFO] PluginManage:359 - Loaded plugin filemanager (category:base,tabindex:10)
2025-07-17 12:18:39,743 [INFO] PluginManage:310 - Check plugin ipmanager
2025-07-17 12:18:39,759 [INFO] PluginManage:359 - Loaded plugin ipmanager (category:base,tabindex:5)
2025-07-17 12:18:39,760 [INFO] PluginManage:310 - Check plugin lpbam
2025-07-17 12:18:39,769 [INFO] PluginManage:359 - Loaded plugin lpbam (category:base,tabindex:0)
2025-07-17 12:18:39,769 [INFO] PluginManage:310 - Check plugin memorymap
2025-07-17 12:18:39,784 [INFO] PluginManage:359 - Loaded plugin memorymap (category:base,tabindex:4)
2025-07-17 12:18:39,784 [INFO] PluginManage:310 - Check plugin pinoutandconfiguration
2025-07-17 12:18:39,792 [INFO] PluginManage:359 - Loaded plugin pinoutandconfiguration (category:base,tabindex:1)
2025-07-17 12:18:39,792 [INFO] PluginManage:310 - Check plugin pinoutconfig
2025-07-17 12:18:39,871 [WARN] SupportedApi:132 - Cannot load RTOS API schema: s4s-elt-must-match.1: The content of 'definitions' must match (annotation?, (simpleType | complexType)?, (unique | key | keyref)*)). A problem was found starting at: attribute.
2025-07-17 12:18:40,013 [INFO] PluginManage:359 - Loaded plugin pinoutconfig (category:base,tabindex:0)
2025-07-17 12:18:40,013 [INFO] PluginManage:310 - Check plugin power
2025-07-17 12:18:40,023 [INFO] PluginManage:359 - Loaded plugin power (category:power,tabindex:4)
2025-07-17 12:18:40,023 [INFO] PluginManage:310 - Check plugin projectmanager
2025-07-17 12:18:40,038 [INFO] PluginManage:359 - Loaded plugin projectmanager (category:projectmanager,tabindex:4)
2025-07-17 12:18:40,039 [INFO] PluginManage:310 - Check plugin rif
2025-07-17 12:18:40,050 [INFO] PluginManage:359 - Loaded plugin rif (category:base,tabindex:3)
2025-07-17 12:18:40,050 [INFO] PluginManage:310 - Check plugin thirdparty
2025-07-17 12:18:40,186 [INFO] PluginManage:359 - Loaded plugin thirdparty (category:base,tabindex:-1)
2025-07-17 12:18:40,186 [WARN] IntegrityCheckThread:84 - waiting for thirdparty lock release [integrity check]
2025-07-17 12:18:40,187 [INFO] PluginManage:310 - Check plugin tools
2025-07-17 12:18:40,187 [INFO] IntegrityCheckThread:86 - entering critical section [integrity check]
2025-07-17 12:18:40,187 [INFO] ThirdPartyUpdaterWithRetryManager:70 - Updater plugin not ready yet. [1/15]
2025-07-17 12:18:40,189 [INFO] PluginManage:359 - Loaded plugin tools (category:base,tabindex:7)
2025-07-17 12:18:40,189 [INFO] PluginManage:310 - Check plugin tutovideos
2025-07-17 12:18:40,414 [INFO] PluginManage:359 - Loaded plugin tutovideos (category:base,tabindex:-1)
2025-07-17 12:18:40,414 [INFO] PluginManage:310 - Check plugin updater
2025-07-17 12:18:40,438 [INFO] PluginManage:359 - Loaded plugin updater (category:base,tabindex:12)
2025-07-17 12:18:40,439 [INFO] PluginManage:310 - Check plugin userauth
2025-07-17 12:18:40,443 [INFO] UserAuth:118 - Init User Auth plugin
2025-07-17 12:18:40,444 [INFO] PluginManage:359 - Loaded plugin userauth (category:base,tabindex:14)
2025-07-17 12:18:40,444 [INFO] PluginManage:283 - PluginManage : Loaded plugins [18]
2025-07-17 12:18:40,616 [INFO] PinOutPanel:1589 - setPackage(No Configuration,No Configuration)
2025-07-17 12:18:40,691 [INFO] CADModel:165 - CPN selected for project level
2025-07-17 12:18:40,691 [INFO] CADModel:114 - Register for checkConnection events
2025-07-17 12:18:40,705 [INFO] IPUIPlugin:80 - create IPUIPlugin
2025-07-17 12:18:40,705 [INFO] PluginManager:220 - loadIPPluginJar : add mdma
2025-07-17 12:18:40,712 [INFO] IPUIPlugin:80 - create IPUIPlugin
2025-07-17 12:18:40,713 [INFO] PluginManager:220 - loadIPPluginJar : add freertos
2025-07-17 12:18:40,718 [INFO] IPUIPlugin:80 - create IPUIPlugin
2025-07-17 12:18:40,719 [INFO] PluginManager:220 - loadIPPluginJar : add gic
2025-07-17 12:18:40,728 [INFO] IPUIPlugin:80 - create IPUIPlugin
2025-07-17 12:18:40,728 [INFO] PluginManager:220 - loadIPPluginJar : add adc
2025-07-17 12:18:40,731 [INFO] IPUIPlugin:80 - create IPUIPlugin
2025-07-17 12:18:40,731 [INFO] PluginManager:220 - loadIPPluginJar : add gtzc
2025-07-17 12:18:40,733 [INFO] IPUIPlugin:80 - create IPUIPlugin
2025-07-17 12:18:40,733 [INFO] PluginManager:220 - loadIPPluginJar : add quadspi
2025-07-17 12:18:40,735 [INFO] IPUIPlugin:80 - create IPUIPlugin
2025-07-17 12:18:40,735 [INFO] PluginManager:220 - loadIPPluginJar : add aes
2025-07-17 12:18:40,738 [INFO] IPUIPlugin:80 - create IPUIPlugin
2025-07-17 12:18:40,738 [INFO] PluginManager:220 - loadIPPluginJar : add pdm2pcm
2025-07-17 12:18:40,739 [INFO] IPUIPlugin:80 - create IPUIPlugin
2025-07-17 12:18:40,739 [INFO] PluginManager:220 - loadIPPluginJar : add hash
2025-07-17 12:18:40,740 [INFO] IPUIPlugin:80 - create IPUIPlugin
2025-07-17 12:18:40,740 [INFO] PluginManager:220 - loadIPPluginJar : add tim
2025-07-17 12:18:40,741 [INFO] IPUIPlugin:80 - create IPUIPlugin
2025-07-17 12:18:40,741 [INFO] PluginManager:220 - loadIPPluginJar : add tsc
2025-07-17 12:18:40,744 [INFO] IPUIPlugin:80 - create IPUIPlugin
2025-07-17 12:18:40,744 [INFO] PluginManager:220 - loadIPPluginJar : add extmemmanager
2025-07-17 12:18:40,745 [INFO] IPUIPlugin:80 - create IPUIPlugin
2025-07-17 12:18:40,745 [INFO] PluginManager:220 - loadIPPluginJar : add ts
2025-07-17 12:18:40,746 [INFO] IPUIPlugin:80 - create IPUIPlugin
2025-07-17 12:18:40,746 [INFO] PluginManager:220 - loadIPPluginJar : add radio
2025-07-17 12:18:40,749 [INFO] IPUIPlugin:80 - create IPUIPlugin
2025-07-17 12:18:40,749 [INFO] PluginManager:220 - loadIPPluginJar : add can
2025-07-17 12:18:40,751 [INFO] IPUIPlugin:80 - create IPUIPlugin
2025-07-17 12:18:40,751 [INFO] PluginManager:220 - loadIPPluginJar : add dma3
2025-07-17 12:18:40,752 [INFO] IPUIPlugin:80 - create IPUIPlugin
2025-07-17 12:18:40,753 [INFO] PluginManager:220 - loadIPPluginJar : add dfsdm
2025-07-17 12:18:40,754 [INFO] IPUIPlugin:80 - create IPUIPlugin
2025-07-17 12:18:40,754 [INFO] PluginManager:220 - loadIPPluginJar : add spi
2025-07-17 12:18:40,756 [INFO] IPUIPlugin:80 - create IPUIPlugin
2025-07-17 12:18:40,756 [INFO] PluginManager:220 - loadIPPluginJar : add gfxmmu
2025-07-17 12:18:40,757 [INFO] IPUIPlugin:80 - create IPUIPlugin
2025-07-17 12:18:40,757 [INFO] PluginManager:220 - loadIPPluginJar : add genericplugin
2025-07-17 12:18:40,758 [INFO] IPUIPlugin:80 - create IPUIPlugin
2025-07-17 12:18:40,758 [INFO] PluginManager:220 - loadIPPluginJar : add cryp
2025-07-17 12:18:40,761 [INFO] IPUIPlugin:80 - create IPUIPlugin
2025-07-17 12:18:40,762 [INFO] PluginManager:220 - loadIPPluginJar : add gpio
2025-07-17 12:18:40,765 [INFO] IPUIPlugin:80 - create IPUIPlugin
2025-07-17 12:18:40,766 [INFO] PluginManager:220 - loadIPPluginJar : add ddr_ctrl_phy
2025-07-17 12:18:40,767 [INFO] IPUIPlugin:80 - create IPUIPlugin
2025-07-17 12:18:40,767 [INFO] PluginManager:220 - loadIPPluginJar : add comp
2025-07-17 12:18:40,769 [INFO] IPUIPlugin:80 - create IPUIPlugin
2025-07-17 12:18:40,769 [INFO] PluginManager:220 - loadIPPluginJar : add tracer_emb
2025-07-17 12:18:40,771 [INFO] IPUIPlugin:80 - create IPUIPlugin
2025-07-17 12:18:40,772 [INFO] PluginManager:220 - loadIPPluginJar : add openamp
2025-07-17 12:18:40,780 [INFO] IPUIPlugin:80 - create IPUIPlugin
2025-07-17 12:18:40,780 [INFO] PluginManager:220 - loadIPPluginJar : add stm32_wpan
2025-07-17 12:18:40,786 [INFO] IPUIPlugin:80 - create IPUIPlugin
2025-07-17 12:18:40,788 [INFO] PluginManager:220 - loadIPPluginJar : add plateformsettings
2025-07-17 12:18:40,792 [INFO] IPUIPlugin:80 - create IPUIPlugin
2025-07-17 12:18:40,792 [INFO] PluginManager:220 - loadIPPluginJar : add ipddr
2025-07-17 12:18:40,794 [INFO] IPUIPlugin:80 - create IPUIPlugin
2025-07-17 12:18:40,794 [INFO] PluginManager:220 - loadIPPluginJar : add usart
2025-07-17 12:18:40,795 [INFO] IPUIPlugin:80 - create IPUIPlugin
2025-07-17 12:18:40,795 [INFO] PluginManager:220 - loadIPPluginJar : add ltdc
2025-07-17 12:18:40,799 [INFO] IPUIPlugin:80 - create IPUIPlugin
2025-07-17 12:18:40,799 [INFO] PluginManager:220 - loadIPPluginJar : add nvic
2025-07-17 12:18:40,800 [INFO] IPUIPlugin:80 - create IPUIPlugin
2025-07-17 12:18:40,800 [INFO] PluginManager:220 - loadIPPluginJar : add fatfs
2025-07-17 12:18:40,808 [INFO] IPUIPlugin:80 - create IPUIPlugin
2025-07-17 12:18:40,808 [INFO] PluginManager:220 - loadIPPluginJar : add linkedlist
2025-07-17 12:18:40,813 [INFO] IPUIPlugin:80 - create IPUIPlugin
2025-07-17 12:18:40,813 [INFO] PluginManager:220 - loadIPPluginJar : add dma
2025-07-17 12:18:40,816 [INFO] IPUIPlugin:80 - create IPUIPlugin
2025-07-17 12:18:40,816 [INFO] PluginManager:220 - loadIPPluginJar : add fmc
2025-07-17 12:18:40,818 [INFO] IPUIPlugin:80 - create IPUIPlugin
2025-07-17 12:18:40,818 [INFO] PluginManager:220 - loadIPPluginJar : add i2s
2025-07-17 12:18:40,819 [INFO] IPUIPlugin:80 - create IPUIPlugin
2025-07-17 12:18:40,819 [INFO] PluginManager:220 - loadIPPluginJar : add ucpd
2025-07-17 12:18:40,821 [INFO] IPUIPlugin:80 - create IPUIPlugin
2025-07-17 12:18:40,821 [INFO] PluginManager:220 - loadIPPluginJar : add lorawan
2025-07-17 12:18:40,824 [INFO] IPUIPlugin:80 - create IPUIPlugin
2025-07-17 12:18:40,824 [INFO] PluginManager:220 - loadIPPluginJar : add opamp
2025-07-17 12:18:40,826 [INFO] IPUIPlugin:80 - create IPUIPlugin
2025-07-17 12:18:40,826 [INFO] PluginManager:220 - loadIPPluginJar : add i3c
2025-07-17 12:18:40,829 [INFO] IPUIPlugin:80 - create IPUIPlugin
2025-07-17 12:18:40,829 [INFO] PluginManager:220 - loadIPPluginJar : add touchsensing
2025-07-17 12:18:40,831 [INFO] IPUIPlugin:80 - create IPUIPlugin
2025-07-17 12:18:40,831 [INFO] PluginManager:220 - loadIPPluginJar : add i2c
2025-07-17 12:18:40,834 [INFO] IPUIPlugin:80 - create IPUIPlugin
2025-07-17 12:18:40,835 [INFO] PluginManager:220 - loadIPPluginJar : add resmgrutility
2025-07-17 12:18:40,837 [INFO] IPUIPlugin:80 - create IPUIPlugin
2025-07-17 12:18:40,837 [INFO] PluginManager:220 - loadIPPluginJar : add sai
2025-07-17 12:18:40,840 [INFO] IPUIPlugin:80 - create IPUIPlugin
2025-07-17 12:18:40,840 [INFO] PluginManager:220 - loadIPPluginJar : add usbx
2025-07-17 12:18:40,950 [FATAL] Updater:351 - Updater called before beeing initialized
2025-07-17 12:18:40,982 [INFO] RulesReader:64 - Compatibility file has been processed (317 Rules)
2025-07-17 12:18:40,996 [INFO] RulesReader:64 - Compatibility file has been processed (317 Rules)
2025-07-17 12:18:41,004 [INFO] CADModel:165 - CPN selected for project level
2025-07-17 12:18:41,005 [INFO] CADModel:114 - Register for checkConnection events
2025-07-17 12:18:41,005 [FATAL] Updater:351 - Updater called before beeing initialized
2025-07-17 12:18:41,005 [ERROR] CADModel:125 - Updater not yet initialized, retry later 
2025-07-17 12:18:41,184 [FATAL] Updater:351 - Updater called before beeing initialized
2025-07-17 12:18:41,186 [INFO] CADModel:165 - CPN selected for project level
2025-07-17 12:18:41,186 [INFO] CADModel:114 - Register for checkConnection events
2025-07-17 12:18:41,186 [FATAL] Updater:351 - Updater called before beeing initialized
2025-07-17 12:18:41,186 [ERROR] CADModel:125 - Updater not yet initialized, retry later 
2025-07-17 12:18:41,190 [FATAL] Updater:351 - Updater called before beeing initialized
2025-07-17 12:18:41,292 [FATAL] Updater:351 - Updater called before beeing initialized
2025-07-17 12:18:41,297 [INFO] DbMcusAds:53 - JSON generation date=Tue Jul 08 04:14:23 EDT 2025 (1751962463524)
2025-07-17 12:18:41,297 [FATAL] Updater:351 - Updater called before beeing initialized
2025-07-17 12:18:41,360 [WARN] DetailPanel:346 - Failed to get advertising image, set to default
2025-07-17 12:18:41,449 [FATAL] Updater:351 - Updater called before beeing initialized
2025-07-17 12:18:41,451 [FATAL] Updater:351 - Updater called before beeing initialized
2025-07-17 12:18:41,451 [FATAL] Updater:351 - Updater called before beeing initialized
2025-07-17 12:18:41,451 [WARN] DetailPanel:346 - Failed to get advertising image, set to default
2025-07-17 12:18:41,452 [FATAL] Updater:351 - Updater called before beeing initialized
2025-07-17 12:18:41,482 [ERROR] Updater:1198 - MainUpdater not yet initialized. External WinMGr cannot be set.
2025-07-17 12:18:41,484 [INFO] Updater:1134 - Updater Version found : 6.15.0
2025-07-17 12:18:41,503 [INFO] ApplicationProperties:184 - Using Application install path: /Applications/STM32CubeIDE.app/Contents/Eclipse/plugins/com.st.stm32cube.common.mx_6.15.0.202507011659
2025-07-17 12:18:41,839 [INFO] MainUpdater:2872 - connection check result : 10
2025-07-17 12:18:41,840 [INFO] MainUpdater:289 - Updater Check For Update Now.
2025-07-17 12:18:41,840 [INFO] MicroXplorer:498 - Change Database Version : DB.6.0.150
2025-07-17 12:18:41,846 [INFO] McuFinderGlobals:63 - Set McuFinder mode to 2 (CubeIDE integrated)
2025-07-17 12:18:41,847 [INFO] UserAuth:487 - Internet connection configuration mode: 1
2025-07-17 12:18:41,886 [INFO] JxBrowserEngine:152 - Initiate JxBrowser Engine with user profile folder
2025-07-17 12:18:42,055 [INFO] CheckServerUpdateThread:120 - End of CheckServer Thread
2025-07-17 12:18:43,015 [INFO] WebApp:169 - Instantiating new browser for Auth
2025-07-17 12:18:43,821 [INFO] WebApp:463 - Apply proxy settings
2025-07-17 12:18:43,832 [INFO] WebApp:508 - Chromium authenticates against Manually configured proxy
2025-07-17 12:18:43,868 [INFO] WebApp:516 - Username used for proxy authentication: 
2025-07-17 12:18:43,926 [INFO] WebApp:900 - Register for checkConnection events
2025-07-17 12:18:43,955 [INFO] WebApp:463 - Apply proxy settings
2025-07-17 12:18:43,960 [INFO] WebApp:508 - Chromium authenticates against Manually configured proxy
2025-07-17 12:18:43,993 [INFO] WebApp:516 - Username used for proxy authentication: 
2025-07-17 12:18:44,196 [INFO] WebApp:225 - Starting web application
2025-07-17 12:18:44,215 [INFO] WebApp:593 - Web application path used /Applications/STM32CubeIDE.app/Contents/Eclipse/plugins/com.st.stm32cube.common.mx_6.15.0.202507011659/db/plugins/mcufinder/reactClient1/index.html
2025-07-17 12:18:44,338 [INFO] UserAuth:487 - Internet connection configuration mode: 1
2025-07-17 12:18:44,654 [INFO] WebApp:191 - Connection restablished
2025-07-17 12:18:46,941 [WARN] PackLoader:240 - Cannot read IP mode file for STMicroelectronics.FP-SNS-MOTENVWB1.1.4.0
2025-07-17 12:18:46,959 [WARN] PackLoader:240 - Cannot read IP mode file for STMicroelectronics.FP-ATR-ASTRA1.2.0.2
2025-07-17 12:18:46,963 [WARN] PackLoader:240 - Cannot read IP mode file for STMicroelectronics.FP-ATR-ASTRA1.2.0.1
2025-07-17 12:18:46,970 [WARN] PackLoader:240 - Cannot read IP mode file for STMicroelectronics.X-CUBE-SMBUS.2.1.0
2025-07-17 12:18:46,977 [WARN] PackLoader:240 - Cannot read IP mode file for STMicroelectronics.X-CUBE-WB05N.1.1.0
2025-07-17 12:18:46,990 [WARN] PackLoader:240 - Cannot read IP mode file for STMicroelectronics.X-CUBE-ST60.1.0.0
2025-07-17 12:18:47,012 [WARN] PackLoader:240 - Cannot read IP mode file for STMicroelectronics.X-CUBE-TOUCHGFX.4.23.2
2025-07-17 12:18:47,080 [WARN] PackLoader:240 - Cannot read IP mode file for STMicroelectronics.X-CUBE-AZRTOS-F7.1.1.0
2025-07-17 12:18:47,106 [WARN] PackLoader:240 - Cannot read IP mode file for STMicroelectronics.X-CUBE-AI.7.1.0
2025-07-17 12:18:47,110 [ERROR] RealEvaluatedCondition:428 - Found unsupported composite condition: GROUP='STM32_MetaDataManager' CLASS='Data Exchange'
2025-07-17 12:18:47,110 [ERROR] RealEvaluatedCondition:428 - Found unsupported composite condition: CLASS='Data Exchange' GROUP='STM32_MetaDataManager'
2025-07-17 12:18:47,111 [WARN] PackLoader:240 - Cannot read IP mode file for STMicroelectronics.FP-SNS-MOTENV1.4.3.0
2025-07-17 12:18:47,117 [WARN] PackLoader:240 - Cannot read IP mode file for STMicroelectronics.FP-SNS-MOTENV1.4.3.2
2025-07-17 12:18:47,122 [WARN] PackLoader:240 - Cannot read IP mode file for STMicroelectronics.FP-SNS-FLIGHT1.5.0.0
2025-07-17 12:18:47,176 [WARN] PackLoader:240 - Cannot read IP mode file for STMicroelectronics.X-CUBE-MEMS1.11.0.0
2025-07-17 12:18:47,310 [WARN] PackLoader:240 - Cannot read IP mode file for STMicroelectronics.X-CUBE-BLE1.6.2.4
2025-07-17 12:18:47,314 [WARN] PackLoader:240 - Cannot read IP mode file for STMicroelectronics.X-CUBE-BLE1.6.2.2
2025-07-17 12:18:47,318 [WARN] PackLoader:240 - Cannot read IP mode file for STMicroelectronics.FP-SNS-FLIGHT1.5.0.2
2025-07-17 12:18:47,322 [WARN] PackLoader:240 - Cannot read IP mode file for STMicroelectronics.X-CUBE-BLE2.3.2.2
2025-07-17 12:18:47,357 [WARN] PackLoader:240 - Cannot read IP mode file for Infineon.AIROC-Wi-Fi-Bluetooth-STM32.1.7.0
2025-07-17 12:18:47,364 [WARN] PackLoader:240 - Cannot read IP mode file for wolfSSL.I-CUBE-wolfSSL.5.1.1
2025-07-17 12:18:47,380 [WARN] PackLoader:240 - Cannot read IP mode file for STMicroelectronics.X-CUBE-AZRTOS-H7.3.4.0
2025-07-17 12:18:47,419 [WARN] PackLoader:240 - Cannot read IP mode file for STMicroelectronics.X-CUBE-DISPLAY.3.0.0
2025-07-17 12:18:47,424 [WARN] PackLoader:240 - Cannot read IP mode file for STMicroelectronics.X-CUBE-BLE1.7.0.0
2025-07-17 12:18:47,428 [WARN] PackLoader:240 - Cannot read IP mode file for STMicroelectronics.X-CUBE-NFC10.1.0.0
2025-07-17 12:18:47,456 [WARN] PackLoader:240 - Cannot read IP mode file for STMicroelectronics.X-CUBE-BLEMGR.4.0.0
2025-07-17 12:18:47,462 [WARN] PackLoader:240 - Cannot read IP mode file for emotas.I-CUBE-CANOPEN.1.3.0
2025-07-17 12:18:47,464 [WARN] PackLoader:240 - Cannot read IP mode file for STMicroelectronics.X-CUBE-TOUCHGFX.4.22.0
2025-07-17 12:18:47,471 [WARN] PackLoader:240 - Cannot read IP mode file for STMicroelectronics.X-CUBE-SUBG2.4.2.0
2025-07-17 12:18:47,477 [WARN] ConditionMgr:438 - getConditionDescription Invalid condition id : Cortex-A Device cause : null
2025-07-17 12:18:47,504 [WARN] ConditionMgr:1044 - genDependencies : Invalid condition id : Cortex-A Device cause : null
2025-07-17 12:18:47,504 [WARN] ConditionMgr:1044 - genDependencies : Invalid condition id : Cortex-A Device cause : null
2025-07-17 12:18:47,504 [WARN] ConditionMgr:1044 - genDependencies : Invalid condition id : Cortex-A Device cause : null
2025-07-17 12:18:47,511 [WARN] PackLoader:240 - Cannot read IP mode file for STMicroelectronics.X-CUBE-BLEMGR.3.1.0
2025-07-17 12:18:47,515 [WARN] PackLoader:240 - Cannot read IP mode file for STMicroelectronics.X-CUBE-AI.10.0.0
2025-07-17 12:18:47,519 [WARN] PackLoader:240 - Cannot read IP mode file for STMicroelectronics.FP-SNS-SMARTAG2.1.2.0
2025-07-17 12:18:47,522 [WARN] PackLoader:240 - Cannot read IP mode file for STMicroelectronics.FP-SNS-FLIGHT1.5.1.0
2025-07-17 12:18:47,572 [WARN] PackLoader:240 - Cannot read IP mode file for STMicroelectronics.X-CUBE-MEMS1.11.1.0
2025-07-17 12:18:47,658 [INFO] LogOutputStream:77 - [STDOUT_REDIRECT] 1 : Invalid condition id : UX_CORESTACK_Condition cause : null
2025-07-17 12:18:47,659 [INFO] LogOutputStream:77 - [STDOUT_REDIRECT] 1 : Invalid condition id : UX_CORESTACK_Condition cause : null
2025-07-17 12:18:47,659 [INFO] LogOutputStream:77 - [STDOUT_REDIRECT] 1 : Invalid condition id : UX_CORESTACK_Condition cause : null
2025-07-17 12:18:47,659 [INFO] LogOutputStream:77 - [STDOUT_REDIRECT] 1 : Invalid condition id : UX_CORESTACK_Condition cause : null
2025-07-17 12:18:47,660 [INFO] LogOutputStream:77 - [STDOUT_REDIRECT] 1 : Invalid condition id : UX_CORESTACK_Condition cause : null
2025-07-17 12:18:47,662 [WARN] PackLoader:240 - Cannot read IP mode file for STMicroelectronics.X-CUBE-AZRTOS-WL.2.0.0
2025-07-17 12:18:47,667 [WARN] PackLoader:240 - Cannot read IP mode file for STMicroelectronics.FP-SNS-MOTENV1.5.0.0
2025-07-17 12:18:47,674 [WARN] PackLoader:240 - Cannot read IP mode file for WES.I-CUBE-Cesium.1.3.0
2025-07-17 12:18:47,678 [WARN] PackLoader:240 - Cannot read IP mode file for STMicroelectronics.X-CUBE-BLE2.3.3.0
2025-07-17 12:18:47,701 [WARN] PackLoader:240 - Cannot read IP mode file for STMicroelectronics.X-CUBE-DISPLAY.2.2.0
2025-07-17 12:18:47,710 [WARN] PackLoader:240 - Cannot read IP mode file for STMicroelectronics.X-CUBE-TOF1.3.2.0
2025-07-17 12:18:47,750 [WARN] PackLoader:240 - Cannot read IP mode file for STMicroelectronics.X-CUBE-TOUCHGFX.4.18.1
2025-07-17 12:18:47,845 [WARN] PackLoader:240 - Cannot read IP mode file for STMicroelectronics.X-CUBE-NFC9.1.0.0
2025-07-17 12:18:47,881 [WARN] PackLoader:240 - Cannot read IP mode file for STMicroelectronics.X-CUBE-BLE1.7.1.0
2025-07-17 12:18:47,958 [WARN] PackLoader:240 - Cannot read IP mode file for wolfSSL.I-CUBE-wolfMQTT.1.19.2
2025-07-17 12:18:48,020 [WARN] PackLoader:240 - Cannot read IP mode file for STMicroelectronics.X-CUBE-TCPP.4.1.0
2025-07-17 12:18:48,110 [WARN] PackLoader:240 - Cannot read IP mode file for STMicroelectronics.X-CUBE-EEPRMA1.5.2.0
2025-07-17 12:18:48,147 [WARN] PackLoader:240 - Cannot read IP mode file for STMicroelectronics.X-CUBE-TOUCHGFX.4.21.1
2025-07-17 12:18:48,183 [WARN] PackLoader:240 - Cannot read IP mode file for STMicroelectronics.X-CUBE-TOUCHGFX.4.21.0
2025-07-17 12:18:48,224 [WARN] PackLoader:240 - Cannot read IP mode file for STMicroelectronics.X-CUBE-TOUCHGFX.4.21.3
2025-07-17 12:18:48,263 [WARN] PackLoader:240 - Cannot read IP mode file for STMicroelectronics.X-CUBE-TOUCHGFX.4.21.4
2025-07-17 12:18:48,331 [WARN] PackLoader:240 - Cannot read IP mode file for STMicroelectronics.X-CUBE-MEMS1.9.4.0
2025-07-17 12:18:48,430 [WARN] PackLoader:240 - Cannot read IP mode file for STMicroelectronics.X-CUBE-AI.7.3.0
2025-07-17 12:18:48,468 [WARN] PackLoader:240 - Cannot read IP mode file for STMicroelectronics.X-CUBE-AI.10.1.0
2025-07-17 12:18:48,473 [WARN] PackLoader:240 - Cannot read IP mode file for STMicroelectronics.X-CUBE-ALGOBUILD.1.3.0
2025-07-17 12:18:48,485 [WARN] PackLoader:240 - Cannot read IP mode file for STMicroelectronics.X-CUBE-AZRTOS-G0.1.1.0
2025-07-17 12:18:48,491 [WARN] PackLoader:240 - Cannot read IP mode file for STMicroelectronics.X-CUBE-SAFEA1.1.2.2
2025-07-17 12:18:48,495 [WARN] PackLoader:240 - Cannot read IP mode file for STMicroelectronics.X-CUBE-NFC4.3.0.0
2025-07-17 12:18:48,514 [WARN] PackLoader:240 - Cannot read IP mode file for SEGGER.I-CUBE-embOS.1.2.0
2025-07-17 12:18:48,555 [WARN] PackLoader:240 - Cannot read IP mode file for EmbeddedOffice.I-CUBE-FS-RTOS.1.0.1
2025-07-17 12:18:48,560 [WARN] PackLoader:240 - Cannot read IP mode file for STMicroelectronics.X-CUBE-WB05N.2.0.0
2025-07-17 12:18:48,563 [WARN] PackLoader:240 - Cannot read IP mode file for wolfSSL.I-CUBE-wolfTPM.3.8.0
2025-07-17 12:18:48,570 [WARN] PackLoader:240 - Cannot read IP mode file for STMicroelectronics.X-CUBE-BLEMGR.1.3.0
2025-07-17 12:18:48,574 [WARN] PackLoader:240 - Cannot read IP mode file for STMicroelectronics.X-CUBE-TCPP.4.2.0
2025-07-17 12:18:48,579 [WARN] PackLoader:240 - Cannot read IP mode file for RealThread.X-CUBE-RT-Thread_Nano.4.1.1
2025-07-17 12:18:48,592 [WARN] PackLoader:240 - Cannot read IP mode file for STMicroelectronics.X-CUBE-AZRTOS-H7.2.0.0
2025-07-17 12:18:48,596 [WARN] PackLoader:240 - Cannot read IP mode file for STMicroelectronics.FP-ATR-SIGFOX1.3.2.0
2025-07-17 12:18:48,600 [WARN] PackLoader:240 - Cannot read IP mode file for STMicroelectronics.X-CUBE-EEPRMA1.5.1.0
2025-07-17 12:18:48,604 [WARN] PackLoader:240 - Cannot read IP mode file for STMicroelectronics.X-CUBE-TOUCHGFX.4.20.0
2025-07-17 12:18:48,606 [WARN] PackLoader:240 - Cannot read IP mode file for wolfSSL.I-CUBE-wolfSSL.5.7.6
2025-07-17 12:18:48,610 [WARN] PackLoader:240 - Cannot read IP mode file for ITTIA_DB.I-CUBE-ITTIADB.8.9.0
2025-07-17 12:18:48,636 [WARN] PackLoader:240 - Cannot read IP mode file for STMicroelectronics.X-CUBE-MEMS1.9.5.0
2025-07-17 12:18:48,738 [WARN] PackLoader:240 - Cannot read IP mode file for STMicroelectronics.X-CUBE-ST67W61.1.0.0
2025-07-17 12:18:48,767 [WARN] PackLoader:240 - Cannot read IP mode file for SEGGER.I-CUBE-embOS.1.3.1
2025-07-17 12:18:48,814 [WARN] PackLoader:240 - Cannot read IP mode file for STMicroelectronics.X-CUBE-ALGOBUILD.1.4.0
2025-07-17 12:18:48,884 [WARN] PackLoader:240 - Cannot read IP mode file for STMicroelectronics.X-CUBE-MEMS1.11.3.0
2025-07-17 12:18:48,978 [WARN] PackLoader:240 - Cannot read IP mode file for STMicroelectronics.X-CUBE-DISPLAY.2.0.1
2025-07-17 12:18:48,981 [WARN] PackLoader:240 - Cannot read IP mode file for STMicroelectronics.X-CUBE-AI.9.1.0
2025-07-17 12:18:48,986 [WARN] PackLoader:240 - Cannot read IP mode file for STMicroelectronics.X-CUBE-TOF1.3.0.0
2025-07-17 12:18:48,990 [WARN] PackLoader:240 - Cannot read IP mode file for STMicroelectronics.X-CUBE-PM33A1.1.0.0
2025-07-17 12:18:48,993 [WARN] PackLoader:240 - Cannot read IP mode file for STMicroelectronics.X-CUBE-GNSS1.6.0.0
2025-07-17 12:18:49,004 [WARN] PackLoader:240 - Cannot read IP mode file for STMicroelectronics.X-CUBE-AZRTOS-F4.1.1.0
2025-07-17 12:18:49,008 [WARN] PackLoader:240 - Cannot read IP mode file for Avnet-IotConnect.X-CUBE-IoTC-DA16k-PMOD.1.0.0
2025-07-17 12:18:49,010 [WARN] PackLoader:240 - Cannot read IP mode file for STMicroelectronics.X-CUBE-ISPU.2.1.0
2025-07-17 12:18:49,013 [WARN] PackLoader:240 - Cannot read IP mode file for STMicroelectronics.X-CUBE-FREERTOS.1.2.0
2025-07-17 12:18:49,018 [WARN] PackLoader:240 - Cannot read IP mode file for STMicroelectronics.X-CUBE-NFC12.1.0.0
2025-07-17 12:18:49,031 [WARN] PackLoader:240 - Cannot read IP mode file for STMicroelectronics.X-CUBE-AZRTOS-L5.2.0.0
2025-07-17 12:18:49,055 [WARN] PackLoader:240 - Cannot read IP mode file for STMicroelectronics.X-CUBE-MEMS1.9.6.0
2025-07-17 12:18:49,148 [WARN] PackLoader:240 - Cannot read IP mode file for STMicroelectronics.X-CUBE-NFC6.3.1.0
2025-07-17 12:18:49,153 [WARN] PackLoader:240 - Cannot read IP mode file for emotas.I-CUBE-CANOPEN.1.1.3
2025-07-17 12:18:49,158 [WARN] PackLoader:240 - Cannot read IP mode file for STMicroelectronics.X-CUBE-BLEMGR.2.0.0
2025-07-17 12:18:49,163 [WARN] PackLoader:240 - Cannot read IP mode file for STMicroelectronics.X-CUBE-DPower.1.2.0
2025-07-17 12:18:49,167 [WARN] PackLoader:240 - Cannot read IP mode file for STMicroelectronics.X-CUBE-NFC4.2.0.5
2025-07-17 12:18:49,170 [WARN] PackLoader:240 - Cannot read IP mode file for STMicroelectronics.X-CUBE-NFC4.2.0.3
2025-07-17 12:18:49,186 [WARN] ConditionMgr:438 - getConditionDescription Invalid condition id : UX DEVICE CLASS RTOS Condition cause : null
2025-07-17 12:18:49,187 [WARN] ConditionMgr:438 - getConditionDescription Invalid condition id : UX DEVICE CLASS RTOS Condition cause : null
2025-07-17 12:18:49,189 [WARN] PackLoader:240 - Cannot read IP mode file for STMicroelectronics.X-CUBE-AZRTOS-H7.3.1.0
2025-07-17 12:18:49,190 [WARN] ConditionMgr:1044 - genDependencies : Invalid condition id : UX DEVICE CLASS RTOS Condition cause : null
2025-07-17 12:18:49,190 [WARN] ConditionMgr:1044 - genDependencies : Invalid condition id : UX DEVICE CLASS RTOS Condition cause : null
2025-07-17 12:18:49,190 [WARN] ConditionMgr:1044 - genDependencies : Invalid condition id : UX DEVICE CLASS RTOS Condition cause : null
2025-07-17 12:18:49,191 [WARN] ConditionMgr:1044 - genDependencies : Invalid condition id : UX DEVICE CLASS RTOS Condition cause : null
2025-07-17 12:18:49,191 [WARN] ConditionMgr:1044 - genDependencies : Invalid condition id : UX DEVICE CLASS RTOS Condition cause : null
2025-07-17 12:18:49,196 [WARN] PackLoader:240 - Cannot read IP mode file for STMicroelectronics.X-CUBE-SFXS2LP1.3.1.0
2025-07-17 12:18:49,206 [WARN] PackLoader:240 - Cannot read IP mode file for STMicroelectronics.X-CUBE-AZRTOS-F4.1.0.0
2025-07-17 12:18:49,211 [WARN] PackLoader:240 - Cannot read IP mode file for STMicroelectronics.X-CUBE-FREERTOS.1.3.1
2025-07-17 12:18:49,214 [WARN] PackLoader:240 - Cannot read IP mode file for STMicroelectronics.X-CUBE-FREERTOS.1.3.0
2025-07-17 12:18:49,217 [WARN] PackLoader:240 - Cannot read IP mode file for STMicroelectronics.X-CUBE-NFC7.1.0.1
2025-07-17 12:18:49,220 [WARN] PackLoader:240 - Cannot read IP mode file for STMicroelectronics.X-CUBE-NFC7.1.0.0
2025-07-17 12:18:49,225 [WARN] PackLoader:240 - Cannot read IP mode file for STMicroelectronics.X-CUBE-NFC6.3.0.0
2025-07-17 12:18:49,229 [WARN] PackLoader:240 - Cannot read IP mode file for STMicroelectronics.X-CUBE-EEPRMA1.4.1.0
2025-07-17 12:18:49,233 [WARN] PackLoader:240 - Cannot read IP mode file for STMicroelectronics.FP-SNS-STAIOTCFT.1.0.0
2025-07-17 12:18:49,236 [WARN] PackLoader:240 - Cannot read IP mode file for STMicroelectronics.X-CUBE-DPower.1.3.0
2025-07-17 12:18:49,238 [WARN] PackLoader:240 - Cannot read IP mode file for STMicroelectronics.X-CUBE-AI.8.1.0
2025-07-17 12:18:49,247 [WARN] PackLoader:240 - Cannot read IP mode file for STMicroelectronics.X-CUBE-AZRTOS-G0.1.0.0
2025-07-17 12:18:49,258 [WARN] ConditionMgr:438 - getConditionDescription Invalid condition id : LAN8742 Phy interface Condition cause : null
2025-07-17 12:18:49,259 [WARN] PackLoader:240 - Cannot read IP mode file for STMicroelectronics.X-CUBE-AZRTOS-L4.2.0.0
2025-07-17 12:18:49,259 [WARN] ConditionMgr:1044 - genDependencies : Invalid condition id : LAN8742 Phy interface Condition cause : null
2025-07-17 12:18:49,259 [WARN] ConditionMgr:1044 - genDependencies : Invalid condition id : LAN8742 Phy interface Condition cause : null
2025-07-17 12:18:49,260 [WARN] ConditionMgr:1044 - genDependencies : Invalid condition id : LAN8742 Phy interface Condition cause : null
2025-07-17 12:18:49,264 [WARN] PackLoader:240 - Cannot read IP mode file for STMicroelectronics.X-CUBE-SFXS2LP1.4.0.0
2025-07-17 12:18:49,275 [WARN] PackLoader:240 - Cannot read IP mode file for STMicroelectronics.X-CUBE-AZRTOS-H7.3.0.0
2025-07-17 12:18:49,280 [WARN] PackLoader:240 - Cannot read IP mode file for STMicroelectronics.X-CUBE-ISPU.1.1.0
2025-07-17 12:18:49,293 [WARN] PackLoader:240 - Cannot read IP mode file for STMicroelectronics.X-CUBE-AZRTOS-H7.3.3.0
2025-07-17 12:18:49,298 [WARN] PackLoader:240 - Cannot read IP mode file for RoweBots.I-CUBE-UNISONRTOS.5.5.0-4
2025-07-17 12:18:49,301 [WARN] PackLoader:240 - Cannot read IP mode file for STMicroelectronics.X-CUBE-AI.8.0.0
2025-07-17 12:18:49,307 [WARN] PackLoader:240 - Cannot read IP mode file for STMicroelectronics.X-CUBE-IPS.3.0.0
2025-07-17 12:18:49,316 [WARN] ConditionMgr:438 - getConditionDescription Invalid condition id : UX DEVICE CLASS RTOS Condition cause : null
2025-07-17 12:18:49,317 [WARN] ConditionMgr:438 - getConditionDescription Invalid condition id : UX DEVICE CLASS RTOS Condition cause : null
2025-07-17 12:18:49,318 [WARN] PackLoader:240 - Cannot read IP mode file for STMicroelectronics.X-CUBE-AZRTOS-WB.2.0.0
2025-07-17 12:18:49,318 [WARN] ConditionMgr:1044 - genDependencies : Invalid condition id : UX DEVICE CLASS RTOS Condition cause : null
2025-07-17 12:18:49,318 [WARN] ConditionMgr:1044 - genDependencies : Invalid condition id : UX DEVICE CLASS RTOS Condition cause : null
2025-07-17 12:18:49,319 [WARN] ConditionMgr:1044 - genDependencies : Invalid condition id : UX DEVICE CLASS RTOS Condition cause : null
2025-07-17 12:18:49,319 [WARN] ConditionMgr:1044 - genDependencies : Invalid condition id : UX DEVICE CLASS RTOS Condition cause : null
2025-07-17 12:18:49,319 [WARN] ConditionMgr:1044 - genDependencies : Invalid condition id : UX DEVICE CLASS RTOS Condition cause : null
2025-07-17 12:18:49,322 [WARN] PackLoader:240 - Cannot read IP mode file for STMicroelectronics.X-CUBE-FREERTOS.1.0.0
2025-07-17 12:18:49,325 [WARN] PackLoader:240 - Cannot read IP mode file for STMicroelectronics.X-CUBE-FREERTOS.1.0.1
2025-07-17 12:18:49,328 [WARN] PackLoader:240 - Cannot read IP mode file for STMicroelectronics.X-CUBE-GNSS1.7.0.0
2025-07-17 12:18:49,332 [WARN] PackLoader:240 - Cannot read IP mode file for STMicroelectronics.X-CUBE-GNSS1.7.0.1
2025-07-17 12:18:49,335 [WARN] PackLoader:240 - Cannot read IP mode file for STMicroelectronics.X-CUBE-TOUCHGFX.4.25.0
2025-07-17 12:18:49,339 [WARN] PackLoader:240 - Cannot read IP mode file for STMicroelectronics.FP-SNS-STBOX1.2.0.0
2025-07-17 12:18:49,348 [WARN] PackLoader:240 - Cannot read IP mode file for STMicroelectronics.X-CUBE-AZRTOS-L5.1.1.0
2025-07-17 12:18:49,351 [WARN] PackLoader:240 - Cannot read IP mode file for STMicroelectronics.X-CUBE-AI.8.0.1
2025-07-17 12:18:49,357 [WARN] PackLoader:240 - Cannot read IP mode file for STMicroelectronics.X-CUBE-SUBG2.5.0.0
2025-07-17 12:18:49,372 [WARN] PackLoader:240 - Cannot read IP mode file for STMicroelectronics.X-CUBE-AZRTOS-H7RS.1.1.0
2025-07-17 12:18:49,376 [WARN] PackLoader:240 - Cannot read IP mode file for Cesanta.I-CUBE-Mongoose.7.13.0
2025-07-17 12:18:49,382 [WARN] PackLoader:240 - Cannot read IP mode file for STMicroelectronics.X-CUBE-TOF1.3.3.1
2025-07-17 12:18:49,415 [WARN] PackLoader:240 - Cannot read IP mode file for STMicroelectronics.X-CUBE-AZRTOS-G4.2.0.0
2025-07-17 12:18:49,427 [WARN] PackLoader:240 - Cannot read IP mode file for STMicroelectronics.X-CUBE-TOF1.3.3.0
2025-07-17 12:18:49,436 [WARN] PackLoader:240 - Cannot read IP mode file for STMicroelectronics.FP-ATR-ASTRA1.1.1.1
2025-07-17 12:18:49,439 [WARN] PackLoader:240 - Cannot read IP mode file for wolfSSL.I-CUBE-wolfSSH.1.4.20
2025-07-17 12:18:49,442 [WARN] PackLoader:240 - Cannot read IP mode file for STMicroelectronics.X-CUBE-NFC7.2.0.0
2025-07-17 12:18:49,452 [WARN] PackLoader:240 - Cannot read IP mode file for STMicroelectronics.X-CUBE-AZRTOS-G4.1.0.0
2025-07-17 12:18:49,464 [WARN] PackLoader:240 - Cannot read IP mode file for STMicroelectronics.X-CUBE-AZRTOS-L4.1.0.0
2025-07-17 12:18:49,469 [WARN] PackLoader:240 - Cannot read IP mode file for STMicroelectronics.X-CUBE-ISPU.2.0.0
2025-07-17 12:18:49,476 [WARN] PackLoader:240 - Cannot read IP mode file for STMicroelectronics.X-CUBE-IPS.3.1.0
2025-07-17 12:18:49,483 [WARN] PackLoader:240 - Cannot read IP mode file for STMicroelectronics.X-CUBE-ALS.1.0.2
2025-07-17 12:18:49,513 [WARN] PackLoader:240 - Cannot read IP mode file for STMicroelectronics.X-CUBE-MEMS1.10.0.0
2025-07-17 12:18:49,577 [WARN] PackLoader:240 - Cannot read IP mode file for STMicroelectronics.X-CUBE-FREERTOS.1.1.0
2025-07-17 12:18:49,588 [WARN] PackLoader:240 - Cannot read IP mode file for STMicroelectronics.X-CUBE-AZRTOS-F7.1.0.0
2025-07-17 12:18:49,611 [WARN] PackLoader:240 - Cannot read IP mode file for STMicroelectronics.X-CUBE-AZRTOS-WL.1.0.0
2025-07-17 12:18:49,613 [WARN] PackLoader:240 - Cannot read IP mode file for STMicroelectronics.X-CUBE-TOUCHGFX.4.24.1
2025-07-17 12:18:49,632 [WARN] PackLoader:240 - Cannot read IP mode file for STMicroelectronics.X-CUBE-MEMS1.9.1.0
2025-07-17 12:18:49,708 [WARN] PackLoader:240 - Cannot read IP mode file for portGmbH.I-Cube-SoM-uGOAL.1.1.0
2025-07-17 12:18:49,710 [WARN] PackLoader:240 - Cannot read IP mode file for STMicroelectronics.X-CUBE-ALS.1.0.1
2025-07-17 12:18:49,720 [WARN] PackLoader:240 - Cannot read IP mode file for STMicroelectronics.X-CUBE-AZRTOS-WB.1.1.0
2025-07-17 12:18:49,730 [WARN] PackLoader:240 - Cannot read IP mode file for STMicroelectronics.X-CUBE-AZRTOS-L5.1.0.0
2025-07-17 12:18:49,734 [WARN] PackLoader:240 - Cannot read IP mode file for STMicroelectronics.X-CUBE-EEPRMA1.3.1.1
2025-07-17 12:18:49,738 [WARN] PackLoader:240 - Cannot read IP mode file for STMicroelectronics.X-CUBE-GNSS1.5.2.0
2025-07-17 12:18:49,740 [WARN] PackLoader:240 - Cannot read IP mode file for STMicroelectronics.FP-ATR-ASTRA1.2.0.0
2025-07-17 12:18:49,747 [WARN] PackLoader:240 - Cannot read IP mode file for STMicroelectronics.X-CUBE-TOF1.3.4.2
2025-07-17 12:18:49,758 [WARN] PackLoader:240 - Cannot read IP mode file for STMicroelectronics.X-CUBE-TOF1.3.4.3
2025-07-17 12:18:49,772 [WARN] PackLoader:240 - Cannot read IP mode file for STMicroelectronics.X-CUBE-TOF1.3.4.1
2025-07-17 12:18:49,791 [WARN] PackLoader:240 - Cannot read IP mode file for STMicroelectronics.X-CUBE-AZRTOS-H7.3.2.0
2025-07-17 12:18:49,801 [WARN] PackLoader:240 - Cannot read IP mode file for Infineon.AIROC-Wi-Fi-Bluetooth-STM32.1.6.0
2025-07-17 12:18:49,803 [INFO] ThirdParty:978 - Integrity check success = true
2025-07-17 12:18:49,803 [INFO] IntegrityCheckThread:100 - exiting critical section [integrity check]
2025-07-17 12:18:49,803 [INFO] IntegrityCheckThread:103 - End integrity checks thread
2025-07-17 12:41:44,273 [ERROR] LogOutputStream:75 - [STDERR_REDIRECT] 
2025-07-17 12:45:13,383 [INFO] Activator:176 - 


2025-07-17 12:45:13,385 [INFO] Activator:177 - !SESSION log4j initialized
2025-07-17 12:45:16,260 [INFO] LogOutputStream:77 - [STDOUT_REDIRECT] 
2025-07-17 12:45:17,048 [ERROR] LogOutputStream:75 - [STDERR_REDIRECT] 
2025-07-17 12:45:18,688 [INFO] LogOutputStream:77 - [STDOUT_REDIRECT] 
2025-07-17 12:45:19,329 [INFO] ApplicationProperties:184 - Using Application install path: /Applications/STM32CubeIDE.app/Contents/Eclipse/plugins/com.st.stm32cube.common.mx_6.15.0.202507011659
2025-07-17 12:45:19,344 [INFO] DbMcusXml:78 - Set database path to: /Applications/STM32CubeIDE.app/Contents/Eclipse/plugins/com.st.stm32cube.common.mx_6.15.0.202507011659//db//mcu/
2025-07-17 12:45:19,345 [INFO] ApiDb:274 - Set plugin database path to: /Applications/STM32CubeIDE.app/Contents/Eclipse/plugins/com.st.stm32cube.common.mx_6.15.0.202507011659//db//plugins/boardmanager/
2025-07-17 12:45:19,345 [WARN] ApiDb:259 - Overriding images path with different value:  => /Applications/STM32CubeIDE.app/Contents/Eclipse/plugins/com.st.stm32cube.common.mx_6.15.0.202507011659//db//plugins/mcufinder/images/
2025-07-17 12:45:19,348 [INFO] ApiDb:250 - Set database path to: /Users/liufangzheng/.stmcufinder/plugins/mcufinder//mcu/
2025-07-17 12:45:19,348 [INFO] DbMcusAds:125 - Set database path to: /Users/liufangzheng/.stmcufinder/plugins/mcufinder//mcu/
2025-07-17 12:45:19,350 [INFO] CrossReferenceDbSqlite:203 - Set database path to: /Users/liufangzheng/.stmcufinder/plugins/mcufinder//mcu/cs/
2025-07-17 12:45:19,511 [INFO] RulesReader:64 - Compatibility file has been processed (317 Rules)
2025-07-17 12:45:19,568 [INFO] DbMcusXml:78 - Set database path to: /Applications/STM32CubeIDE.app/Contents/Eclipse/plugins/com.st.stm32cube.common.mx_6.15.0.202507011659//db//mcu/
2025-07-17 12:45:19,568 [INFO] ApiDb:274 - Set plugin database path to: /Applications/STM32CubeIDE.app/Contents/Eclipse/plugins/com.st.stm32cube.common.mx_6.15.0.202507011659//db//plugins/boardmanager/
2025-07-17 12:45:19,568 [INFO] ApiDb:261 - Set plugin images path to: /Applications/STM32CubeIDE.app/Contents/Eclipse/plugins/com.st.stm32cube.common.mx_6.15.0.202507011659//db//plugins/mcufinder/images/
2025-07-17 12:45:19,569 [WARN] DbFile:41 - Overriding database path with different value: /Users/liufangzheng/.stmcufinder/plugins/mcufinder/ => /Users/liufangzheng/.stmcufinder/plugins/mcufinder
2025-07-17 12:45:19,569 [INFO] ApiDb:250 - Set database path to: /Users/liufangzheng/.stmcufinder/plugins/mcufinder//mcu/
2025-07-17 12:45:19,569 [WARN] DbFile:41 - Overriding database path with different value: /Users/liufangzheng/.stmcufinder/plugins/mcufinder/ => /Users/liufangzheng/.stmcufinder/plugins/mcufinder
2025-07-17 12:45:19,569 [INFO] DbMcusAds:125 - Set database path to: /Users/liufangzheng/.stmcufinder/plugins/mcufinder//mcu/
2025-07-17 12:45:19,569 [WARN] DbFile:41 - Overriding database path with different value: /Users/liufangzheng/.stmcufinder/plugins/mcufinder/ => /Users/liufangzheng/.stmcufinder/plugins/mcufinder
2025-07-17 12:45:19,569 [WARN] DbFile:41 - Overriding database path with different value: /Users/liufangzheng/.stmcufinder/plugins/mcufinder/ => /Users/liufangzheng/.stmcufinder/plugins/mcufinder
2025-07-17 12:45:19,569 [INFO] CrossReferenceDbSqlite:203 - Set database path to: /Users/liufangzheng/.stmcufinder/plugins/mcufinder//mcu/cs/
2025-07-17 12:45:19,630 [INFO] MainPanel:274 - HeapMemory: 268435456
2025-07-17 12:45:20,021 [INFO] DbMcusXml:78 - Set database path to: /Applications/STM32CubeIDE.app/Contents/Eclipse/plugins/com.st.stm32cube.common.mx_6.15.0.202507011659//db//mcu/
2025-07-17 12:45:20,021 [INFO] ApiDb:274 - Set plugin database path to: /Applications/STM32CubeIDE.app/Contents/Eclipse/plugins/com.st.stm32cube.common.mx_6.15.0.202507011659//db//plugins/boardmanager/
2025-07-17 12:45:20,022 [INFO] ApiDb:261 - Set plugin images path to: /Applications/STM32CubeIDE.app/Contents/Eclipse/plugins/com.st.stm32cube.common.mx_6.15.0.202507011659//db//plugins/mcufinder/images/
2025-07-17 12:45:20,022 [WARN] DbFile:41 - Overriding database path with different value: /Users/liufangzheng/.stmcufinder/plugins/mcufinder/ => /Users/liufangzheng/.stmcufinder/plugins/mcufinder
2025-07-17 12:45:20,022 [INFO] ApiDb:250 - Set database path to: /Users/liufangzheng/.stmcufinder/plugins/mcufinder//mcu/
2025-07-17 12:45:20,022 [WARN] DbFile:41 - Overriding database path with different value: /Users/liufangzheng/.stmcufinder/plugins/mcufinder/ => /Users/liufangzheng/.stmcufinder/plugins/mcufinder
2025-07-17 12:45:20,022 [INFO] DbMcusAds:125 - Set database path to: /Users/liufangzheng/.stmcufinder/plugins/mcufinder//mcu/
2025-07-17 12:45:20,022 [WARN] DbFile:41 - Overriding database path with different value: /Users/liufangzheng/.stmcufinder/plugins/mcufinder/ => /Users/liufangzheng/.stmcufinder/plugins/mcufinder
2025-07-17 12:45:20,022 [WARN] DbFile:41 - Overriding database path with different value: /Users/liufangzheng/.stmcufinder/plugins/mcufinder/ => /Users/liufangzheng/.stmcufinder/plugins/mcufinder
2025-07-17 12:45:20,022 [INFO] CrossReferenceDbSqlite:203 - Set database path to: /Users/liufangzheng/.stmcufinder/plugins/mcufinder//mcu/cs/
2025-07-17 12:45:20,036 [INFO] ApplicationProperties:184 - Using Application install path: /Applications/STM32CubeIDE.app/Contents/Eclipse/plugins/com.st.stm32cube.common.mx_6.15.0.202507011659
2025-07-17 12:45:20,038 [INFO] PluginManage:196 - Search for loadable plugins [exclusion list=, ]
2025-07-17 12:45:20,039 [INFO] PluginManage:310 - Check plugin analytics
2025-07-17 12:45:20,207 [INFO] AnalyticsPlugin:253 - Accepted Software Licenses: STM32CubeMX.6.14.0,STM32CubeMX.6.7.0,STM32CubeMX.6.14.1,STM32CubeMX.6.15.0
2025-07-17 12:45:20,208 [INFO] AnalyticsPlugin:255 - Accepted CMSIS Pack Licenses: 
2025-07-17 12:45:20,208 [INFO] AnalyticsPlugin:257 - Accepted Firmware Licenses: FW.C0.1.4.0,FW.L4.1.18.0,FW.F7.1.17.0
2025-07-17 12:45:20,211 [INFO] PluginManage:359 - Loaded plugin analytics (category:tool,tabindex:-1)
2025-07-17 12:45:20,211 [INFO] PluginManage:310 - Check plugin cadmodel
2025-07-17 12:45:20,214 [INFO] CADModel:105 - Init CAD model plugin
2025-07-17 12:45:20,214 [INFO] PluginManage:359 - Loaded plugin cadmodel (category:power,tabindex:5)
2025-07-17 12:45:20,215 [INFO] PluginManage:310 - Check plugin clock
2025-07-17 12:45:20,221 [INFO] PluginManage:359 - Loaded plugin clock (category:base,tabindex:2)
2025-07-17 12:45:20,222 [INFO] PluginManage:310 - Check plugin ddr
2025-07-17 12:45:20,223 [INFO] PluginManage:359 - Loaded plugin ddr (category:tool,tabindex:6)
2025-07-17 12:45:20,223 [INFO] PluginManage:310 - Check plugin filemanager
2025-07-17 12:45:20,351 [INFO] PluginManage:359 - Loaded plugin filemanager (category:base,tabindex:10)
2025-07-17 12:45:20,351 [INFO] PluginManage:310 - Check plugin ipmanager
2025-07-17 12:45:20,355 [INFO] PluginManage:359 - Loaded plugin ipmanager (category:base,tabindex:5)
2025-07-17 12:45:20,356 [INFO] PluginManage:310 - Check plugin lpbam
2025-07-17 12:45:20,362 [INFO] PluginManage:359 - Loaded plugin lpbam (category:base,tabindex:0)
2025-07-17 12:45:20,362 [INFO] PluginManage:310 - Check plugin memorymap
2025-07-17 12:45:20,374 [INFO] PluginManage:359 - Loaded plugin memorymap (category:base,tabindex:4)
2025-07-17 12:45:20,374 [INFO] PluginManage:310 - Check plugin pinoutandconfiguration
2025-07-17 12:45:20,380 [INFO] PluginManage:359 - Loaded plugin pinoutandconfiguration (category:base,tabindex:1)
2025-07-17 12:45:20,380 [INFO] PluginManage:310 - Check plugin pinoutconfig
2025-07-17 12:45:20,446 [WARN] SupportedApi:132 - Cannot load RTOS API schema: s4s-elt-must-match.1: The content of 'definitions' must match (annotation?, (simpleType | complexType)?, (unique | key | keyref)*)). A problem was found starting at: attribute.
2025-07-17 12:45:20,550 [INFO] PluginManage:359 - Loaded plugin pinoutconfig (category:base,tabindex:0)
2025-07-17 12:45:20,550 [INFO] PluginManage:310 - Check plugin power
2025-07-17 12:45:20,555 [INFO] PluginManage:359 - Loaded plugin power (category:power,tabindex:4)
2025-07-17 12:45:20,555 [INFO] PluginManage:310 - Check plugin projectmanager
2025-07-17 12:45:20,568 [INFO] PluginManage:359 - Loaded plugin projectmanager (category:projectmanager,tabindex:4)
2025-07-17 12:45:20,568 [INFO] PluginManage:310 - Check plugin rif
2025-07-17 12:45:20,576 [INFO] PluginManage:359 - Loaded plugin rif (category:base,tabindex:3)
2025-07-17 12:45:20,576 [INFO] PluginManage:310 - Check plugin thirdparty
2025-07-17 12:45:20,683 [INFO] PluginManage:359 - Loaded plugin thirdparty (category:base,tabindex:-1)
2025-07-17 12:45:20,683 [WARN] IntegrityCheckThread:84 - waiting for thirdparty lock release [integrity check]
2025-07-17 12:45:20,683 [INFO] PluginManage:310 - Check plugin tools
2025-07-17 12:45:20,683 [INFO] IntegrityCheckThread:86 - entering critical section [integrity check]
2025-07-17 12:45:20,683 [INFO] ThirdPartyUpdaterWithRetryManager:70 - Updater plugin not ready yet. [1/15]
2025-07-17 12:45:20,685 [INFO] PluginManage:359 - Loaded plugin tools (category:base,tabindex:7)
2025-07-17 12:45:20,685 [INFO] PluginManage:310 - Check plugin tutovideos
2025-07-17 12:45:20,860 [INFO] PluginManage:359 - Loaded plugin tutovideos (category:base,tabindex:-1)
2025-07-17 12:45:20,860 [INFO] PluginManage:310 - Check plugin updater
2025-07-17 12:45:20,876 [INFO] PluginManage:359 - Loaded plugin updater (category:base,tabindex:12)
2025-07-17 12:45:20,876 [INFO] PluginManage:310 - Check plugin userauth
2025-07-17 12:45:20,878 [INFO] UserAuth:118 - Init User Auth plugin
2025-07-17 12:45:20,879 [INFO] PluginManage:359 - Loaded plugin userauth (category:base,tabindex:14)
2025-07-17 12:45:20,879 [INFO] PluginManage:283 - PluginManage : Loaded plugins [18]
2025-07-17 12:45:21,011 [INFO] PinOutPanel:1589 - setPackage(No Configuration,No Configuration)
2025-07-17 12:45:21,069 [INFO] CADModel:165 - CPN selected for project level
2025-07-17 12:45:21,069 [INFO] CADModel:114 - Register for checkConnection events
2025-07-17 12:45:21,078 [INFO] IPUIPlugin:80 - create IPUIPlugin
2025-07-17 12:45:21,078 [INFO] PluginManager:220 - loadIPPluginJar : add mdma
2025-07-17 12:45:21,084 [INFO] IPUIPlugin:80 - create IPUIPlugin
2025-07-17 12:45:21,084 [INFO] PluginManager:220 - loadIPPluginJar : add freertos
2025-07-17 12:45:21,087 [INFO] IPUIPlugin:80 - create IPUIPlugin
2025-07-17 12:45:21,088 [INFO] PluginManager:220 - loadIPPluginJar : add gic
2025-07-17 12:45:21,094 [INFO] IPUIPlugin:80 - create IPUIPlugin
2025-07-17 12:45:21,094 [INFO] PluginManager:220 - loadIPPluginJar : add adc
2025-07-17 12:45:21,096 [INFO] IPUIPlugin:80 - create IPUIPlugin
2025-07-17 12:45:21,096 [INFO] PluginManager:220 - loadIPPluginJar : add gtzc
2025-07-17 12:45:21,097 [INFO] IPUIPlugin:80 - create IPUIPlugin
2025-07-17 12:45:21,097 [INFO] PluginManager:220 - loadIPPluginJar : add quadspi
2025-07-17 12:45:21,099 [INFO] IPUIPlugin:80 - create IPUIPlugin
2025-07-17 12:45:21,099 [INFO] PluginManager:220 - loadIPPluginJar : add aes
2025-07-17 12:45:21,100 [INFO] IPUIPlugin:80 - create IPUIPlugin
2025-07-17 12:45:21,101 [INFO] PluginManager:220 - loadIPPluginJar : add pdm2pcm
2025-07-17 12:45:21,102 [INFO] IPUIPlugin:80 - create IPUIPlugin
2025-07-17 12:45:21,102 [INFO] PluginManager:220 - loadIPPluginJar : add hash
2025-07-17 12:45:21,103 [INFO] IPUIPlugin:80 - create IPUIPlugin
2025-07-17 12:45:21,103 [INFO] PluginManager:220 - loadIPPluginJar : add tim
2025-07-17 12:45:21,104 [INFO] IPUIPlugin:80 - create IPUIPlugin
2025-07-17 12:45:21,104 [INFO] PluginManager:220 - loadIPPluginJar : add tsc
2025-07-17 12:45:21,105 [INFO] IPUIPlugin:80 - create IPUIPlugin
2025-07-17 12:45:21,105 [INFO] PluginManager:220 - loadIPPluginJar : add extmemmanager
2025-07-17 12:45:21,106 [INFO] IPUIPlugin:80 - create IPUIPlugin
2025-07-17 12:45:21,106 [INFO] PluginManager:220 - loadIPPluginJar : add ts
2025-07-17 12:45:21,107 [INFO] IPUIPlugin:80 - create IPUIPlugin
2025-07-17 12:45:21,108 [INFO] PluginManager:220 - loadIPPluginJar : add radio
2025-07-17 12:45:21,109 [INFO] IPUIPlugin:80 - create IPUIPlugin
2025-07-17 12:45:21,109 [INFO] PluginManager:220 - loadIPPluginJar : add can
2025-07-17 12:45:21,110 [INFO] IPUIPlugin:80 - create IPUIPlugin
2025-07-17 12:45:21,110 [INFO] PluginManager:220 - loadIPPluginJar : add dma3
2025-07-17 12:45:21,112 [INFO] IPUIPlugin:80 - create IPUIPlugin
2025-07-17 12:45:21,112 [INFO] PluginManager:220 - loadIPPluginJar : add dfsdm
2025-07-17 12:45:21,113 [INFO] IPUIPlugin:80 - create IPUIPlugin
2025-07-17 12:45:21,113 [INFO] PluginManager:220 - loadIPPluginJar : add spi
2025-07-17 12:45:21,114 [INFO] IPUIPlugin:80 - create IPUIPlugin
2025-07-17 12:45:21,114 [INFO] PluginManager:220 - loadIPPluginJar : add gfxmmu
2025-07-17 12:45:21,115 [INFO] IPUIPlugin:80 - create IPUIPlugin
2025-07-17 12:45:21,115 [INFO] PluginManager:220 - loadIPPluginJar : add genericplugin
2025-07-17 12:45:21,116 [INFO] IPUIPlugin:80 - create IPUIPlugin
2025-07-17 12:45:21,116 [INFO] PluginManager:220 - loadIPPluginJar : add cryp
2025-07-17 12:45:21,118 [INFO] IPUIPlugin:80 - create IPUIPlugin
2025-07-17 12:45:21,119 [INFO] PluginManager:220 - loadIPPluginJar : add gpio
2025-07-17 12:45:21,120 [INFO] IPUIPlugin:80 - create IPUIPlugin
2025-07-17 12:45:21,120 [INFO] PluginManager:220 - loadIPPluginJar : add ddr_ctrl_phy
2025-07-17 12:45:21,121 [INFO] IPUIPlugin:80 - create IPUIPlugin
2025-07-17 12:45:21,121 [INFO] PluginManager:220 - loadIPPluginJar : add comp
2025-07-17 12:45:21,123 [INFO] IPUIPlugin:80 - create IPUIPlugin
2025-07-17 12:45:21,123 [INFO] PluginManager:220 - loadIPPluginJar : add tracer_emb
2025-07-17 12:45:21,124 [INFO] IPUIPlugin:80 - create IPUIPlugin
2025-07-17 12:45:21,124 [INFO] PluginManager:220 - loadIPPluginJar : add openamp
2025-07-17 12:45:21,128 [INFO] IPUIPlugin:80 - create IPUIPlugin
2025-07-17 12:45:21,128 [INFO] PluginManager:220 - loadIPPluginJar : add stm32_wpan
2025-07-17 12:45:21,133 [INFO] IPUIPlugin:80 - create IPUIPlugin
2025-07-17 12:45:21,135 [INFO] PluginManager:220 - loadIPPluginJar : add plateformsettings
2025-07-17 12:45:21,137 [INFO] IPUIPlugin:80 - create IPUIPlugin
2025-07-17 12:45:21,137 [INFO] PluginManager:220 - loadIPPluginJar : add ipddr
2025-07-17 12:45:21,139 [INFO] IPUIPlugin:80 - create IPUIPlugin
2025-07-17 12:45:21,139 [INFO] PluginManager:220 - loadIPPluginJar : add usart
2025-07-17 12:45:21,140 [INFO] IPUIPlugin:80 - create IPUIPlugin
2025-07-17 12:45:21,140 [INFO] PluginManager:220 - loadIPPluginJar : add ltdc
2025-07-17 12:45:21,142 [INFO] IPUIPlugin:80 - create IPUIPlugin
2025-07-17 12:45:21,142 [INFO] PluginManager:220 - loadIPPluginJar : add nvic
2025-07-17 12:45:21,143 [INFO] IPUIPlugin:80 - create IPUIPlugin
2025-07-17 12:45:21,143 [INFO] PluginManager:220 - loadIPPluginJar : add fatfs
2025-07-17 12:45:21,147 [INFO] IPUIPlugin:80 - create IPUIPlugin
2025-07-17 12:45:21,147 [INFO] PluginManager:220 - loadIPPluginJar : add linkedlist
2025-07-17 12:45:21,151 [INFO] IPUIPlugin:80 - create IPUIPlugin
2025-07-17 12:45:21,151 [INFO] PluginManager:220 - loadIPPluginJar : add dma
2025-07-17 12:45:21,154 [INFO] IPUIPlugin:80 - create IPUIPlugin
2025-07-17 12:45:21,154 [INFO] PluginManager:220 - loadIPPluginJar : add fmc
2025-07-17 12:45:21,155 [INFO] IPUIPlugin:80 - create IPUIPlugin
2025-07-17 12:45:21,155 [INFO] PluginManager:220 - loadIPPluginJar : add i2s
2025-07-17 12:45:21,156 [INFO] IPUIPlugin:80 - create IPUIPlugin
2025-07-17 12:45:21,156 [INFO] PluginManager:220 - loadIPPluginJar : add ucpd
2025-07-17 12:45:21,157 [INFO] IPUIPlugin:80 - create IPUIPlugin
2025-07-17 12:45:21,157 [INFO] PluginManager:220 - loadIPPluginJar : add lorawan
2025-07-17 12:45:21,159 [INFO] IPUIPlugin:80 - create IPUIPlugin
2025-07-17 12:45:21,159 [INFO] PluginManager:220 - loadIPPluginJar : add opamp
2025-07-17 12:45:21,161 [INFO] IPUIPlugin:80 - create IPUIPlugin
2025-07-17 12:45:21,161 [INFO] PluginManager:220 - loadIPPluginJar : add i3c
2025-07-17 12:45:21,162 [INFO] IPUIPlugin:80 - create IPUIPlugin
2025-07-17 12:45:21,163 [INFO] PluginManager:220 - loadIPPluginJar : add touchsensing
2025-07-17 12:45:21,164 [INFO] IPUIPlugin:80 - create IPUIPlugin
2025-07-17 12:45:21,164 [INFO] PluginManager:220 - loadIPPluginJar : add i2c
2025-07-17 12:45:21,166 [INFO] IPUIPlugin:80 - create IPUIPlugin
2025-07-17 12:45:21,166 [INFO] PluginManager:220 - loadIPPluginJar : add resmgrutility
2025-07-17 12:45:21,168 [INFO] IPUIPlugin:80 - create IPUIPlugin
2025-07-17 12:45:21,168 [INFO] PluginManager:220 - loadIPPluginJar : add sai
2025-07-17 12:45:21,170 [INFO] IPUIPlugin:80 - create IPUIPlugin
2025-07-17 12:45:21,170 [INFO] PluginManager:220 - loadIPPluginJar : add usbx
2025-07-17 12:45:21,270 [FATAL] Updater:351 - Updater called before beeing initialized
2025-07-17 12:45:21,293 [INFO] RulesReader:64 - Compatibility file has been processed (317 Rules)
2025-07-17 12:45:21,303 [INFO] RulesReader:64 - Compatibility file has been processed (317 Rules)
2025-07-17 12:45:21,309 [INFO] CADModel:165 - CPN selected for project level
2025-07-17 12:45:21,309 [INFO] CADModel:114 - Register for checkConnection events
2025-07-17 12:45:21,309 [FATAL] Updater:351 - Updater called before beeing initialized
2025-07-17 12:45:21,309 [ERROR] CADModel:125 - Updater not yet initialized, retry later 
2025-07-17 12:45:21,454 [FATAL] Updater:351 - Updater called before beeing initialized
2025-07-17 12:45:21,455 [INFO] CADModel:165 - CPN selected for project level
2025-07-17 12:45:21,455 [INFO] CADModel:114 - Register for checkConnection events
2025-07-17 12:45:21,455 [FATAL] Updater:351 - Updater called before beeing initialized
2025-07-17 12:45:21,455 [ERROR] CADModel:125 - Updater not yet initialized, retry later 
2025-07-17 12:45:21,457 [FATAL] Updater:351 - Updater called before beeing initialized
2025-07-17 12:45:21,520 [FATAL] Updater:351 - Updater called before beeing initialized
2025-07-17 12:45:21,523 [INFO] DbMcusAds:53 - JSON generation date=Tue Jul 08 04:14:23 EDT 2025 (1751962463524)
2025-07-17 12:45:21,523 [FATAL] Updater:351 - Updater called before beeing initialized
2025-07-17 12:45:21,568 [WARN] DetailPanel:346 - Failed to get advertising image, set to default
2025-07-17 12:45:21,650 [FATAL] Updater:351 - Updater called before beeing initialized
2025-07-17 12:45:21,651 [FATAL] Updater:351 - Updater called before beeing initialized
2025-07-17 12:45:21,652 [FATAL] Updater:351 - Updater called before beeing initialized
2025-07-17 12:45:21,652 [WARN] DetailPanel:346 - Failed to get advertising image, set to default
2025-07-17 12:45:21,653 [FATAL] Updater:351 - Updater called before beeing initialized
2025-07-17 12:45:21,678 [ERROR] Updater:1198 - MainUpdater not yet initialized. External WinMGr cannot be set.
2025-07-17 12:45:21,679 [INFO] Updater:1134 - Updater Version found : 6.15.0
2025-07-17 12:45:21,693 [INFO] ApplicationProperties:184 - Using Application install path: /Applications/STM32CubeIDE.app/Contents/Eclipse/plugins/com.st.stm32cube.common.mx_6.15.0.202507011659
2025-07-17 12:45:22,075 [INFO] MainUpdater:2872 - connection check result : 10
2025-07-17 12:45:22,075 [INFO] MainUpdater:289 - Updater Check For Update Now.
2025-07-17 12:45:22,076 [INFO] MicroXplorer:498 - Change Database Version : DB.6.0.150
2025-07-17 12:45:22,080 [INFO] McuFinderGlobals:63 - Set McuFinder mode to 2 (CubeIDE integrated)
2025-07-17 12:45:22,080 [INFO] UserAuth:487 - Internet connection configuration mode: 1
2025-07-17 12:45:22,095 [INFO] JxBrowserEngine:152 - Initiate JxBrowser Engine with user profile folder
2025-07-17 12:45:22,243 [INFO] CheckServerUpdateThread:120 - End of CheckServer Thread
2025-07-17 12:45:22,979 [INFO] WebApp:169 - Instantiating new browser for Auth
2025-07-17 12:45:23,714 [INFO] WebApp:463 - Apply proxy settings
2025-07-17 12:45:23,730 [INFO] WebApp:508 - Chromium authenticates against Manually configured proxy
2025-07-17 12:45:23,767 [INFO] WebApp:516 - Username used for proxy authentication: 
2025-07-17 12:45:23,818 [INFO] WebApp:900 - Register for checkConnection events
2025-07-17 12:45:23,833 [INFO] WebApp:463 - Apply proxy settings
2025-07-17 12:45:23,837 [INFO] WebApp:508 - Chromium authenticates against Manually configured proxy
2025-07-17 12:45:23,853 [INFO] WebApp:516 - Username used for proxy authentication: 
2025-07-17 12:45:24,004 [INFO] WebApp:225 - Starting web application
2025-07-17 12:45:24,019 [INFO] WebApp:593 - Web application path used /Applications/STM32CubeIDE.app/Contents/Eclipse/plugins/com.st.stm32cube.common.mx_6.15.0.202507011659/db/plugins/mcufinder/reactClient1/index.html
2025-07-17 12:45:24,085 [INFO] UserAuth:487 - Internet connection configuration mode: 1
2025-07-17 12:45:24,593 [INFO] WebApp:191 - Connection restablished
2025-07-17 12:45:27,899 [WARN] PackLoader:240 - Cannot read IP mode file for STMicroelectronics.FP-SNS-MOTENVWB1.1.4.0
2025-07-17 12:45:27,904 [WARN] PackLoader:240 - Cannot read IP mode file for STMicroelectronics.FP-ATR-ASTRA1.2.0.2
2025-07-17 12:45:27,906 [WARN] PackLoader:240 - Cannot read IP mode file for STMicroelectronics.FP-ATR-ASTRA1.2.0.1
2025-07-17 12:45:27,910 [WARN] PackLoader:240 - Cannot read IP mode file for STMicroelectronics.X-CUBE-SMBUS.2.1.0
2025-07-17 12:45:27,915 [WARN] PackLoader:240 - Cannot read IP mode file for STMicroelectronics.X-CUBE-WB05N.1.1.0
2025-07-17 12:45:27,918 [WARN] PackLoader:240 - Cannot read IP mode file for STMicroelectronics.X-CUBE-ST60.1.0.0
2025-07-17 12:45:27,921 [WARN] PackLoader:240 - Cannot read IP mode file for STMicroelectronics.X-CUBE-TOUCHGFX.4.23.2
2025-07-17 12:45:27,942 [WARN] PackLoader:240 - Cannot read IP mode file for STMicroelectronics.X-CUBE-AZRTOS-F7.1.1.0
2025-07-17 12:45:27,949 [WARN] PackLoader:240 - Cannot read IP mode file for STMicroelectronics.X-CUBE-AI.7.1.0
2025-07-17 12:45:27,951 [ERROR] RealEvaluatedCondition:428 - Found unsupported composite condition: CLASS='Data Exchange' GROUP='STM32_MetaDataManager'
2025-07-17 12:45:27,951 [ERROR] RealEvaluatedCondition:428 - Found unsupported composite condition: CLASS='Data Exchange' GROUP='STM32_MetaDataManager'
2025-07-17 12:45:27,952 [WARN] PackLoader:240 - Cannot read IP mode file for STMicroelectronics.FP-SNS-MOTENV1.4.3.0
2025-07-17 12:45:27,958 [WARN] PackLoader:240 - Cannot read IP mode file for STMicroelectronics.FP-SNS-MOTENV1.4.3.2
2025-07-17 12:45:27,963 [WARN] PackLoader:240 - Cannot read IP mode file for STMicroelectronics.FP-SNS-FLIGHT1.5.0.0
2025-07-17 12:45:28,004 [WARN] PackLoader:240 - Cannot read IP mode file for STMicroelectronics.X-CUBE-MEMS1.11.0.0
2025-07-17 12:45:28,172 [WARN] PackLoader:240 - Cannot read IP mode file for STMicroelectronics.X-CUBE-BLE1.6.2.4
2025-07-17 12:45:28,175 [WARN] PackLoader:240 - Cannot read IP mode file for STMicroelectronics.X-CUBE-BLE1.6.2.2
2025-07-17 12:45:28,177 [WARN] PackLoader:240 - Cannot read IP mode file for STMicroelectronics.FP-SNS-FLIGHT1.5.0.2
2025-07-17 12:45:28,179 [WARN] PackLoader:240 - Cannot read IP mode file for STMicroelectronics.X-CUBE-BLE2.3.2.2
2025-07-17 12:45:28,194 [WARN] PackLoader:240 - Cannot read IP mode file for Infineon.AIROC-Wi-Fi-Bluetooth-STM32.1.7.0
2025-07-17 12:45:28,199 [WARN] PackLoader:240 - Cannot read IP mode file for wolfSSL.I-CUBE-wolfSSL.5.1.1
2025-07-17 12:45:28,217 [WARN] PackLoader:240 - Cannot read IP mode file for STMicroelectronics.X-CUBE-AZRTOS-H7.3.4.0
2025-07-17 12:45:28,230 [WARN] PackLoader:240 - Cannot read IP mode file for STMicroelectronics.X-CUBE-DISPLAY.3.0.0
2025-07-17 12:45:28,234 [WARN] PackLoader:240 - Cannot read IP mode file for STMicroelectronics.X-CUBE-BLE1.7.0.0
2025-07-17 12:45:28,238 [WARN] PackLoader:240 - Cannot read IP mode file for STMicroelectronics.X-CUBE-NFC10.1.0.0
2025-07-17 12:45:28,245 [WARN] PackLoader:240 - Cannot read IP mode file for STMicroelectronics.X-CUBE-BLEMGR.4.0.0
2025-07-17 12:45:28,249 [WARN] PackLoader:240 - Cannot read IP mode file for emotas.I-CUBE-CANOPEN.1.3.0
2025-07-17 12:45:28,251 [WARN] PackLoader:240 - Cannot read IP mode file for STMicroelectronics.X-CUBE-TOUCHGFX.4.22.0
2025-07-17 12:45:28,256 [WARN] PackLoader:240 - Cannot read IP mode file for STMicroelectronics.X-CUBE-SUBG2.4.2.0
2025-07-17 12:45:28,261 [WARN] ConditionMgr:438 - getConditionDescription Invalid condition id : Cortex-A Device cause : null
2025-07-17 12:45:28,269 [WARN] ConditionMgr:1044 - genDependencies : Invalid condition id : Cortex-A Device cause : null
2025-07-17 12:45:28,269 [WARN] ConditionMgr:1044 - genDependencies : Invalid condition id : Cortex-A Device cause : null
2025-07-17 12:45:28,269 [WARN] ConditionMgr:1044 - genDependencies : Invalid condition id : Cortex-A Device cause : null
2025-07-17 12:45:28,274 [WARN] PackLoader:240 - Cannot read IP mode file for STMicroelectronics.X-CUBE-BLEMGR.3.1.0
2025-07-17 12:45:28,278 [WARN] PackLoader:240 - Cannot read IP mode file for STMicroelectronics.X-CUBE-AI.10.0.0
2025-07-17 12:45:28,280 [WARN] PackLoader:240 - Cannot read IP mode file for STMicroelectronics.FP-SNS-SMARTAG2.1.2.0
2025-07-17 12:45:28,282 [WARN] PackLoader:240 - Cannot read IP mode file for STMicroelectronics.FP-SNS-FLIGHT1.5.1.0
2025-07-17 12:45:28,313 [WARN] PackLoader:240 - Cannot read IP mode file for STMicroelectronics.X-CUBE-MEMS1.11.1.0
2025-07-17 12:45:28,418 [INFO] LogOutputStream:77 - [STDOUT_REDIRECT] 1 : Invalid condition id : UX_CORESTACK_Condition cause : null
2025-07-17 12:45:28,419 [INFO] LogOutputStream:77 - [STDOUT_REDIRECT] 1 : Invalid condition id : UX_CORESTACK_Condition cause : null
2025-07-17 12:45:28,419 [INFO] LogOutputStream:77 - [STDOUT_REDIRECT] 1 : Invalid condition id : UX_CORESTACK_Condition cause : null
2025-07-17 12:45:28,419 [INFO] LogOutputStream:77 - [STDOUT_REDIRECT] 1 : Invalid condition id : UX_CORESTACK_Condition cause : null
2025-07-17 12:45:28,419 [INFO] LogOutputStream:77 - [STDOUT_REDIRECT] 1 : Invalid condition id : UX_CORESTACK_Condition cause : null
2025-07-17 12:45:28,422 [WARN] PackLoader:240 - Cannot read IP mode file for STMicroelectronics.X-CUBE-AZRTOS-WL.2.0.0
2025-07-17 12:45:28,425 [WARN] PackLoader:240 - Cannot read IP mode file for STMicroelectronics.FP-SNS-MOTENV1.5.0.0
2025-07-17 12:45:28,430 [WARN] PackLoader:240 - Cannot read IP mode file for WES.I-CUBE-Cesium.1.3.0
2025-07-17 12:45:28,433 [WARN] PackLoader:240 - Cannot read IP mode file for STMicroelectronics.X-CUBE-BLE2.3.3.0
2025-07-17 12:45:28,435 [WARN] PackLoader:240 - Cannot read IP mode file for STMicroelectronics.X-CUBE-DISPLAY.2.2.0
2025-07-17 12:45:28,443 [WARN] PackLoader:240 - Cannot read IP mode file for STMicroelectronics.X-CUBE-TOF1.3.2.0
2025-07-17 12:45:28,447 [WARN] PackLoader:240 - Cannot read IP mode file for STMicroelectronics.X-CUBE-TOUCHGFX.4.18.1
2025-07-17 12:45:28,450 [WARN] PackLoader:240 - Cannot read IP mode file for STMicroelectronics.X-CUBE-NFC9.1.0.0
2025-07-17 12:45:28,453 [WARN] PackLoader:240 - Cannot read IP mode file for STMicroelectronics.X-CUBE-BLE1.7.1.0
2025-07-17 12:45:28,455 [WARN] PackLoader:240 - Cannot read IP mode file for wolfSSL.I-CUBE-wolfMQTT.1.19.2
2025-07-17 12:45:28,457 [WARN] PackLoader:240 - Cannot read IP mode file for STMicroelectronics.X-CUBE-TCPP.4.1.0
2025-07-17 12:45:28,462 [WARN] PackLoader:240 - Cannot read IP mode file for STMicroelectronics.X-CUBE-EEPRMA1.5.2.0
2025-07-17 12:45:28,464 [WARN] PackLoader:240 - Cannot read IP mode file for STMicroelectronics.X-CUBE-TOUCHGFX.4.21.1
2025-07-17 12:45:28,465 [WARN] PackLoader:240 - Cannot read IP mode file for STMicroelectronics.X-CUBE-TOUCHGFX.4.21.0
2025-07-17 12:45:28,466 [WARN] PackLoader:240 - Cannot read IP mode file for STMicroelectronics.X-CUBE-TOUCHGFX.4.21.3
2025-07-17 12:45:28,467 [WARN] PackLoader:240 - Cannot read IP mode file for STMicroelectronics.X-CUBE-TOUCHGFX.4.21.4
2025-07-17 12:45:28,495 [WARN] PackLoader:240 - Cannot read IP mode file for STMicroelectronics.X-CUBE-MEMS1.9.4.0
2025-07-17 12:45:28,622 [WARN] PackLoader:240 - Cannot read IP mode file for STMicroelectronics.X-CUBE-AI.7.3.0
2025-07-17 12:45:28,626 [WARN] PackLoader:240 - Cannot read IP mode file for STMicroelectronics.X-CUBE-AI.10.1.0
2025-07-17 12:45:28,632 [WARN] PackLoader:240 - Cannot read IP mode file for STMicroelectronics.X-CUBE-ALGOBUILD.1.3.0
2025-07-17 12:45:28,648 [WARN] PackLoader:240 - Cannot read IP mode file for STMicroelectronics.X-CUBE-AZRTOS-G0.1.1.0
2025-07-17 12:45:28,654 [WARN] PackLoader:240 - Cannot read IP mode file for STMicroelectronics.X-CUBE-SAFEA1.1.2.2
2025-07-17 12:45:28,659 [WARN] PackLoader:240 - Cannot read IP mode file for STMicroelectronics.X-CUBE-NFC4.3.0.0
2025-07-17 12:45:28,694 [WARN] PackLoader:240 - Cannot read IP mode file for SEGGER.I-CUBE-embOS.1.2.0
2025-07-17 12:45:28,725 [WARN] PackLoader:240 - Cannot read IP mode file for EmbeddedOffice.I-CUBE-FS-RTOS.1.0.1
2025-07-17 12:45:28,728 [WARN] PackLoader:240 - Cannot read IP mode file for STMicroelectronics.X-CUBE-WB05N.2.0.0
2025-07-17 12:45:28,748 [WARN] PackLoader:240 - Cannot read IP mode file for wolfSSL.I-CUBE-wolfTPM.3.8.0
2025-07-17 12:45:28,753 [WARN] PackLoader:240 - Cannot read IP mode file for STMicroelectronics.X-CUBE-BLEMGR.1.3.0
2025-07-17 12:45:28,756 [WARN] PackLoader:240 - Cannot read IP mode file for STMicroelectronics.X-CUBE-TCPP.4.2.0
2025-07-17 12:45:28,760 [WARN] PackLoader:240 - Cannot read IP mode file for RealThread.X-CUBE-RT-Thread_Nano.4.1.1
2025-07-17 12:45:28,772 [WARN] PackLoader:240 - Cannot read IP mode file for STMicroelectronics.X-CUBE-AZRTOS-H7.2.0.0
2025-07-17 12:45:28,777 [WARN] PackLoader:240 - Cannot read IP mode file for STMicroelectronics.FP-ATR-SIGFOX1.3.2.0
2025-07-17 12:45:28,781 [WARN] PackLoader:240 - Cannot read IP mode file for STMicroelectronics.X-CUBE-EEPRMA1.5.1.0
2025-07-17 12:45:28,784 [WARN] PackLoader:240 - Cannot read IP mode file for STMicroelectronics.X-CUBE-TOUCHGFX.4.20.0
2025-07-17 12:45:28,786 [WARN] PackLoader:240 - Cannot read IP mode file for wolfSSL.I-CUBE-wolfSSL.5.7.6
2025-07-17 12:45:28,790 [WARN] PackLoader:240 - Cannot read IP mode file for ITTIA_DB.I-CUBE-ITTIADB.8.9.0
2025-07-17 12:45:28,819 [WARN] PackLoader:240 - Cannot read IP mode file for STMicroelectronics.X-CUBE-MEMS1.9.5.0
2025-07-17 12:45:28,904 [WARN] PackLoader:240 - Cannot read IP mode file for STMicroelectronics.X-CUBE-ST67W61.1.0.0
2025-07-17 12:45:28,923 [WARN] PackLoader:240 - Cannot read IP mode file for SEGGER.I-CUBE-embOS.1.3.1
2025-07-17 12:45:28,944 [WARN] PackLoader:240 - Cannot read IP mode file for STMicroelectronics.X-CUBE-ALGOBUILD.1.4.0
2025-07-17 12:45:28,973 [WARN] PackLoader:240 - Cannot read IP mode file for STMicroelectronics.X-CUBE-MEMS1.11.3.0
2025-07-17 12:45:29,045 [WARN] PackLoader:240 - Cannot read IP mode file for STMicroelectronics.X-CUBE-DISPLAY.2.0.1
2025-07-17 12:45:29,047 [WARN] PackLoader:240 - Cannot read IP mode file for STMicroelectronics.X-CUBE-AI.9.1.0
2025-07-17 12:45:29,050 [WARN] PackLoader:240 - Cannot read IP mode file for STMicroelectronics.X-CUBE-TOF1.3.0.0
2025-07-17 12:45:29,053 [WARN] PackLoader:240 - Cannot read IP mode file for STMicroelectronics.X-CUBE-PM33A1.1.0.0
2025-07-17 12:45:29,056 [WARN] PackLoader:240 - Cannot read IP mode file for STMicroelectronics.X-CUBE-GNSS1.6.0.0
2025-07-17 12:45:29,066 [WARN] PackLoader:240 - Cannot read IP mode file for STMicroelectronics.X-CUBE-AZRTOS-F4.1.1.0
2025-07-17 12:45:29,069 [WARN] PackLoader:240 - Cannot read IP mode file for Avnet-IotConnect.X-CUBE-IoTC-DA16k-PMOD.1.0.0
2025-07-17 12:45:29,070 [WARN] PackLoader:240 - Cannot read IP mode file for STMicroelectronics.X-CUBE-ISPU.2.1.0
2025-07-17 12:45:29,072 [WARN] PackLoader:240 - Cannot read IP mode file for STMicroelectronics.X-CUBE-FREERTOS.1.2.0
2025-07-17 12:45:29,075 [WARN] PackLoader:240 - Cannot read IP mode file for STMicroelectronics.X-CUBE-NFC12.1.0.0
2025-07-17 12:45:29,086 [WARN] PackLoader:240 - Cannot read IP mode file for STMicroelectronics.X-CUBE-AZRTOS-L5.2.0.0
2025-07-17 12:45:29,115 [WARN] PackLoader:240 - Cannot read IP mode file for STMicroelectronics.X-CUBE-MEMS1.9.6.0
2025-07-17 12:45:29,198 [WARN] PackLoader:240 - Cannot read IP mode file for STMicroelectronics.X-CUBE-NFC6.3.1.0
2025-07-17 12:45:29,202 [WARN] PackLoader:240 - Cannot read IP mode file for emotas.I-CUBE-CANOPEN.1.1.3
2025-07-17 12:45:29,206 [WARN] PackLoader:240 - Cannot read IP mode file for STMicroelectronics.X-CUBE-BLEMGR.2.0.0
2025-07-17 12:45:29,209 [WARN] PackLoader:240 - Cannot read IP mode file for STMicroelectronics.X-CUBE-DPower.1.2.0
2025-07-17 12:45:29,211 [WARN] PackLoader:240 - Cannot read IP mode file for STMicroelectronics.X-CUBE-NFC4.2.0.5
2025-07-17 12:45:29,213 [WARN] PackLoader:240 - Cannot read IP mode file for STMicroelectronics.X-CUBE-NFC4.2.0.3
2025-07-17 12:45:29,223 [WARN] ConditionMgr:438 - getConditionDescription Invalid condition id : UX DEVICE CLASS RTOS Condition cause : null
2025-07-17 12:45:29,223 [WARN] ConditionMgr:438 - getConditionDescription Invalid condition id : UX DEVICE CLASS RTOS Condition cause : null
2025-07-17 12:45:29,225 [WARN] PackLoader:240 - Cannot read IP mode file for STMicroelectronics.X-CUBE-AZRTOS-H7.3.1.0
2025-07-17 12:45:29,225 [WARN] ConditionMgr:1044 - genDependencies : Invalid condition id : UX DEVICE CLASS RTOS Condition cause : null
2025-07-17 12:45:29,225 [WARN] ConditionMgr:1044 - genDependencies : Invalid condition id : UX DEVICE CLASS RTOS Condition cause : null
2025-07-17 12:45:29,226 [WARN] ConditionMgr:1044 - genDependencies : Invalid condition id : UX DEVICE CLASS RTOS Condition cause : null
2025-07-17 12:45:29,226 [WARN] ConditionMgr:1044 - genDependencies : Invalid condition id : UX DEVICE CLASS RTOS Condition cause : null
2025-07-17 12:45:29,226 [WARN] ConditionMgr:1044 - genDependencies : Invalid condition id : UX DEVICE CLASS RTOS Condition cause : null
2025-07-17 12:45:29,230 [WARN] PackLoader:240 - Cannot read IP mode file for STMicroelectronics.X-CUBE-SFXS2LP1.3.1.0
2025-07-17 12:45:29,239 [WARN] PackLoader:240 - Cannot read IP mode file for STMicroelectronics.X-CUBE-AZRTOS-F4.1.0.0
2025-07-17 12:45:29,243 [WARN] PackLoader:240 - Cannot read IP mode file for STMicroelectronics.X-CUBE-FREERTOS.1.3.1
2025-07-17 12:45:29,246 [WARN] PackLoader:240 - Cannot read IP mode file for STMicroelectronics.X-CUBE-FREERTOS.1.3.0
2025-07-17 12:45:29,248 [WARN] PackLoader:240 - Cannot read IP mode file for STMicroelectronics.X-CUBE-NFC7.1.0.1
2025-07-17 12:45:29,251 [WARN] PackLoader:240 - Cannot read IP mode file for STMicroelectronics.X-CUBE-NFC7.1.0.0
2025-07-17 12:45:29,255 [WARN] PackLoader:240 - Cannot read IP mode file for STMicroelectronics.X-CUBE-NFC6.3.0.0
2025-07-17 12:45:29,258 [WARN] PackLoader:240 - Cannot read IP mode file for STMicroelectronics.X-CUBE-EEPRMA1.4.1.0
2025-07-17 12:45:29,260 [WARN] PackLoader:240 - Cannot read IP mode file for STMicroelectronics.FP-SNS-STAIOTCFT.1.0.0
2025-07-17 12:45:29,262 [WARN] PackLoader:240 - Cannot read IP mode file for STMicroelectronics.X-CUBE-DPower.1.3.0
2025-07-17 12:45:29,264 [WARN] PackLoader:240 - Cannot read IP mode file for STMicroelectronics.X-CUBE-AI.8.1.0
2025-07-17 12:45:29,273 [WARN] PackLoader:240 - Cannot read IP mode file for STMicroelectronics.X-CUBE-AZRTOS-G0.1.0.0
2025-07-17 12:45:29,300 [WARN] ConditionMgr:438 - getConditionDescription Invalid condition id : LAN8742 Phy interface Condition cause : null
2025-07-17 12:45:29,301 [WARN] PackLoader:240 - Cannot read IP mode file for STMicroelectronics.X-CUBE-AZRTOS-L4.2.0.0
2025-07-17 12:45:29,301 [WARN] ConditionMgr:1044 - genDependencies : Invalid condition id : LAN8742 Phy interface Condition cause : null
2025-07-17 12:45:29,302 [WARN] ConditionMgr:1044 - genDependencies : Invalid condition id : LAN8742 Phy interface Condition cause : null
2025-07-17 12:45:29,302 [WARN] ConditionMgr:1044 - genDependencies : Invalid condition id : LAN8742 Phy interface Condition cause : null
2025-07-17 12:45:29,305 [WARN] PackLoader:240 - Cannot read IP mode file for STMicroelectronics.X-CUBE-SFXS2LP1.4.0.0
2025-07-17 12:45:29,320 [WARN] PackLoader:240 - Cannot read IP mode file for STMicroelectronics.X-CUBE-AZRTOS-H7.3.0.0
2025-07-17 12:45:29,324 [WARN] PackLoader:240 - Cannot read IP mode file for STMicroelectronics.X-CUBE-ISPU.1.1.0
2025-07-17 12:45:29,336 [WARN] PackLoader:240 - Cannot read IP mode file for STMicroelectronics.X-CUBE-AZRTOS-H7.3.3.0
2025-07-17 12:45:29,341 [WARN] PackLoader:240 - Cannot read IP mode file for RoweBots.I-CUBE-UNISONRTOS.5.5.0-4
2025-07-17 12:45:29,343 [WARN] PackLoader:240 - Cannot read IP mode file for STMicroelectronics.X-CUBE-AI.8.0.0
2025-07-17 12:45:29,347 [WARN] PackLoader:240 - Cannot read IP mode file for STMicroelectronics.X-CUBE-IPS.3.0.0
2025-07-17 12:45:29,374 [WARN] ConditionMgr:438 - getConditionDescription Invalid condition id : UX DEVICE CLASS RTOS Condition cause : null
2025-07-17 12:45:29,374 [WARN] ConditionMgr:438 - getConditionDescription Invalid condition id : UX DEVICE CLASS RTOS Condition cause : null
2025-07-17 12:45:29,376 [WARN] PackLoader:240 - Cannot read IP mode file for STMicroelectronics.X-CUBE-AZRTOS-WB.2.0.0
2025-07-17 12:45:29,376 [WARN] ConditionMgr:1044 - genDependencies : Invalid condition id : UX DEVICE CLASS RTOS Condition cause : null
2025-07-17 12:45:29,376 [WARN] ConditionMgr:1044 - genDependencies : Invalid condition id : UX DEVICE CLASS RTOS Condition cause : null
2025-07-17 12:45:29,376 [WARN] ConditionMgr:1044 - genDependencies : Invalid condition id : UX DEVICE CLASS RTOS Condition cause : null
2025-07-17 12:45:29,376 [WARN] ConditionMgr:1044 - genDependencies : Invalid condition id : UX DEVICE CLASS RTOS Condition cause : null
2025-07-17 12:45:29,377 [WARN] ConditionMgr:1044 - genDependencies : Invalid condition id : UX DEVICE CLASS RTOS Condition cause : null
2025-07-17 12:45:29,379 [WARN] PackLoader:240 - Cannot read IP mode file for STMicroelectronics.X-CUBE-FREERTOS.1.0.0
2025-07-17 12:45:29,381 [WARN] PackLoader:240 - Cannot read IP mode file for STMicroelectronics.X-CUBE-FREERTOS.1.0.1
2025-07-17 12:45:29,383 [WARN] PackLoader:240 - Cannot read IP mode file for STMicroelectronics.X-CUBE-GNSS1.7.0.0
2025-07-17 12:45:29,386 [WARN] PackLoader:240 - Cannot read IP mode file for STMicroelectronics.X-CUBE-GNSS1.7.0.1
2025-07-17 12:45:29,388 [WARN] PackLoader:240 - Cannot read IP mode file for STMicroelectronics.X-CUBE-TOUCHGFX.4.25.0
2025-07-17 12:45:29,390 [WARN] PackLoader:240 - Cannot read IP mode file for STMicroelectronics.FP-SNS-STBOX1.2.0.0
2025-07-17 12:45:29,399 [WARN] PackLoader:240 - Cannot read IP mode file for STMicroelectronics.X-CUBE-AZRTOS-L5.1.1.0
2025-07-17 12:45:29,402 [WARN] PackLoader:240 - Cannot read IP mode file for STMicroelectronics.X-CUBE-AI.8.0.1
2025-07-17 12:45:29,407 [WARN] PackLoader:240 - Cannot read IP mode file for STMicroelectronics.X-CUBE-SUBG2.5.0.0
2025-07-17 12:45:29,420 [WARN] PackLoader:240 - Cannot read IP mode file for STMicroelectronics.X-CUBE-AZRTOS-H7RS.1.1.0
2025-07-17 12:45:29,423 [WARN] PackLoader:240 - Cannot read IP mode file for Cesanta.I-CUBE-Mongoose.7.13.0
2025-07-17 12:45:29,427 [WARN] PackLoader:240 - Cannot read IP mode file for STMicroelectronics.X-CUBE-TOF1.3.3.1
2025-07-17 12:45:29,439 [WARN] PackLoader:240 - Cannot read IP mode file for STMicroelectronics.X-CUBE-AZRTOS-G4.2.0.0
2025-07-17 12:45:29,445 [WARN] PackLoader:240 - Cannot read IP mode file for STMicroelectronics.X-CUBE-TOF1.3.3.0
2025-07-17 12:45:29,451 [WARN] PackLoader:240 - Cannot read IP mode file for STMicroelectronics.FP-ATR-ASTRA1.1.1.1
2025-07-17 12:45:29,453 [WARN] PackLoader:240 - Cannot read IP mode file for wolfSSL.I-CUBE-wolfSSH.1.4.20
2025-07-17 12:45:29,454 [WARN] PackLoader:240 - Cannot read IP mode file for STMicroelectronics.X-CUBE-NFC7.2.0.0
2025-07-17 12:45:29,461 [WARN] PackLoader:240 - Cannot read IP mode file for STMicroelectronics.X-CUBE-AZRTOS-G4.1.0.0
2025-07-17 12:45:29,470 [WARN] PackLoader:240 - Cannot read IP mode file for STMicroelectronics.X-CUBE-AZRTOS-L4.1.0.0
2025-07-17 12:45:29,473 [WARN] PackLoader:240 - Cannot read IP mode file for STMicroelectronics.X-CUBE-ISPU.2.0.0
2025-07-17 12:45:29,478 [WARN] PackLoader:240 - Cannot read IP mode file for STMicroelectronics.X-CUBE-IPS.3.1.0
2025-07-17 12:45:29,483 [WARN] PackLoader:240 - Cannot read IP mode file for STMicroelectronics.X-CUBE-ALS.1.0.2
2025-07-17 12:45:29,503 [WARN] PackLoader:240 - Cannot read IP mode file for STMicroelectronics.X-CUBE-MEMS1.10.0.0
2025-07-17 12:45:29,565 [WARN] PackLoader:240 - Cannot read IP mode file for STMicroelectronics.X-CUBE-FREERTOS.1.1.0
2025-07-17 12:45:29,573 [WARN] PackLoader:240 - Cannot read IP mode file for STMicroelectronics.X-CUBE-AZRTOS-F7.1.0.0
2025-07-17 12:45:29,580 [WARN] PackLoader:240 - Cannot read IP mode file for STMicroelectronics.X-CUBE-AZRTOS-WL.1.0.0
2025-07-17 12:45:29,582 [WARN] PackLoader:240 - Cannot read IP mode file for STMicroelectronics.X-CUBE-TOUCHGFX.4.24.1
2025-07-17 12:45:29,600 [WARN] PackLoader:240 - Cannot read IP mode file for STMicroelectronics.X-CUBE-MEMS1.9.1.0
2025-07-17 12:45:29,649 [WARN] PackLoader:240 - Cannot read IP mode file for portGmbH.I-Cube-SoM-uGOAL.1.1.0
2025-07-17 12:45:29,650 [WARN] PackLoader:240 - Cannot read IP mode file for STMicroelectronics.X-CUBE-ALS.1.0.1
2025-07-17 12:45:29,657 [WARN] PackLoader:240 - Cannot read IP mode file for STMicroelectronics.X-CUBE-AZRTOS-WB.1.1.0
2025-07-17 12:45:29,666 [WARN] PackLoader:240 - Cannot read IP mode file for STMicroelectronics.X-CUBE-AZRTOS-L5.1.0.0
2025-07-17 12:45:29,670 [WARN] PackLoader:240 - Cannot read IP mode file for STMicroelectronics.X-CUBE-EEPRMA1.3.1.1
2025-07-17 12:45:29,672 [WARN] PackLoader:240 - Cannot read IP mode file for STMicroelectronics.X-CUBE-GNSS1.5.2.0
2025-07-17 12:45:29,674 [WARN] PackLoader:240 - Cannot read IP mode file for STMicroelectronics.FP-ATR-ASTRA1.2.0.0
2025-07-17 12:45:29,687 [WARN] PackLoader:240 - Cannot read IP mode file for STMicroelectronics.X-CUBE-TOF1.3.4.2
2025-07-17 12:45:29,701 [WARN] PackLoader:240 - Cannot read IP mode file for STMicroelectronics.X-CUBE-TOF1.3.4.3
2025-07-17 12:45:29,715 [WARN] PackLoader:240 - Cannot read IP mode file for STMicroelectronics.X-CUBE-TOF1.3.4.1
2025-07-17 12:45:29,733 [WARN] PackLoader:240 - Cannot read IP mode file for STMicroelectronics.X-CUBE-AZRTOS-H7.3.2.0
2025-07-17 12:45:29,746 [WARN] PackLoader:240 - Cannot read IP mode file for Infineon.AIROC-Wi-Fi-Bluetooth-STM32.1.6.0
2025-07-17 12:45:29,748 [INFO] ThirdParty:978 - Integrity check success = true
2025-07-17 12:45:29,748 [INFO] IntegrityCheckThread:100 - exiting critical section [integrity check]
2025-07-17 12:45:29,749 [INFO] IntegrityCheckThread:103 - End integrity checks thread
2025-07-17 15:02:43,535 [ERROR] LogOutputStream:75 - [STDERR_REDIRECT] 
