2025-12-21 18:31:04,262 [INFO] Activator:176 - 


2025-12-21 18:31:04,269 [INFO] Activator:177 - !SESSION log4j initialized
2025-12-21 18:31:07,906 [INFO] LogOutputStream:77 - [STDOUT_REDIRECT] 
2025-12-21 18:31:08,868 [ERROR] LogOutputStream:75 - [STDERR_REDIRECT] 
2025-12-21 18:31:10,678 [INFO] LogOutputStream:77 - [STDOUT_REDIRECT] 
2025-12-21 18:31:13,248 [INFO] ApplicationProperties:184 - Using Application install path: /Applications/STM32CubeIDE.app/Contents/Eclipse/plugins/com.st.stm32cube.common.mx_6.15.0.202507011659
2025-12-21 18:31:13,265 [INFO] DbMcusXml:78 - Set database path to: /Applications/STM32CubeIDE.app/Contents/Eclipse/plugins/com.st.stm32cube.common.mx_6.15.0.202507011659//db//mcu/
2025-12-21 18:31:13,265 [INFO] ApiDb:274 - Set plugin database path to: /Applications/STM32CubeIDE.app/Contents/Eclipse/plugins/com.st.stm32cube.common.mx_6.15.0.202507011659//db//plugins/boardmanager/
2025-12-21 18:31:13,266 [WARN] ApiDb:259 - Overriding images path with different value:  => /Applications/STM32CubeIDE.app/Contents/Eclipse/plugins/com.st.stm32cube.common.mx_6.15.0.202507011659//db//plugins/mcufinder/images/
2025-12-21 18:31:13,271 [INFO] ApiDb:250 - Set database path to: /Users/liufangzheng/.stmcufinder/plugins/mcufinder//mcu/
2025-12-21 18:31:13,273 [INFO] DbMcusAds:125 - Set database path to: /Users/liufangzheng/.stmcufinder/plugins/mcufinder//mcu/
2025-12-21 18:31:13,275 [INFO] CrossReferenceDbSqlite:203 - Set database path to: /Users/liufangzheng/.stmcufinder/plugins/mcufinder//mcu/cs/
2025-12-21 18:31:13,389 [INFO] RulesReader:64 - Compatibility file has been processed (317 Rules)
2025-12-21 18:31:13,445 [INFO] DbMcusXml:78 - Set database path to: /Applications/STM32CubeIDE.app/Contents/Eclipse/plugins/com.st.stm32cube.common.mx_6.15.0.202507011659//db//mcu/
2025-12-21 18:31:13,445 [INFO] ApiDb:274 - Set plugin database path to: /Applications/STM32CubeIDE.app/Contents/Eclipse/plugins/com.st.stm32cube.common.mx_6.15.0.202507011659//db//plugins/boardmanager/
2025-12-21 18:31:13,445 [INFO] ApiDb:261 - Set plugin images path to: /Applications/STM32CubeIDE.app/Contents/Eclipse/plugins/com.st.stm32cube.common.mx_6.15.0.202507011659//db//plugins/mcufinder/images/
2025-12-21 18:31:13,445 [WARN] DbFile:41 - Overriding database path with different value: /Users/liufangzheng/.stmcufinder/plugins/mcufinder/ => /Users/liufangzheng/.stmcufinder/plugins/mcufinder
2025-12-21 18:31:13,446 [INFO] ApiDb:250 - Set database path to: /Users/liufangzheng/.stmcufinder/plugins/mcufinder//mcu/
2025-12-21 18:31:13,446 [WARN] DbFile:41 - Overriding database path with different value: /Users/liufangzheng/.stmcufinder/plugins/mcufinder/ => /Users/liufangzheng/.stmcufinder/plugins/mcufinder
2025-12-21 18:31:13,446 [INFO] DbMcusAds:125 - Set database path to: /Users/liufangzheng/.stmcufinder/plugins/mcufinder//mcu/
2025-12-21 18:31:13,446 [WARN] DbFile:41 - Overriding database path with different value: /Users/liufangzheng/.stmcufinder/plugins/mcufinder/ => /Users/liufangzheng/.stmcufinder/plugins/mcufinder
2025-12-21 18:31:13,446 [WARN] DbFile:41 - Overriding database path with different value: /Users/liufangzheng/.stmcufinder/plugins/mcufinder/ => /Users/liufangzheng/.stmcufinder/plugins/mcufinder
2025-12-21 18:31:13,446 [INFO] CrossReferenceDbSqlite:203 - Set database path to: /Users/liufangzheng/.stmcufinder/plugins/mcufinder//mcu/cs/
2025-12-21 18:31:13,521 [INFO] MainPanel:274 - HeapMemory: 268435456
2025-12-21 18:31:14,469 [INFO] DbMcusXml:78 - Set database path to: /Applications/STM32CubeIDE.app/Contents/Eclipse/plugins/com.st.stm32cube.common.mx_6.15.0.202507011659//db//mcu/
2025-12-21 18:31:14,469 [INFO] ApiDb:274 - Set plugin database path to: /Applications/STM32CubeIDE.app/Contents/Eclipse/plugins/com.st.stm32cube.common.mx_6.15.0.202507011659//db//plugins/boardmanager/
2025-12-21 18:31:14,469 [INFO] ApiDb:261 - Set plugin images path to: /Applications/STM32CubeIDE.app/Contents/Eclipse/plugins/com.st.stm32cube.common.mx_6.15.0.202507011659//db//plugins/mcufinder/images/
2025-12-21 18:31:14,470 [WARN] DbFile:41 - Overriding database path with different value: /Users/liufangzheng/.stmcufinder/plugins/mcufinder/ => /Users/liufangzheng/.stmcufinder/plugins/mcufinder
2025-12-21 18:31:14,470 [INFO] ApiDb:250 - Set database path to: /Users/liufangzheng/.stmcufinder/plugins/mcufinder//mcu/
2025-12-21 18:31:14,470 [WARN] DbFile:41 - Overriding database path with different value: /Users/liufangzheng/.stmcufinder/plugins/mcufinder/ => /Users/liufangzheng/.stmcufinder/plugins/mcufinder
2025-12-21 18:31:14,470 [INFO] DbMcusAds:125 - Set database path to: /Users/liufangzheng/.stmcufinder/plugins/mcufinder//mcu/
2025-12-21 18:31:14,470 [WARN] DbFile:41 - Overriding database path with different value: /Users/liufangzheng/.stmcufinder/plugins/mcufinder/ => /Users/liufangzheng/.stmcufinder/plugins/mcufinder
2025-12-21 18:31:14,471 [WARN] DbFile:41 - Overriding database path with different value: /Users/liufangzheng/.stmcufinder/plugins/mcufinder/ => /Users/liufangzheng/.stmcufinder/plugins/mcufinder
2025-12-21 18:31:14,471 [INFO] CrossReferenceDbSqlite:203 - Set database path to: /Users/liufangzheng/.stmcufinder/plugins/mcufinder//mcu/cs/
2025-12-21 18:31:14,487 [INFO] ApplicationProperties:184 - Using Application install path: /Applications/STM32CubeIDE.app/Contents/Eclipse/plugins/com.st.stm32cube.common.mx_6.15.0.202507011659
2025-12-21 18:31:14,489 [INFO] PluginManage:196 - Search for loadable plugins [exclusion list=, ]
2025-12-21 18:31:14,490 [INFO] PluginManage:310 - Check plugin analytics
2025-12-21 18:31:14,656 [INFO] AnalyticsPlugin:253 - Accepted Software Licenses: STM32CubeMX.6.14.0,STM32CubeMX.6.7.0,STM32CubeMX.6.14.1,STM32CubeMX.6.15.0
2025-12-21 18:31:14,656 [INFO] AnalyticsPlugin:255 - Accepted CMSIS Pack Licenses: 
2025-12-21 18:31:14,657 [INFO] AnalyticsPlugin:257 - Accepted Firmware Licenses: FW.C0.1.4.0,FW.L4.1.18.0,FW.F7.1.17.0
2025-12-21 18:31:14,659 [INFO] PluginManage:359 - Loaded plugin analytics (category:tool,tabindex:-1)
2025-12-21 18:31:14,659 [INFO] PluginManage:310 - Check plugin cadmodel
2025-12-21 18:31:14,664 [INFO] CADModel:105 - Init CAD model plugin
2025-12-21 18:31:14,664 [INFO] PluginManage:359 - Loaded plugin cadmodel (category:power,tabindex:5)
2025-12-21 18:31:14,664 [INFO] PluginManage:310 - Check plugin clock
2025-12-21 18:31:14,674 [INFO] PluginManage:359 - Loaded plugin clock (category:base,tabindex:2)
2025-12-21 18:31:14,674 [INFO] PluginManage:310 - Check plugin ddr
2025-12-21 18:31:14,676 [INFO] PluginManage:359 - Loaded plugin ddr (category:tool,tabindex:6)
2025-12-21 18:31:14,677 [INFO] PluginManage:310 - Check plugin filemanager
2025-12-21 18:31:14,822 [INFO] PluginManage:359 - Loaded plugin filemanager (category:base,tabindex:10)
2025-12-21 18:31:14,822 [INFO] PluginManage:310 - Check plugin ipmanager
2025-12-21 18:31:14,828 [INFO] PluginManage:359 - Loaded plugin ipmanager (category:base,tabindex:5)
2025-12-21 18:31:14,828 [INFO] PluginManage:310 - Check plugin lpbam
2025-12-21 18:31:14,837 [INFO] PluginManage:359 - Loaded plugin lpbam (category:base,tabindex:0)
2025-12-21 18:31:14,837 [INFO] PluginManage:310 - Check plugin memorymap
2025-12-21 18:31:14,850 [INFO] PluginManage:359 - Loaded plugin memorymap (category:base,tabindex:4)
2025-12-21 18:31:14,850 [INFO] PluginManage:310 - Check plugin pinoutandconfiguration
2025-12-21 18:31:14,858 [INFO] PluginManage:359 - Loaded plugin pinoutandconfiguration (category:base,tabindex:1)
2025-12-21 18:31:14,858 [INFO] PluginManage:310 - Check plugin pinoutconfig
2025-12-21 18:31:14,953 [WARN] SupportedApi:132 - Cannot load RTOS API schema: s4s-elt-must-match.1: The content of 'definitions' must match (annotation?, (simpleType | complexType)?, (unique | key | keyref)*)). A problem was found starting at: attribute.
2025-12-21 18:31:15,087 [INFO] PluginManage:359 - Loaded plugin pinoutconfig (category:base,tabindex:0)
2025-12-21 18:31:15,087 [INFO] PluginManage:310 - Check plugin power
2025-12-21 18:31:15,096 [INFO] PluginManage:359 - Loaded plugin power (category:power,tabindex:4)
2025-12-21 18:31:15,096 [INFO] PluginManage:310 - Check plugin projectmanager
2025-12-21 18:31:15,109 [INFO] PluginManage:359 - Loaded plugin projectmanager (category:projectmanager,tabindex:4)
2025-12-21 18:31:15,110 [INFO] PluginManage:310 - Check plugin rif
2025-12-21 18:31:15,118 [INFO] PluginManage:359 - Loaded plugin rif (category:base,tabindex:3)
2025-12-21 18:31:15,119 [INFO] PluginManage:310 - Check plugin thirdparty
2025-12-21 18:31:15,243 [WARN] IntegrityCheckThread:84 - waiting for thirdparty lock release [integrity check]
2025-12-21 18:31:15,244 [INFO] PluginManage:359 - Loaded plugin thirdparty (category:base,tabindex:-1)
2025-12-21 18:31:15,244 [INFO] IntegrityCheckThread:86 - entering critical section [integrity check]
2025-12-21 18:31:15,244 [INFO] PluginManage:310 - Check plugin tools
2025-12-21 18:31:15,244 [INFO] ThirdPartyUpdaterWithRetryManager:70 - Updater plugin not ready yet. [1/15]
2025-12-21 18:31:15,246 [INFO] PluginManage:359 - Loaded plugin tools (category:base,tabindex:7)
2025-12-21 18:31:15,246 [INFO] PluginManage:310 - Check plugin tutovideos
2025-12-21 18:31:15,455 [INFO] PluginManage:359 - Loaded plugin tutovideos (category:base,tabindex:-1)
2025-12-21 18:31:15,455 [INFO] PluginManage:310 - Check plugin updater
2025-12-21 18:31:15,476 [INFO] PluginManage:359 - Loaded plugin updater (category:base,tabindex:12)
2025-12-21 18:31:15,476 [INFO] PluginManage:310 - Check plugin userauth
2025-12-21 18:31:15,480 [INFO] UserAuth:118 - Init User Auth plugin
2025-12-21 18:31:15,480 [INFO] PluginManage:359 - Loaded plugin userauth (category:base,tabindex:14)
2025-12-21 18:31:15,481 [INFO] PluginManage:283 - PluginManage : Loaded plugins [18]
2025-12-21 18:31:15,650 [INFO] PinOutPanel:1589 - setPackage(No Configuration,No Configuration)
2025-12-21 18:31:15,744 [INFO] CADModel:165 - CPN selected for project level
2025-12-21 18:31:15,744 [INFO] CADModel:114 - Register for checkConnection events
2025-12-21 18:31:15,758 [INFO] IPUIPlugin:80 - create IPUIPlugin
2025-12-21 18:31:15,758 [INFO] PluginManager:220 - loadIPPluginJar : add mdma
2025-12-21 18:31:15,766 [INFO] IPUIPlugin:80 - create IPUIPlugin
2025-12-21 18:31:15,766 [INFO] PluginManager:220 - loadIPPluginJar : add freertos
2025-12-21 18:31:15,772 [INFO] IPUIPlugin:80 - create IPUIPlugin
2025-12-21 18:31:15,772 [INFO] PluginManager:220 - loadIPPluginJar : add gic
2025-12-21 18:31:15,782 [INFO] IPUIPlugin:80 - create IPUIPlugin
2025-12-21 18:31:15,783 [INFO] PluginManager:220 - loadIPPluginJar : add adc
2025-12-21 18:31:15,785 [INFO] IPUIPlugin:80 - create IPUIPlugin
2025-12-21 18:31:15,785 [INFO] PluginManager:220 - loadIPPluginJar : add gtzc
2025-12-21 18:31:15,787 [INFO] IPUIPlugin:80 - create IPUIPlugin
2025-12-21 18:31:15,788 [INFO] PluginManager:220 - loadIPPluginJar : add quadspi
2025-12-21 18:31:15,790 [INFO] IPUIPlugin:80 - create IPUIPlugin
2025-12-21 18:31:15,790 [INFO] PluginManager:220 - loadIPPluginJar : add aes
2025-12-21 18:31:15,792 [INFO] IPUIPlugin:80 - create IPUIPlugin
2025-12-21 18:31:15,792 [INFO] PluginManager:220 - loadIPPluginJar : add pdm2pcm
2025-12-21 18:31:15,794 [INFO] IPUIPlugin:80 - create IPUIPlugin
2025-12-21 18:31:15,794 [INFO] PluginManager:220 - loadIPPluginJar : add hash
2025-12-21 18:31:15,796 [INFO] IPUIPlugin:80 - create IPUIPlugin
2025-12-21 18:31:15,796 [INFO] PluginManager:220 - loadIPPluginJar : add tim
2025-12-21 18:31:15,797 [INFO] IPUIPlugin:80 - create IPUIPlugin
2025-12-21 18:31:15,797 [INFO] PluginManager:220 - loadIPPluginJar : add tsc
2025-12-21 18:31:15,800 [INFO] IPUIPlugin:80 - create IPUIPlugin
2025-12-21 18:31:15,800 [INFO] PluginManager:220 - loadIPPluginJar : add extmemmanager
2025-12-21 18:31:15,801 [INFO] IPUIPlugin:80 - create IPUIPlugin
2025-12-21 18:31:15,802 [INFO] PluginManager:220 - loadIPPluginJar : add ts
2025-12-21 18:31:15,804 [INFO] IPUIPlugin:80 - create IPUIPlugin
2025-12-21 18:31:15,804 [INFO] PluginManager:220 - loadIPPluginJar : add radio
2025-12-21 18:31:15,807 [INFO] IPUIPlugin:80 - create IPUIPlugin
2025-12-21 18:31:15,807 [INFO] PluginManager:220 - loadIPPluginJar : add can
2025-12-21 18:31:15,809 [INFO] IPUIPlugin:80 - create IPUIPlugin
2025-12-21 18:31:15,809 [INFO] PluginManager:220 - loadIPPluginJar : add dma3
2025-12-21 18:31:15,811 [INFO] IPUIPlugin:80 - create IPUIPlugin
2025-12-21 18:31:15,811 [INFO] PluginManager:220 - loadIPPluginJar : add dfsdm
2025-12-21 18:31:15,813 [INFO] IPUIPlugin:80 - create IPUIPlugin
2025-12-21 18:31:15,813 [INFO] PluginManager:220 - loadIPPluginJar : add spi
2025-12-21 18:31:15,815 [INFO] IPUIPlugin:80 - create IPUIPlugin
2025-12-21 18:31:15,815 [INFO] PluginManager:220 - loadIPPluginJar : add gfxmmu
2025-12-21 18:31:15,816 [INFO] IPUIPlugin:80 - create IPUIPlugin
2025-12-21 18:31:15,816 [INFO] PluginManager:220 - loadIPPluginJar : add genericplugin
2025-12-21 18:31:15,818 [INFO] IPUIPlugin:80 - create IPUIPlugin
2025-12-21 18:31:15,818 [INFO] PluginManager:220 - loadIPPluginJar : add cryp
2025-12-21 18:31:15,823 [INFO] IPUIPlugin:80 - create IPUIPlugin
2025-12-21 18:31:15,823 [INFO] PluginManager:220 - loadIPPluginJar : add gpio
2025-12-21 18:31:15,826 [INFO] IPUIPlugin:80 - create IPUIPlugin
2025-12-21 18:31:15,826 [INFO] PluginManager:220 - loadIPPluginJar : add ddr_ctrl_phy
2025-12-21 18:31:15,828 [INFO] IPUIPlugin:80 - create IPUIPlugin
2025-12-21 18:31:15,828 [INFO] PluginManager:220 - loadIPPluginJar : add comp
2025-12-21 18:31:15,830 [INFO] IPUIPlugin:80 - create IPUIPlugin
2025-12-21 18:31:15,830 [INFO] PluginManager:220 - loadIPPluginJar : add tracer_emb
2025-12-21 18:31:15,833 [INFO] IPUIPlugin:80 - create IPUIPlugin
2025-12-21 18:31:15,833 [INFO] PluginManager:220 - loadIPPluginJar : add openamp
2025-12-21 18:31:15,840 [INFO] IPUIPlugin:80 - create IPUIPlugin
2025-12-21 18:31:15,841 [INFO] PluginManager:220 - loadIPPluginJar : add stm32_wpan
2025-12-21 18:31:15,847 [INFO] IPUIPlugin:80 - create IPUIPlugin
2025-12-21 18:31:15,849 [INFO] PluginManager:220 - loadIPPluginJar : add plateformsettings
2025-12-21 18:31:15,852 [INFO] IPUIPlugin:80 - create IPUIPlugin
2025-12-21 18:31:15,853 [INFO] PluginManager:220 - loadIPPluginJar : add ipddr
2025-12-21 18:31:15,856 [INFO] IPUIPlugin:80 - create IPUIPlugin
2025-12-21 18:31:15,856 [INFO] PluginManager:220 - loadIPPluginJar : add usart
2025-12-21 18:31:15,857 [INFO] IPUIPlugin:80 - create IPUIPlugin
2025-12-21 18:31:15,857 [INFO] PluginManager:220 - loadIPPluginJar : add ltdc
2025-12-21 18:31:15,860 [INFO] IPUIPlugin:80 - create IPUIPlugin
2025-12-21 18:31:15,860 [INFO] PluginManager:220 - loadIPPluginJar : add nvic
2025-12-21 18:31:15,862 [INFO] IPUIPlugin:80 - create IPUIPlugin
2025-12-21 18:31:15,862 [INFO] PluginManager:220 - loadIPPluginJar : add fatfs
2025-12-21 18:31:15,870 [INFO] IPUIPlugin:80 - create IPUIPlugin
2025-12-21 18:31:15,870 [INFO] PluginManager:220 - loadIPPluginJar : add linkedlist
2025-12-21 18:31:15,875 [INFO] IPUIPlugin:80 - create IPUIPlugin
2025-12-21 18:31:15,876 [INFO] PluginManager:220 - loadIPPluginJar : add dma
2025-12-21 18:31:15,880 [INFO] IPUIPlugin:80 - create IPUIPlugin
2025-12-21 18:31:15,880 [INFO] PluginManager:220 - loadIPPluginJar : add fmc
2025-12-21 18:31:15,882 [INFO] IPUIPlugin:80 - create IPUIPlugin
2025-12-21 18:31:15,883 [INFO] PluginManager:220 - loadIPPluginJar : add i2s
2025-12-21 18:31:15,884 [INFO] IPUIPlugin:80 - create IPUIPlugin
2025-12-21 18:31:15,884 [INFO] PluginManager:220 - loadIPPluginJar : add ucpd
2025-12-21 18:31:15,886 [INFO] IPUIPlugin:80 - create IPUIPlugin
2025-12-21 18:31:15,886 [INFO] PluginManager:220 - loadIPPluginJar : add lorawan
2025-12-21 18:31:15,889 [INFO] IPUIPlugin:80 - create IPUIPlugin
2025-12-21 18:31:15,889 [INFO] PluginManager:220 - loadIPPluginJar : add opamp
2025-12-21 18:31:15,891 [INFO] IPUIPlugin:80 - create IPUIPlugin
2025-12-21 18:31:15,891 [INFO] PluginManager:220 - loadIPPluginJar : add i3c
2025-12-21 18:31:15,894 [INFO] IPUIPlugin:80 - create IPUIPlugin
2025-12-21 18:31:15,894 [INFO] PluginManager:220 - loadIPPluginJar : add touchsensing
2025-12-21 18:31:15,896 [INFO] IPUIPlugin:80 - create IPUIPlugin
2025-12-21 18:31:15,896 [INFO] PluginManager:220 - loadIPPluginJar : add i2c
2025-12-21 18:31:15,899 [INFO] IPUIPlugin:80 - create IPUIPlugin
2025-12-21 18:31:15,899 [INFO] PluginManager:220 - loadIPPluginJar : add resmgrutility
2025-12-21 18:31:15,902 [INFO] IPUIPlugin:80 - create IPUIPlugin
2025-12-21 18:31:15,902 [INFO] PluginManager:220 - loadIPPluginJar : add sai
2025-12-21 18:31:15,906 [INFO] IPUIPlugin:80 - create IPUIPlugin
2025-12-21 18:31:15,906 [INFO] PluginManager:220 - loadIPPluginJar : add usbx
2025-12-21 18:31:16,008 [FATAL] Updater:351 - Updater called before beeing initialized
2025-12-21 18:31:16,034 [INFO] RulesReader:64 - Compatibility file has been processed (317 Rules)
2025-12-21 18:31:16,045 [INFO] RulesReader:64 - Compatibility file has been processed (317 Rules)
2025-12-21 18:31:16,052 [INFO] CADModel:165 - CPN selected for project level
2025-12-21 18:31:16,053 [INFO] CADModel:114 - Register for checkConnection events
2025-12-21 18:31:16,053 [FATAL] Updater:351 - Updater called before beeing initialized
2025-12-21 18:31:16,053 [ERROR] CADModel:125 - Updater not yet initialized, retry later 
2025-12-21 18:31:16,257 [FATAL] Updater:351 - Updater called before beeing initialized
2025-12-21 18:31:16,259 [INFO] CADModel:165 - CPN selected for project level
2025-12-21 18:31:16,259 [INFO] CADModel:114 - Register for checkConnection events
2025-12-21 18:31:16,260 [FATAL] Updater:351 - Updater called before beeing initialized
2025-12-21 18:31:16,260 [ERROR] CADModel:125 - Updater not yet initialized, retry later 
2025-12-21 18:31:16,263 [FATAL] Updater:351 - Updater called before beeing initialized
2025-12-21 18:31:16,335 [FATAL] Updater:351 - Updater called before beeing initialized
2025-12-21 18:31:16,340 [INFO] DbMcusAds:53 - JSON generation date=Tue Jul 08 04:14:23 EDT 2025 (1751962463524)
2025-12-21 18:31:16,340 [FATAL] Updater:351 - Updater called before beeing initialized
2025-12-21 18:31:16,423 [WARN] DetailPanel:346 - Failed to get advertising image, set to default
2025-12-21 18:31:16,520 [FATAL] Updater:351 - Updater called before beeing initialized
2025-12-21 18:31:16,522 [FATAL] Updater:351 - Updater called before beeing initialized
2025-12-21 18:31:16,522 [FATAL] Updater:351 - Updater called before beeing initialized
2025-12-21 18:31:16,522 [WARN] DetailPanel:346 - Failed to get advertising image, set to default
2025-12-21 18:31:16,523 [FATAL] Updater:351 - Updater called before beeing initialized
2025-12-21 18:31:16,558 [ERROR] Updater:1198 - MainUpdater not yet initialized. External WinMGr cannot be set.
2025-12-21 18:31:16,560 [INFO] Updater:1134 - Updater Version found : 6.15.0
2025-12-21 18:31:16,582 [INFO] ApplicationProperties:184 - Using Application install path: /Applications/STM32CubeIDE.app/Contents/Eclipse/plugins/com.st.stm32cube.common.mx_6.15.0.202507011659
2025-12-21 18:31:16,914 [INFO] MainUpdater:2872 - connection check result : 10
2025-12-21 18:31:16,914 [INFO] MainUpdater:3604 - Updater definition file requires update
2025-12-21 18:31:16,915 [INFO] MainUpdater:289 - Updater Check For Update Now.
2025-12-21 18:31:16,915 [INFO] MicroXplorer:498 - Change Database Version : DB.6.0.150
2025-12-21 18:31:16,921 [INFO] McuFinderGlobals:63 - Set McuFinder mode to 2 (CubeIDE integrated)
2025-12-21 18:31:16,922 [INFO] UserAuth:487 - Internet connection configuration mode: 1
2025-12-21 18:31:16,930 [INFO] ServerAccessManage:452 - Complete download http(s) 200
2025-12-21 18:31:16,931 [INFO] ServerAccessManage:509 - Download File updaters.zip
2025-12-21 18:31:16,942 [INFO] JxBrowserEngine:152 - Initiate JxBrowser Engine with user profile folder
2025-12-21 18:31:17,022 [INFO] FileExtend:248 - Unzip File : updaters.zip
2025-12-21 18:31:17,023 [INFO] FileExtend:263 - Standard Zip Deflate
2025-12-21 18:31:17,290 [INFO] ServerAccessManage:452 - Complete download http(s) 200
2025-12-21 18:31:17,291 [INFO] ServerAccessManage:509 - Download File PacksControlFlags.xml
2025-12-21 18:31:17,338 [INFO] ServerAccessManage:452 - Complete download http(s) 200
2025-12-21 18:31:17,338 [INFO] ServerAccessManage:509 - Download File cubemx.pidx
2025-12-21 18:31:17,601 [INFO] ServerAccessManage:452 - Complete download http(s) 200
2025-12-21 18:31:17,602 [INFO] ServerAccessManage:509 - Download File STMicroelectronics.FP-SNS-MOTENV1.pdsc
2025-12-21 18:31:18,114 [INFO] ServerAccessManage:452 - Complete download http(s) 200
2025-12-21 18:31:18,115 [INFO] ServerAccessManage:509 - Download File STMicroelectronics.X-CUBE-FREERTOS.pdsc
2025-12-21 18:31:18,248 [WARN] MainUpdater:1193 - Updater busy. Cannot search thirdparties
2025-12-21 18:31:18,249 [INFO] ThirdPartyUpdaterWithRetryManager:96 - Updater plugin is busy. [1/15]
2025-12-21 18:31:19,307 [INFO] WebApp:169 - Instantiating new browser for Auth
2025-12-21 18:31:20,182 [INFO] ServerAccessManage:452 - Complete download http(s) 200
2025-12-21 18:31:20,194 [INFO] ServerAccessManage:509 - Download File STMicroelectronics.X-CUBE-GNSS1.pdsc
2025-12-21 18:31:20,450 [INFO] WebApp:463 - Apply proxy settings
2025-12-21 18:31:20,459 [INFO] WebApp:508 - Chromium authenticates against Manually configured proxy
2025-12-21 18:31:20,483 [INFO] WebApp:516 - Username used for proxy authentication: 
2025-12-21 18:31:20,523 [INFO] WebApp:900 - Register for checkConnection events
2025-12-21 18:31:20,551 [INFO] WebApp:463 - Apply proxy settings
2025-12-21 18:31:20,557 [INFO] WebApp:508 - Chromium authenticates against Manually configured proxy
2025-12-21 18:31:20,590 [INFO] WebApp:516 - Username used for proxy authentication: 
2025-12-21 18:31:20,832 [INFO] WebApp:225 - Starting web application
2025-12-21 18:31:20,852 [INFO] WebApp:593 - Web application path used /Applications/STM32CubeIDE.app/Contents/Eclipse/plugins/com.st.stm32cube.common.mx_6.15.0.202507011659/db/plugins/mcufinder/reactClient1/index.html
2025-12-21 18:31:21,033 [INFO] UserAuth:487 - Internet connection configuration mode: 1
2025-12-21 18:31:21,250 [WARN] MainUpdater:1193 - Updater busy. Cannot search thirdparties
2025-12-21 18:31:21,274 [INFO] ThirdPartyUpdaterWithRetryManager:96 - Updater plugin is busy. [2/15]
2025-12-21 18:31:21,412 [INFO] WebApp:191 - Connection restablished
2025-12-21 18:31:24,300 [WARN] MainUpdater:1193 - Updater busy. Cannot search thirdparties
2025-12-21 18:31:24,312 [INFO] ThirdPartyUpdaterWithRetryManager:96 - Updater plugin is busy. [3/15]
2025-12-21 18:31:25,001 [ERROR] ServerAccessManage:1212 - Problem, file not found on Server
2025-12-21 18:31:25,207 [ERROR] ServerAccessManage:1212 - Problem, file not found on Server
2025-12-21 18:31:25,475 [ERROR] ServerAccessManage:1212 - Problem, file not found on Server
2025-12-21 18:31:25,811 [ERROR] ServerAccessManage:1212 - Problem, file not found on Server
2025-12-21 18:31:26,157 [ERROR] ServerAccessManage:1212 - Problem, file not found on Server
2025-12-21 18:31:26,631 [ERROR] ServerAccessManage:1212 - Problem, file not found on Server
2025-12-21 18:31:27,040 [INFO] ServerAccessManage:452 - Complete download http(s) 200
2025-12-21 18:31:27,041 [INFO] ServerAccessManage:509 - Download File STMicroelectronics.X-CUBE-IPS.pdsc
2025-12-21 18:31:27,317 [WARN] MainUpdater:1193 - Updater busy. Cannot search thirdparties
2025-12-21 18:31:27,317 [INFO] ThirdPartyUpdaterWithRetryManager:96 - Updater plugin is busy. [4/15]
2025-12-21 18:31:28,378 [INFO] ServerAccessManage:452 - Complete download http(s) 200
2025-12-21 18:31:28,379 [INFO] ServerAccessManage:509 - Download File STMicroelectronics.X-CUBE-MEMS1.pdsc
2025-12-21 18:31:30,322 [WARN] MainUpdater:1193 - Updater busy. Cannot search thirdparties
2025-12-21 18:31:30,327 [INFO] ThirdPartyUpdaterWithRetryManager:96 - Updater plugin is busy. [5/15]
2025-12-21 18:31:33,331 [WARN] MainUpdater:1193 - Updater busy. Cannot search thirdparties
2025-12-21 18:31:33,332 [INFO] ThirdPartyUpdaterWithRetryManager:96 - Updater plugin is busy. [6/15]
2025-12-21 18:31:36,333 [WARN] MainUpdater:1193 - Updater busy. Cannot search thirdparties
2025-12-21 18:31:36,333 [INFO] ThirdPartyUpdaterWithRetryManager:96 - Updater plugin is busy. [7/15]
2025-12-21 18:31:38,154 [INFO] ServerAccessManage:452 - Complete download http(s) 200
2025-12-21 18:31:38,154 [INFO] ServerAccessManage:509 - Download File STMicroelectronics.X-CUBE-ST60.pdsc
2025-12-21 18:31:38,865 [INFO] ServerAccessManage:452 - Complete download http(s) 200
2025-12-21 18:31:38,865 [INFO] ServerAccessManage:509 - Download File STMicroelectronics.X-CUBE-ST67W61.pdsc
2025-12-21 18:31:39,338 [WARN] MainUpdater:1193 - Updater busy. Cannot search thirdparties
2025-12-21 18:31:39,338 [INFO] ThirdPartyUpdaterWithRetryManager:96 - Updater plugin is busy. [8/15]
2025-12-21 18:31:39,641 [INFO] ServerAccessManage:452 - Complete download http(s) 200
2025-12-21 18:31:39,641 [INFO] ServerAccessManage:509 - Download File STMicroelectronics.X-CUBE-TOUCHGFX.pdsc
2025-12-21 18:31:42,343 [WARN] MainUpdater:1193 - Updater busy. Cannot search thirdparties
2025-12-21 18:31:42,343 [INFO] ThirdPartyUpdaterWithRetryManager:96 - Updater plugin is busy. [9/15]
2025-12-21 18:31:45,345 [WARN] MainUpdater:1193 - Updater busy. Cannot search thirdparties
2025-12-21 18:31:45,345 [INFO] ThirdPartyUpdaterWithRetryManager:96 - Updater plugin is busy. [10/15]
2025-12-21 18:31:47,691 [INFO] ServerAccessManage:452 - Complete download http(s) 200
2025-12-21 18:31:47,691 [INFO] ServerAccessManage:509 - Download File STMicroelectronics.X-CUBE-AZRTOS-H7RS.pdsc
2025-12-21 18:31:48,350 [WARN] MainUpdater:1193 - Updater busy. Cannot search thirdparties
2025-12-21 18:31:48,350 [INFO] ThirdPartyUpdaterWithRetryManager:96 - Updater plugin is busy. [11/15]
2025-12-21 18:31:49,291 [INFO] ServerAccessManage:452 - Complete download http(s) 200
2025-12-21 18:31:49,291 [INFO] ServerAccessManage:509 - Download File Avnet-IOTCONNECT.X-CUBE-iotc-st67-sdk.pdsc
2025-12-21 18:31:49,363 [WARN] PackLoader:240 - Cannot read IP mode file for STMicroelectronics.FP-SNS-MOTENV1.5.1.0
2025-12-21 18:31:49,373 [WARN] PackLoader:240 - Cannot read IP mode file for STMicroelectronics.X-CUBE-FREERTOS.1.4.0
2025-12-21 18:31:49,380 [WARN] PackLoader:240 - Cannot read IP mode file for STMicroelectronics.X-CUBE-GNSS1.7.1.0
2025-12-21 18:31:49,398 [WARN] PackLoader:240 - Cannot read IP mode file for STMicroelectronics.X-CUBE-IPS.3.2.0
2025-12-21 18:31:49,472 [WARN] PackLoader:240 - Cannot read IP mode file for STMicroelectronics.X-CUBE-MEMS1.12.0.0
2025-12-21 18:31:49,497 [INFO] CheckServerUpdateThread:120 - End of CheckServer Thread
2025-12-21 18:31:49,562 [WARN] PackLoader:240 - Cannot read IP mode file for STMicroelectronics.X-CUBE-ST60.1.1.0
2025-12-21 18:31:49,567 [WARN] PackLoader:240 - Cannot read IP mode file for STMicroelectronics.X-CUBE-ST67W61.1.1.0
2025-12-21 18:31:49,569 [WARN] PackLoader:240 - Cannot read IP mode file for STMicroelectronics.X-CUBE-TOUCHGFX.4.26.0
2025-12-21 18:31:49,582 [WARN] PackLoader:240 - Cannot read IP mode file for STMicroelectronics.X-CUBE-AZRTOS-H7RS.1.2.0
2025-12-21 18:31:49,590 [INFO] PopulateThirdPartyThread:66 - Ending populate Thread
2025-12-21 18:31:49,592 [INFO] ThirdParty:1030 - CMSIS Pack Vendor :STMicroelectronics X-CUBE-FREERTOS 1.4.0
2025-12-21 18:31:49,592 [INFO] ThirdParty:1030 - CMSIS Pack Vendor :STMicroelectronics X-CUBE-ST67W61 1.1.0
2025-12-21 18:31:49,592 [INFO] ThirdParty:1030 - CMSIS Pack Vendor :STMicroelectronics X-CUBE-IPS 3.2.0
2025-12-21 18:31:49,592 [INFO] ThirdParty:1030 - CMSIS Pack Vendor :STMicroelectronics X-CUBE-ST60 1.1.0
2025-12-21 18:31:49,592 [INFO] ThirdParty:1030 - CMSIS Pack Vendor :STMicroelectronics X-CUBE-MEMS1 12.0.0
2025-12-21 18:31:49,592 [INFO] ThirdParty:1030 - CMSIS Pack Vendor :STMicroelectronics X-CUBE-GNSS1 7.1.0
2025-12-21 18:31:49,592 [INFO] ThirdParty:1030 - CMSIS Pack Vendor :Avnet-IOTCONNECT X-CUBE-iotc-st67-sdk 1.0.0
2025-12-21 18:31:49,592 [INFO] ThirdParty:1030 - CMSIS Pack Vendor :STMicroelectronics X-CUBE-TOUCHGFX 4.26.0
2025-12-21 18:31:49,592 [INFO] ThirdParty:1030 - CMSIS Pack Vendor :STMicroelectronics FP-SNS-MOTENV1 5.1.0
2025-12-21 18:31:49,592 [INFO] ThirdParty:1030 - CMSIS Pack Vendor :STMicroelectronics X-CUBE-AZRTOS-H7RS 1.2.0
2025-12-21 18:31:49,593 [INFO] LoadServerUpdatesThread:375 - End of LoadServerUpdate Thread
2025-12-21 18:31:51,504 [WARN] PackLoader:240 - Cannot read IP mode file for STMicroelectronics.FP-SNS-MOTENVWB1.1.4.0
2025-12-21 18:31:51,507 [WARN] PackLoader:240 - Cannot read IP mode file for STMicroelectronics.FP-ATR-ASTRA1.2.0.2
2025-12-21 18:31:51,510 [WARN] PackLoader:240 - Cannot read IP mode file for STMicroelectronics.FP-ATR-ASTRA1.2.0.1
2025-12-21 18:31:51,517 [WARN] PackLoader:240 - Cannot read IP mode file for STMicroelectronics.X-CUBE-SMBUS.2.1.0
2025-12-21 18:31:51,521 [WARN] PackLoader:240 - Cannot read IP mode file for STMicroelectronics.X-CUBE-WB05N.1.1.0
2025-12-21 18:31:51,524 [WARN] PackLoader:240 - Cannot read IP mode file for STMicroelectronics.X-CUBE-ST60.1.0.0
2025-12-21 18:31:51,527 [WARN] PackLoader:240 - Cannot read IP mode file for STMicroelectronics.X-CUBE-TOUCHGFX.4.23.2
2025-12-21 18:31:51,539 [WARN] PackLoader:240 - Cannot read IP mode file for STMicroelectronics.X-CUBE-AZRTOS-F7.1.1.0
2025-12-21 18:31:51,543 [WARN] PackLoader:240 - Cannot read IP mode file for STMicroelectronics.X-CUBE-AI.7.1.0
2025-12-21 18:31:51,546 [ERROR] RealEvaluatedCondition:428 - Found unsupported composite condition: GROUP='STM32_MetaDataManager' CLASS='Data Exchange'
2025-12-21 18:31:51,546 [ERROR] RealEvaluatedCondition:428 - Found unsupported composite condition: GROUP='STM32_MetaDataManager' CLASS='Data Exchange'
2025-12-21 18:31:51,547 [WARN] PackLoader:240 - Cannot read IP mode file for STMicroelectronics.FP-SNS-MOTENV1.4.3.0
2025-12-21 18:31:51,551 [WARN] PackLoader:240 - Cannot read IP mode file for STMicroelectronics.FP-SNS-MOTENV1.4.3.2
2025-12-21 18:31:51,554 [WARN] PackLoader:240 - Cannot read IP mode file for STMicroelectronics.FP-SNS-FLIGHT1.5.0.0
2025-12-21 18:31:51,600 [WARN] PackLoader:240 - Cannot read IP mode file for STMicroelectronics.X-CUBE-MEMS1.11.0.0
2025-12-21 18:31:51,725 [WARN] PackLoader:240 - Cannot read IP mode file for STMicroelectronics.X-CUBE-BLE1.6.2.4
2025-12-21 18:31:51,728 [WARN] PackLoader:240 - Cannot read IP mode file for STMicroelectronics.FP-SNS-MOTENV1.5.1.0
2025-12-21 18:31:51,731 [WARN] PackLoader:240 - Cannot read IP mode file for STMicroelectronics.X-CUBE-BLE1.6.2.2
2025-12-21 18:31:51,732 [WARN] PackLoader:240 - Cannot read IP mode file for STMicroelectronics.FP-SNS-FLIGHT1.5.0.2
2025-12-21 18:31:51,736 [WARN] PackLoader:240 - Cannot read IP mode file for STMicroelectronics.X-CUBE-BLE2.3.2.2
2025-12-21 18:31:51,749 [WARN] PackLoader:240 - Cannot read IP mode file for Infineon.AIROC-Wi-Fi-Bluetooth-STM32.1.7.0
2025-12-21 18:31:51,754 [WARN] PackLoader:240 - Cannot read IP mode file for wolfSSL.I-CUBE-wolfSSL.5.1.1
2025-12-21 18:31:51,767 [WARN] PackLoader:240 - Cannot read IP mode file for STMicroelectronics.X-CUBE-AZRTOS-H7.3.4.0
2025-12-21 18:31:51,773 [WARN] PackLoader:240 - Cannot read IP mode file for STMicroelectronics.X-CUBE-DISPLAY.3.0.0
2025-12-21 18:31:51,778 [WARN] PackLoader:240 - Cannot read IP mode file for STMicroelectronics.X-CUBE-BLE1.7.0.0
2025-12-21 18:31:51,782 [WARN] PackLoader:240 - Cannot read IP mode file for STMicroelectronics.X-CUBE-NFC10.1.0.0
2025-12-21 18:31:51,789 [WARN] PackLoader:240 - Cannot read IP mode file for STMicroelectronics.X-CUBE-BLEMGR.4.0.0
2025-12-21 18:31:51,793 [WARN] PackLoader:240 - Cannot read IP mode file for STMicroelectronics.X-CUBE-ST60.1.1.0
2025-12-21 18:31:51,796 [WARN] PackLoader:240 - Cannot read IP mode file for emotas.I-CUBE-CANOPEN.1.3.0
2025-12-21 18:31:51,798 [WARN] PackLoader:240 - Cannot read IP mode file for STMicroelectronics.X-CUBE-TOUCHGFX.4.22.0
2025-12-21 18:31:51,801 [WARN] PackLoader:240 - Cannot read IP mode file for STMicroelectronics.X-CUBE-GNSS1.7.1.0
2025-12-21 18:31:51,807 [WARN] PackLoader:240 - Cannot read IP mode file for STMicroelectronics.X-CUBE-SUBG2.4.2.0
2025-12-21 18:31:51,812 [WARN] ConditionMgr:438 - getConditionDescription Invalid condition id : Cortex-A Device cause : null
2025-12-21 18:31:51,815 [WARN] ConditionMgr:1044 - genDependencies : Invalid condition id : Cortex-A Device cause : null
2025-12-21 18:31:51,815 [WARN] ConditionMgr:1044 - genDependencies : Invalid condition id : Cortex-A Device cause : null
2025-12-21 18:31:51,815 [WARN] ConditionMgr:1044 - genDependencies : Invalid condition id : Cortex-A Device cause : null
2025-12-21 18:31:51,820 [WARN] PackLoader:240 - Cannot read IP mode file for STMicroelectronics.X-CUBE-BLEMGR.3.1.0
2025-12-21 18:31:51,824 [WARN] PackLoader:240 - Cannot read IP mode file for STMicroelectronics.X-CUBE-AI.10.0.0
2025-12-21 18:31:51,828 [WARN] PackLoader:240 - Cannot read IP mode file for STMicroelectronics.FP-SNS-STBOX1.2.1.0
2025-12-21 18:31:51,832 [WARN] PackLoader:240 - Cannot read IP mode file for STMicroelectronics.FP-SNS-SMARTAG2.1.2.0
2025-12-21 18:31:51,834 [WARN] PackLoader:240 - Cannot read IP mode file for STMicroelectronics.FP-SNS-FLIGHT1.5.1.0
2025-12-21 18:31:51,878 [WARN] PackLoader:240 - Cannot read IP mode file for STMicroelectronics.X-CUBE-MEMS1.11.1.0
2025-12-21 18:31:52,004 [INFO] LogOutputStream:77 - [STDOUT_REDIRECT] 1 : Invalid condition id : UX_CORESTACK_Condition cause : null
2025-12-21 18:31:52,005 [INFO] LogOutputStream:77 - [STDOUT_REDIRECT] 1 : Invalid condition id : UX_CORESTACK_Condition cause : null
2025-12-21 18:31:52,005 [INFO] LogOutputStream:77 - [STDOUT_REDIRECT] 1 : Invalid condition id : UX_CORESTACK_Condition cause : null
2025-12-21 18:31:52,005 [INFO] LogOutputStream:77 - [STDOUT_REDIRECT] 1 : Invalid condition id : UX_CORESTACK_Condition cause : null
2025-12-21 18:31:52,005 [INFO] LogOutputStream:77 - [STDOUT_REDIRECT] 1 : Invalid condition id : UX_CORESTACK_Condition cause : null
2025-12-21 18:31:52,007 [WARN] PackLoader:240 - Cannot read IP mode file for STMicroelectronics.X-CUBE-AZRTOS-WL.2.0.0
2025-12-21 18:31:52,011 [WARN] PackLoader:240 - Cannot read IP mode file for STMicroelectronics.FP-SNS-MOTENV1.5.0.0
2025-12-21 18:31:52,023 [WARN] PackLoader:240 - Cannot read IP mode file for STMicroelectronics.X-CUBE-AZRTOS-H7RS.1.2.0
2025-12-21 18:31:52,028 [WARN] PackLoader:240 - Cannot read IP mode file for WES.I-CUBE-Cesium.1.3.0
2025-12-21 18:31:52,031 [WARN] PackLoader:240 - Cannot read IP mode file for STMicroelectronics.X-CUBE-BLE2.3.3.0
2025-12-21 18:31:52,039 [WARN] PackLoader:240 - Cannot read IP mode file for STMicroelectronics.X-CUBE-DISPLAY.2.2.0
2025-12-21 18:31:52,047 [WARN] PackLoader:240 - Cannot read IP mode file for STMicroelectronics.X-CUBE-TOF1.3.2.0
2025-12-21 18:31:52,052 [WARN] PackLoader:240 - Cannot read IP mode file for STMicroelectronics.X-CUBE-TOUCHGFX.4.18.1
2025-12-21 18:31:52,055 [WARN] PackLoader:240 - Cannot read IP mode file for STMicroelectronics.X-CUBE-NFC9.1.0.0
2025-12-21 18:31:52,059 [WARN] PackLoader:240 - Cannot read IP mode file for STMicroelectronics.X-CUBE-BLE1.7.1.0
2025-12-21 18:31:52,061 [WARN] PackLoader:240 - Cannot read IP mode file for wolfSSL.I-CUBE-wolfMQTT.1.19.2
2025-12-21 18:31:52,064 [WARN] PackLoader:240 - Cannot read IP mode file for STMicroelectronics.X-CUBE-TCPP.4.1.0
2025-12-21 18:31:52,068 [WARN] PackLoader:240 - Cannot read IP mode file for STMicroelectronics.X-CUBE-FREERTOS.1.4.0
2025-12-21 18:31:52,071 [WARN] PackLoader:240 - Cannot read IP mode file for STMicroelectronics.X-CUBE-EEPRMA1.5.2.0
2025-12-21 18:31:52,074 [WARN] PackLoader:240 - Cannot read IP mode file for STMicroelectronics.X-CUBE-TOUCHGFX.4.21.1
2025-12-21 18:31:52,076 [WARN] PackLoader:240 - Cannot read IP mode file for STMicroelectronics.X-CUBE-TOUCHGFX.4.21.0
2025-12-21 18:31:52,078 [WARN] PackLoader:240 - Cannot read IP mode file for STMicroelectronics.X-CUBE-TOUCHGFX.4.21.3
2025-12-21 18:31:52,079 [WARN] PackLoader:240 - Cannot read IP mode file for STMicroelectronics.X-CUBE-TOUCHGFX.4.21.4
2025-12-21 18:31:52,103 [WARN] PackLoader:240 - Cannot read IP mode file for STMicroelectronics.X-CUBE-MEMS1.9.4.0
2025-12-21 18:31:52,185 [WARN] PackLoader:240 - Cannot read IP mode file for STMicroelectronics.X-CUBE-AI.7.3.0
2025-12-21 18:31:52,188 [WARN] PackLoader:240 - Cannot read IP mode file for STMicroelectronics.X-CUBE-ST67W61.1.1.0
2025-12-21 18:31:52,191 [WARN] PackLoader:240 - Cannot read IP mode file for STMicroelectronics.X-CUBE-AI.10.1.0
2025-12-21 18:31:52,222 [WARN] PackLoader:240 - Cannot read IP mode file for STMicroelectronics.X-CUBE-MEMS1.12.0.0
2025-12-21 18:31:52,273 [WARN] PackLoader:240 - Cannot read IP mode file for STMicroelectronics.X-CUBE-ALGOBUILD.1.3.0
2025-12-21 18:31:52,284 [WARN] PackLoader:240 - Cannot read IP mode file for STMicroelectronics.X-CUBE-AZRTOS-G0.1.1.0
2025-12-21 18:31:52,289 [WARN] PackLoader:240 - Cannot read IP mode file for STMicroelectronics.X-CUBE-SAFEA1.1.2.2
2025-12-21 18:31:52,293 [WARN] PackLoader:240 - Cannot read IP mode file for STMicroelectronics.X-CUBE-NFC4.3.0.0
2025-12-21 18:31:52,314 [WARN] PackLoader:240 - Cannot read IP mode file for SEGGER.I-CUBE-embOS.1.2.0
2025-12-21 18:31:52,339 [WARN] PackLoader:240 - Cannot read IP mode file for EmbeddedOffice.I-CUBE-FS-RTOS.1.0.1
2025-12-21 18:31:52,343 [WARN] PackLoader:240 - Cannot read IP mode file for STMicroelectronics.X-CUBE-WB05N.2.0.0
2025-12-21 18:31:52,345 [WARN] PackLoader:240 - Cannot read IP mode file for wolfSSL.I-CUBE-wolfTPM.3.8.0
2025-12-21 18:31:52,349 [WARN] PackLoader:240 - Cannot read IP mode file for STMicroelectronics.X-CUBE-BLEMGR.1.3.0
2025-12-21 18:31:52,353 [WARN] PackLoader:240 - Cannot read IP mode file for STMicroelectronics.X-CUBE-TCPP.4.2.0
2025-12-21 18:31:52,356 [WARN] PackLoader:240 - Cannot read IP mode file for RealThread.X-CUBE-RT-Thread_Nano.4.1.1
2025-12-21 18:31:52,367 [WARN] PackLoader:240 - Cannot read IP mode file for STMicroelectronics.X-CUBE-AZRTOS-H7.2.0.0
2025-12-21 18:31:52,371 [WARN] PackLoader:240 - Cannot read IP mode file for STMicroelectronics.FP-ATR-SIGFOX1.3.2.0
2025-12-21 18:31:52,383 [WARN] PackLoader:240 - Cannot read IP mode file for STMicroelectronics.X-CUBE-EEPRMA1.5.1.0
2025-12-21 18:31:52,386 [WARN] PackLoader:240 - Cannot read IP mode file for STMicroelectronics.X-CUBE-TOUCHGFX.4.20.0
2025-12-21 18:31:52,388 [WARN] PackLoader:240 - Cannot read IP mode file for wolfSSL.I-CUBE-wolfSSL.5.7.6
2025-12-21 18:31:52,391 [WARN] PackLoader:240 - Cannot read IP mode file for ITTIA_DB.I-CUBE-ITTIADB.8.9.0
2025-12-21 18:31:52,416 [WARN] PackLoader:240 - Cannot read IP mode file for STMicroelectronics.X-CUBE-MEMS1.9.5.0
2025-12-21 18:31:52,513 [WARN] PackLoader:240 - Cannot read IP mode file for STMicroelectronics.X-CUBE-ST67W61.1.0.0
2025-12-21 18:31:52,515 [WARN] PackLoader:240 - Cannot read IP mode file for STMicroelectronics.X-CUBE-AI.10.2.0
2025-12-21 18:31:52,532 [WARN] PackLoader:240 - Cannot read IP mode file for SEGGER.I-CUBE-embOS.1.3.1
2025-12-21 18:31:52,554 [WARN] PackLoader:240 - Cannot read IP mode file for STMicroelectronics.X-CUBE-ALGOBUILD.1.4.0
2025-12-21 18:31:52,585 [WARN] PackLoader:240 - Cannot read IP mode file for STMicroelectronics.X-CUBE-MEMS1.11.3.0
2025-12-21 18:31:52,665 [WARN] PackLoader:240 - Cannot read IP mode file for STMicroelectronics.X-CUBE-DISPLAY.2.0.1
2025-12-21 18:31:52,668 [WARN] PackLoader:240 - Cannot read IP mode file for STMicroelectronics.X-CUBE-AI.9.1.0
2025-12-21 18:31:52,672 [WARN] PackLoader:240 - Cannot read IP mode file for STMicroelectronics.X-CUBE-TOF1.3.0.0
2025-12-21 18:31:52,677 [WARN] PackLoader:240 - Cannot read IP mode file for STMicroelectronics.X-CUBE-PM33A1.1.0.0
2025-12-21 18:31:52,680 [WARN] PackLoader:240 - Cannot read IP mode file for STMicroelectronics.X-CUBE-GNSS1.6.0.0
2025-12-21 18:31:52,692 [WARN] PackLoader:240 - Cannot read IP mode file for STMicroelectronics.X-CUBE-AZRTOS-F4.1.1.0
2025-12-21 18:31:52,695 [WARN] PackLoader:240 - Cannot read IP mode file for Avnet-IotConnect.X-CUBE-IoTC-DA16k-PMOD.1.0.0
2025-12-21 18:31:52,698 [WARN] PackLoader:240 - Cannot read IP mode file for STMicroelectronics.X-CUBE-ISPU.2.1.0
2025-12-21 18:31:52,706 [WARN] PackLoader:240 - Cannot read IP mode file for STMicroelectronics.X-CUBE-IPS.3.2.0
2025-12-21 18:31:52,713 [WARN] PackLoader:240 - Cannot read IP mode file for STMicroelectronics.X-CUBE-FREERTOS.1.2.0
2025-12-21 18:31:52,718 [WARN] PackLoader:240 - Cannot read IP mode file for STMicroelectronics.X-CUBE-NFC12.1.0.0
2025-12-21 18:31:52,747 [WARN] PackLoader:240 - Cannot read IP mode file for STMicroelectronics.X-CUBE-AZRTOS-L5.2.0.0
2025-12-21 18:31:52,792 [WARN] PackLoader:240 - Cannot read IP mode file for STMicroelectronics.X-CUBE-MEMS1.9.6.0
2025-12-21 18:31:52,904 [WARN] PackLoader:240 - Cannot read IP mode file for STMicroelectronics.X-CUBE-NFC6.3.1.0
2025-12-21 18:31:52,909 [WARN] PackLoader:240 - Cannot read IP mode file for emotas.I-CUBE-CANOPEN.1.1.3
2025-12-21 18:31:52,913 [WARN] PackLoader:240 - Cannot read IP mode file for STMicroelectronics.X-CUBE-BLEMGR.2.0.0
2025-12-21 18:31:52,917 [WARN] PackLoader:240 - Cannot read IP mode file for STMicroelectronics.X-CUBE-DPower.1.2.0
2025-12-21 18:31:52,920 [WARN] PackLoader:240 - Cannot read IP mode file for STMicroelectronics.X-CUBE-NFC4.2.0.5
2025-12-21 18:31:52,923 [WARN] PackLoader:240 - Cannot read IP mode file for STMicroelectronics.X-CUBE-NFC4.2.0.3
2025-12-21 18:31:52,934 [WARN] ConditionMgr:438 - getConditionDescription Invalid condition id : UX DEVICE CLASS RTOS Condition cause : null
2025-12-21 18:31:52,934 [WARN] ConditionMgr:438 - getConditionDescription Invalid condition id : UX DEVICE CLASS RTOS Condition cause : null
2025-12-21 18:31:52,936 [WARN] PackLoader:240 - Cannot read IP mode file for STMicroelectronics.X-CUBE-AZRTOS-H7.3.1.0
2025-12-21 18:31:52,937 [WARN] ConditionMgr:1044 - genDependencies : Invalid condition id : UX DEVICE CLASS RTOS Condition cause : null
2025-12-21 18:31:52,937 [WARN] ConditionMgr:1044 - genDependencies : Invalid condition id : UX DEVICE CLASS RTOS Condition cause : null
2025-12-21 18:31:52,937 [WARN] ConditionMgr:1044 - genDependencies : Invalid condition id : UX DEVICE CLASS RTOS Condition cause : null
2025-12-21 18:31:52,938 [WARN] ConditionMgr:1044 - genDependencies : Invalid condition id : UX DEVICE CLASS RTOS Condition cause : null
2025-12-21 18:31:52,938 [WARN] ConditionMgr:1044 - genDependencies : Invalid condition id : UX DEVICE CLASS RTOS Condition cause : null
2025-12-21 18:31:52,944 [WARN] PackLoader:240 - Cannot read IP mode file for STMicroelectronics.X-CUBE-SFXS2LP1.3.1.0
2025-12-21 18:31:52,958 [WARN] PackLoader:240 - Cannot read IP mode file for STMicroelectronics.X-CUBE-AZRTOS-F4.1.0.0
2025-12-21 18:31:52,964 [WARN] PackLoader:240 - Cannot read IP mode file for STMicroelectronics.X-CUBE-FREERTOS.1.3.1
2025-12-21 18:31:52,968 [WARN] PackLoader:240 - Cannot read IP mode file for STMicroelectronics.X-CUBE-FREERTOS.1.3.0
2025-12-21 18:31:52,971 [WARN] PackLoader:240 - Cannot read IP mode file for STMicroelectronics.X-CUBE-NFC7.1.0.1
2025-12-21 18:31:52,976 [WARN] PackLoader:240 - Cannot read IP mode file for STMicroelectronics.X-CUBE-NFC7.1.0.0
2025-12-21 18:31:52,978 [WARN] PackLoader:240 - Cannot read IP mode file for STMicroelectronics.X-CUBE-TOUCHGFX.4.26.0
2025-12-21 18:31:52,984 [WARN] PackLoader:240 - Cannot read IP mode file for STMicroelectronics.X-CUBE-NFC6.3.0.0
2025-12-21 18:31:52,989 [WARN] PackLoader:240 - Cannot read IP mode file for STMicroelectronics.X-CUBE-EEPRMA1.4.1.0
2025-12-21 18:31:52,995 [WARN] PackLoader:240 - Cannot read IP mode file for STMicroelectronics.FP-SNS-STAIOTCFT.1.0.0
2025-12-21 18:31:52,998 [WARN] PackLoader:240 - Cannot read IP mode file for STMicroelectronics.X-CUBE-DPower.1.3.0
2025-12-21 18:31:53,000 [WARN] PackLoader:240 - Cannot read IP mode file for STMicroelectronics.X-CUBE-AI.8.1.0
2025-12-21 18:31:53,010 [WARN] PackLoader:240 - Cannot read IP mode file for STMicroelectronics.X-CUBE-AZRTOS-G0.1.0.0
2025-12-21 18:31:53,023 [WARN] ConditionMgr:438 - getConditionDescription Invalid condition id : LAN8742 Phy interface Condition cause : null
2025-12-21 18:31:53,023 [WARN] PackLoader:240 - Cannot read IP mode file for STMicroelectronics.X-CUBE-AZRTOS-L4.2.0.0
2025-12-21 18:31:53,024 [WARN] ConditionMgr:1044 - genDependencies : Invalid condition id : LAN8742 Phy interface Condition cause : null
2025-12-21 18:31:53,024 [WARN] ConditionMgr:1044 - genDependencies : Invalid condition id : LAN8742 Phy interface Condition cause : null
2025-12-21 18:31:53,024 [WARN] ConditionMgr:1044 - genDependencies : Invalid condition id : LAN8742 Phy interface Condition cause : null
2025-12-21 18:31:53,029 [WARN] PackLoader:240 - Cannot read IP mode file for STMicroelectronics.X-CUBE-SFXS2LP1.4.0.0
2025-12-21 18:31:53,043 [WARN] PackLoader:240 - Cannot read IP mode file for STMicroelectronics.X-CUBE-AZRTOS-H7.3.0.0
2025-12-21 18:31:53,047 [WARN] PackLoader:240 - Cannot read IP mode file for STMicroelectronics.X-CUBE-ISPU.1.1.0
2025-12-21 18:31:53,060 [WARN] PackLoader:240 - Cannot read IP mode file for STMicroelectronics.X-CUBE-AZRTOS-H7.3.3.0
2025-12-21 18:31:53,066 [WARN] PackLoader:240 - Cannot read IP mode file for RoweBots.I-CUBE-UNISONRTOS.5.5.0-4
2025-12-21 18:31:53,072 [WARN] PackLoader:240 - Cannot read IP mode file for STMicroelectronics.X-CUBE-BLEMGR.4.1.0
2025-12-21 18:31:53,077 [WARN] PackLoader:240 - Cannot read IP mode file for STMicroelectronics.X-CUBE-AI.8.0.0
2025-12-21 18:31:53,082 [WARN] PackLoader:240 - Cannot read IP mode file for STMicroelectronics.X-CUBE-IPS.3.0.0
2025-12-21 18:31:53,093 [WARN] ConditionMgr:438 - getConditionDescription Invalid condition id : UX DEVICE CLASS RTOS Condition cause : null
2025-12-21 18:31:53,093 [WARN] ConditionMgr:438 - getConditionDescription Invalid condition id : UX DEVICE CLASS RTOS Condition cause : null
2025-12-21 18:31:53,095 [WARN] PackLoader:240 - Cannot read IP mode file for STMicroelectronics.X-CUBE-AZRTOS-WB.2.0.0
2025-12-21 18:31:53,095 [WARN] ConditionMgr:1044 - genDependencies : Invalid condition id : UX DEVICE CLASS RTOS Condition cause : null
2025-12-21 18:31:53,095 [WARN] ConditionMgr:1044 - genDependencies : Invalid condition id : UX DEVICE CLASS RTOS Condition cause : null
2025-12-21 18:31:53,095 [WARN] ConditionMgr:1044 - genDependencies : Invalid condition id : UX DEVICE CLASS RTOS Condition cause : null
2025-12-21 18:31:53,095 [WARN] ConditionMgr:1044 - genDependencies : Invalid condition id : UX DEVICE CLASS RTOS Condition cause : null
2025-12-21 18:31:53,095 [WARN] ConditionMgr:1044 - genDependencies : Invalid condition id : UX DEVICE CLASS RTOS Condition cause : null
2025-12-21 18:31:53,098 [WARN] PackLoader:240 - Cannot read IP mode file for STMicroelectronics.X-CUBE-FREERTOS.1.0.0
2025-12-21 18:31:53,100 [WARN] PackLoader:240 - Cannot read IP mode file for STMicroelectronics.X-CUBE-FREERTOS.1.0.1
2025-12-21 18:31:53,103 [WARN] PackLoader:240 - Cannot read IP mode file for STMicroelectronics.X-CUBE-GNSS1.7.0.0
2025-12-21 18:31:53,106 [WARN] PackLoader:240 - Cannot read IP mode file for STMicroelectronics.X-CUBE-GNSS1.7.0.1
2025-12-21 18:31:53,108 [WARN] PackLoader:240 - Cannot read IP mode file for STMicroelectronics.X-CUBE-TOUCHGFX.4.25.0
2025-12-21 18:31:53,112 [WARN] PackLoader:240 - Cannot read IP mode file for STMicroelectronics.FP-SNS-STBOX1.2.0.0
2025-12-21 18:31:53,122 [WARN] PackLoader:240 - Cannot read IP mode file for STMicroelectronics.X-CUBE-AZRTOS-L5.1.1.0
2025-12-21 18:31:53,126 [WARN] PackLoader:240 - Cannot read IP mode file for STMicroelectronics.X-CUBE-AI.8.0.1
2025-12-21 18:31:53,131 [WARN] PackLoader:240 - Cannot read IP mode file for STMicroelectronics.X-CUBE-SUBG2.5.0.0
2025-12-21 18:31:53,146 [WARN] PackLoader:240 - Cannot read IP mode file for STMicroelectronics.X-CUBE-AZRTOS-H7RS.1.1.0
2025-12-21 18:31:53,150 [WARN] PackLoader:240 - Cannot read IP mode file for Cesanta.I-CUBE-Mongoose.7.13.0
2025-12-21 18:31:53,155 [WARN] PackLoader:240 - Cannot read IP mode file for STMicroelectronics.X-CUBE-TOF1.3.3.1
2025-12-21 18:31:53,169 [WARN] PackLoader:240 - Cannot read IP mode file for STMicroelectronics.X-CUBE-AZRTOS-G4.2.0.0
2025-12-21 18:31:53,176 [WARN] PackLoader:240 - Cannot read IP mode file for STMicroelectronics.X-CUBE-TOF1.3.3.0
2025-12-21 18:31:53,189 [WARN] PackLoader:240 - Cannot read IP mode file for STMicroelectronics.FP-ATR-ASTRA1.1.1.1
2025-12-21 18:31:53,191 [WARN] PackLoader:240 - Cannot read IP mode file for wolfSSL.I-CUBE-wolfSSH.1.4.20
2025-12-21 18:31:53,193 [WARN] PackLoader:240 - Cannot read IP mode file for STMicroelectronics.X-CUBE-NFC7.2.0.0
2025-12-21 18:31:53,202 [WARN] PackLoader:240 - Cannot read IP mode file for STMicroelectronics.X-CUBE-AZRTOS-G4.1.0.0
2025-12-21 18:31:53,215 [WARN] PackLoader:240 - Cannot read IP mode file for STMicroelectronics.X-CUBE-AZRTOS-L4.1.0.0
2025-12-21 18:31:53,218 [WARN] PackLoader:240 - Cannot read IP mode file for STMicroelectronics.X-CUBE-ISPU.2.0.0
2025-12-21 18:31:53,224 [WARN] PackLoader:240 - Cannot read IP mode file for STMicroelectronics.X-CUBE-IPS.3.1.0
2025-12-21 18:31:53,230 [WARN] PackLoader:240 - Cannot read IP mode file for STMicroelectronics.X-CUBE-ALS.1.0.2
2025-12-21 18:31:53,254 [WARN] PackLoader:240 - Cannot read IP mode file for STMicroelectronics.X-CUBE-MEMS1.10.0.0
2025-12-21 18:31:53,317 [WARN] PackLoader:240 - Cannot read IP mode file for STMicroelectronics.X-CUBE-FREERTOS.1.1.0
2025-12-21 18:31:53,327 [WARN] PackLoader:240 - Cannot read IP mode file for STMicroelectronics.X-CUBE-AZRTOS-F7.1.0.0
2025-12-21 18:31:53,334 [WARN] PackLoader:240 - Cannot read IP mode file for STMicroelectronics.X-CUBE-AZRTOS-WL.1.0.0
2025-12-21 18:31:53,337 [WARN] PackLoader:240 - Cannot read IP mode file for STMicroelectronics.X-CUBE-TOUCHGFX.4.24.1
2025-12-21 18:31:53,340 [WARN] PackLoader:240 - Cannot read IP mode file for STMicroelectronics.X-CUBE-STSE01.1.0.0
2025-12-21 18:31:53,362 [WARN] PackLoader:240 - Cannot read IP mode file for STMicroelectronics.X-CUBE-MEMS1.9.1.0
2025-12-21 18:31:53,414 [WARN] PackLoader:240 - Cannot read IP mode file for portGmbH.I-Cube-SoM-uGOAL.1.1.0
2025-12-21 18:31:53,416 [WARN] PackLoader:240 - Cannot read IP mode file for STMicroelectronics.X-CUBE-ALS.1.0.1
2025-12-21 18:31:53,424 [WARN] PackLoader:240 - Cannot read IP mode file for STMicroelectronics.X-CUBE-AZRTOS-WB.1.1.0
2025-12-21 18:31:53,435 [WARN] PackLoader:240 - Cannot read IP mode file for STMicroelectronics.X-CUBE-AZRTOS-L5.1.0.0
2025-12-21 18:31:53,438 [WARN] PackLoader:240 - Cannot read IP mode file for STMicroelectronics.X-CUBE-EEPRMA1.3.1.1
2025-12-21 18:31:53,442 [WARN] PackLoader:240 - Cannot read IP mode file for STMicroelectronics.X-CUBE-GNSS1.5.2.0
2025-12-21 18:31:53,462 [WARN] PackLoader:240 - Cannot read IP mode file for STMicroelectronics.FP-ATR-ASTRA1.2.0.0
2025-12-21 18:31:53,483 [WARN] PackLoader:240 - Cannot read IP mode file for STMicroelectronics.X-CUBE-TOF1.3.4.2
2025-12-21 18:31:53,529 [WARN] PackLoader:240 - Cannot read IP mode file for STMicroelectronics.X-CUBE-TOF1.3.4.3
2025-12-21 18:31:53,545 [WARN] PackLoader:240 - Cannot read IP mode file for STMicroelectronics.X-CUBE-TOF1.3.4.1
2025-12-21 18:31:53,566 [WARN] PackLoader:240 - Cannot read IP mode file for STMicroelectronics.X-CUBE-AZRTOS-H7.3.2.0
2025-12-21 18:31:53,576 [WARN] PackLoader:240 - Cannot read IP mode file for Infineon.AIROC-Wi-Fi-Bluetooth-STM32.1.6.0
2025-12-21 18:31:53,579 [INFO] ThirdParty:978 - Integrity check success = true
2025-12-21 18:31:53,579 [INFO] IntegrityCheckThread:100 - exiting critical section [integrity check]
2025-12-21 18:31:53,579 [INFO] IntegrityCheckThread:103 - End integrity checks thread
2025-12-21 18:42:40,186 [INFO] Activator:176 - 


2025-12-21 18:42:40,188 [INFO] Activator:177 - !SESSION log4j initialized
2025-12-21 18:42:45,838 [INFO] LogOutputStream:77 - [STDOUT_REDIRECT] 
2025-12-21 19:32:24,209 [INFO] Activator:176 - 


2025-12-21 19:32:24,211 [INFO] Activator:177 - !SESSION log4j initialized
2025-12-21 19:32:28,368 [INFO] LogOutputStream:77 - [STDOUT_REDIRECT] 
