2025-07-25 11:00:52,728 [FATAL] RifView:1496 - Exception caught
java.lang.NullPointerException: Cannot invoke "com.st.microxplorer.mcu.rif.RIFService.getRisupmodel()" because the return value of "com.st.microxplorer.mcu.Mcu.getRIFService()" is null
	at com.st.microxplorer.plugins.rifgui.RifView.fillRisupTable(RifView.java:2595) ~[ipmanager.jar:?]
	at com.st.microxplorer.plugins.rifgui.RifView.generatePdfReport(RifView.java:1338) ~[ipmanager.jar:?]
	at com.st.microxplorer.plugins.projectmanager.engine.ConfigurationReport.generatePDF(ConfigurationReport.java:329) ~[filemanager.jar:?]
	at com.st.microxplorer.plugins.projectmanager.engine.ReportBuilder.startGenerateReport(ReportBuilder.java:226) ~[filemanager.jar:?]
	at com.st.microxplorer.plugins.projectmanager.engine.MainProjectManager.startGenerateReport(MainProjectManager.java:1540) ~[filemanager.jar:?]
	at com.st.microxplorer.plugins.filemanager.FileManagerView$10.actionPerformed(FileManagerView.java:768) ~[filemanager.jar:?]
	at com.st.stm32cube.common.mx.editor.CubeMxEditor$28.run(CubeMxEditor.java:2831) ~[com.st.stm32cube.common.mx_6.15.0.202507011659/:?]
	at com.st.stm32cube.common.mx.oss.core.awtswtbridge.AwtEnvironment$2.run(AwtEnvironment.java:166) ~[com.st.stm32cube.common.mx.oss_6.15.0.202507011659/:?]
	at java.awt.event.InvocationEvent.dispatch(InvocationEvent.java:318) ~[?:?]
	at java.awt.EventQueue.dispatchEventImpl(EventQueue.java:773) ~[?:?]
	at java.awt.EventQueue$4.run(EventQueue.java:720) ~[?:?]
	at java.awt.EventQueue$4.run(EventQueue.java:714) ~[?:?]
	at java.security.AccessController.doPrivileged(AccessController.java:400) ~[?:?]
	at java.security.ProtectionDomain$JavaSecurityAccessImpl.doIntersectionPrivilege(ProtectionDomain.java:87) ~[?:?]
	at java.awt.EventQueue.dispatchEvent(EventQueue.java:742) ~[?:?]
	at java.awt.EventDispatchThread.pumpOneEventForFilters(EventDispatchThread.java:203) ~[?:?]
	at java.awt.EventDispatchThread.pumpEventsForFilter(EventDispatchThread.java:124) ~[?:?]
	at java.awt.EventDispatchThread.pumpEventsForHierarchy(EventDispatchThread.java:113) ~[?:?]
	at java.awt.EventDispatchThread.pumpEvents(EventDispatchThread.java:109) ~[?:?]
	at java.awt.EventDispatchThread.pumpEvents(EventDispatchThread.java:101) ~[?:?]
	at java.awt.EventDispatchThread.run(EventDispatchThread.java:90) ~[?:?]
2025-07-25 11:00:52,911 [INFO] IPUIPlugin:80 - create IPUIPlugin
2025-07-25 11:00:52,912 [INFO] IPUIPlugin:80 - create IPUIPlugin
2025-07-25 11:00:52,913 [INFO] IPUIPlugin:80 - create IPUIPlugin
2025-07-25 11:00:52,913 [INFO] IPUIPlugin:80 - create IPUIPlugin
2025-07-25 11:00:52,914 [INFO] IPUIPlugin:80 - create IPUIPlugin
2025-07-25 11:00:52,915 [INFO] IPUIPlugin:80 - create IPUIPlugin
2025-07-25 11:00:52,916 [INFO] IPUIPlugin:80 - create IPUIPlugin
2025-07-25 11:00:52,917 [INFO] IPUIPlugin:80 - create IPUIPlugin
2025-07-25 11:00:52,918 [INFO] IPUIPlugin:80 - create IPUIPlugin
2025-07-25 11:00:53,142 [WARN] IP:2250 - DEVICE_SERIAL0_CDC_FS not found: check if there is a RefParameter without a condition.
2025-07-25 11:00:53,142 [WARN] IP:2250 - DEVICE_SERIAL1_CDC_FS not found: check if there is a RefParameter without a condition.
2025-07-25 11:00:53,143 [WARN] IP:2250 - DEVICE_SERIAL2_CDC_FS not found: check if there is a RefParameter without a condition.
2025-07-25 11:00:53,167 [INFO] IPUIPlugin:80 - create IPUIPlugin
2025-07-25 11:01:00,240 [INFO] ReportBuilder:244 - Project Builder opening /Users/liufangzheng/Documents/Lab/github/HexSense_MIT/firmware/STM32F722/ADS131M04/ADS131M04
