2024-12-14 16:57:11,391 [INFO] Activator:176 - 


2024-12-14 16:57:11,398 [INFO] Activator:177 - !SESSION log4j initialized
2024-12-14 16:57:16,883 [INFO] LogOutputStream:77 - [STDOUT_REDIRECT] 
2024-12-14 16:57:18,559 [INFO] ApplicationProperties:184 - Using Application install path: C:\ST\STM32CubeIDE_1.8.0\STM32CubeIDE\plugins\com.st.stm32cube.common.mx_6.13.0.202411220809
2024-12-14 16:57:18,575 [INFO] DbMcusXml:78 - Set database path to: C:\ST\STM32CubeIDE_1.8.0\STM32CubeIDE\plugins\com.st.stm32cube.common.mx_6.13.0.202411220809\\db\/mcu/
2024-12-14 16:57:18,576 [INFO] ApiDb:274 - Set plugin database path to: C:\ST\STM32CubeIDE_1.8.0\STM32CubeIDE\plugins\com.st.stm32cube.common.mx_6.13.0.202411220809\\db\/plugins/boardmanager/
2024-12-14 16:57:18,577 [WARN] ApiDb:259 - Overriding images path with different value:  => C:\ST\STM32CubeIDE_1.8.0\STM32CubeIDE\plugins\com.st.stm32cube.common.mx_6.13.0.202411220809\\db\/plugins/mcufinder/images/
2024-12-14 16:57:18,592 [INFO] ApiDb:250 - Set database path to: C:\Users\l1534\.stmcufinder\plugins\mcufinder//mcu/
2024-12-14 16:57:18,594 [INFO] DbMcusAds:125 - Set database path to: C:\Users\l1534\.stmcufinder\plugins\mcufinder//mcu/
2024-12-14 16:57:18,595 [INFO] CrossReferenceDbSqlite:203 - Set database path to: C:\Users\l1534\.stmcufinder\plugins\mcufinder//mcu/cs/
2024-12-14 16:57:18,694 [INFO] RulesReader:64 - Compatibility file has been processed (297 Rules)
2024-12-14 16:57:18,785 [INFO] DbMcusXml:78 - Set database path to: C:\ST\STM32CubeIDE_1.8.0\STM32CubeIDE\plugins\com.st.stm32cube.common.mx_6.13.0.202411220809\\db\/mcu/
2024-12-14 16:57:18,785 [INFO] ApiDb:274 - Set plugin database path to: C:\ST\STM32CubeIDE_1.8.0\STM32CubeIDE\plugins\com.st.stm32cube.common.mx_6.13.0.202411220809\\db\/plugins/boardmanager/
2024-12-14 16:57:18,785 [INFO] ApiDb:261 - Set plugin images path to: C:\ST\STM32CubeIDE_1.8.0\STM32CubeIDE\plugins\com.st.stm32cube.common.mx_6.13.0.202411220809\\db\/plugins/mcufinder/images/
2024-12-14 16:57:18,786 [WARN] DbFile:41 - Overriding database path with different value: C:\Users\l1534\.stmcufinder\plugins\mcufinder/ => C:\Users\l1534\.stmcufinder\plugins\mcufinder
2024-12-14 16:57:18,786 [INFO] ApiDb:250 - Set database path to: C:\Users\l1534\.stmcufinder\plugins\mcufinder//mcu/
2024-12-14 16:57:18,786 [WARN] DbFile:41 - Overriding database path with different value: C:\Users\l1534\.stmcufinder\plugins\mcufinder/ => C:\Users\l1534\.stmcufinder\plugins\mcufinder
2024-12-14 16:57:18,786 [INFO] DbMcusAds:125 - Set database path to: C:\Users\l1534\.stmcufinder\plugins\mcufinder//mcu/
2024-12-14 16:57:18,786 [WARN] DbFile:41 - Overriding database path with different value: C:\Users\l1534\.stmcufinder\plugins\mcufinder/ => C:\Users\l1534\.stmcufinder\plugins\mcufinder
2024-12-14 16:57:18,786 [WARN] DbFile:41 - Overriding database path with different value: C:\Users\l1534\.stmcufinder\plugins\mcufinder/ => C:\Users\l1534\.stmcufinder\plugins\mcufinder
2024-12-14 16:57:18,787 [INFO] CrossReferenceDbSqlite:203 - Set database path to: C:\Users\l1534\.stmcufinder\plugins\mcufinder//mcu/cs/
2024-12-14 16:57:18,863 [INFO] MainPanel:272 - HeapMemory: 268435456
2024-12-14 16:57:18,967 [INFO] DbMcusXml:78 - Set database path to: C:\ST\STM32CubeIDE_1.8.0\STM32CubeIDE\plugins\com.st.stm32cube.common.mx_6.13.0.202411220809\\db\/mcu/
2024-12-14 16:57:18,967 [INFO] ApiDb:274 - Set plugin database path to: C:\ST\STM32CubeIDE_1.8.0\STM32CubeIDE\plugins\com.st.stm32cube.common.mx_6.13.0.202411220809\\db\/plugins/boardmanager/
2024-12-14 16:57:18,967 [INFO] ApiDb:261 - Set plugin images path to: C:\ST\STM32CubeIDE_1.8.0\STM32CubeIDE\plugins\com.st.stm32cube.common.mx_6.13.0.202411220809\\db\/plugins/mcufinder/images/
2024-12-14 16:57:18,968 [WARN] DbFile:41 - Overriding database path with different value: C:\Users\l1534\.stmcufinder\plugins\mcufinder/ => C:\Users\l1534\.stmcufinder\plugins\mcufinder
2024-12-14 16:57:18,968 [INFO] ApiDb:250 - Set database path to: C:\Users\l1534\.stmcufinder\plugins\mcufinder//mcu/
2024-12-14 16:57:18,968 [WARN] DbFile:41 - Overriding database path with different value: C:\Users\l1534\.stmcufinder\plugins\mcufinder/ => C:\Users\l1534\.stmcufinder\plugins\mcufinder
2024-12-14 16:57:18,968 [INFO] DbMcusAds:125 - Set database path to: C:\Users\l1534\.stmcufinder\plugins\mcufinder//mcu/
2024-12-14 16:57:18,968 [WARN] DbFile:41 - Overriding database path with different value: C:\Users\l1534\.stmcufinder\plugins\mcufinder/ => C:\Users\l1534\.stmcufinder\plugins\mcufinder
2024-12-14 16:57:18,968 [WARN] DbFile:41 - Overriding database path with different value: C:\Users\l1534\.stmcufinder\plugins\mcufinder/ => C:\Users\l1534\.stmcufinder\plugins\mcufinder
2024-12-14 16:57:18,968 [INFO] CrossReferenceDbSqlite:203 - Set database path to: C:\Users\l1534\.stmcufinder\plugins\mcufinder//mcu/cs/
2024-12-14 16:57:18,986 [INFO] ApplicationProperties:184 - Using Application install path: C:\ST\STM32CubeIDE_1.8.0\STM32CubeIDE\plugins\com.st.stm32cube.common.mx_6.13.0.202411220809
2024-12-14 16:57:18,988 [INFO] PluginManage:196 - Search for loadable plugins [exclusion list=, ]
2024-12-14 16:57:18,989 [INFO] PluginManage:310 - Check plugin analytics
2024-12-14 16:57:19,128 [INFO] AnalyticsPlugin:253 - Accepted Software Licenses: STM32CubeMX.6.4.0,STM32CubeMX.6.7.0,STM32CubeMX.6.11.0
2024-12-14 16:57:19,128 [INFO] AnalyticsPlugin:255 - Accepted CMSIS Pack Licenses: 
2024-12-14 16:57:19,128 [INFO] AnalyticsPlugin:257 - Accepted Firmware Licenses: FW.G0.1.5.0,FW.L4.1.18.0,FW.F4.1.28.0,FW.G0.1.6.0,FW.U5.1.5.0
2024-12-14 16:57:19,130 [INFO] PluginManage:359 - Loaded plugin analytics (category:tool,tabindex:-1)
2024-12-14 16:57:19,130 [INFO] PluginManage:310 - Check plugin cadmodel
2024-12-14 16:57:19,148 [INFO] CADModel:105 - Init CAD model plugin
2024-12-14 16:57:19,148 [INFO] PluginManage:359 - Loaded plugin cadmodel (category:power,tabindex:5)
2024-12-14 16:57:19,148 [INFO] PluginManage:310 - Check plugin clock
2024-12-14 16:57:19,173 [INFO] PluginManage:359 - Loaded plugin clock (category:base,tabindex:2)
2024-12-14 16:57:19,173 [INFO] PluginManage:310 - Check plugin ddr
2024-12-14 16:57:19,176 [INFO] PluginManage:359 - Loaded plugin ddr (category:tool,tabindex:6)
2024-12-14 16:57:19,176 [INFO] PluginManage:310 - Check plugin filemanager
2024-12-14 16:57:19,309 [INFO] PluginManage:359 - Loaded plugin filemanager (category:base,tabindex:10)
2024-12-14 16:57:19,309 [INFO] PluginManage:310 - Check plugin ipmanager
2024-12-14 16:57:19,316 [INFO] PluginManage:359 - Loaded plugin ipmanager (category:base,tabindex:5)
2024-12-14 16:57:19,316 [INFO] PluginManage:310 - Check plugin lpbam
2024-12-14 16:57:19,335 [INFO] PluginManage:359 - Loaded plugin lpbam (category:base,tabindex:0)
2024-12-14 16:57:19,335 [INFO] PluginManage:310 - Check plugin memorymap
2024-12-14 16:57:19,357 [INFO] PluginManage:359 - Loaded plugin memorymap (category:base,tabindex:4)
2024-12-14 16:57:19,357 [INFO] PluginManage:310 - Check plugin pinoutandconfiguration
2024-12-14 16:57:19,375 [INFO] PluginManage:359 - Loaded plugin pinoutandconfiguration (category:base,tabindex:1)
2024-12-14 16:57:19,376 [INFO] PluginManage:310 - Check plugin pinoutconfig
2024-12-14 16:57:19,462 [WARN] SupportedApi:132 - Cannot load RTOS API schema: s4s-elt-must-match.1: The content of 'definitions' must match (annotation?, (simpleType | complexType)?, (unique | key | keyref)*)). A problem was found starting at: attribute.
2024-12-14 16:57:19,578 [INFO] PluginManage:359 - Loaded plugin pinoutconfig (category:base,tabindex:0)
2024-12-14 16:57:19,578 [INFO] PluginManage:310 - Check plugin power
2024-12-14 16:57:19,601 [INFO] PluginManage:359 - Loaded plugin power (category:power,tabindex:4)
2024-12-14 16:57:19,601 [INFO] PluginManage:310 - Check plugin projectmanager
2024-12-14 16:57:19,617 [INFO] PluginManage:359 - Loaded plugin projectmanager (category:projectmanager,tabindex:4)
2024-12-14 16:57:19,618 [INFO] PluginManage:310 - Check plugin rif
2024-12-14 16:57:19,638 [INFO] PluginManage:359 - Loaded plugin rif (category:base,tabindex:3)
2024-12-14 16:57:19,638 [INFO] PluginManage:310 - Check plugin thirdparty
2024-12-14 16:57:19,887 [INFO] PluginManage:359 - Loaded plugin thirdparty (category:base,tabindex:-1)
2024-12-14 16:57:19,887 [INFO] PluginManage:310 - Check plugin tools
2024-12-14 16:57:19,887 [WARN] IntegrityCheckThread:84 - waiting for thirdparty lock release [integrity check]
2024-12-14 16:57:19,887 [INFO] IntegrityCheckThread:86 - entering critical section [integrity check]
2024-12-14 16:57:19,887 [INFO] ThirdPartyUpdaterWithRetryManager:70 - Updater plugin not ready yet. [1/15]
2024-12-14 16:57:19,926 [INFO] PluginManage:359 - Loaded plugin tools (category:base,tabindex:7)
2024-12-14 16:57:19,926 [INFO] PluginManage:310 - Check plugin tutovideos
2024-12-14 16:57:20,096 [INFO] PluginManage:359 - Loaded plugin tutovideos (category:base,tabindex:-1)
2024-12-14 16:57:20,096 [INFO] PluginManage:310 - Check plugin updater
2024-12-14 16:57:20,116 [INFO] PluginManage:359 - Loaded plugin updater (category:base,tabindex:12)
2024-12-14 16:57:20,117 [INFO] PluginManage:310 - Check plugin userauth
2024-12-14 16:57:20,120 [INFO] UserAuth:118 - Init User Auth plugin
2024-12-14 16:57:20,121 [INFO] PluginManage:359 - Loaded plugin userauth (category:base,tabindex:14)
2024-12-14 16:57:20,121 [INFO] PluginManage:283 - PluginManage : Loaded plugins [18]
2024-12-14 16:57:20,318 [INFO] PinOutPanel:1589 - setPackage(No Configuration,No Configuration)
2024-12-14 16:57:20,394 [INFO] CADModel:165 - CPN selected for project level
2024-12-14 16:57:20,394 [INFO] CADModel:114 - Register for checkConnection events
2024-12-14 16:57:20,421 [INFO] IPUIPlugin:80 - create IPUIPlugin
2024-12-14 16:57:20,421 [INFO] PluginManager:220 - loadIPPluginJar : add adc
2024-12-14 16:57:20,464 [INFO] IPUIPlugin:80 - create IPUIPlugin
2024-12-14 16:57:20,464 [INFO] PluginManager:220 - loadIPPluginJar : add aes
2024-12-14 16:57:20,511 [INFO] IPUIPlugin:80 - create IPUIPlugin
2024-12-14 16:57:20,511 [INFO] PluginManager:220 - loadIPPluginJar : add can
2024-12-14 16:57:20,540 [INFO] IPUIPlugin:80 - create IPUIPlugin
2024-12-14 16:57:20,540 [INFO] PluginManager:220 - loadIPPluginJar : add comp
2024-12-14 16:57:20,578 [INFO] IPUIPlugin:80 - create IPUIPlugin
2024-12-14 16:57:20,578 [INFO] PluginManager:220 - loadIPPluginJar : add cryp
2024-12-14 16:57:20,593 [INFO] IPUIPlugin:80 - create IPUIPlugin
2024-12-14 16:57:20,593 [INFO] PluginManager:220 - loadIPPluginJar : add ddr_ctrl_phy
2024-12-14 16:57:20,626 [INFO] IPUIPlugin:80 - create IPUIPlugin
2024-12-14 16:57:20,626 [INFO] PluginManager:220 - loadIPPluginJar : add dfsdm
2024-12-14 16:57:20,641 [INFO] IPUIPlugin:80 - create IPUIPlugin
2024-12-14 16:57:20,642 [INFO] PluginManager:220 - loadIPPluginJar : add dma
2024-12-14 16:57:20,687 [INFO] IPUIPlugin:80 - create IPUIPlugin
2024-12-14 16:57:20,687 [INFO] PluginManager:220 - loadIPPluginJar : add dma3
2024-12-14 16:57:20,734 [INFO] IPUIPlugin:80 - create IPUIPlugin
2024-12-14 16:57:20,735 [INFO] PluginManager:220 - loadIPPluginJar : add extmemmanager
2024-12-14 16:57:20,759 [INFO] IPUIPlugin:80 - create IPUIPlugin
2024-12-14 16:57:20,759 [INFO] PluginManager:220 - loadIPPluginJar : add fatfs
2024-12-14 16:57:20,808 [INFO] IPUIPlugin:80 - create IPUIPlugin
2024-12-14 16:57:20,808 [INFO] PluginManager:220 - loadIPPluginJar : add fmc
2024-12-14 16:57:20,825 [INFO] IPUIPlugin:80 - create IPUIPlugin
2024-12-14 16:57:20,826 [INFO] PluginManager:220 - loadIPPluginJar : add freertos
2024-12-14 16:57:20,848 [INFO] IPUIPlugin:80 - create IPUIPlugin
2024-12-14 16:57:20,848 [INFO] PluginManager:220 - loadIPPluginJar : add genericplugin
2024-12-14 16:57:20,948 [INFO] IPUIPlugin:80 - create IPUIPlugin
2024-12-14 16:57:20,948 [INFO] PluginManager:220 - loadIPPluginJar : add gfxmmu
2024-12-14 16:57:21,086 [INFO] IPUIPlugin:80 - create IPUIPlugin
2024-12-14 16:57:21,086 [INFO] PluginManager:220 - loadIPPluginJar : add gic
2024-12-14 16:57:21,101 [INFO] IPUIPlugin:80 - create IPUIPlugin
2024-12-14 16:57:21,101 [INFO] PluginManager:220 - loadIPPluginJar : add gpio
2024-12-14 16:57:21,198 [INFO] IPUIPlugin:80 - create IPUIPlugin
2024-12-14 16:57:21,198 [INFO] PluginManager:220 - loadIPPluginJar : add gtzc
2024-12-14 16:57:21,235 [INFO] IPUIPlugin:80 - create IPUIPlugin
2024-12-14 16:57:21,235 [INFO] PluginManager:220 - loadIPPluginJar : add hash
2024-12-14 16:57:21,292 [INFO] IPUIPlugin:80 - create IPUIPlugin
2024-12-14 16:57:21,292 [INFO] PluginManager:220 - loadIPPluginJar : add i2c
2024-12-14 16:57:21,334 [INFO] IPUIPlugin:80 - create IPUIPlugin
2024-12-14 16:57:21,334 [INFO] PluginManager:220 - loadIPPluginJar : add i2s
2024-12-14 16:57:21,377 [INFO] IPUIPlugin:80 - create IPUIPlugin
2024-12-14 16:57:21,377 [INFO] PluginManager:220 - loadIPPluginJar : add i3c
2024-12-14 16:57:21,482 [INFO] IPUIPlugin:80 - create IPUIPlugin
2024-12-14 16:57:21,482 [INFO] PluginManager:220 - loadIPPluginJar : add ipddr
2024-12-14 16:57:21,580 [INFO] IPUIPlugin:80 - create IPUIPlugin
2024-12-14 16:57:21,580 [INFO] PluginManager:220 - loadIPPluginJar : add linkedlist
2024-12-14 16:57:21,619 [INFO] IPUIPlugin:80 - create IPUIPlugin
2024-12-14 16:57:21,619 [INFO] PluginManager:220 - loadIPPluginJar : add lorawan
2024-12-14 16:57:21,659 [INFO] IPUIPlugin:80 - create IPUIPlugin
2024-12-14 16:57:21,659 [INFO] PluginManager:220 - loadIPPluginJar : add ltdc
2024-12-14 16:57:21,674 [INFO] IPUIPlugin:80 - create IPUIPlugin
2024-12-14 16:57:21,674 [INFO] PluginManager:220 - loadIPPluginJar : add mdma
2024-12-14 16:57:21,688 [INFO] IPUIPlugin:80 - create IPUIPlugin
2024-12-14 16:57:21,688 [INFO] PluginManager:220 - loadIPPluginJar : add nvic
2024-12-14 16:57:21,729 [INFO] IPUIPlugin:80 - create IPUIPlugin
2024-12-14 16:57:21,729 [INFO] PluginManager:220 - loadIPPluginJar : add opamp
2024-12-14 16:57:21,794 [INFO] IPUIPlugin:80 - create IPUIPlugin
2024-12-14 16:57:21,795 [INFO] PluginManager:220 - loadIPPluginJar : add openamp
2024-12-14 16:57:21,842 [INFO] IPUIPlugin:80 - create IPUIPlugin
2024-12-14 16:57:21,842 [INFO] PluginManager:220 - loadIPPluginJar : add pdm2pcm
2024-12-14 16:57:21,857 [INFO] IPUIPlugin:80 - create IPUIPlugin
2024-12-14 16:57:21,859 [INFO] PluginManager:220 - loadIPPluginJar : add plateformsettings
2024-12-14 16:57:21,885 [INFO] IPUIPlugin:80 - create IPUIPlugin
2024-12-14 16:57:21,885 [INFO] PluginManager:220 - loadIPPluginJar : add quadspi
2024-12-14 16:57:21,914 [INFO] IPUIPlugin:80 - create IPUIPlugin
2024-12-14 16:57:21,915 [INFO] PluginManager:220 - loadIPPluginJar : add radio
2024-12-14 16:57:21,929 [INFO] IPUIPlugin:80 - create IPUIPlugin
2024-12-14 16:57:21,930 [INFO] PluginManager:220 - loadIPPluginJar : add resmgrutility
2024-12-14 16:57:21,980 [INFO] IPUIPlugin:80 - create IPUIPlugin
2024-12-14 16:57:21,980 [INFO] PluginManager:220 - loadIPPluginJar : add sai
2024-12-14 16:57:22,021 [INFO] IPUIPlugin:80 - create IPUIPlugin
2024-12-14 16:57:22,021 [INFO] PluginManager:220 - loadIPPluginJar : add spi
2024-12-14 16:57:22,090 [INFO] IPUIPlugin:80 - create IPUIPlugin
2024-12-14 16:57:22,091 [INFO] PluginManager:220 - loadIPPluginJar : add stm32_wpan
2024-12-14 16:57:22,118 [INFO] IPUIPlugin:80 - create IPUIPlugin
2024-12-14 16:57:22,118 [INFO] PluginManager:220 - loadIPPluginJar : add tim
2024-12-14 16:57:22,181 [INFO] IPUIPlugin:80 - create IPUIPlugin
2024-12-14 16:57:22,182 [INFO] PluginManager:220 - loadIPPluginJar : add touchsensing
2024-12-14 16:57:22,207 [INFO] IPUIPlugin:80 - create IPUIPlugin
2024-12-14 16:57:22,208 [INFO] PluginManager:220 - loadIPPluginJar : add tracer_emb
2024-12-14 16:57:22,233 [INFO] IPUIPlugin:80 - create IPUIPlugin
2024-12-14 16:57:22,233 [INFO] PluginManager:220 - loadIPPluginJar : add ts
2024-12-14 16:57:22,257 [INFO] IPUIPlugin:80 - create IPUIPlugin
2024-12-14 16:57:22,258 [INFO] PluginManager:220 - loadIPPluginJar : add tsc
2024-12-14 16:57:22,283 [INFO] IPUIPlugin:80 - create IPUIPlugin
2024-12-14 16:57:22,284 [INFO] PluginManager:220 - loadIPPluginJar : add ucpd
2024-12-14 16:57:22,330 [INFO] IPUIPlugin:80 - create IPUIPlugin
2024-12-14 16:57:22,330 [INFO] PluginManager:220 - loadIPPluginJar : add usart
2024-12-14 16:57:22,376 [INFO] IPUIPlugin:80 - create IPUIPlugin
2024-12-14 16:57:22,376 [INFO] PluginManager:220 - loadIPPluginJar : add usbx
2024-12-14 16:57:22,500 [FATAL] Updater:351 - Updater called before beeing initialized
2024-12-14 16:57:22,522 [INFO] RulesReader:64 - Compatibility file has been processed (297 Rules)
2024-12-14 16:57:22,531 [INFO] RulesReader:64 - Compatibility file has been processed (297 Rules)
2024-12-14 16:57:22,539 [INFO] CADModel:165 - CPN selected for project level
2024-12-14 16:57:22,539 [INFO] CADModel:114 - Register for checkConnection events
2024-12-14 16:57:22,539 [FATAL] Updater:351 - Updater called before beeing initialized
2024-12-14 16:57:22,539 [ERROR] CADModel:125 - Updater not yet initialized, retry later 
2024-12-14 16:57:22,697 [FATAL] Updater:351 - Updater called before beeing initialized
2024-12-14 16:57:22,699 [INFO] CADModel:165 - CPN selected for project level
2024-12-14 16:57:22,699 [INFO] CADModel:114 - Register for checkConnection events
2024-12-14 16:57:22,699 [FATAL] Updater:351 - Updater called before beeing initialized
2024-12-14 16:57:22,699 [ERROR] CADModel:125 - Updater not yet initialized, retry later 
2024-12-14 16:57:22,701 [FATAL] Updater:351 - Updater called before beeing initialized
2024-12-14 16:57:22,797 [FATAL] Updater:351 - Updater called before beeing initialized
2024-12-14 16:57:22,807 [INFO] DbMcusAds:53 - JSON generation date=Fri Sep 20 09:04:23 EDT 2024 (1726837463113)
2024-12-14 16:57:22,807 [FATAL] Updater:351 - Updater called before beeing initialized
2024-12-14 16:57:22,848 [WARN] DetailPanel:346 - Failed to get advertising image, set to default
2024-12-14 16:57:22,888 [INFO] ThirdPartyUpdaterWithRetryManager:70 - Updater plugin not ready yet. [2/15]
2024-12-14 16:57:23,047 [FATAL] Updater:351 - Updater called before beeing initialized
2024-12-14 16:57:23,049 [FATAL] Updater:351 - Updater called before beeing initialized
2024-12-14 16:57:23,049 [FATAL] Updater:351 - Updater called before beeing initialized
2024-12-14 16:57:23,049 [WARN] DetailPanel:346 - Failed to get advertising image, set to default
2024-12-14 16:57:23,050 [FATAL] Updater:351 - Updater called before beeing initialized
2024-12-14 16:57:23,109 [ERROR] Updater:1198 - MainUpdater not yet initialized. External WinMGr cannot be set.
2024-12-14 16:57:23,118 [INFO] Updater:1134 - Updater Version found : 6.13.0
2024-12-14 16:57:23,135 [INFO] ApplicationProperties:184 - Using Application install path: C:\ST\STM32CubeIDE_1.8.0\STM32CubeIDE\plugins\com.st.stm32cube.common.mx_6.13.0.202411220809
2024-12-14 16:57:23,328 [INFO] MainUpdater:525 - Copy updater definitions from MX database
2024-12-14 16:57:23,364 [INFO] MainUpdater:558 - Copy flag file definitions from MX database
2024-12-14 16:57:23,366 [INFO] MainUpdater:574 - Copy thirdparty index definitions from MX database
2024-12-14 16:57:23,368 [INFO] MainUpdater:593 - Copy default thirdparty db definitions from MX database
2024-12-14 16:57:23,533 [INFO] MainUpdater:2872 - connection check result : 10
2024-12-14 16:57:23,533 [INFO] MainUpdater:3566 - Updater definition file requires update
2024-12-14 16:57:23,534 [INFO] MainUpdater:289 - Updater Check For Update Now.
2024-12-14 16:57:23,534 [INFO] MicroXplorer:498 - Change Database Version : DB.6.0.130
2024-12-14 16:57:23,551 [INFO] McuFinderGlobals:63 - Set McuFinder mode to 2 (CubeIDE integrated)
2024-12-14 16:57:23,551 [INFO] UserAuth:171 - activating auth plugin
2024-12-14 16:57:23,554 [INFO] UserAuth:486 - Internet connection configuration mode: 1
2024-12-14 16:57:23,579 [INFO] JxBrowserEngine:152 - Initiate JxBrowser Engine with user profile folder
2024-12-14 16:57:23,881 [INFO] ServerAccessManage:473 - Download File updaters.zip
2024-12-14 16:57:23,951 [INFO] FileExtend:240 - Unzip File : updaters.zip
2024-12-14 16:57:23,952 [INFO] FileExtend:255 - Standard Zip Deflate
2024-12-14 16:57:24,730 [INFO] ServerAccessManage:473 - Download File PacksControlFlags.xml
2024-12-14 16:57:24,872 [INFO] WebApp:168 - Instantiating new browser for Auth
2024-12-14 16:57:25,266 [INFO] ServerAccessManage:473 - Download File cubemx.pidx
2024-12-14 16:57:25,373 [INFO] ServerAccessManage:473 - Download File STMicroelectronics.FP-ATR-ASTRA1.pdsc
2024-12-14 16:57:25,486 [INFO] WebApp:449 - Apply proxy settings
2024-12-14 16:57:25,487 [INFO] WebApp:534 - Chromium requires no authentication
2024-12-14 16:57:25,497 [INFO] WebApp:477 - Direct internet connection detected
2024-12-14 16:57:25,521 [INFO] WebApp:880 - Register for checkConnection events
2024-12-14 16:57:25,521 [INFO] WebApp:449 - Apply proxy settings
2024-12-14 16:57:25,521 [INFO] WebApp:534 - Chromium requires no authentication
2024-12-14 16:57:25,522 [INFO] WebApp:477 - Direct internet connection detected
2024-12-14 16:57:25,557 [INFO] ServerAccessManage:473 - Download File STMicroelectronics.FP-ATR-SIGFOX1.pdsc
2024-12-14 16:57:25,646 [INFO] ServerAccessManage:473 - Download File STMicroelectronics.FP-SNS-STBOX1.pdsc
2024-12-14 16:57:25,705 [INFO] WebApp:221 - Starting web application
2024-12-14 16:57:25,705 [INFO] WebApp:579 - Web application path used C:\ST\STM32CubeIDE_1.8.0\STM32CubeIDE\plugins\com.st.stm32cube.common.mx_6.13.0.202411220809\db\plugins\mcufinder\reactClient1\index.html
2024-12-14 16:57:25,706 [INFO] ServerAccessManage:473 - Download File STMicroelectronics.FP-SNS-FLIGHT1.pdsc
2024-12-14 16:57:25,720 [INFO] WebApp:187 - Connection restablished
2024-12-14 16:57:25,838 [INFO] ServerAccessManage:473 - Download File STMicroelectronics.FP-SNS-MOTENV1.pdsc
2024-12-14 16:57:25,890 [WARN] MainUpdater:1193 - Updater busy. Cannot search thirdparties
2024-12-14 16:57:25,890 [INFO] ThirdPartyUpdaterWithRetryManager:96 - Updater plugin is busy. [1/15]
2024-12-14 16:57:25,997 [INFO] ServerAccessManage:473 - Download File STMicroelectronics.FP-SNS-MOTENVWB1.pdsc
2024-12-14 16:57:26,112 [INFO] ServerAccessManage:473 - Download File STMicroelectronics.FP-SNS-SMARTAG2.pdsc
2024-12-14 16:57:26,245 [INFO] ServerAccessManage:473 - Download File STMicroelectronics.X-CUBE-AI.pdsc
2024-12-14 16:57:26,811 [INFO] ServerAccessManage:473 - Download File STMicroelectronics.X-CUBE-ALS.pdsc
2024-12-14 16:57:26,959 [INFO] ServerAccessManage:473 - Download File STMicroelectronics.X-CUBE-BLE1.pdsc
2024-12-14 16:57:27,625 [ERROR] ServerAccessManage:1089 - Problem, file not found on Server
2024-12-14 16:57:27,650 [INFO] ServerAccessManage:473 - Download File STMicroelectronics.X-CUBE-BLE2.pdsc
2024-12-14 16:57:28,352 [INFO] ServerAccessManage:473 - Download File STMicroelectronics.X-CUBE-BLEMGR.pdsc
2024-12-14 16:57:28,850 [ERROR] ServerAccessManage:1089 - Problem, file not found on Server
2024-12-14 16:57:28,892 [WARN] MainUpdater:1193 - Updater busy. Cannot search thirdparties
2024-12-14 16:57:28,892 [INFO] ThirdPartyUpdaterWithRetryManager:96 - Updater plugin is busy. [2/15]
2024-12-14 16:57:29,702 [INFO] ServerAccessManage:473 - Download File STMicroelectronics.X-CUBE-DISPLAY.pdsc
2024-12-14 16:57:29,862 [INFO] ServerAccessManage:473 - Download File STMicroelectronics.X-CUBE-DPOWER.pdsc
2024-12-14 16:57:30,188 [ERROR] ServerAccessManage:1089 - Problem, file not found on Server
2024-12-14 16:57:30,424 [ERROR] ServerAccessManage:1089 - Problem, file not found on Server
2024-12-14 16:57:30,696 [ERROR] ServerAccessManage:1089 - Problem, file not found on Server
2024-12-14 16:57:31,099 [ERROR] ServerAccessManage:1089 - Problem, file not found on Server
2024-12-14 16:57:31,461 [ERROR] ServerAccessManage:1089 - Problem, file not found on Server
2024-12-14 16:57:31,702 [ERROR] ServerAccessManage:1089 - Problem, file not found on Server
2024-12-14 16:57:31,893 [WARN] MainUpdater:1193 - Updater busy. Cannot search thirdparties
2024-12-14 16:57:31,893 [INFO] ThirdPartyUpdaterWithRetryManager:96 - Updater plugin is busy. [3/15]
2024-12-14 16:57:32,029 [ERROR] ServerAccessManage:1089 - Problem, file not found on Server
2024-12-14 16:57:32,378 [ERROR] ServerAccessManage:1089 - Problem, file not found on Server
2024-12-14 16:57:32,639 [ERROR] ServerAccessManage:1089 - Problem, file not found on Server
2024-12-14 16:57:32,951 [ERROR] ServerAccessManage:1089 - Problem, file not found on Server
2024-12-14 16:57:33,260 [ERROR] ServerAccessManage:1089 - Problem, file not found on Server
2024-12-14 16:57:33,281 [INFO] ServerAccessManage:473 - Download File STMicroelectronics.X-CUBE-EEPRMA1.pdsc
2024-12-14 16:57:33,537 [ERROR] ServerAccessManage:1089 - Problem, file not found on Server
2024-12-14 16:57:33,866 [ERROR] ServerAccessManage:1089 - Problem, file not found on Server
2024-12-14 16:57:33,981 [INFO] ServerAccessManage:473 - Download File STMicroelectronics.X-CUBE-FREERTOS.pdsc
2024-12-14 16:57:34,567 [INFO] ServerAccessManage:473 - Download File STMicroelectronics.X-CUBE-GNSS1.pdsc
2024-12-14 16:57:34,894 [WARN] MainUpdater:1193 - Updater busy. Cannot search thirdparties
2024-12-14 16:57:34,894 [INFO] ThirdPartyUpdaterWithRetryManager:96 - Updater plugin is busy. [4/15]
2024-12-14 16:57:35,248 [ERROR] ServerAccessManage:1089 - Problem, file not found on Server
2024-12-14 16:57:35,535 [ERROR] ServerAccessManage:1089 - Problem, file not found on Server
2024-12-14 16:57:35,914 [ERROR] ServerAccessManage:1089 - Problem, file not found on Server
2024-12-14 16:57:36,258 [ERROR] ServerAccessManage:1089 - Problem, file not found on Server
2024-12-14 16:57:36,615 [ERROR] ServerAccessManage:1089 - Problem, file not found on Server
2024-12-14 16:57:36,734 [ERROR] ServerAccessManage:1089 - Problem, file not found on Server
2024-12-14 16:57:36,747 [INFO] ServerAccessManage:473 - Download File STMicroelectronics.X-CUBE-ISPU.pdsc
2024-12-14 16:57:37,002 [INFO] ServerAccessManage:473 - Download File STMicroelectronics.X-CUBE-IPS.pdsc
2024-12-14 16:57:37,099 [INFO] ServerAccessManage:473 - Download File STMicroelectronics.X-CUBE-MEMS1.pdsc
2024-12-14 16:57:37,895 [WARN] MainUpdater:1193 - Updater busy. Cannot search thirdparties
2024-12-14 16:57:37,895 [INFO] ThirdPartyUpdaterWithRetryManager:96 - Updater plugin is busy. [5/15]
2024-12-14 16:57:37,953 [INFO] ServerAccessManage:473 - Download File STMicroelectronics.X-CUBE-NFC4.pdsc
2024-12-14 16:57:38,300 [INFO] ServerAccessManage:473 - Download File STMicroelectronics.X-CUBE-NFC6.pdsc
2024-12-14 16:57:38,390 [INFO] ServerAccessManage:473 - Download File STMicroelectronics.X-CUBE-NFC7.pdsc
2024-12-14 16:57:38,510 [INFO] ServerAccessManage:473 - Download File STMicroelectronics.X-CUBE-NFC9.pdsc
2024-12-14 16:57:38,575 [INFO] ServerAccessManage:473 - Download File STMicroelectronics.X-CUBE-NFC10.pdsc
2024-12-14 16:57:38,637 [INFO] ServerAccessManage:473 - Download File STMicroelectronics.X-CUBE-SFXS2LP1.pdsc
2024-12-14 16:57:38,812 [INFO] ServerAccessManage:473 - Download File STMicroelectronics.X-CUBE-SAFEA1.pdsc
2024-12-14 16:57:38,881 [INFO] ServerAccessManage:473 - Download File STMicroelectronics.X-CUBE-SUBG2.pdsc
2024-12-14 16:57:39,122 [INFO] ServerAccessManage:473 - Download File STMicroelectronics.X-CUBE-SMBUS.pdsc
2024-12-14 16:57:39,436 [ERROR] ServerAccessManage:1089 - Problem, file not found on Server
2024-12-14 16:57:39,457 [INFO] ServerAccessManage:473 - Download File STMicroelectronics.X-CUBE-TCPP.pdsc
2024-12-14 16:57:39,747 [INFO] ServerAccessManage:473 - Download File STMicroelectronics.X-CUBE-TOF1.pdsc
2024-12-14 16:57:40,326 [ERROR] ServerAccessManage:1089 - Problem, file not found on Server
2024-12-14 16:57:40,368 [INFO] ServerAccessManage:473 - Download File STMicroelectronics.X-CUBE-TOUCHGFX.pdsc
2024-12-14 16:57:40,897 [WARN] MainUpdater:1193 - Updater busy. Cannot search thirdparties
2024-12-14 16:57:40,897 [INFO] ThirdPartyUpdaterWithRetryManager:96 - Updater plugin is busy. [6/15]
2024-12-14 16:57:41,374 [INFO] ServerAccessManage:473 - Download File STMicroelectronics.X-CUBE-ALGOBUILD.pdsc
2024-12-14 16:57:41,720 [INFO] ServerAccessManage:473 - Download File STMicroelectronics.X-CUBE-AZRTOS-H7.pdsc
2024-12-14 16:57:42,044 [INFO] ServerAccessManage:473 - Download File STMicroelectronics.X-CUBE-AZRTOS-H7RS.pdsc
2024-12-14 16:57:42,176 [INFO] ServerAccessManage:473 - Download File STMicroelectronics.X-CUBE-AZRTOS-F4.pdsc
2024-12-14 16:57:42,344 [INFO] ServerAccessManage:473 - Download File STMicroelectronics.X-CUBE-AZRTOS-F7.pdsc
2024-12-14 16:57:42,441 [INFO] ServerAccessManage:473 - Download File STMicroelectronics.X-CUBE-AZRTOS-L4.pdsc
2024-12-14 16:57:42,537 [INFO] ServerAccessManage:473 - Download File STMicroelectronics.X-CUBE-AZRTOS-L5.pdsc
2024-12-14 16:57:42,706 [INFO] ServerAccessManage:473 - Download File STMicroelectronics.X-CUBE-AZRTOS-G0.pdsc
2024-12-14 16:57:42,879 [INFO] ServerAccessManage:473 - Download File STMicroelectronics.X-CUBE-AZRTOS-G4.pdsc
2024-12-14 16:57:43,007 [INFO] ServerAccessManage:473 - Download File STMicroelectronics.X-CUBE-AZRTOS-WB.pdsc
2024-12-14 16:57:43,126 [INFO] ServerAccessManage:473 - Download File STMicroelectronics.X-CUBE-AZRTOS-WL.pdsc
2024-12-14 16:57:43,325 [INFO] ServerAccessManage:473 - Download File STMicroelectronics.X-CUBE-WB05N.pdsc
2024-12-14 16:57:43,491 [INFO] ServerAccessManage:473 - Download File wolfSSL.I-CUBE-wolfSSL.pdsc
2024-12-14 16:57:43,898 [WARN] MainUpdater:1193 - Updater busy. Cannot search thirdparties
2024-12-14 16:57:43,898 [INFO] ThirdPartyUpdaterWithRetryManager:96 - Updater plugin is busy. [7/15]
2024-12-14 16:57:44,590 [ERROR] ServerAccessManage:1089 - Problem, file not found on Server
2024-12-14 16:57:44,813 [ERROR] ServerAccessManage:1089 - Problem, file not found on Server
2024-12-14 16:57:45,041 [ERROR] ServerAccessManage:1089 - Problem, file not found on Server
2024-12-14 16:57:45,059 [INFO] ServerAccessManage:473 - Download File wolfSSL.I-CUBE-wolfMQTT.pdsc
2024-12-14 16:57:45,421 [ERROR] ServerAccessManage:1089 - Problem, file not found on Server
2024-12-14 16:57:45,439 [INFO] ServerAccessManage:473 - Download File wolfSSL.I-CUBE-wolfTPM.pdsc
2024-12-14 16:57:45,682 [INFO] ServerAccessManage:473 - Download File wolfSSL.I-CUBE-wolfSSH.pdsc
2024-12-14 16:57:46,898 [WARN] MainUpdater:1193 - Updater busy. Cannot search thirdparties
2024-12-14 16:57:46,898 [INFO] ThirdPartyUpdaterWithRetryManager:96 - Updater plugin is busy. [8/15]
2024-12-14 16:57:48,186 [INFO] ServerAccessManage:473 - Download File RealThread.X-CUBE-RT-Thread_Nano.pdsc
2024-12-14 16:57:49,845 [INFO] ServerAccessManage:473 - Download File SEGGER.I-CUBE-embOS.pdsc
2024-12-14 16:57:49,900 [WARN] MainUpdater:1193 - Updater busy. Cannot search thirdparties
2024-12-14 16:57:49,900 [INFO] ThirdPartyUpdaterWithRetryManager:96 - Updater plugin is busy. [9/15]
2024-12-14 16:57:51,032 [INFO] ServerAccessManage:473 - Download File portGmbH.I-Cube-SoM-uGOAL.pdsc
2024-12-14 16:57:52,080 [ERROR] ServerAccessManage:1089 - Problem, file not found on Server
2024-12-14 16:57:52,185 [ERROR] ServerAccessManage:1089 - Problem, file not found on Server
2024-12-14 16:57:52,288 [ERROR] ServerAccessManage:1089 - Problem, file not found on Server
2024-12-14 16:57:52,901 [WARN] MainUpdater:1193 - Updater busy. Cannot search thirdparties
2024-12-14 16:57:52,901 [INFO] ThirdPartyUpdaterWithRetryManager:96 - Updater plugin is busy. [10/15]
2024-12-14 16:57:53,594 [INFO] ServerAccessManage:473 - Download File emotas.I-CUBE-CANOPEN.pdsc
2024-12-14 16:57:54,234 [INFO] ServerAccessManage:473 - Download File WES.I-CUBE-Cesium.pdsc
2024-12-14 16:57:54,525 [ERROR] ServerAccessManage:1089 - Problem, file not found on Server
2024-12-14 16:57:54,710 [ERROR] ServerAccessManage:1089 - Problem, file not found on Server
2024-12-14 16:57:55,062 [INFO] ServerAccessManage:473 - Download File ITTIA_DB.I-CUBE-ITTIADB.pdsc
2024-12-14 16:57:55,902 [WARN] MainUpdater:1193 - Updater busy. Cannot search thirdparties
2024-12-14 16:57:55,902 [INFO] ThirdPartyUpdaterWithRetryManager:96 - Updater plugin is busy. [11/15]
2024-12-14 16:57:56,413 [INFO] ServerAccessManage:473 - Download File Infineon.AIROC-Wi-Fi-Bluetooth-STM32.pdsc
2024-12-14 16:57:57,511 [INFO] ServerAccessManage:473 - Download File Cesanta.I-CUBE-Mongoose.pdsc
2024-12-14 16:57:58,903 [WARN] MainUpdater:1193 - Updater busy. Cannot search thirdparties
2024-12-14 16:57:58,903 [INFO] ThirdPartyUpdaterWithRetryManager:96 - Updater plugin is busy. [12/15]
2024-12-14 16:57:59,061 [INFO] ServerAccessManage:473 - Download File EmbeddedOffice.I-CUBE-FS-RTOS.pdsc
2024-12-14 16:57:59,581 [INFO] ServerAccessManage:473 - Download File quantropi.X-CUBE-qispace-sdk-base.pdsc
2024-12-14 16:57:59,696 [WARN] PackLoader:240 - Cannot read IP mode file for STMicroelectronics.FP-ATR-ASTRA1.2.0.1
2024-12-14 16:57:59,702 [WARN] PackLoader:240 - Cannot read IP mode file for STMicroelectronics.FP-ATR-SIGFOX1.3.2.0
2024-12-14 16:57:59,710 [WARN] PackLoader:240 - Cannot read IP mode file for STMicroelectronics.FP-SNS-STBOX1.2.0.0
2024-12-14 16:57:59,719 [WARN] PackLoader:240 - Cannot read IP mode file for STMicroelectronics.FP-SNS-FLIGHT1.5.0.2
2024-12-14 16:57:59,724 [WARN] PackLoader:240 - Cannot read IP mode file for STMicroelectronics.FP-SNS-MOTENV1.5.0.0
2024-12-14 16:57:59,726 [WARN] CheckServerUpdateThread:151 - Open CheckUpdateFile Fail
2024-12-14 16:57:59,730 [WARN] PackLoader:240 - Cannot read IP mode file for STMicroelectronics.FP-SNS-MOTENVWB1.1.4.0
2024-12-14 16:57:59,735 [WARN] PackLoader:240 - Cannot read IP mode file for STMicroelectronics.FP-SNS-SMARTAG2.1.2.0
2024-12-14 16:57:59,740 [WARN] PackLoader:240 - Cannot read IP mode file for STMicroelectronics.X-CUBE-AI.9.1.0
2024-12-14 16:57:59,746 [WARN] PackLoader:240 - Cannot read IP mode file for STMicroelectronics.X-CUBE-ALS.1.0.2
2024-12-14 16:57:59,754 [WARN] PackLoader:240 - Cannot read IP mode file for STMicroelectronics.X-CUBE-BLE1.7.0.0
2024-12-14 16:57:59,758 [WARN] PackLoader:240 - Cannot read IP mode file for STMicroelectronics.X-CUBE-BLE2.3.3.0
2024-12-14 16:57:59,766 [WARN] PackLoader:240 - Cannot read IP mode file for STMicroelectronics.X-CUBE-BLEMGR.4.0.0
2024-12-14 16:57:59,780 [WARN] PackLoader:240 - Cannot read IP mode file for STMicroelectronics.X-CUBE-DISPLAY.3.0.0
2024-12-14 16:57:59,788 [WARN] PackLoader:240 - Cannot read IP mode file for STMicroelectronics.X-CUBE-DPower.1.2.0
2024-12-14 16:57:59,795 [WARN] PackLoader:240 - Cannot read IP mode file for STMicroelectronics.X-CUBE-EEPRMA1.5.1.0
2024-12-14 16:57:59,803 [WARN] PackLoader:240 - Cannot read IP mode file for STMicroelectronics.X-CUBE-FREERTOS.1.3.0
2024-12-14 16:57:59,807 [WARN] PackLoader:240 - Cannot read IP mode file for STMicroelectronics.X-CUBE-GNSS1.7.0.0
2024-12-14 16:57:59,811 [WARN] PackLoader:240 - Cannot read IP mode file for STMicroelectronics.X-CUBE-ISPU.2.1.0
2024-12-14 16:57:59,820 [WARN] PackLoader:240 - Cannot read IP mode file for STMicroelectronics.X-CUBE-IPS.3.0.0
2024-12-14 16:57:59,864 [INFO] CheckServerUpdateThread:120 - End of CheckServer Thread
2024-12-14 16:57:59,875 [WARN] PackLoader:240 - Cannot read IP mode file for STMicroelectronics.X-CUBE-MEMS1.11.0.0
2024-12-14 16:57:59,976 [WARN] PackLoader:240 - Cannot read IP mode file for STMicroelectronics.X-CUBE-NFC4.3.0.0
2024-12-14 16:57:59,983 [WARN] PackLoader:240 - Cannot read IP mode file for STMicroelectronics.X-CUBE-NFC6.3.1.0
2024-12-14 16:57:59,989 [WARN] PackLoader:240 - Cannot read IP mode file for STMicroelectronics.X-CUBE-NFC7.1.0.1
2024-12-14 16:57:59,994 [WARN] PackLoader:240 - Cannot read IP mode file for STMicroelectronics.X-CUBE-NFC9.1.0.0
2024-12-14 16:58:00,001 [WARN] PackLoader:240 - Cannot read IP mode file for STMicroelectronics.X-CUBE-NFC10.1.0.0
2024-12-14 16:58:00,008 [WARN] PackLoader:240 - Cannot read IP mode file for STMicroelectronics.X-CUBE-SFXS2LP1.4.0.0
2024-12-14 16:58:00,013 [WARN] PackLoader:240 - Cannot read IP mode file for STMicroelectronics.X-CUBE-SAFEA1.1.2.2
2024-12-14 16:58:00,023 [WARN] PackLoader:240 - Cannot read IP mode file for STMicroelectronics.X-CUBE-SUBG2.5.0.0
2024-12-14 16:58:00,030 [WARN] PackLoader:240 - Cannot read IP mode file for STMicroelectronics.X-CUBE-SMBUS.2.1.0
2024-12-14 16:58:00,035 [WARN] PackLoader:240 - Cannot read IP mode file for STMicroelectronics.X-CUBE-TCPP.4.2.0
2024-12-14 16:58:00,045 [WARN] PackLoader:240 - Cannot read IP mode file for STMicroelectronics.X-CUBE-TOF1.3.4.2
2024-12-14 16:58:00,056 [WARN] PackLoader:240 - Cannot read IP mode file for STMicroelectronics.X-CUBE-TOUCHGFX.4.24.1
2024-12-14 16:58:00,062 [WARN] PackLoader:240 - Cannot read IP mode file for STMicroelectronics.X-CUBE-ALGOBUILD.1.4.0
2024-12-14 16:58:00,075 [WARN] PackLoader:240 - Cannot read IP mode file for STMicroelectronics.X-CUBE-AZRTOS-H7.3.3.0
2024-12-14 16:58:00,090 [WARN] PackLoader:240 - Cannot read IP mode file for STMicroelectronics.X-CUBE-AZRTOS-H7RS.1.0.0
2024-12-14 16:58:00,103 [WARN] PackLoader:240 - Cannot read IP mode file for STMicroelectronics.X-CUBE-AZRTOS-F4.1.1.0
2024-12-14 16:58:00,116 [WARN] PackLoader:240 - Cannot read IP mode file for STMicroelectronics.X-CUBE-AZRTOS-F7.1.1.0
2024-12-14 16:58:00,129 [WARN] ConditionMgr:438 - getConditionDescription Invalid condition id : LAN8742 Phy interface Condition cause : null
2024-12-14 16:58:00,130 [WARN] PackLoader:240 - Cannot read IP mode file for STMicroelectronics.X-CUBE-AZRTOS-L4.2.0.0
2024-12-14 16:58:00,131 [WARN] ConditionMgr:1044 - genDependencies : Invalid condition id : LAN8742 Phy interface Condition cause : null
2024-12-14 16:58:00,131 [WARN] ConditionMgr:1044 - genDependencies : Invalid condition id : LAN8742 Phy interface Condition cause : null
2024-12-14 16:58:00,133 [WARN] ConditionMgr:1044 - genDependencies : Invalid condition id : LAN8742 Phy interface Condition cause : null
2024-12-14 16:58:00,144 [WARN] PackLoader:240 - Cannot read IP mode file for STMicroelectronics.X-CUBE-AZRTOS-L5.2.0.0
2024-12-14 16:58:00,157 [WARN] PackLoader:240 - Cannot read IP mode file for STMicroelectronics.X-CUBE-AZRTOS-G0.1.1.0
2024-12-14 16:58:00,167 [WARN] PackLoader:240 - Cannot read IP mode file for STMicroelectronics.X-CUBE-AZRTOS-G4.2.0.0
2024-12-14 16:58:00,176 [WARN] ConditionMgr:438 - getConditionDescription Invalid condition id : UX DEVICE CLASS RTOS Condition cause : null
2024-12-14 16:58:00,176 [WARN] ConditionMgr:438 - getConditionDescription Invalid condition id : UX DEVICE CLASS RTOS Condition cause : null
2024-12-14 16:58:00,177 [WARN] PackLoader:240 - Cannot read IP mode file for STMicroelectronics.X-CUBE-AZRTOS-WB.2.0.0
2024-12-14 16:58:00,184 [WARN] ConditionMgr:1044 - genDependencies : Invalid condition id : UX DEVICE CLASS RTOS Condition cause : null
2024-12-14 16:58:00,185 [WARN] ConditionMgr:1044 - genDependencies : Invalid condition id : UX DEVICE CLASS RTOS Condition cause : null
2024-12-14 16:58:00,186 [WARN] ConditionMgr:1044 - genDependencies : Invalid condition id : UX DEVICE CLASS RTOS Condition cause : null
2024-12-14 16:58:00,186 [WARN] ConditionMgr:1044 - genDependencies : Invalid condition id : UX DEVICE CLASS RTOS Condition cause : null
2024-12-14 16:58:00,187 [WARN] ConditionMgr:1044 - genDependencies : Invalid condition id : UX DEVICE CLASS RTOS Condition cause : null
2024-12-14 16:58:00,197 [INFO] LogOutputStream:77 - [STDOUT_REDIRECT] 1 : Invalid condition id : UX_CORESTACK_Condition cause : null
2024-12-14 16:58:00,198 [INFO] LogOutputStream:77 - [STDOUT_REDIRECT] 1 : Invalid condition id : UX_CORESTACK_Condition cause : null
2024-12-14 16:58:00,199 [INFO] LogOutputStream:77 - [STDOUT_REDIRECT] 1 : Invalid condition id : UX_CORESTACK_Condition cause : null
2024-12-14 16:58:00,200 [INFO] LogOutputStream:77 - [STDOUT_REDIRECT] 1 : Invalid condition id : UX_CORESTACK_Condition cause : null
2024-12-14 16:58:00,202 [INFO] LogOutputStream:77 - [STDOUT_REDIRECT] 1 : Invalid condition id : UX_CORESTACK_Condition cause : null
2024-12-14 16:58:00,204 [WARN] PackLoader:240 - Cannot read IP mode file for STMicroelectronics.X-CUBE-AZRTOS-WL.2.0.0
2024-12-14 16:58:00,211 [WARN] PackLoader:240 - Cannot read IP mode file for STMicroelectronics.X-CUBE-WB05N.1.1.0
2024-12-14 16:58:00,216 [WARN] PackLoader:240 - Cannot read IP mode file for wolfSSL.I-CUBE-wolfSSL.5.7.4
2024-12-14 16:58:00,220 [WARN] PackLoader:240 - Cannot read IP mode file for wolfSSL.I-CUBE-wolfMQTT.1.19.0
2024-12-14 16:58:00,223 [WARN] PackLoader:240 - Cannot read IP mode file for wolfSSL.I-CUBE-wolfTPM.3.4.0
2024-12-14 16:58:00,227 [WARN] PackLoader:240 - Cannot read IP mode file for wolfSSL.I-CUBE-wolfSSH.1.4.17
2024-12-14 16:58:00,233 [WARN] PackLoader:240 - Cannot read IP mode file for RealThread.X-CUBE-RT-Thread_Nano.4.1.1
2024-12-14 16:58:00,257 [WARN] PackLoader:240 - Cannot read IP mode file for SEGGER.I-CUBE-embOS.1.3.1
2024-12-14 16:58:00,298 [WARN] PackLoader:240 - Cannot read IP mode file for portGmbH.I-Cube-SoM-uGOAL.1.1.0
2024-12-14 16:58:00,305 [WARN] PackLoader:240 - Cannot read IP mode file for emotas.I-CUBE-CANOPEN.1.3.0
2024-12-14 16:58:00,312 [WARN] PackLoader:240 - Cannot read IP mode file for WES.I-CUBE-Cesium.1.3.0
2024-12-14 16:58:00,318 [WARN] PackLoader:240 - Cannot read IP mode file for ITTIA_DB.I-CUBE-ITTIADB.8.9.0
2024-12-14 16:58:00,332 [WARN] PackLoader:240 - Cannot read IP mode file for Infineon.AIROC-Wi-Fi-Bluetooth-STM32.1.7.0
2024-12-14 16:58:00,340 [WARN] PackLoader:240 - Cannot read IP mode file for Cesanta.I-CUBE-Mongoose.7.13.0
2024-12-14 16:58:00,347 [WARN] PackLoader:240 - Cannot read IP mode file for EmbeddedOffice.I-CUBE-FS-RTOS.1.0.1
2024-12-14 16:58:00,351 [WARN] ConditionMgr:438 - getConditionDescription Invalid condition id : Cortex-A Device cause : null
2024-12-14 16:58:00,381 [WARN] ConditionMgr:1044 - genDependencies : Invalid condition id : Cortex-A Device cause : null
2024-12-14 16:58:00,382 [WARN] ConditionMgr:1044 - genDependencies : Invalid condition id : Cortex-A Device cause : null
2024-12-14 16:58:00,382 [WARN] ConditionMgr:1044 - genDependencies : Invalid condition id : Cortex-A Device cause : null
2024-12-14 16:58:00,382 [INFO] PopulateThirdPartyThread:66 - Ending populate Thread
2024-12-14 16:58:00,384 [INFO] ThirdParty:1030 - CMSIS Pack Vendor :STMicroelectronics X-CUBE-AZRTOS-H7 3.3.0
2024-12-14 16:58:00,386 [INFO] ThirdParty:1030 - CMSIS Pack Vendor :STMicroelectronics X-CUBE-NFC9 1.0.0
2024-12-14 16:58:00,386 [INFO] ThirdParty:1030 - CMSIS Pack Vendor :STMicroelectronics FP-SNS-MOTENVWB1 1.4.0
2024-12-14 16:58:00,386 [INFO] ThirdParty:1030 - CMSIS Pack Vendor :STMicroelectronics X-CUBE-AZRTOS-F4 1.1.0
2024-12-14 16:58:00,386 [INFO] ThirdParty:1030 - CMSIS Pack Vendor :STMicroelectronics FP-ATR-ASTRA1 2.0.1
2024-12-14 16:58:00,386 [INFO] ThirdParty:1030 - CMSIS Pack Vendor :STMicroelectronics X-CUBE-SMBUS 2.1.0
2024-12-14 16:58:00,386 [INFO] ThirdParty:1030 - CMSIS Pack Vendor :STMicroelectronics X-CUBE-WB05N 1.1.0
2024-12-14 16:58:00,386 [INFO] ThirdParty:1030 - CMSIS Pack Vendor :STMicroelectronics X-CUBE-ISPU 2.1.0
2024-12-14 16:58:00,386 [INFO] ThirdParty:1030 - CMSIS Pack Vendor :STMicroelectronics X-CUBE-IPS 3.0.0
2024-12-14 16:58:00,386 [INFO] ThirdParty:1030 - CMSIS Pack Vendor :STMicroelectronics X-CUBE-AZRTOS-WB 2.0.0
2024-12-14 16:58:00,386 [INFO] ThirdParty:1030 - CMSIS Pack Vendor :STMicroelectronics X-CUBE-GNSS1 7.0.0
2024-12-14 16:58:00,386 [INFO] ThirdParty:1030 - CMSIS Pack Vendor :STMicroelectronics X-CUBE-AZRTOS-F7 1.1.0
2024-12-14 16:58:00,386 [INFO] ThirdParty:1030 - CMSIS Pack Vendor :STMicroelectronics X-CUBE-AZRTOS-L5 2.0.0
2024-12-14 16:58:00,386 [INFO] ThirdParty:1030 - CMSIS Pack Vendor :STMicroelectronics X-CUBE-NFC6 3.1.0
2024-12-14 16:58:00,386 [INFO] ThirdParty:1030 - CMSIS Pack Vendor :STMicroelectronics FP-SNS-STBOX1 2.0.0
2024-12-14 16:58:00,386 [INFO] ThirdParty:1030 - CMSIS Pack Vendor :STMicroelectronics X-CUBE-MEMS1 11.0.0
2024-12-14 16:58:00,386 [INFO] ThirdParty:1030 - CMSIS Pack Vendor :STMicroelectronics X-CUBE-AZRTOS-G0 1.1.0
2024-12-14 16:58:00,386 [INFO] ThirdParty:1030 - CMSIS Pack Vendor :STMicroelectronics X-CUBE-DPower 1.2.0
2024-12-14 16:58:00,386 [INFO] ThirdParty:1030 - CMSIS Pack Vendor :STMicroelectronics X-CUBE-NFC4 3.0.0
2024-12-14 16:58:00,386 [INFO] ThirdParty:1030 - CMSIS Pack Vendor :STMicroelectronics X-CUBE-SAFEA1 1.2.2
2024-12-14 16:58:00,386 [INFO] ThirdParty:1030 - CMSIS Pack Vendor :STMicroelectronics X-CUBE-SUBG2 5.0.0
2024-12-14 16:58:00,386 [INFO] ThirdParty:1030 - CMSIS Pack Vendor :EmbeddedOffice I-CUBE-FS-RTOS 1.0.1
2024-12-14 16:58:00,386 [INFO] ThirdParty:1030 - CMSIS Pack Vendor :STMicroelectronics FP-SNS-FLIGHT1 5.0.2
2024-12-14 16:58:00,386 [INFO] ThirdParty:1030 - CMSIS Pack Vendor :Cesanta I-CUBE-Mongoose 7.13.0
2024-12-14 16:58:00,386 [INFO] ThirdParty:1030 - CMSIS Pack Vendor :Infineon AIROC-Wi-Fi-Bluetooth-STM32 1.7.0
2024-12-14 16:58:00,386 [INFO] ThirdParty:1030 - CMSIS Pack Vendor :STMicroelectronics X-CUBE-AZRTOS-G4 2.0.0
2024-12-14 16:58:00,386 [INFO] ThirdParty:1030 - CMSIS Pack Vendor :STMicroelectronics X-CUBE-DISPLAY 3.0.0
2024-12-14 16:58:00,386 [INFO] ThirdParty:1030 - CMSIS Pack Vendor :STMicroelectronics X-CUBE-TCPP 4.2.0
2024-12-14 16:58:00,386 [INFO] ThirdParty:1030 - CMSIS Pack Vendor :RealThread X-CUBE-RT-Thread_Nano 4.1.1
2024-12-14 16:58:00,386 [INFO] ThirdParty:1030 - CMSIS Pack Vendor :STMicroelectronics FP-ATR-SIGFOX1 3.2.0
2024-12-14 16:58:00,387 [INFO] ThirdParty:1030 - CMSIS Pack Vendor :STMicroelectronics X-CUBE-BLE1 7.0.0
2024-12-14 16:58:00,387 [INFO] ThirdParty:1030 - CMSIS Pack Vendor :STMicroelectronics X-CUBE-NFC10 1.0.0
2024-12-14 16:58:00,387 [INFO] ThirdParty:1030 - CMSIS Pack Vendor :quantropi X-CUBE-qispace-sdk-base 1.9.3
2024-12-14 16:58:00,387 [INFO] ThirdParty:1030 - CMSIS Pack Vendor :STMicroelectronics X-CUBE-BLEMGR 4.0.0
2024-12-14 16:58:00,387 [INFO] ThirdParty:1030 - CMSIS Pack Vendor :STMicroelectronics X-CUBE-EEPRMA1 5.1.0
2024-12-14 16:58:00,387 [INFO] ThirdParty:1030 - CMSIS Pack Vendor :STMicroelectronics X-CUBE-ALS 1.0.2
2024-12-14 16:58:00,387 [INFO] ThirdParty:1030 - CMSIS Pack Vendor :STMicroelectronics X-CUBE-FREERTOS 1.3.0
2024-12-14 16:58:00,387 [INFO] ThirdParty:1030 - CMSIS Pack Vendor :emotas I-CUBE-CANOPEN 1.3.0
2024-12-14 16:58:00,387 [INFO] ThirdParty:1030 - CMSIS Pack Vendor :wolfSSL I-CUBE-wolfSSL 5.7.4
2024-12-14 16:58:00,387 [INFO] ThirdParty:1030 - CMSIS Pack Vendor :STMicroelectronics X-CUBE-NFC7 1.0.1
2024-12-14 16:58:00,387 [INFO] ThirdParty:1030 - CMSIS Pack Vendor :ITTIA_DB I-CUBE-ITTIADB 8.9.0
2024-12-14 16:58:00,387 [INFO] ThirdParty:1030 - CMSIS Pack Vendor :STMicroelectronics X-CUBE-TOUCHGFX 4.24.1
2024-12-14 16:58:00,387 [INFO] ThirdParty:1030 - CMSIS Pack Vendor :wolfSSL I-CUBE-wolfTPM 3.4.0
2024-12-14 16:58:00,387 [INFO] ThirdParty:1030 - CMSIS Pack Vendor :portGmbH I-Cube-SoM-uGOAL 1.1.0
2024-12-14 16:58:00,387 [INFO] ThirdParty:1030 - CMSIS Pack Vendor :STMicroelectronics FP-SNS-SMARTAG2 1.2.0
2024-12-14 16:58:00,387 [INFO] ThirdParty:1030 - CMSIS Pack Vendor :STMicroelectronics X-CUBE-AZRTOS-WL 2.0.0
2024-12-14 16:58:00,387 [INFO] ThirdParty:1030 - CMSIS Pack Vendor :SEGGER I-CUBE-embOS 1.3.1
2024-12-14 16:58:00,387 [INFO] ThirdParty:1030 - CMSIS Pack Vendor :STMicroelectronics X-CUBE-ALGOBUILD 1.4.0
2024-12-14 16:58:00,387 [INFO] ThirdParty:1030 - CMSIS Pack Vendor :STMicroelectronics FP-SNS-MOTENV1 5.0.0
2024-12-14 16:58:00,387 [INFO] ThirdParty:1030 - CMSIS Pack Vendor :STMicroelectronics X-CUBE-AZRTOS-H7RS 1.0.0
2024-12-14 16:58:00,387 [INFO] ThirdParty:1030 - CMSIS Pack Vendor :wolfSSL I-CUBE-wolfMQTT 1.19.0
2024-12-14 16:58:00,387 [INFO] ThirdParty:1030 - CMSIS Pack Vendor :STMicroelectronics X-CUBE-AZRTOS-L4 2.0.0
2024-12-14 16:58:00,387 [INFO] ThirdParty:1030 - CMSIS Pack Vendor :WES I-CUBE-Cesium 1.3.0
2024-12-14 16:58:00,387 [INFO] ThirdParty:1030 - CMSIS Pack Vendor :STMicroelectronics X-CUBE-SFXS2LP1 4.0.0
2024-12-14 16:58:00,387 [INFO] ThirdParty:1030 - CMSIS Pack Vendor :STMicroelectronics X-CUBE-BLE2 3.3.0
2024-12-14 16:58:00,387 [INFO] ThirdParty:1030 - CMSIS Pack Vendor :STMicroelectronics X-CUBE-TOF1 3.4.2
2024-12-14 16:58:00,388 [INFO] ThirdParty:1030 - CMSIS Pack Vendor :STMicroelectronics X-CUBE-AI 9.1.0
2024-12-14 16:58:00,388 [INFO] ThirdParty:1030 - CMSIS Pack Vendor :wolfSSL I-CUBE-wolfSSH 1.4.17
2024-12-14 16:58:00,388 [INFO] LoadServerUpdatesThread:375 - End of LoadServerUpdate Thread
2024-12-14 16:58:02,022 [WARN] PackLoader:240 - Cannot read IP mode file for STMicroelectronics.FP-SNS-MOTENVWB1.1.4.0
2024-12-14 16:58:02,025 [WARN] PackLoader:240 - Cannot read IP mode file for STMicroelectronics.FP-ATR-ASTRA1.2.0.1
2024-12-14 16:58:02,028 [WARN] PackLoader:240 - Cannot read IP mode file for STMicroelectronics.X-CUBE-SMBUS.2.1.0
2024-12-14 16:58:02,031 [WARN] PackLoader:240 - Cannot read IP mode file for STMicroelectronics.X-CUBE-WB05N.1.1.0
2024-12-14 16:58:02,043 [WARN] PackLoader:240 - Cannot read IP mode file for STMicroelectronics.X-CUBE-AZRTOS-F7.1.1.0
2024-12-14 16:58:02,073 [WARN] PackLoader:240 - Cannot read IP mode file for STMicroelectronics.X-CUBE-MEMS1.11.0.0
2024-12-14 16:58:02,131 [WARN] PackLoader:240 - Cannot read IP mode file for STMicroelectronics.FP-SNS-FLIGHT1.5.0.2
2024-12-14 16:58:02,140 [WARN] PackLoader:240 - Cannot read IP mode file for Infineon.AIROC-Wi-Fi-Bluetooth-STM32.1.7.0
2024-12-14 16:58:02,145 [WARN] PackLoader:240 - Cannot read IP mode file for STMicroelectronics.X-CUBE-DISPLAY.3.0.0
2024-12-14 16:58:02,149 [WARN] PackLoader:240 - Cannot read IP mode file for STMicroelectronics.X-CUBE-BLE1.7.0.0
2024-12-14 16:58:02,152 [WARN] PackLoader:240 - Cannot read IP mode file for STMicroelectronics.X-CUBE-NFC10.1.0.0
2024-12-14 16:58:02,158 [WARN] PackLoader:240 - Cannot read IP mode file for STMicroelectronics.X-CUBE-BLEMGR.4.0.0
2024-12-14 16:58:02,162 [WARN] PackLoader:240 - Cannot read IP mode file for emotas.I-CUBE-CANOPEN.1.3.0
2024-12-14 16:58:02,164 [WARN] PackLoader:240 - Cannot read IP mode file for STMicroelectronics.FP-SNS-SMARTAG2.1.2.0
2024-12-14 16:58:02,170 [INFO] LogOutputStream:77 - [STDOUT_REDIRECT] 1 : Invalid condition id : UX_CORESTACK_Condition cause : null
2024-12-14 16:58:02,171 [INFO] LogOutputStream:77 - [STDOUT_REDIRECT] 1 : Invalid condition id : UX_CORESTACK_Condition cause : null
2024-12-14 16:58:02,171 [INFO] LogOutputStream:77 - [STDOUT_REDIRECT] 1 : Invalid condition id : UX_CORESTACK_Condition cause : null
2024-12-14 16:58:02,172 [INFO] LogOutputStream:77 - [STDOUT_REDIRECT] 1 : Invalid condition id : UX_CORESTACK_Condition cause : null
2024-12-14 16:58:02,172 [INFO] LogOutputStream:77 - [STDOUT_REDIRECT] 1 : Invalid condition id : UX_CORESTACK_Condition cause : null
2024-12-14 16:58:02,174 [WARN] PackLoader:240 - Cannot read IP mode file for STMicroelectronics.X-CUBE-AZRTOS-WL.2.0.0
2024-12-14 16:58:02,177 [WARN] PackLoader:240 - Cannot read IP mode file for STMicroelectronics.FP-SNS-MOTENV1.5.0.0
2024-12-14 16:58:02,180 [WARN] PackLoader:240 - Cannot read IP mode file for wolfSSL.I-CUBE-wolfMQTT.1.19.0
2024-12-14 16:58:02,184 [WARN] PackLoader:240 - Cannot read IP mode file for WES.I-CUBE-Cesium.1.3.0
2024-12-14 16:58:02,188 [WARN] PackLoader:240 - Cannot read IP mode file for STMicroelectronics.X-CUBE-BLE2.3.3.0
2024-12-14 16:58:02,192 [WARN] PackLoader:240 - Cannot read IP mode file for STMicroelectronics.X-CUBE-NFC9.1.0.0
2024-12-14 16:58:02,200 [WARN] PackLoader:240 - Cannot read IP mode file for STMicroelectronics.X-CUBE-AZRTOS-G0.1.1.0
2024-12-14 16:58:02,204 [WARN] PackLoader:240 - Cannot read IP mode file for STMicroelectronics.X-CUBE-SAFEA1.1.2.2
2024-12-14 16:58:02,209 [WARN] PackLoader:240 - Cannot read IP mode file for STMicroelectronics.X-CUBE-NFC4.3.0.0
2024-12-14 16:58:02,215 [WARN] PackLoader:240 - Cannot read IP mode file for EmbeddedOffice.I-CUBE-FS-RTOS.1.0.1
2024-12-14 16:58:02,219 [WARN] PackLoader:240 - Cannot read IP mode file for STMicroelectronics.X-CUBE-TCPP.4.2.0
2024-12-14 16:58:02,223 [WARN] PackLoader:240 - Cannot read IP mode file for RealThread.X-CUBE-RT-Thread_Nano.4.1.1
2024-12-14 16:58:02,226 [WARN] PackLoader:240 - Cannot read IP mode file for STMicroelectronics.FP-ATR-SIGFOX1.3.2.0
2024-12-14 16:58:02,230 [WARN] ConditionMgr:438 - getConditionDescription Invalid condition id : Cortex-A Device cause : null
2024-12-14 16:58:02,237 [WARN] ConditionMgr:1044 - genDependencies : Invalid condition id : Cortex-A Device cause : null
2024-12-14 16:58:02,237 [WARN] ConditionMgr:1044 - genDependencies : Invalid condition id : Cortex-A Device cause : null
2024-12-14 16:58:02,238 [WARN] ConditionMgr:1044 - genDependencies : Invalid condition id : Cortex-A Device cause : null
2024-12-14 16:58:02,242 [WARN] PackLoader:240 - Cannot read IP mode file for STMicroelectronics.X-CUBE-EEPRMA1.5.1.0
2024-12-14 16:58:02,246 [WARN] PackLoader:240 - Cannot read IP mode file for wolfSSL.I-CUBE-wolfSSL.5.7.4
2024-12-14 16:58:02,250 [WARN] PackLoader:240 - Cannot read IP mode file for ITTIA_DB.I-CUBE-ITTIADB.8.9.0
2024-12-14 16:58:02,262 [WARN] PackLoader:240 - Cannot read IP mode file for SEGGER.I-CUBE-embOS.1.3.1
2024-12-14 16:58:02,278 [WARN] PackLoader:240 - Cannot read IP mode file for STMicroelectronics.X-CUBE-ALGOBUILD.1.4.0
2024-12-14 16:58:02,281 [WARN] PackLoader:240 - Cannot read IP mode file for STMicroelectronics.X-CUBE-AI.9.1.0
2024-12-14 16:58:02,289 [WARN] PackLoader:240 - Cannot read IP mode file for STMicroelectronics.X-CUBE-AZRTOS-F4.1.1.0
2024-12-14 16:58:02,294 [WARN] PackLoader:240 - Cannot read IP mode file for STMicroelectronics.X-CUBE-ISPU.2.1.0
2024-12-14 16:58:02,302 [WARN] PackLoader:240 - Cannot read IP mode file for STMicroelectronics.X-CUBE-AZRTOS-L5.2.0.0
2024-12-14 16:58:02,307 [WARN] PackLoader:240 - Cannot read IP mode file for STMicroelectronics.X-CUBE-NFC6.3.1.0
2024-12-14 16:58:02,311 [WARN] PackLoader:240 - Cannot read IP mode file for STMicroelectronics.X-CUBE-DPower.1.2.0
2024-12-14 16:58:02,315 [WARN] PackLoader:240 - Cannot read IP mode file for STMicroelectronics.X-CUBE-FREERTOS.1.3.0
2024-12-14 16:58:02,318 [WARN] PackLoader:240 - Cannot read IP mode file for STMicroelectronics.X-CUBE-NFC7.1.0.1
2024-12-14 16:58:02,326 [WARN] ConditionMgr:438 - getConditionDescription Invalid condition id : LAN8742 Phy interface Condition cause : null
2024-12-14 16:58:02,327 [WARN] PackLoader:240 - Cannot read IP mode file for STMicroelectronics.X-CUBE-AZRTOS-L4.2.0.0
2024-12-14 16:58:02,327 [WARN] ConditionMgr:1044 - genDependencies : Invalid condition id : LAN8742 Phy interface Condition cause : null
2024-12-14 16:58:02,327 [WARN] ConditionMgr:1044 - genDependencies : Invalid condition id : LAN8742 Phy interface Condition cause : null
2024-12-14 16:58:02,328 [WARN] ConditionMgr:1044 - genDependencies : Invalid condition id : LAN8742 Phy interface Condition cause : null
2024-12-14 16:58:02,333 [WARN] PackLoader:240 - Cannot read IP mode file for STMicroelectronics.X-CUBE-SFXS2LP1.4.0.0
2024-12-14 16:58:02,343 [WARN] PackLoader:240 - Cannot read IP mode file for STMicroelectronics.X-CUBE-AZRTOS-H7.3.3.0
2024-12-14 16:58:02,350 [WARN] PackLoader:240 - Cannot read IP mode file for STMicroelectronics.X-CUBE-IPS.3.0.0
2024-12-14 16:58:02,358 [WARN] ConditionMgr:438 - getConditionDescription Invalid condition id : UX DEVICE CLASS RTOS Condition cause : null
2024-12-14 16:58:02,358 [WARN] ConditionMgr:438 - getConditionDescription Invalid condition id : UX DEVICE CLASS RTOS Condition cause : null
2024-12-14 16:58:02,359 [WARN] PackLoader:240 - Cannot read IP mode file for STMicroelectronics.X-CUBE-AZRTOS-WB.2.0.0
2024-12-14 16:58:02,359 [WARN] ConditionMgr:1044 - genDependencies : Invalid condition id : UX DEVICE CLASS RTOS Condition cause : null
2024-12-14 16:58:02,359 [WARN] ConditionMgr:1044 - genDependencies : Invalid condition id : UX DEVICE CLASS RTOS Condition cause : null
2024-12-14 16:58:02,360 [WARN] ConditionMgr:1044 - genDependencies : Invalid condition id : UX DEVICE CLASS RTOS Condition cause : null
2024-12-14 16:58:02,360 [WARN] ConditionMgr:1044 - genDependencies : Invalid condition id : UX DEVICE CLASS RTOS Condition cause : null
2024-12-14 16:58:02,360 [WARN] ConditionMgr:1044 - genDependencies : Invalid condition id : UX DEVICE CLASS RTOS Condition cause : null
2024-12-14 16:58:02,364 [WARN] PackLoader:240 - Cannot read IP mode file for STMicroelectronics.X-CUBE-GNSS1.7.0.0
2024-12-14 16:58:02,369 [WARN] PackLoader:240 - Cannot read IP mode file for STMicroelectronics.FP-SNS-STBOX1.2.0.0
2024-12-14 16:58:02,376 [WARN] PackLoader:240 - Cannot read IP mode file for STMicroelectronics.X-CUBE-SUBG2.5.0.0
2024-12-14 16:58:02,381 [WARN] PackLoader:240 - Cannot read IP mode file for Cesanta.I-CUBE-Mongoose.7.13.0
2024-12-14 16:58:02,388 [WARN] PackLoader:240 - Cannot read IP mode file for STMicroelectronics.X-CUBE-AZRTOS-G4.2.0.0
2024-12-14 16:58:02,393 [WARN] PackLoader:240 - Cannot read IP mode file for STMicroelectronics.X-CUBE-ALS.1.0.2
2024-12-14 16:58:02,396 [WARN] PackLoader:240 - Cannot read IP mode file for STMicroelectronics.X-CUBE-TOUCHGFX.4.24.1
2024-12-14 16:58:02,399 [WARN] PackLoader:240 - Cannot read IP mode file for wolfSSL.I-CUBE-wolfTPM.3.4.0
2024-12-14 16:58:02,401 [WARN] PackLoader:240 - Cannot read IP mode file for portGmbH.I-Cube-SoM-uGOAL.1.1.0
2024-12-14 16:58:02,411 [WARN] PackLoader:240 - Cannot read IP mode file for STMicroelectronics.X-CUBE-AZRTOS-H7RS.1.0.0
2024-12-14 16:58:02,418 [WARN] PackLoader:240 - Cannot read IP mode file for STMicroelectronics.X-CUBE-TOF1.3.4.2
2024-12-14 16:58:02,426 [WARN] PackLoader:240 - Cannot read IP mode file for wolfSSL.I-CUBE-wolfSSH.1.4.17
2024-12-14 16:58:02,426 [INFO] ThirdParty:978 - Integrity check success = true
2024-12-14 16:58:02,426 [INFO] IntegrityCheckThread:100 - exiting critical section [integrity check]
2024-12-14 16:58:02,426 [INFO] IntegrityCheckThread:103 - End integrity checks thread
2024-12-14 17:28:44,217 [ERROR] LogOutputStream:75 - [STDERR_REDIRECT] 
2024-12-14 17:54:05,385 [INFO] Activator:176 - 


2024-12-14 17:54:05,387 [INFO] Activator:177 - !SESSION log4j initialized
2024-12-14 17:54:10,705 [INFO] LogOutputStream:77 - [STDOUT_REDIRECT] 
2024-12-14 17:54:11,485 [INFO] ApplicationProperties:184 - Using Application install path: C:\ST\STM32CubeIDE_1.8.0\STM32CubeIDE\plugins\com.st.stm32cube.common.mx_6.13.0.202411220809
2024-12-14 17:54:11,501 [INFO] DbMcusXml:78 - Set database path to: C:\ST\STM32CubeIDE_1.8.0\STM32CubeIDE\plugins\com.st.stm32cube.common.mx_6.13.0.202411220809\\db\/mcu/
2024-12-14 17:54:11,502 [INFO] ApiDb:274 - Set plugin database path to: C:\ST\STM32CubeIDE_1.8.0\STM32CubeIDE\plugins\com.st.stm32cube.common.mx_6.13.0.202411220809\\db\/plugins/boardmanager/
2024-12-14 17:54:11,502 [WARN] ApiDb:259 - Overriding images path with different value:  => C:\ST\STM32CubeIDE_1.8.0\STM32CubeIDE\plugins\com.st.stm32cube.common.mx_6.13.0.202411220809\\db\/plugins/mcufinder/images/
2024-12-14 17:54:11,509 [INFO] ApiDb:250 - Set database path to: C:\Users\l1534\.stmcufinder\plugins\mcufinder//mcu/
2024-12-14 17:54:11,510 [INFO] DbMcusAds:125 - Set database path to: C:\Users\l1534\.stmcufinder\plugins\mcufinder//mcu/
2024-12-14 17:54:11,512 [INFO] CrossReferenceDbSqlite:203 - Set database path to: C:\Users\l1534\.stmcufinder\plugins\mcufinder//mcu/cs/
2024-12-14 17:54:11,617 [INFO] RulesReader:64 - Compatibility file has been processed (297 Rules)
2024-12-14 17:54:11,723 [INFO] DbMcusXml:78 - Set database path to: C:\ST\STM32CubeIDE_1.8.0\STM32CubeIDE\plugins\com.st.stm32cube.common.mx_6.13.0.202411220809\\db\/mcu/
2024-12-14 17:54:11,724 [INFO] ApiDb:274 - Set plugin database path to: C:\ST\STM32CubeIDE_1.8.0\STM32CubeIDE\plugins\com.st.stm32cube.common.mx_6.13.0.202411220809\\db\/plugins/boardmanager/
2024-12-14 17:54:11,724 [INFO] ApiDb:261 - Set plugin images path to: C:\ST\STM32CubeIDE_1.8.0\STM32CubeIDE\plugins\com.st.stm32cube.common.mx_6.13.0.202411220809\\db\/plugins/mcufinder/images/
2024-12-14 17:54:11,724 [WARN] DbFile:41 - Overriding database path with different value: C:\Users\l1534\.stmcufinder\plugins\mcufinder/ => C:\Users\l1534\.stmcufinder\plugins\mcufinder
2024-12-14 17:54:11,724 [INFO] ApiDb:250 - Set database path to: C:\Users\l1534\.stmcufinder\plugins\mcufinder//mcu/
2024-12-14 17:54:11,724 [WARN] DbFile:41 - Overriding database path with different value: C:\Users\l1534\.stmcufinder\plugins\mcufinder/ => C:\Users\l1534\.stmcufinder\plugins\mcufinder
2024-12-14 17:54:11,724 [INFO] DbMcusAds:125 - Set database path to: C:\Users\l1534\.stmcufinder\plugins\mcufinder//mcu/
2024-12-14 17:54:11,724 [WARN] DbFile:41 - Overriding database path with different value: C:\Users\l1534\.stmcufinder\plugins\mcufinder/ => C:\Users\l1534\.stmcufinder\plugins\mcufinder
2024-12-14 17:54:11,725 [WARN] DbFile:41 - Overriding database path with different value: C:\Users\l1534\.stmcufinder\plugins\mcufinder/ => C:\Users\l1534\.stmcufinder\plugins\mcufinder
2024-12-14 17:54:11,725 [INFO] CrossReferenceDbSqlite:203 - Set database path to: C:\Users\l1534\.stmcufinder\plugins\mcufinder//mcu/cs/
2024-12-14 17:54:11,823 [INFO] MainPanel:272 - HeapMemory: 268435456
2024-12-14 17:54:11,920 [INFO] DbMcusXml:78 - Set database path to: C:\ST\STM32CubeIDE_1.8.0\STM32CubeIDE\plugins\com.st.stm32cube.common.mx_6.13.0.202411220809\\db\/mcu/
2024-12-14 17:54:11,920 [INFO] ApiDb:274 - Set plugin database path to: C:\ST\STM32CubeIDE_1.8.0\STM32CubeIDE\plugins\com.st.stm32cube.common.mx_6.13.0.202411220809\\db\/plugins/boardmanager/
2024-12-14 17:54:11,920 [INFO] ApiDb:261 - Set plugin images path to: C:\ST\STM32CubeIDE_1.8.0\STM32CubeIDE\plugins\com.st.stm32cube.common.mx_6.13.0.202411220809\\db\/plugins/mcufinder/images/
2024-12-14 17:54:11,921 [WARN] DbFile:41 - Overriding database path with different value: C:\Users\l1534\.stmcufinder\plugins\mcufinder/ => C:\Users\l1534\.stmcufinder\plugins\mcufinder
2024-12-14 17:54:11,921 [INFO] ApiDb:250 - Set database path to: C:\Users\l1534\.stmcufinder\plugins\mcufinder//mcu/
2024-12-14 17:54:11,921 [WARN] DbFile:41 - Overriding database path with different value: C:\Users\l1534\.stmcufinder\plugins\mcufinder/ => C:\Users\l1534\.stmcufinder\plugins\mcufinder
2024-12-14 17:54:11,921 [INFO] DbMcusAds:125 - Set database path to: C:\Users\l1534\.stmcufinder\plugins\mcufinder//mcu/
2024-12-14 17:54:11,921 [WARN] DbFile:41 - Overriding database path with different value: C:\Users\l1534\.stmcufinder\plugins\mcufinder/ => C:\Users\l1534\.stmcufinder\plugins\mcufinder
2024-12-14 17:54:11,921 [WARN] DbFile:41 - Overriding database path with different value: C:\Users\l1534\.stmcufinder\plugins\mcufinder/ => C:\Users\l1534\.stmcufinder\plugins\mcufinder
2024-12-14 17:54:11,921 [INFO] CrossReferenceDbSqlite:203 - Set database path to: C:\Users\l1534\.stmcufinder\plugins\mcufinder//mcu/cs/
2024-12-14 17:54:11,940 [INFO] ApplicationProperties:184 - Using Application install path: C:\ST\STM32CubeIDE_1.8.0\STM32CubeIDE\plugins\com.st.stm32cube.common.mx_6.13.0.202411220809
2024-12-14 17:54:11,941 [INFO] PluginManage:196 - Search for loadable plugins [exclusion list=, ]
2024-12-14 17:54:11,943 [INFO] PluginManage:310 - Check plugin analytics
2024-12-14 17:54:12,086 [INFO] AnalyticsPlugin:253 - Accepted Software Licenses: STM32CubeMX.6.4.0,STM32CubeMX.6.7.0,STM32CubeMX.6.11.0
2024-12-14 17:54:12,086 [INFO] AnalyticsPlugin:255 - Accepted CMSIS Pack Licenses: 
2024-12-14 17:54:12,087 [INFO] AnalyticsPlugin:257 - Accepted Firmware Licenses: FW.G0.1.5.0,FW.L4.1.18.0,FW.F4.1.28.0,FW.G0.1.6.0,FW.U5.1.5.0,FW.U5.1.7.0,FW.C0.1.3.0
2024-12-14 17:54:12,089 [INFO] PluginManage:359 - Loaded plugin analytics (category:tool,tabindex:-1)
2024-12-14 17:54:12,089 [INFO] PluginManage:310 - Check plugin cadmodel
2024-12-14 17:54:12,092 [INFO] CADModel:105 - Init CAD model plugin
2024-12-14 17:54:12,093 [INFO] PluginManage:359 - Loaded plugin cadmodel (category:power,tabindex:5)
2024-12-14 17:54:12,093 [INFO] PluginManage:310 - Check plugin clock
2024-12-14 17:54:12,102 [INFO] PluginManage:359 - Loaded plugin clock (category:base,tabindex:2)
2024-12-14 17:54:12,102 [INFO] PluginManage:310 - Check plugin ddr
2024-12-14 17:54:12,105 [INFO] PluginManage:359 - Loaded plugin ddr (category:tool,tabindex:6)
2024-12-14 17:54:12,105 [INFO] PluginManage:310 - Check plugin filemanager
2024-12-14 17:54:12,279 [INFO] PluginManage:359 - Loaded plugin filemanager (category:base,tabindex:10)
2024-12-14 17:54:12,279 [INFO] PluginManage:310 - Check plugin ipmanager
2024-12-14 17:54:12,289 [INFO] PluginManage:359 - Loaded plugin ipmanager (category:base,tabindex:5)
2024-12-14 17:54:12,289 [INFO] PluginManage:310 - Check plugin lpbam
2024-12-14 17:54:12,304 [INFO] PluginManage:359 - Loaded plugin lpbam (category:base,tabindex:0)
2024-12-14 17:54:12,304 [INFO] PluginManage:310 - Check plugin memorymap
2024-12-14 17:54:12,323 [INFO] PluginManage:359 - Loaded plugin memorymap (category:base,tabindex:4)
2024-12-14 17:54:12,324 [INFO] PluginManage:310 - Check plugin pinoutandconfiguration
2024-12-14 17:54:12,335 [INFO] PluginManage:359 - Loaded plugin pinoutandconfiguration (category:base,tabindex:1)
2024-12-14 17:54:12,335 [INFO] PluginManage:310 - Check plugin pinoutconfig
2024-12-14 17:54:12,422 [WARN] SupportedApi:132 - Cannot load RTOS API schema: s4s-elt-must-match.1: The content of 'definitions' must match (annotation?, (simpleType | complexType)?, (unique | key | keyref)*)). A problem was found starting at: attribute.
2024-12-14 17:54:12,550 [INFO] PluginManage:359 - Loaded plugin pinoutconfig (category:base,tabindex:0)
2024-12-14 17:54:12,551 [INFO] PluginManage:310 - Check plugin power
2024-12-14 17:54:12,559 [INFO] PluginManage:359 - Loaded plugin power (category:power,tabindex:4)
2024-12-14 17:54:12,560 [INFO] PluginManage:310 - Check plugin projectmanager
2024-12-14 17:54:12,575 [INFO] PluginManage:359 - Loaded plugin projectmanager (category:projectmanager,tabindex:4)
2024-12-14 17:54:12,576 [INFO] PluginManage:310 - Check plugin rif
2024-12-14 17:54:12,582 [INFO] PluginManage:359 - Loaded plugin rif (category:base,tabindex:3)
2024-12-14 17:54:12,582 [INFO] PluginManage:310 - Check plugin thirdparty
2024-12-14 17:54:12,719 [INFO] PluginManage:359 - Loaded plugin thirdparty (category:base,tabindex:-1)
2024-12-14 17:54:12,719 [WARN] IntegrityCheckThread:84 - waiting for thirdparty lock release [integrity check]
2024-12-14 17:54:12,720 [INFO] PluginManage:310 - Check plugin tools
2024-12-14 17:54:12,720 [INFO] IntegrityCheckThread:86 - entering critical section [integrity check]
2024-12-14 17:54:12,720 [INFO] ThirdPartyUpdaterWithRetryManager:70 - Updater plugin not ready yet. [1/15]
2024-12-14 17:54:12,724 [INFO] PluginManage:359 - Loaded plugin tools (category:base,tabindex:7)
2024-12-14 17:54:12,724 [INFO] PluginManage:310 - Check plugin tutovideos
2024-12-14 17:54:12,887 [INFO] PluginManage:359 - Loaded plugin tutovideos (category:base,tabindex:-1)
2024-12-14 17:54:12,887 [INFO] PluginManage:310 - Check plugin updater
2024-12-14 17:54:12,906 [INFO] PluginManage:359 - Loaded plugin updater (category:base,tabindex:12)
2024-12-14 17:54:12,906 [INFO] PluginManage:310 - Check plugin userauth
2024-12-14 17:54:12,910 [INFO] UserAuth:118 - Init User Auth plugin
2024-12-14 17:54:12,911 [INFO] PluginManage:359 - Loaded plugin userauth (category:base,tabindex:14)
2024-12-14 17:54:12,912 [INFO] PluginManage:283 - PluginManage : Loaded plugins [18]
2024-12-14 17:54:13,117 [INFO] PinOutPanel:1589 - setPackage(No Configuration,No Configuration)
2024-12-14 17:54:13,199 [INFO] CADModel:165 - CPN selected for project level
2024-12-14 17:54:13,199 [INFO] CADModel:114 - Register for checkConnection events
2024-12-14 17:54:13,218 [INFO] IPUIPlugin:80 - create IPUIPlugin
2024-12-14 17:54:13,219 [INFO] PluginManager:220 - loadIPPluginJar : add adc
2024-12-14 17:54:13,222 [INFO] IPUIPlugin:80 - create IPUIPlugin
2024-12-14 17:54:13,222 [INFO] PluginManager:220 - loadIPPluginJar : add aes
2024-12-14 17:54:13,225 [INFO] IPUIPlugin:80 - create IPUIPlugin
2024-12-14 17:54:13,225 [INFO] PluginManager:220 - loadIPPluginJar : add can
2024-12-14 17:54:13,226 [INFO] IPUIPlugin:80 - create IPUIPlugin
2024-12-14 17:54:13,227 [INFO] PluginManager:220 - loadIPPluginJar : add comp
2024-12-14 17:54:13,229 [INFO] IPUIPlugin:80 - create IPUIPlugin
2024-12-14 17:54:13,229 [INFO] PluginManager:220 - loadIPPluginJar : add cryp
2024-12-14 17:54:13,232 [INFO] IPUIPlugin:80 - create IPUIPlugin
2024-12-14 17:54:13,232 [INFO] PluginManager:220 - loadIPPluginJar : add ddr_ctrl_phy
2024-12-14 17:54:13,236 [INFO] IPUIPlugin:80 - create IPUIPlugin
2024-12-14 17:54:13,236 [INFO] PluginManager:220 - loadIPPluginJar : add dfsdm
2024-12-14 17:54:13,242 [INFO] IPUIPlugin:80 - create IPUIPlugin
2024-12-14 17:54:13,242 [INFO] PluginManager:220 - loadIPPluginJar : add dma
2024-12-14 17:54:13,245 [INFO] IPUIPlugin:80 - create IPUIPlugin
2024-12-14 17:54:13,245 [INFO] PluginManager:220 - loadIPPluginJar : add dma3
2024-12-14 17:54:13,248 [INFO] IPUIPlugin:80 - create IPUIPlugin
2024-12-14 17:54:13,248 [INFO] PluginManager:220 - loadIPPluginJar : add extmemmanager
2024-12-14 17:54:13,250 [INFO] IPUIPlugin:80 - create IPUIPlugin
2024-12-14 17:54:13,250 [INFO] PluginManager:220 - loadIPPluginJar : add fatfs
2024-12-14 17:54:13,256 [INFO] IPUIPlugin:80 - create IPUIPlugin
2024-12-14 17:54:13,256 [INFO] PluginManager:220 - loadIPPluginJar : add fmc
2024-12-14 17:54:13,262 [INFO] IPUIPlugin:80 - create IPUIPlugin
2024-12-14 17:54:13,263 [INFO] PluginManager:220 - loadIPPluginJar : add freertos
2024-12-14 17:54:13,265 [INFO] IPUIPlugin:80 - create IPUIPlugin
2024-12-14 17:54:13,265 [INFO] PluginManager:220 - loadIPPluginJar : add genericplugin
2024-12-14 17:54:13,267 [INFO] IPUIPlugin:80 - create IPUIPlugin
2024-12-14 17:54:13,268 [INFO] PluginManager:220 - loadIPPluginJar : add gfxmmu
2024-12-14 17:54:13,272 [INFO] IPUIPlugin:80 - create IPUIPlugin
2024-12-14 17:54:13,272 [INFO] PluginManager:220 - loadIPPluginJar : add gic
2024-12-14 17:54:13,277 [INFO] IPUIPlugin:80 - create IPUIPlugin
2024-12-14 17:54:13,277 [INFO] PluginManager:220 - loadIPPluginJar : add gpio
2024-12-14 17:54:13,280 [INFO] IPUIPlugin:80 - create IPUIPlugin
2024-12-14 17:54:13,280 [INFO] PluginManager:220 - loadIPPluginJar : add gtzc
2024-12-14 17:54:13,282 [INFO] IPUIPlugin:80 - create IPUIPlugin
2024-12-14 17:54:13,282 [INFO] PluginManager:220 - loadIPPluginJar : add hash
2024-12-14 17:54:13,286 [INFO] IPUIPlugin:80 - create IPUIPlugin
2024-12-14 17:54:13,286 [INFO] PluginManager:220 - loadIPPluginJar : add i2c
2024-12-14 17:54:13,288 [INFO] IPUIPlugin:80 - create IPUIPlugin
2024-12-14 17:54:13,289 [INFO] PluginManager:220 - loadIPPluginJar : add i2s
2024-12-14 17:54:13,291 [INFO] IPUIPlugin:80 - create IPUIPlugin
2024-12-14 17:54:13,291 [INFO] PluginManager:220 - loadIPPluginJar : add i3c
2024-12-14 17:54:13,295 [INFO] IPUIPlugin:80 - create IPUIPlugin
2024-12-14 17:54:13,296 [INFO] PluginManager:220 - loadIPPluginJar : add ipddr
2024-12-14 17:54:13,302 [INFO] IPUIPlugin:80 - create IPUIPlugin
2024-12-14 17:54:13,303 [INFO] PluginManager:220 - loadIPPluginJar : add linkedlist
2024-12-14 17:54:13,306 [INFO] IPUIPlugin:80 - create IPUIPlugin
2024-12-14 17:54:13,306 [INFO] PluginManager:220 - loadIPPluginJar : add lorawan
2024-12-14 17:54:13,307 [INFO] IPUIPlugin:80 - create IPUIPlugin
2024-12-14 17:54:13,307 [INFO] PluginManager:220 - loadIPPluginJar : add ltdc
2024-12-14 17:54:13,313 [INFO] IPUIPlugin:80 - create IPUIPlugin
2024-12-14 17:54:13,313 [INFO] PluginManager:220 - loadIPPluginJar : add mdma
2024-12-14 17:54:13,317 [INFO] IPUIPlugin:80 - create IPUIPlugin
2024-12-14 17:54:13,317 [INFO] PluginManager:220 - loadIPPluginJar : add nvic
2024-12-14 17:54:13,321 [INFO] IPUIPlugin:80 - create IPUIPlugin
2024-12-14 17:54:13,321 [INFO] PluginManager:220 - loadIPPluginJar : add opamp
2024-12-14 17:54:13,325 [INFO] IPUIPlugin:80 - create IPUIPlugin
2024-12-14 17:54:13,326 [INFO] PluginManager:220 - loadIPPluginJar : add openamp
2024-12-14 17:54:13,329 [INFO] IPUIPlugin:80 - create IPUIPlugin
2024-12-14 17:54:13,330 [INFO] PluginManager:220 - loadIPPluginJar : add pdm2pcm
2024-12-14 17:54:13,336 [INFO] IPUIPlugin:80 - create IPUIPlugin
2024-12-14 17:54:13,339 [INFO] PluginManager:220 - loadIPPluginJar : add plateformsettings
2024-12-14 17:54:13,341 [INFO] IPUIPlugin:80 - create IPUIPlugin
2024-12-14 17:54:13,342 [INFO] PluginManager:220 - loadIPPluginJar : add quadspi
2024-12-14 17:54:13,344 [INFO] IPUIPlugin:80 - create IPUIPlugin
2024-12-14 17:54:13,345 [INFO] PluginManager:220 - loadIPPluginJar : add radio
2024-12-14 17:54:13,349 [INFO] IPUIPlugin:80 - create IPUIPlugin
2024-12-14 17:54:13,349 [INFO] PluginManager:220 - loadIPPluginJar : add resmgrutility
2024-12-14 17:54:13,353 [INFO] IPUIPlugin:80 - create IPUIPlugin
2024-12-14 17:54:13,354 [INFO] PluginManager:220 - loadIPPluginJar : add sai
2024-12-14 17:54:13,356 [INFO] IPUIPlugin:80 - create IPUIPlugin
2024-12-14 17:54:13,356 [INFO] PluginManager:220 - loadIPPluginJar : add spi
2024-12-14 17:54:13,374 [INFO] IPUIPlugin:80 - create IPUIPlugin
2024-12-14 17:54:13,375 [INFO] PluginManager:220 - loadIPPluginJar : add stm32_wpan
2024-12-14 17:54:13,377 [INFO] IPUIPlugin:80 - create IPUIPlugin
2024-12-14 17:54:13,377 [INFO] PluginManager:220 - loadIPPluginJar : add tim
2024-12-14 17:54:13,381 [INFO] IPUIPlugin:80 - create IPUIPlugin
2024-12-14 17:54:13,381 [INFO] PluginManager:220 - loadIPPluginJar : add touchsensing
2024-12-14 17:54:13,383 [INFO] IPUIPlugin:80 - create IPUIPlugin
2024-12-14 17:54:13,384 [INFO] PluginManager:220 - loadIPPluginJar : add tracer_emb
2024-12-14 17:54:13,386 [INFO] IPUIPlugin:80 - create IPUIPlugin
2024-12-14 17:54:13,386 [INFO] PluginManager:220 - loadIPPluginJar : add ts
2024-12-14 17:54:13,387 [INFO] IPUIPlugin:80 - create IPUIPlugin
2024-12-14 17:54:13,388 [INFO] PluginManager:220 - loadIPPluginJar : add tsc
2024-12-14 17:54:13,390 [INFO] IPUIPlugin:80 - create IPUIPlugin
2024-12-14 17:54:13,390 [INFO] PluginManager:220 - loadIPPluginJar : add ucpd
2024-12-14 17:54:13,392 [INFO] IPUIPlugin:80 - create IPUIPlugin
2024-12-14 17:54:13,392 [INFO] PluginManager:220 - loadIPPluginJar : add usart
2024-12-14 17:54:13,398 [INFO] IPUIPlugin:80 - create IPUIPlugin
2024-12-14 17:54:13,398 [INFO] PluginManager:220 - loadIPPluginJar : add usbx
2024-12-14 17:54:13,528 [FATAL] Updater:351 - Updater called before beeing initialized
2024-12-14 17:54:13,550 [INFO] RulesReader:64 - Compatibility file has been processed (297 Rules)
2024-12-14 17:54:13,559 [INFO] RulesReader:64 - Compatibility file has been processed (297 Rules)
2024-12-14 17:54:13,569 [INFO] CADModel:165 - CPN selected for project level
2024-12-14 17:54:13,569 [INFO] CADModel:114 - Register for checkConnection events
2024-12-14 17:54:13,569 [FATAL] Updater:351 - Updater called before beeing initialized
2024-12-14 17:54:13,569 [ERROR] CADModel:125 - Updater not yet initialized, retry later 
2024-12-14 17:54:13,731 [FATAL] Updater:351 - Updater called before beeing initialized
2024-12-14 17:54:13,733 [INFO] CADModel:165 - CPN selected for project level
2024-12-14 17:54:13,733 [INFO] CADModel:114 - Register for checkConnection events
2024-12-14 17:54:13,733 [FATAL] Updater:351 - Updater called before beeing initialized
2024-12-14 17:54:13,733 [ERROR] CADModel:125 - Updater not yet initialized, retry later 
2024-12-14 17:54:13,737 [FATAL] Updater:351 - Updater called before beeing initialized
2024-12-14 17:54:13,855 [FATAL] Updater:351 - Updater called before beeing initialized
2024-12-14 17:54:13,858 [INFO] DbMcusAds:53 - JSON generation date=Fri Sep 20 09:04:23 EDT 2024 (1726837463113)
2024-12-14 17:54:13,859 [FATAL] Updater:351 - Updater called before beeing initialized
2024-12-14 17:54:13,887 [WARN] DetailPanel:346 - Failed to get advertising image, set to default
2024-12-14 17:54:14,092 [FATAL] Updater:351 - Updater called before beeing initialized
2024-12-14 17:54:14,094 [FATAL] Updater:351 - Updater called before beeing initialized
2024-12-14 17:54:14,094 [FATAL] Updater:351 - Updater called before beeing initialized
2024-12-14 17:54:14,094 [WARN] DetailPanel:346 - Failed to get advertising image, set to default
2024-12-14 17:54:14,095 [FATAL] Updater:351 - Updater called before beeing initialized
2024-12-14 17:54:14,138 [ERROR] Updater:1198 - MainUpdater not yet initialized. External WinMGr cannot be set.
2024-12-14 17:54:14,140 [INFO] Updater:1134 - Updater Version found : 6.13.0
2024-12-14 17:54:14,153 [INFO] ApplicationProperties:184 - Using Application install path: C:\ST\STM32CubeIDE_1.8.0\STM32CubeIDE\plugins\com.st.stm32cube.common.mx_6.13.0.202411220809
2024-12-14 17:54:14,436 [INFO] MainUpdater:2872 - connection check result : 10
2024-12-14 17:54:14,437 [INFO] MainUpdater:289 - Updater Check For Update Now.
2024-12-14 17:54:14,437 [INFO] MicroXplorer:498 - Change Database Version : DB.6.0.130
2024-12-14 17:54:14,442 [INFO] McuFinderGlobals:63 - Set McuFinder mode to 2 (CubeIDE integrated)
2024-12-14 17:54:14,442 [INFO] UserAuth:486 - Internet connection configuration mode: 1
2024-12-14 17:54:14,473 [INFO] JxBrowserEngine:152 - Initiate JxBrowser Engine with user profile folder
2024-12-14 17:54:14,605 [INFO] CheckServerUpdateThread:120 - End of CheckServer Thread
2024-12-14 17:54:15,040 [INFO] WebApp:168 - Instantiating new browser for Auth
2024-12-14 17:54:15,641 [INFO] WebApp:449 - Apply proxy settings
2024-12-14 17:54:15,641 [INFO] WebApp:534 - Chromium requires no authentication
2024-12-14 17:54:15,651 [INFO] WebApp:477 - Direct internet connection detected
2024-12-14 17:54:15,678 [INFO] WebApp:880 - Register for checkConnection events
2024-12-14 17:54:15,678 [INFO] WebApp:449 - Apply proxy settings
2024-12-14 17:54:15,679 [INFO] WebApp:534 - Chromium requires no authentication
2024-12-14 17:54:15,679 [INFO] WebApp:477 - Direct internet connection detected
2024-12-14 17:54:15,872 [INFO] WebApp:221 - Starting web application
2024-12-14 17:54:15,873 [INFO] WebApp:579 - Web application path used C:\ST\STM32CubeIDE_1.8.0\STM32CubeIDE\plugins\com.st.stm32cube.common.mx_6.13.0.202411220809\db\plugins\mcufinder\reactClient1\index.html
2024-12-14 17:54:15,913 [INFO] WebApp:187 - Connection restablished
2024-12-14 17:54:15,930 [WARN] PackLoader:240 - Cannot read IP mode file for STMicroelectronics.FP-SNS-MOTENVWB1.1.4.0
2024-12-14 17:54:15,942 [WARN] PackLoader:240 - Cannot read IP mode file for STMicroelectronics.FP-ATR-ASTRA1.2.0.1
2024-12-14 17:54:15,956 [WARN] PackLoader:240 - Cannot read IP mode file for STMicroelectronics.X-CUBE-SMBUS.2.1.0
2024-12-14 17:54:15,969 [WARN] PackLoader:240 - Cannot read IP mode file for STMicroelectronics.X-CUBE-WB05N.1.1.0
2024-12-14 17:54:16,023 [INFO] UserAuth:486 - Internet connection configuration mode: 1
2024-12-14 17:54:16,025 [WARN] PackLoader:240 - Cannot read IP mode file for STMicroelectronics.X-CUBE-AZRTOS-F7.1.1.0
2024-12-14 17:54:16,107 [WARN] PackLoader:240 - Cannot read IP mode file for STMicroelectronics.X-CUBE-MEMS1.11.0.0
2024-12-14 17:54:16,282 [WARN] PackLoader:240 - Cannot read IP mode file for STMicroelectronics.FP-SNS-FLIGHT1.5.0.2
2024-12-14 17:54:16,374 [WARN] PackLoader:240 - Cannot read IP mode file for Infineon.AIROC-Wi-Fi-Bluetooth-STM32.1.7.0
2024-12-14 17:54:16,395 [WARN] PackLoader:240 - Cannot read IP mode file for STMicroelectronics.X-CUBE-DISPLAY.3.0.0
2024-12-14 17:54:16,413 [WARN] PackLoader:240 - Cannot read IP mode file for STMicroelectronics.X-CUBE-BLE1.7.0.0
2024-12-14 17:54:16,452 [WARN] PackLoader:240 - Cannot read IP mode file for STMicroelectronics.X-CUBE-NFC10.1.0.0
2024-12-14 17:54:16,467 [WARN] PackLoader:240 - Cannot read IP mode file for STMicroelectronics.X-CUBE-BLEMGR.4.0.0
2024-12-14 17:54:16,479 [WARN] PackLoader:240 - Cannot read IP mode file for emotas.I-CUBE-CANOPEN.1.3.0
2024-12-14 17:54:16,494 [WARN] PackLoader:240 - Cannot read IP mode file for STMicroelectronics.FP-SNS-SMARTAG2.1.2.0
2024-12-14 17:54:16,510 [INFO] LogOutputStream:77 - [STDOUT_REDIRECT] 1 : Invalid condition id : UX_CORESTACK_Condition cause : null
2024-12-14 17:54:16,513 [INFO] LogOutputStream:77 - [STDOUT_REDIRECT] 1 : Invalid condition id : UX_CORESTACK_Condition cause : null
2024-12-14 17:54:16,514 [INFO] LogOutputStream:77 - [STDOUT_REDIRECT] 1 : Invalid condition id : UX_CORESTACK_Condition cause : null
2024-12-14 17:54:16,516 [INFO] LogOutputStream:77 - [STDOUT_REDIRECT] 1 : Invalid condition id : UX_CORESTACK_Condition cause : null
2024-12-14 17:54:16,517 [INFO] LogOutputStream:77 - [STDOUT_REDIRECT] 1 : Invalid condition id : UX_CORESTACK_Condition cause : null
2024-12-14 17:54:16,524 [WARN] PackLoader:240 - Cannot read IP mode file for STMicroelectronics.X-CUBE-AZRTOS-WL.2.0.0
2024-12-14 17:54:16,534 [WARN] PackLoader:240 - Cannot read IP mode file for STMicroelectronics.FP-SNS-MOTENV1.5.0.0
2024-12-14 17:54:16,578 [WARN] PackLoader:240 - Cannot read IP mode file for wolfSSL.I-CUBE-wolfMQTT.1.19.0
2024-12-14 17:54:16,597 [WARN] PackLoader:240 - Cannot read IP mode file for WES.I-CUBE-Cesium.1.3.0
2024-12-14 17:54:16,603 [WARN] PackLoader:240 - Cannot read IP mode file for STMicroelectronics.X-CUBE-BLE2.3.3.0
2024-12-14 17:54:16,612 [WARN] PackLoader:240 - Cannot read IP mode file for STMicroelectronics.X-CUBE-NFC9.1.0.0
2024-12-14 17:54:16,631 [WARN] PackLoader:240 - Cannot read IP mode file for STMicroelectronics.X-CUBE-AZRTOS-G0.1.1.0
2024-12-14 17:54:16,642 [WARN] PackLoader:240 - Cannot read IP mode file for STMicroelectronics.X-CUBE-SAFEA1.1.2.2
2024-12-14 17:54:16,651 [WARN] PackLoader:240 - Cannot read IP mode file for STMicroelectronics.X-CUBE-NFC4.3.0.0
2024-12-14 17:54:16,661 [WARN] PackLoader:240 - Cannot read IP mode file for EmbeddedOffice.I-CUBE-FS-RTOS.1.0.1
2024-12-14 17:54:16,670 [WARN] PackLoader:240 - Cannot read IP mode file for STMicroelectronics.X-CUBE-TCPP.4.2.0
2024-12-14 17:54:16,679 [WARN] PackLoader:240 - Cannot read IP mode file for RealThread.X-CUBE-RT-Thread_Nano.4.1.1
2024-12-14 17:54:16,685 [WARN] PackLoader:240 - Cannot read IP mode file for STMicroelectronics.FP-ATR-SIGFOX1.3.2.0
2024-12-14 17:54:16,691 [WARN] ConditionMgr:438 - getConditionDescription Invalid condition id : Cortex-A Device cause : null
2024-12-14 17:54:16,727 [WARN] ConditionMgr:1044 - genDependencies : Invalid condition id : Cortex-A Device cause : null
2024-12-14 17:54:16,727 [WARN] ConditionMgr:1044 - genDependencies : Invalid condition id : Cortex-A Device cause : null
2024-12-14 17:54:16,728 [WARN] ConditionMgr:1044 - genDependencies : Invalid condition id : Cortex-A Device cause : null
2024-12-14 17:54:16,734 [WARN] PackLoader:240 - Cannot read IP mode file for STMicroelectronics.X-CUBE-EEPRMA1.5.1.0
2024-12-14 17:54:16,740 [WARN] PackLoader:240 - Cannot read IP mode file for wolfSSL.I-CUBE-wolfSSL.5.7.4
2024-12-14 17:54:16,747 [WARN] PackLoader:240 - Cannot read IP mode file for ITTIA_DB.I-CUBE-ITTIADB.8.9.0
2024-12-14 17:54:16,773 [WARN] PackLoader:240 - Cannot read IP mode file for SEGGER.I-CUBE-embOS.1.3.1
2024-12-14 17:54:16,806 [WARN] PackLoader:240 - Cannot read IP mode file for STMicroelectronics.X-CUBE-ALGOBUILD.1.4.0
2024-12-14 17:54:16,811 [WARN] PackLoader:240 - Cannot read IP mode file for STMicroelectronics.X-CUBE-AI.9.1.0
2024-12-14 17:54:16,826 [WARN] PackLoader:240 - Cannot read IP mode file for STMicroelectronics.X-CUBE-AZRTOS-F4.1.1.0
2024-12-14 17:54:16,834 [WARN] PackLoader:240 - Cannot read IP mode file for STMicroelectronics.X-CUBE-ISPU.2.1.0
2024-12-14 17:54:16,851 [WARN] PackLoader:240 - Cannot read IP mode file for STMicroelectronics.X-CUBE-AZRTOS-L5.2.0.0
2024-12-14 17:54:16,862 [WARN] PackLoader:240 - Cannot read IP mode file for STMicroelectronics.X-CUBE-NFC6.3.1.0
2024-12-14 17:54:16,868 [WARN] PackLoader:240 - Cannot read IP mode file for STMicroelectronics.X-CUBE-DPower.1.2.0
2024-12-14 17:54:16,874 [WARN] PackLoader:240 - Cannot read IP mode file for STMicroelectronics.X-CUBE-FREERTOS.1.3.0
2024-12-14 17:54:16,881 [WARN] PackLoader:240 - Cannot read IP mode file for STMicroelectronics.X-CUBE-NFC7.1.0.1
2024-12-14 17:54:16,896 [WARN] ConditionMgr:438 - getConditionDescription Invalid condition id : LAN8742 Phy interface Condition cause : null
2024-12-14 17:54:16,897 [WARN] PackLoader:240 - Cannot read IP mode file for STMicroelectronics.X-CUBE-AZRTOS-L4.2.0.0
2024-12-14 17:54:16,899 [WARN] ConditionMgr:1044 - genDependencies : Invalid condition id : LAN8742 Phy interface Condition cause : null
2024-12-14 17:54:16,899 [WARN] ConditionMgr:1044 - genDependencies : Invalid condition id : LAN8742 Phy interface Condition cause : null
2024-12-14 17:54:16,899 [WARN] ConditionMgr:1044 - genDependencies : Invalid condition id : LAN8742 Phy interface Condition cause : null
2024-12-14 17:54:16,908 [WARN] PackLoader:240 - Cannot read IP mode file for STMicroelectronics.X-CUBE-SFXS2LP1.4.0.0
2024-12-14 17:54:16,926 [WARN] PackLoader:240 - Cannot read IP mode file for STMicroelectronics.X-CUBE-AZRTOS-H7.3.3.0
2024-12-14 17:54:16,939 [WARN] PackLoader:240 - Cannot read IP mode file for STMicroelectronics.X-CUBE-IPS.3.0.0
2024-12-14 17:54:16,953 [WARN] ConditionMgr:438 - getConditionDescription Invalid condition id : UX DEVICE CLASS RTOS Condition cause : null
2024-12-14 17:54:16,954 [WARN] ConditionMgr:438 - getConditionDescription Invalid condition id : UX DEVICE CLASS RTOS Condition cause : null
2024-12-14 17:54:16,956 [WARN] PackLoader:240 - Cannot read IP mode file for STMicroelectronics.X-CUBE-AZRTOS-WB.2.0.0
2024-12-14 17:54:16,956 [WARN] ConditionMgr:1044 - genDependencies : Invalid condition id : UX DEVICE CLASS RTOS Condition cause : null
2024-12-14 17:54:16,956 [WARN] ConditionMgr:1044 - genDependencies : Invalid condition id : UX DEVICE CLASS RTOS Condition cause : null
2024-12-14 17:54:16,956 [WARN] ConditionMgr:1044 - genDependencies : Invalid condition id : UX DEVICE CLASS RTOS Condition cause : null
2024-12-14 17:54:16,958 [WARN] ConditionMgr:1044 - genDependencies : Invalid condition id : UX DEVICE CLASS RTOS Condition cause : null
2024-12-14 17:54:16,958 [WARN] ConditionMgr:1044 - genDependencies : Invalid condition id : UX DEVICE CLASS RTOS Condition cause : null
2024-12-14 17:54:16,966 [WARN] PackLoader:240 - Cannot read IP mode file for STMicroelectronics.X-CUBE-GNSS1.7.0.0
2024-12-14 17:54:16,973 [WARN] PackLoader:240 - Cannot read IP mode file for STMicroelectronics.FP-SNS-STBOX1.2.0.0
2024-12-14 17:54:16,984 [WARN] PackLoader:240 - Cannot read IP mode file for STMicroelectronics.X-CUBE-SUBG2.5.0.0
2024-12-14 17:54:16,995 [WARN] PackLoader:240 - Cannot read IP mode file for Cesanta.I-CUBE-Mongoose.7.13.0
2024-12-14 17:54:17,014 [WARN] PackLoader:240 - Cannot read IP mode file for STMicroelectronics.X-CUBE-AZRTOS-G4.2.0.0
2024-12-14 17:54:17,021 [WARN] PackLoader:240 - Cannot read IP mode file for STMicroelectronics.X-CUBE-ALS.1.0.2
2024-12-14 17:54:17,026 [WARN] PackLoader:240 - Cannot read IP mode file for STMicroelectronics.X-CUBE-TOUCHGFX.4.24.1
2024-12-14 17:54:17,031 [WARN] PackLoader:240 - Cannot read IP mode file for wolfSSL.I-CUBE-wolfTPM.3.4.0
2024-12-14 17:54:17,038 [WARN] PackLoader:240 - Cannot read IP mode file for portGmbH.I-Cube-SoM-uGOAL.1.1.0
2024-12-14 17:54:17,053 [WARN] PackLoader:240 - Cannot read IP mode file for STMicroelectronics.X-CUBE-AZRTOS-H7RS.1.0.0
2024-12-14 17:54:17,066 [WARN] PackLoader:240 - Cannot read IP mode file for STMicroelectronics.X-CUBE-TOF1.3.4.2
2024-12-14 17:54:17,082 [WARN] PackLoader:240 - Cannot read IP mode file for wolfSSL.I-CUBE-wolfSSH.1.4.17
2024-12-14 17:54:17,083 [INFO] ThirdParty:978 - Integrity check success = true
2024-12-14 17:54:17,083 [INFO] IntegrityCheckThread:100 - exiting critical section [integrity check]
2024-12-14 17:54:17,083 [INFO] IntegrityCheckThread:103 - End integrity checks thread
