2025-07-21 10:49:34,526 [INFO] Activator:176 - 


2025-07-21 10:49:34,531 [INFO] Activator:177 - !SESSION log4j initialized
2025-07-21 10:49:38,210 [INFO] LogOutputStream:77 - [STDOUT_REDIRECT] 
2025-07-21 10:49:38,377 [ERROR] LogOutputStream:75 - [STDERR_REDIRECT] 
2025-07-21 10:49:39,628 [INFO] LogOutputStream:77 - [STDOUT_REDIRECT] 
2025-07-21 10:49:40,135 [INFO] ApplicationProperties:184 - Using Application install path: /Applications/STM32CubeIDE.app/Contents/Eclipse/plugins/com.st.stm32cube.common.mx_6.15.0.202507011659
2025-07-21 10:49:40,151 [INFO] DbMcusXml:78 - Set database path to: /Applications/STM32CubeIDE.app/Contents/Eclipse/plugins/com.st.stm32cube.common.mx_6.15.0.202507011659//db//mcu/
2025-07-21 10:49:40,151 [INFO] ApiDb:274 - Set plugin database path to: /Applications/STM32CubeIDE.app/Contents/Eclipse/plugins/com.st.stm32cube.common.mx_6.15.0.202507011659//db//plugins/boardmanager/
2025-07-21 10:49:40,151 [WARN] ApiDb:259 - Overriding images path with different value:  => /Applications/STM32CubeIDE.app/Contents/Eclipse/plugins/com.st.stm32cube.common.mx_6.15.0.202507011659//db//plugins/mcufinder/images/
2025-07-21 10:49:40,158 [INFO] ApiDb:250 - Set database path to: /Users/liufangzheng/.stmcufinder/plugins/mcufinder//mcu/
2025-07-21 10:49:40,159 [INFO] DbMcusAds:125 - Set database path to: /Users/liufangzheng/.stmcufinder/plugins/mcufinder//mcu/
2025-07-21 10:49:40,162 [INFO] CrossReferenceDbSqlite:203 - Set database path to: /Users/liufangzheng/.stmcufinder/plugins/mcufinder//mcu/cs/
2025-07-21 10:49:40,260 [INFO] RulesReader:64 - Compatibility file has been processed (317 Rules)
2025-07-21 10:49:40,308 [INFO] DbMcusXml:78 - Set database path to: /Applications/STM32CubeIDE.app/Contents/Eclipse/plugins/com.st.stm32cube.common.mx_6.15.0.202507011659//db//mcu/
2025-07-21 10:49:40,308 [INFO] ApiDb:274 - Set plugin database path to: /Applications/STM32CubeIDE.app/Contents/Eclipse/plugins/com.st.stm32cube.common.mx_6.15.0.202507011659//db//plugins/boardmanager/
2025-07-21 10:49:40,308 [INFO] ApiDb:261 - Set plugin images path to: /Applications/STM32CubeIDE.app/Contents/Eclipse/plugins/com.st.stm32cube.common.mx_6.15.0.202507011659//db//plugins/mcufinder/images/
2025-07-21 10:49:40,308 [WARN] DbFile:41 - Overriding database path with different value: /Users/liufangzheng/.stmcufinder/plugins/mcufinder/ => /Users/liufangzheng/.stmcufinder/plugins/mcufinder
2025-07-21 10:49:40,308 [INFO] ApiDb:250 - Set database path to: /Users/liufangzheng/.stmcufinder/plugins/mcufinder//mcu/
2025-07-21 10:49:40,308 [WARN] DbFile:41 - Overriding database path with different value: /Users/liufangzheng/.stmcufinder/plugins/mcufinder/ => /Users/liufangzheng/.stmcufinder/plugins/mcufinder
2025-07-21 10:49:40,308 [INFO] DbMcusAds:125 - Set database path to: /Users/liufangzheng/.stmcufinder/plugins/mcufinder//mcu/
2025-07-21 10:49:40,309 [WARN] DbFile:41 - Overriding database path with different value: /Users/liufangzheng/.stmcufinder/plugins/mcufinder/ => /Users/liufangzheng/.stmcufinder/plugins/mcufinder
2025-07-21 10:49:40,309 [WARN] DbFile:41 - Overriding database path with different value: /Users/liufangzheng/.stmcufinder/plugins/mcufinder/ => /Users/liufangzheng/.stmcufinder/plugins/mcufinder
2025-07-21 10:49:40,309 [INFO] CrossReferenceDbSqlite:203 - Set database path to: /Users/liufangzheng/.stmcufinder/plugins/mcufinder//mcu/cs/
2025-07-21 10:49:40,362 [INFO] MainPanel:274 - HeapMemory: 268435456
2025-07-21 10:49:40,781 [INFO] DbMcusXml:78 - Set database path to: /Applications/STM32CubeIDE.app/Contents/Eclipse/plugins/com.st.stm32cube.common.mx_6.15.0.202507011659//db//mcu/
2025-07-21 10:49:40,781 [INFO] ApiDb:274 - Set plugin database path to: /Applications/STM32CubeIDE.app/Contents/Eclipse/plugins/com.st.stm32cube.common.mx_6.15.0.202507011659//db//plugins/boardmanager/
2025-07-21 10:49:40,782 [INFO] ApiDb:261 - Set plugin images path to: /Applications/STM32CubeIDE.app/Contents/Eclipse/plugins/com.st.stm32cube.common.mx_6.15.0.202507011659//db//plugins/mcufinder/images/
2025-07-21 10:49:40,782 [WARN] DbFile:41 - Overriding database path with different value: /Users/liufangzheng/.stmcufinder/plugins/mcufinder/ => /Users/liufangzheng/.stmcufinder/plugins/mcufinder
2025-07-21 10:49:40,782 [INFO] ApiDb:250 - Set database path to: /Users/liufangzheng/.stmcufinder/plugins/mcufinder//mcu/
2025-07-21 10:49:40,782 [WARN] DbFile:41 - Overriding database path with different value: /Users/liufangzheng/.stmcufinder/plugins/mcufinder/ => /Users/liufangzheng/.stmcufinder/plugins/mcufinder
2025-07-21 10:49:40,782 [INFO] DbMcusAds:125 - Set database path to: /Users/liufangzheng/.stmcufinder/plugins/mcufinder//mcu/
2025-07-21 10:49:40,782 [WARN] DbFile:41 - Overriding database path with different value: /Users/liufangzheng/.stmcufinder/plugins/mcufinder/ => /Users/liufangzheng/.stmcufinder/plugins/mcufinder
2025-07-21 10:49:40,782 [WARN] DbFile:41 - Overriding database path with different value: /Users/liufangzheng/.stmcufinder/plugins/mcufinder/ => /Users/liufangzheng/.stmcufinder/plugins/mcufinder
2025-07-21 10:49:40,782 [INFO] CrossReferenceDbSqlite:203 - Set database path to: /Users/liufangzheng/.stmcufinder/plugins/mcufinder//mcu/cs/
2025-07-21 10:49:40,795 [INFO] ApplicationProperties:184 - Using Application install path: /Applications/STM32CubeIDE.app/Contents/Eclipse/plugins/com.st.stm32cube.common.mx_6.15.0.202507011659
2025-07-21 10:49:40,796 [INFO] PluginManage:196 - Search for loadable plugins [exclusion list=, ]
2025-07-21 10:49:40,797 [INFO] PluginManage:310 - Check plugin analytics
2025-07-21 10:49:40,935 [INFO] AnalyticsPlugin:253 - Accepted Software Licenses: STM32CubeMX.6.14.0,STM32CubeMX.6.7.0,STM32CubeMX.6.14.1,STM32CubeMX.6.15.0
2025-07-21 10:49:40,935 [INFO] AnalyticsPlugin:255 - Accepted CMSIS Pack Licenses: 
2025-07-21 10:49:40,935 [INFO] AnalyticsPlugin:257 - Accepted Firmware Licenses: FW.C0.1.4.0,FW.L4.1.18.0,FW.F7.1.17.0
2025-07-21 10:49:40,937 [INFO] PluginManage:359 - Loaded plugin analytics (category:tool,tabindex:-1)
2025-07-21 10:49:40,938 [INFO] PluginManage:310 - Check plugin cadmodel
2025-07-21 10:49:40,944 [INFO] CADModel:105 - Init CAD model plugin
2025-07-21 10:49:40,944 [INFO] PluginManage:359 - Loaded plugin cadmodel (category:power,tabindex:5)
2025-07-21 10:49:40,944 [INFO] PluginManage:310 - Check plugin clock
2025-07-21 10:49:40,955 [INFO] PluginManage:359 - Loaded plugin clock (category:base,tabindex:2)
2025-07-21 10:49:40,955 [INFO] PluginManage:310 - Check plugin ddr
2025-07-21 10:49:40,957 [INFO] PluginManage:359 - Loaded plugin ddr (category:tool,tabindex:6)
2025-07-21 10:49:40,958 [INFO] PluginManage:310 - Check plugin filemanager
2025-07-21 10:49:41,103 [INFO] PluginManage:359 - Loaded plugin filemanager (category:base,tabindex:10)
2025-07-21 10:49:41,103 [INFO] PluginManage:310 - Check plugin ipmanager
2025-07-21 10:49:41,109 [INFO] PluginManage:359 - Loaded plugin ipmanager (category:base,tabindex:5)
2025-07-21 10:49:41,109 [INFO] PluginManage:310 - Check plugin lpbam
2025-07-21 10:49:41,118 [INFO] PluginManage:359 - Loaded plugin lpbam (category:base,tabindex:0)
2025-07-21 10:49:41,118 [INFO] PluginManage:310 - Check plugin memorymap
2025-07-21 10:49:41,131 [INFO] PluginManage:359 - Loaded plugin memorymap (category:base,tabindex:4)
2025-07-21 10:49:41,131 [INFO] PluginManage:310 - Check plugin pinoutandconfiguration
2025-07-21 10:49:41,139 [INFO] PluginManage:359 - Loaded plugin pinoutandconfiguration (category:base,tabindex:1)
2025-07-21 10:49:41,139 [INFO] PluginManage:310 - Check plugin pinoutconfig
2025-07-21 10:49:41,224 [WARN] SupportedApi:132 - Cannot load RTOS API schema: s4s-elt-must-match.1: The content of 'definitions' must match (annotation?, (simpleType | complexType)?, (unique | key | keyref)*)). A problem was found starting at: attribute.
2025-07-21 10:49:41,348 [INFO] PluginManage:359 - Loaded plugin pinoutconfig (category:base,tabindex:0)
2025-07-21 10:49:41,348 [INFO] PluginManage:310 - Check plugin power
2025-07-21 10:49:41,356 [INFO] PluginManage:359 - Loaded plugin power (category:power,tabindex:4)
2025-07-21 10:49:41,356 [INFO] PluginManage:310 - Check plugin projectmanager
2025-07-21 10:49:41,369 [INFO] PluginManage:359 - Loaded plugin projectmanager (category:projectmanager,tabindex:4)
2025-07-21 10:49:41,369 [INFO] PluginManage:310 - Check plugin rif
2025-07-21 10:49:41,379 [INFO] PluginManage:359 - Loaded plugin rif (category:base,tabindex:3)
2025-07-21 10:49:41,379 [INFO] PluginManage:310 - Check plugin thirdparty
2025-07-21 10:49:41,488 [INFO] PluginManage:359 - Loaded plugin thirdparty (category:base,tabindex:-1)
2025-07-21 10:49:41,487 [WARN] IntegrityCheckThread:84 - waiting for thirdparty lock release [integrity check]
2025-07-21 10:49:41,488 [INFO] PluginManage:310 - Check plugin tools
2025-07-21 10:49:41,488 [INFO] IntegrityCheckThread:86 - entering critical section [integrity check]
2025-07-21 10:49:41,488 [INFO] ThirdPartyUpdaterWithRetryManager:70 - Updater plugin not ready yet. [1/15]
2025-07-21 10:49:41,490 [INFO] PluginManage:359 - Loaded plugin tools (category:base,tabindex:7)
2025-07-21 10:49:41,490 [INFO] PluginManage:310 - Check plugin tutovideos
2025-07-21 10:49:41,694 [INFO] PluginManage:359 - Loaded plugin tutovideos (category:base,tabindex:-1)
2025-07-21 10:49:41,694 [INFO] PluginManage:310 - Check plugin updater
2025-07-21 10:49:41,714 [INFO] PluginManage:359 - Loaded plugin updater (category:base,tabindex:12)
2025-07-21 10:49:41,714 [INFO] PluginManage:310 - Check plugin userauth
2025-07-21 10:49:41,718 [INFO] UserAuth:118 - Init User Auth plugin
2025-07-21 10:49:41,718 [INFO] PluginManage:359 - Loaded plugin userauth (category:base,tabindex:14)
2025-07-21 10:49:41,719 [INFO] PluginManage:283 - PluginManage : Loaded plugins [18]
2025-07-21 10:49:41,884 [INFO] PinOutPanel:1589 - setPackage(No Configuration,No Configuration)
2025-07-21 10:49:41,951 [INFO] CADModel:165 - CPN selected for project level
2025-07-21 10:49:41,952 [INFO] CADModel:114 - Register for checkConnection events
2025-07-21 10:49:41,964 [INFO] IPUIPlugin:80 - create IPUIPlugin
2025-07-21 10:49:41,965 [INFO] PluginManager:220 - loadIPPluginJar : add mdma
2025-07-21 10:49:41,972 [INFO] IPUIPlugin:80 - create IPUIPlugin
2025-07-21 10:49:41,972 [INFO] PluginManager:220 - loadIPPluginJar : add freertos
2025-07-21 10:49:41,977 [INFO] IPUIPlugin:80 - create IPUIPlugin
2025-07-21 10:49:41,978 [INFO] PluginManager:220 - loadIPPluginJar : add gic
2025-07-21 10:49:41,988 [INFO] IPUIPlugin:80 - create IPUIPlugin
2025-07-21 10:49:41,988 [INFO] PluginManager:220 - loadIPPluginJar : add adc
2025-07-21 10:49:41,990 [INFO] IPUIPlugin:80 - create IPUIPlugin
2025-07-21 10:49:41,991 [INFO] PluginManager:220 - loadIPPluginJar : add gtzc
2025-07-21 10:49:41,991 [INFO] IPUIPlugin:80 - create IPUIPlugin
2025-07-21 10:49:41,992 [INFO] PluginManager:220 - loadIPPluginJar : add quadspi
2025-07-21 10:49:41,994 [INFO] IPUIPlugin:80 - create IPUIPlugin
2025-07-21 10:49:41,994 [INFO] PluginManager:220 - loadIPPluginJar : add aes
2025-07-21 10:49:41,995 [INFO] IPUIPlugin:80 - create IPUIPlugin
2025-07-21 10:49:41,995 [INFO] PluginManager:220 - loadIPPluginJar : add pdm2pcm
2025-07-21 10:49:41,997 [INFO] IPUIPlugin:80 - create IPUIPlugin
2025-07-21 10:49:41,997 [INFO] PluginManager:220 - loadIPPluginJar : add hash
2025-07-21 10:49:41,998 [INFO] IPUIPlugin:80 - create IPUIPlugin
2025-07-21 10:49:41,998 [INFO] PluginManager:220 - loadIPPluginJar : add tim
2025-07-21 10:49:41,999 [INFO] IPUIPlugin:80 - create IPUIPlugin
2025-07-21 10:49:41,999 [INFO] PluginManager:220 - loadIPPluginJar : add tsc
2025-07-21 10:49:42,001 [INFO] IPUIPlugin:80 - create IPUIPlugin
2025-07-21 10:49:42,001 [INFO] PluginManager:220 - loadIPPluginJar : add extmemmanager
2025-07-21 10:49:42,002 [INFO] IPUIPlugin:80 - create IPUIPlugin
2025-07-21 10:49:42,003 [INFO] PluginManager:220 - loadIPPluginJar : add ts
2025-07-21 10:49:42,003 [INFO] IPUIPlugin:80 - create IPUIPlugin
2025-07-21 10:49:42,004 [INFO] PluginManager:220 - loadIPPluginJar : add radio
2025-07-21 10:49:42,006 [INFO] IPUIPlugin:80 - create IPUIPlugin
2025-07-21 10:49:42,006 [INFO] PluginManager:220 - loadIPPluginJar : add can
2025-07-21 10:49:42,008 [INFO] IPUIPlugin:80 - create IPUIPlugin
2025-07-21 10:49:42,008 [INFO] PluginManager:220 - loadIPPluginJar : add dma3
2025-07-21 10:49:42,009 [INFO] IPUIPlugin:80 - create IPUIPlugin
2025-07-21 10:49:42,009 [INFO] PluginManager:220 - loadIPPluginJar : add dfsdm
2025-07-21 10:49:42,010 [INFO] IPUIPlugin:80 - create IPUIPlugin
2025-07-21 10:49:42,010 [INFO] PluginManager:220 - loadIPPluginJar : add spi
2025-07-21 10:49:42,012 [INFO] IPUIPlugin:80 - create IPUIPlugin
2025-07-21 10:49:42,012 [INFO] PluginManager:220 - loadIPPluginJar : add gfxmmu
2025-07-21 10:49:42,013 [INFO] IPUIPlugin:80 - create IPUIPlugin
2025-07-21 10:49:42,013 [INFO] PluginManager:220 - loadIPPluginJar : add genericplugin
2025-07-21 10:49:42,014 [INFO] IPUIPlugin:80 - create IPUIPlugin
2025-07-21 10:49:42,014 [INFO] PluginManager:220 - loadIPPluginJar : add cryp
2025-07-21 10:49:42,018 [INFO] IPUIPlugin:80 - create IPUIPlugin
2025-07-21 10:49:42,018 [INFO] PluginManager:220 - loadIPPluginJar : add gpio
2025-07-21 10:49:42,021 [INFO] IPUIPlugin:80 - create IPUIPlugin
2025-07-21 10:49:42,021 [INFO] PluginManager:220 - loadIPPluginJar : add ddr_ctrl_phy
2025-07-21 10:49:42,022 [INFO] IPUIPlugin:80 - create IPUIPlugin
2025-07-21 10:49:42,022 [INFO] PluginManager:220 - loadIPPluginJar : add comp
2025-07-21 10:49:42,024 [INFO] IPUIPlugin:80 - create IPUIPlugin
2025-07-21 10:49:42,024 [INFO] PluginManager:220 - loadIPPluginJar : add tracer_emb
2025-07-21 10:49:42,026 [INFO] IPUIPlugin:80 - create IPUIPlugin
2025-07-21 10:49:42,026 [INFO] PluginManager:220 - loadIPPluginJar : add openamp
2025-07-21 10:49:42,032 [INFO] IPUIPlugin:80 - create IPUIPlugin
2025-07-21 10:49:42,032 [INFO] PluginManager:220 - loadIPPluginJar : add stm32_wpan
2025-07-21 10:49:42,037 [INFO] IPUIPlugin:80 - create IPUIPlugin
2025-07-21 10:49:42,039 [INFO] PluginManager:220 - loadIPPluginJar : add plateformsettings
2025-07-21 10:49:42,042 [INFO] IPUIPlugin:80 - create IPUIPlugin
2025-07-21 10:49:42,042 [INFO] PluginManager:220 - loadIPPluginJar : add ipddr
2025-07-21 10:49:42,044 [INFO] IPUIPlugin:80 - create IPUIPlugin
2025-07-21 10:49:42,044 [INFO] PluginManager:220 - loadIPPluginJar : add usart
2025-07-21 10:49:42,045 [INFO] IPUIPlugin:80 - create IPUIPlugin
2025-07-21 10:49:42,045 [INFO] PluginManager:220 - loadIPPluginJar : add ltdc
2025-07-21 10:49:42,048 [INFO] IPUIPlugin:80 - create IPUIPlugin
2025-07-21 10:49:42,048 [INFO] PluginManager:220 - loadIPPluginJar : add nvic
2025-07-21 10:49:42,049 [INFO] IPUIPlugin:80 - create IPUIPlugin
2025-07-21 10:49:42,049 [INFO] PluginManager:220 - loadIPPluginJar : add fatfs
2025-07-21 10:49:42,055 [INFO] IPUIPlugin:80 - create IPUIPlugin
2025-07-21 10:49:42,055 [INFO] PluginManager:220 - loadIPPluginJar : add linkedlist
2025-07-21 10:49:42,059 [INFO] IPUIPlugin:80 - create IPUIPlugin
2025-07-21 10:49:42,059 [INFO] PluginManager:220 - loadIPPluginJar : add dma
2025-07-21 10:49:42,062 [INFO] IPUIPlugin:80 - create IPUIPlugin
2025-07-21 10:49:42,062 [INFO] PluginManager:220 - loadIPPluginJar : add fmc
2025-07-21 10:49:42,064 [INFO] IPUIPlugin:80 - create IPUIPlugin
2025-07-21 10:49:42,064 [INFO] PluginManager:220 - loadIPPluginJar : add i2s
2025-07-21 10:49:42,065 [INFO] IPUIPlugin:80 - create IPUIPlugin
2025-07-21 10:49:42,065 [INFO] PluginManager:220 - loadIPPluginJar : add ucpd
2025-07-21 10:49:42,066 [INFO] IPUIPlugin:80 - create IPUIPlugin
2025-07-21 10:49:42,067 [INFO] PluginManager:220 - loadIPPluginJar : add lorawan
2025-07-21 10:49:42,069 [INFO] IPUIPlugin:80 - create IPUIPlugin
2025-07-21 10:49:42,069 [INFO] PluginManager:220 - loadIPPluginJar : add opamp
2025-07-21 10:49:42,071 [INFO] IPUIPlugin:80 - create IPUIPlugin
2025-07-21 10:49:42,071 [INFO] PluginManager:220 - loadIPPluginJar : add i3c
2025-07-21 10:49:42,075 [INFO] IPUIPlugin:80 - create IPUIPlugin
2025-07-21 10:49:42,076 [INFO] PluginManager:220 - loadIPPluginJar : add touchsensing
2025-07-21 10:49:42,077 [INFO] IPUIPlugin:80 - create IPUIPlugin
2025-07-21 10:49:42,078 [INFO] PluginManager:220 - loadIPPluginJar : add i2c
2025-07-21 10:49:42,081 [INFO] IPUIPlugin:80 - create IPUIPlugin
2025-07-21 10:49:42,081 [INFO] PluginManager:220 - loadIPPluginJar : add resmgrutility
2025-07-21 10:49:42,083 [INFO] IPUIPlugin:80 - create IPUIPlugin
2025-07-21 10:49:42,083 [INFO] PluginManager:220 - loadIPPluginJar : add sai
2025-07-21 10:49:42,085 [INFO] IPUIPlugin:80 - create IPUIPlugin
2025-07-21 10:49:42,085 [INFO] PluginManager:220 - loadIPPluginJar : add usbx
2025-07-21 10:49:42,191 [FATAL] Updater:351 - Updater called before beeing initialized
2025-07-21 10:49:42,218 [INFO] RulesReader:64 - Compatibility file has been processed (317 Rules)
2025-07-21 10:49:42,229 [INFO] RulesReader:64 - Compatibility file has been processed (317 Rules)
2025-07-21 10:49:42,235 [INFO] CADModel:165 - CPN selected for project level
2025-07-21 10:49:42,235 [INFO] CADModel:114 - Register for checkConnection events
2025-07-21 10:49:42,235 [FATAL] Updater:351 - Updater called before beeing initialized
2025-07-21 10:49:42,235 [ERROR] CADModel:125 - Updater not yet initialized, retry later 
2025-07-21 10:49:42,622 [FATAL] Updater:351 - Updater called before beeing initialized
2025-07-21 10:49:42,624 [INFO] CADModel:165 - CPN selected for project level
2025-07-21 10:49:42,624 [INFO] CADModel:114 - Register for checkConnection events
2025-07-21 10:49:42,624 [FATAL] Updater:351 - Updater called before beeing initialized
2025-07-21 10:49:42,624 [ERROR] CADModel:125 - Updater not yet initialized, retry later 
2025-07-21 10:49:42,628 [FATAL] Updater:351 - Updater called before beeing initialized
2025-07-21 10:49:42,710 [FATAL] Updater:351 - Updater called before beeing initialized
2025-07-21 10:49:42,715 [INFO] DbMcusAds:53 - JSON generation date=Tue Jul 08 04:14:23 EDT 2025 (1751962463524)
2025-07-21 10:49:42,715 [FATAL] Updater:351 - Updater called before beeing initialized
2025-07-21 10:49:42,761 [WARN] DetailPanel:346 - Failed to get advertising image, set to default
2025-07-21 10:49:42,843 [FATAL] Updater:351 - Updater called before beeing initialized
2025-07-21 10:49:42,844 [FATAL] Updater:351 - Updater called before beeing initialized
2025-07-21 10:49:42,845 [FATAL] Updater:351 - Updater called before beeing initialized
2025-07-21 10:49:42,845 [WARN] DetailPanel:346 - Failed to get advertising image, set to default
2025-07-21 10:49:42,846 [FATAL] Updater:351 - Updater called before beeing initialized
2025-07-21 10:49:42,874 [ERROR] Updater:1198 - MainUpdater not yet initialized. External WinMGr cannot be set.
2025-07-21 10:49:42,876 [INFO] Updater:1134 - Updater Version found : 6.15.0
2025-07-21 10:49:42,891 [INFO] ApplicationProperties:184 - Using Application install path: /Applications/STM32CubeIDE.app/Contents/Eclipse/plugins/com.st.stm32cube.common.mx_6.15.0.202507011659
2025-07-21 10:49:43,140 [INFO] MainUpdater:2872 - connection check result : 10
2025-07-21 10:49:43,140 [INFO] MainUpdater:289 - Updater Check For Update Now.
2025-07-21 10:49:43,141 [INFO] MicroXplorer:498 - Change Database Version : DB.6.0.150
2025-07-21 10:49:43,145 [INFO] McuFinderGlobals:63 - Set McuFinder mode to 2 (CubeIDE integrated)
2025-07-21 10:49:43,146 [INFO] UserAuth:487 - Internet connection configuration mode: 1
2025-07-21 10:49:43,163 [INFO] JxBrowserEngine:152 - Initiate JxBrowser Engine with user profile folder
2025-07-21 10:49:43,313 [INFO] CheckServerUpdateThread:120 - End of CheckServer Thread
2025-07-21 10:49:44,180 [INFO] WebApp:169 - Instantiating new browser for Auth
2025-07-21 10:49:44,986 [INFO] WebApp:463 - Apply proxy settings
2025-07-21 10:49:45,007 [INFO] WebApp:508 - Chromium authenticates against Manually configured proxy
2025-07-21 10:49:45,043 [INFO] WebApp:516 - Username used for proxy authentication: 
2025-07-21 10:49:45,080 [INFO] WebApp:900 - Register for checkConnection events
2025-07-21 10:49:45,096 [INFO] WebApp:463 - Apply proxy settings
2025-07-21 10:49:45,101 [INFO] WebApp:508 - Chromium authenticates against Manually configured proxy
2025-07-21 10:49:45,116 [INFO] WebApp:516 - Username used for proxy authentication: 
2025-07-21 10:49:45,297 [INFO] WebApp:225 - Starting web application
2025-07-21 10:49:45,307 [INFO] WebApp:593 - Web application path used /Applications/STM32CubeIDE.app/Contents/Eclipse/plugins/com.st.stm32cube.common.mx_6.15.0.202507011659/db/plugins/mcufinder/reactClient1/index.html
2025-07-21 10:49:45,403 [INFO] UserAuth:487 - Internet connection configuration mode: 1
2025-07-21 10:49:45,924 [INFO] WebApp:191 - Connection restablished
2025-07-21 10:49:48,003 [WARN] PackLoader:240 - Cannot read IP mode file for STMicroelectronics.FP-SNS-MOTENVWB1.1.4.0
2025-07-21 10:49:48,009 [WARN] PackLoader:240 - Cannot read IP mode file for STMicroelectronics.FP-ATR-ASTRA1.2.0.2
2025-07-21 10:49:48,013 [WARN] PackLoader:240 - Cannot read IP mode file for STMicroelectronics.FP-ATR-ASTRA1.2.0.1
2025-07-21 10:49:48,020 [WARN] PackLoader:240 - Cannot read IP mode file for STMicroelectronics.X-CUBE-SMBUS.2.1.0
2025-07-21 10:49:48,026 [WARN] PackLoader:240 - Cannot read IP mode file for STMicroelectronics.X-CUBE-WB05N.1.1.0
2025-07-21 10:49:48,030 [WARN] PackLoader:240 - Cannot read IP mode file for STMicroelectronics.X-CUBE-ST60.1.0.0
2025-07-21 10:49:48,034 [WARN] PackLoader:240 - Cannot read IP mode file for STMicroelectronics.X-CUBE-TOUCHGFX.4.23.2
2025-07-21 10:49:48,057 [WARN] PackLoader:240 - Cannot read IP mode file for STMicroelectronics.X-CUBE-AZRTOS-F7.1.1.0
2025-07-21 10:49:48,063 [WARN] PackLoader:240 - Cannot read IP mode file for STMicroelectronics.X-CUBE-AI.7.1.0
2025-07-21 10:49:48,067 [ERROR] RealEvaluatedCondition:428 - Found unsupported composite condition: CLASS='Data Exchange' GROUP='STM32_MetaDataManager'
2025-07-21 10:49:48,067 [ERROR] RealEvaluatedCondition:428 - Found unsupported composite condition: CLASS='Data Exchange' GROUP='STM32_MetaDataManager'
2025-07-21 10:49:48,068 [WARN] PackLoader:240 - Cannot read IP mode file for STMicroelectronics.FP-SNS-MOTENV1.4.3.0
2025-07-21 10:49:48,074 [WARN] PackLoader:240 - Cannot read IP mode file for STMicroelectronics.FP-SNS-MOTENV1.4.3.2
2025-07-21 10:49:48,079 [WARN] PackLoader:240 - Cannot read IP mode file for STMicroelectronics.FP-SNS-FLIGHT1.5.0.0
2025-07-21 10:49:48,130 [WARN] PackLoader:240 - Cannot read IP mode file for STMicroelectronics.X-CUBE-MEMS1.11.0.0
2025-07-21 10:49:48,320 [WARN] PackLoader:240 - Cannot read IP mode file for STMicroelectronics.X-CUBE-BLE1.6.2.4
2025-07-21 10:49:48,323 [WARN] PackLoader:240 - Cannot read IP mode file for STMicroelectronics.X-CUBE-BLE1.6.2.2
2025-07-21 10:49:48,325 [WARN] PackLoader:240 - Cannot read IP mode file for STMicroelectronics.FP-SNS-FLIGHT1.5.0.2
2025-07-21 10:49:48,329 [WARN] PackLoader:240 - Cannot read IP mode file for STMicroelectronics.X-CUBE-BLE2.3.2.2
2025-07-21 10:49:48,345 [WARN] PackLoader:240 - Cannot read IP mode file for Infineon.AIROC-Wi-Fi-Bluetooth-STM32.1.7.0
2025-07-21 10:49:48,374 [WARN] PackLoader:240 - Cannot read IP mode file for wolfSSL.I-CUBE-wolfSSL.5.1.1
2025-07-21 10:49:48,390 [WARN] PackLoader:240 - Cannot read IP mode file for STMicroelectronics.X-CUBE-AZRTOS-H7.3.4.0
2025-07-21 10:49:48,397 [WARN] PackLoader:240 - Cannot read IP mode file for STMicroelectronics.X-CUBE-DISPLAY.3.0.0
2025-07-21 10:49:48,421 [WARN] PackLoader:240 - Cannot read IP mode file for STMicroelectronics.X-CUBE-BLE1.7.0.0
2025-07-21 10:49:48,425 [WARN] PackLoader:240 - Cannot read IP mode file for STMicroelectronics.X-CUBE-NFC10.1.0.0
2025-07-21 10:49:48,439 [WARN] PackLoader:240 - Cannot read IP mode file for STMicroelectronics.X-CUBE-BLEMGR.4.0.0
2025-07-21 10:49:48,445 [WARN] PackLoader:240 - Cannot read IP mode file for emotas.I-CUBE-CANOPEN.1.3.0
2025-07-21 10:49:48,447 [WARN] PackLoader:240 - Cannot read IP mode file for STMicroelectronics.X-CUBE-TOUCHGFX.4.22.0
2025-07-21 10:49:48,454 [WARN] PackLoader:240 - Cannot read IP mode file for STMicroelectronics.X-CUBE-SUBG2.4.2.0
2025-07-21 10:49:48,459 [WARN] ConditionMgr:438 - getConditionDescription Invalid condition id : Cortex-A Device cause : null
2025-07-21 10:49:48,466 [WARN] ConditionMgr:1044 - genDependencies : Invalid condition id : Cortex-A Device cause : null
2025-07-21 10:49:48,467 [WARN] ConditionMgr:1044 - genDependencies : Invalid condition id : Cortex-A Device cause : null
2025-07-21 10:49:48,467 [WARN] ConditionMgr:1044 - genDependencies : Invalid condition id : Cortex-A Device cause : null
2025-07-21 10:49:48,473 [WARN] PackLoader:240 - Cannot read IP mode file for STMicroelectronics.X-CUBE-BLEMGR.3.1.0
2025-07-21 10:49:48,477 [WARN] PackLoader:240 - Cannot read IP mode file for STMicroelectronics.X-CUBE-AI.10.0.0
2025-07-21 10:49:48,480 [WARN] PackLoader:240 - Cannot read IP mode file for STMicroelectronics.FP-SNS-SMARTAG2.1.2.0
2025-07-21 10:49:48,482 [WARN] PackLoader:240 - Cannot read IP mode file for STMicroelectronics.FP-SNS-FLIGHT1.5.1.0
2025-07-21 10:49:48,517 [WARN] PackLoader:240 - Cannot read IP mode file for STMicroelectronics.X-CUBE-MEMS1.11.1.0
2025-07-21 10:49:48,632 [INFO] LogOutputStream:77 - [STDOUT_REDIRECT] 1 : Invalid condition id : UX_CORESTACK_Condition cause : null
2025-07-21 10:49:48,632 [INFO] LogOutputStream:77 - [STDOUT_REDIRECT] 1 : Invalid condition id : UX_CORESTACK_Condition cause : null
2025-07-21 10:49:48,633 [INFO] LogOutputStream:77 - [STDOUT_REDIRECT] 1 : Invalid condition id : UX_CORESTACK_Condition cause : null
2025-07-21 10:49:48,633 [INFO] LogOutputStream:77 - [STDOUT_REDIRECT] 1 : Invalid condition id : UX_CORESTACK_Condition cause : null
2025-07-21 10:49:48,633 [INFO] LogOutputStream:77 - [STDOUT_REDIRECT] 1 : Invalid condition id : UX_CORESTACK_Condition cause : null
2025-07-21 10:49:48,636 [WARN] PackLoader:240 - Cannot read IP mode file for STMicroelectronics.X-CUBE-AZRTOS-WL.2.0.0
2025-07-21 10:49:48,641 [WARN] PackLoader:240 - Cannot read IP mode file for STMicroelectronics.FP-SNS-MOTENV1.5.0.0
2025-07-21 10:49:48,672 [WARN] PackLoader:240 - Cannot read IP mode file for WES.I-CUBE-Cesium.1.3.0
2025-07-21 10:49:48,676 [WARN] PackLoader:240 - Cannot read IP mode file for STMicroelectronics.X-CUBE-BLE2.3.3.0
2025-07-21 10:49:48,681 [WARN] PackLoader:240 - Cannot read IP mode file for STMicroelectronics.X-CUBE-DISPLAY.2.2.0
2025-07-21 10:49:48,693 [WARN] PackLoader:240 - Cannot read IP mode file for STMicroelectronics.X-CUBE-TOF1.3.2.0
2025-07-21 10:49:48,736 [WARN] PackLoader:240 - Cannot read IP mode file for STMicroelectronics.X-CUBE-TOUCHGFX.4.18.1
2025-07-21 10:49:48,741 [WARN] PackLoader:240 - Cannot read IP mode file for STMicroelectronics.X-CUBE-NFC9.1.0.0
2025-07-21 10:49:48,745 [WARN] PackLoader:240 - Cannot read IP mode file for STMicroelectronics.X-CUBE-BLE1.7.1.0
2025-07-21 10:49:48,748 [WARN] PackLoader:240 - Cannot read IP mode file for wolfSSL.I-CUBE-wolfMQTT.1.19.2
2025-07-21 10:49:48,752 [WARN] PackLoader:240 - Cannot read IP mode file for STMicroelectronics.X-CUBE-TCPP.4.1.0
2025-07-21 10:49:48,757 [WARN] PackLoader:240 - Cannot read IP mode file for STMicroelectronics.X-CUBE-EEPRMA1.5.2.0
2025-07-21 10:49:48,779 [WARN] PackLoader:240 - Cannot read IP mode file for STMicroelectronics.X-CUBE-TOUCHGFX.4.21.1
2025-07-21 10:49:48,781 [WARN] PackLoader:240 - Cannot read IP mode file for STMicroelectronics.X-CUBE-TOUCHGFX.4.21.0
2025-07-21 10:49:48,784 [WARN] PackLoader:240 - Cannot read IP mode file for STMicroelectronics.X-CUBE-TOUCHGFX.4.21.3
2025-07-21 10:49:48,785 [WARN] PackLoader:240 - Cannot read IP mode file for STMicroelectronics.X-CUBE-TOUCHGFX.4.21.4
2025-07-21 10:49:48,826 [WARN] PackLoader:240 - Cannot read IP mode file for STMicroelectronics.X-CUBE-MEMS1.9.4.0
2025-07-21 10:49:48,918 [WARN] PackLoader:240 - Cannot read IP mode file for STMicroelectronics.X-CUBE-AI.7.3.0
2025-07-21 10:49:48,920 [WARN] PackLoader:240 - Cannot read IP mode file for STMicroelectronics.X-CUBE-AI.10.1.0
2025-07-21 10:49:48,923 [WARN] PackLoader:240 - Cannot read IP mode file for STMicroelectronics.X-CUBE-ALGOBUILD.1.3.0
2025-07-21 10:49:48,933 [WARN] PackLoader:240 - Cannot read IP mode file for STMicroelectronics.X-CUBE-AZRTOS-G0.1.1.0
2025-07-21 10:49:48,938 [WARN] PackLoader:240 - Cannot read IP mode file for STMicroelectronics.X-CUBE-SAFEA1.1.2.2
2025-07-21 10:49:48,941 [WARN] PackLoader:240 - Cannot read IP mode file for STMicroelectronics.X-CUBE-NFC4.3.0.0
2025-07-21 10:49:48,962 [WARN] PackLoader:240 - Cannot read IP mode file for SEGGER.I-CUBE-embOS.1.2.0
2025-07-21 10:49:48,994 [WARN] PackLoader:240 - Cannot read IP mode file for EmbeddedOffice.I-CUBE-FS-RTOS.1.0.1
2025-07-21 10:49:48,998 [WARN] PackLoader:240 - Cannot read IP mode file for STMicroelectronics.X-CUBE-WB05N.2.0.0
2025-07-21 10:49:49,000 [WARN] PackLoader:240 - Cannot read IP mode file for wolfSSL.I-CUBE-wolfTPM.3.8.0
2025-07-21 10:49:49,005 [WARN] PackLoader:240 - Cannot read IP mode file for STMicroelectronics.X-CUBE-BLEMGR.1.3.0
2025-07-21 10:49:49,010 [WARN] PackLoader:240 - Cannot read IP mode file for STMicroelectronics.X-CUBE-TCPP.4.2.0
2025-07-21 10:49:49,031 [WARN] PackLoader:240 - Cannot read IP mode file for RealThread.X-CUBE-RT-Thread_Nano.4.1.1
2025-07-21 10:49:49,046 [WARN] PackLoader:240 - Cannot read IP mode file for STMicroelectronics.X-CUBE-AZRTOS-H7.2.0.0
2025-07-21 10:49:49,070 [WARN] PackLoader:240 - Cannot read IP mode file for STMicroelectronics.FP-ATR-SIGFOX1.3.2.0
2025-07-21 10:49:49,074 [WARN] PackLoader:240 - Cannot read IP mode file for STMicroelectronics.X-CUBE-EEPRMA1.5.1.0
2025-07-21 10:49:49,077 [WARN] PackLoader:240 - Cannot read IP mode file for STMicroelectronics.X-CUBE-TOUCHGFX.4.20.0
2025-07-21 10:49:49,079 [WARN] PackLoader:240 - Cannot read IP mode file for wolfSSL.I-CUBE-wolfSSL.5.7.6
2025-07-21 10:49:49,082 [WARN] PackLoader:240 - Cannot read IP mode file for ITTIA_DB.I-CUBE-ITTIADB.8.9.0
2025-07-21 10:49:49,131 [WARN] PackLoader:240 - Cannot read IP mode file for STMicroelectronics.X-CUBE-MEMS1.9.5.0
2025-07-21 10:49:49,272 [WARN] PackLoader:240 - Cannot read IP mode file for STMicroelectronics.X-CUBE-ST67W61.1.0.0
2025-07-21 10:49:49,320 [WARN] PackLoader:240 - Cannot read IP mode file for SEGGER.I-CUBE-embOS.1.3.1
2025-07-21 10:49:49,386 [WARN] PackLoader:240 - Cannot read IP mode file for STMicroelectronics.X-CUBE-ALGOBUILD.1.4.0
2025-07-21 10:49:49,471 [WARN] PackLoader:240 - Cannot read IP mode file for STMicroelectronics.X-CUBE-MEMS1.11.3.0
2025-07-21 10:49:49,617 [WARN] PackLoader:240 - Cannot read IP mode file for STMicroelectronics.X-CUBE-DISPLAY.2.0.1
2025-07-21 10:49:49,653 [WARN] PackLoader:240 - Cannot read IP mode file for STMicroelectronics.X-CUBE-AI.9.1.0
2025-07-21 10:49:49,693 [WARN] PackLoader:240 - Cannot read IP mode file for STMicroelectronics.X-CUBE-TOF1.3.0.0
2025-07-21 10:49:49,748 [WARN] PackLoader:240 - Cannot read IP mode file for STMicroelectronics.X-CUBE-PM33A1.1.0.0
2025-07-21 10:49:49,806 [WARN] PackLoader:240 - Cannot read IP mode file for STMicroelectronics.X-CUBE-GNSS1.6.0.0
2025-07-21 10:49:49,847 [WARN] PackLoader:240 - Cannot read IP mode file for STMicroelectronics.X-CUBE-AZRTOS-F4.1.1.0
2025-07-21 10:49:49,850 [WARN] PackLoader:240 - Cannot read IP mode file for Avnet-IotConnect.X-CUBE-IoTC-DA16k-PMOD.1.0.0
2025-07-21 10:49:49,852 [WARN] PackLoader:240 - Cannot read IP mode file for STMicroelectronics.X-CUBE-ISPU.2.1.0
2025-07-21 10:49:49,854 [WARN] PackLoader:240 - Cannot read IP mode file for STMicroelectronics.X-CUBE-FREERTOS.1.2.0
2025-07-21 10:49:49,858 [WARN] PackLoader:240 - Cannot read IP mode file for STMicroelectronics.X-CUBE-NFC12.1.0.0
2025-07-21 10:49:49,868 [WARN] PackLoader:240 - Cannot read IP mode file for STMicroelectronics.X-CUBE-AZRTOS-L5.2.0.0
2025-07-21 10:49:49,889 [WARN] PackLoader:240 - Cannot read IP mode file for STMicroelectronics.X-CUBE-MEMS1.9.6.0
2025-07-21 10:49:49,960 [WARN] PackLoader:240 - Cannot read IP mode file for STMicroelectronics.X-CUBE-NFC6.3.1.0
2025-07-21 10:49:49,965 [WARN] PackLoader:240 - Cannot read IP mode file for emotas.I-CUBE-CANOPEN.1.1.3
2025-07-21 10:49:49,970 [WARN] PackLoader:240 - Cannot read IP mode file for STMicroelectronics.X-CUBE-BLEMGR.2.0.0
2025-07-21 10:49:49,973 [WARN] PackLoader:240 - Cannot read IP mode file for STMicroelectronics.X-CUBE-DPower.1.2.0
2025-07-21 10:49:49,976 [WARN] PackLoader:240 - Cannot read IP mode file for STMicroelectronics.X-CUBE-NFC4.2.0.5
2025-07-21 10:49:49,978 [WARN] PackLoader:240 - Cannot read IP mode file for STMicroelectronics.X-CUBE-NFC4.2.0.3
2025-07-21 10:49:49,989 [WARN] ConditionMgr:438 - getConditionDescription Invalid condition id : UX DEVICE CLASS RTOS Condition cause : null
2025-07-21 10:49:49,989 [WARN] ConditionMgr:438 - getConditionDescription Invalid condition id : UX DEVICE CLASS RTOS Condition cause : null
2025-07-21 10:49:49,991 [WARN] PackLoader:240 - Cannot read IP mode file for STMicroelectronics.X-CUBE-AZRTOS-H7.3.1.0
2025-07-21 10:49:49,992 [WARN] ConditionMgr:1044 - genDependencies : Invalid condition id : UX DEVICE CLASS RTOS Condition cause : null
2025-07-21 10:49:49,992 [WARN] ConditionMgr:1044 - genDependencies : Invalid condition id : UX DEVICE CLASS RTOS Condition cause : null
2025-07-21 10:49:49,992 [WARN] ConditionMgr:1044 - genDependencies : Invalid condition id : UX DEVICE CLASS RTOS Condition cause : null
2025-07-21 10:49:49,992 [WARN] ConditionMgr:1044 - genDependencies : Invalid condition id : UX DEVICE CLASS RTOS Condition cause : null
2025-07-21 10:49:49,992 [WARN] ConditionMgr:1044 - genDependencies : Invalid condition id : UX DEVICE CLASS RTOS Condition cause : null
2025-07-21 10:49:49,996 [WARN] PackLoader:240 - Cannot read IP mode file for STMicroelectronics.X-CUBE-SFXS2LP1.3.1.0
2025-07-21 10:49:50,007 [WARN] PackLoader:240 - Cannot read IP mode file for STMicroelectronics.X-CUBE-AZRTOS-F4.1.0.0
2025-07-21 10:49:50,013 [WARN] PackLoader:240 - Cannot read IP mode file for STMicroelectronics.X-CUBE-FREERTOS.1.3.1
2025-07-21 10:49:50,017 [WARN] PackLoader:240 - Cannot read IP mode file for STMicroelectronics.X-CUBE-FREERTOS.1.3.0
2025-07-21 10:49:50,022 [WARN] PackLoader:240 - Cannot read IP mode file for STMicroelectronics.X-CUBE-NFC7.1.0.1
2025-07-21 10:49:50,025 [WARN] PackLoader:240 - Cannot read IP mode file for STMicroelectronics.X-CUBE-NFC7.1.0.0
2025-07-21 10:49:50,029 [WARN] PackLoader:240 - Cannot read IP mode file for STMicroelectronics.X-CUBE-NFC6.3.0.0
2025-07-21 10:49:50,033 [WARN] PackLoader:240 - Cannot read IP mode file for STMicroelectronics.X-CUBE-EEPRMA1.4.1.0
2025-07-21 10:49:50,037 [WARN] PackLoader:240 - Cannot read IP mode file for STMicroelectronics.FP-SNS-STAIOTCFT.1.0.0
2025-07-21 10:49:50,040 [WARN] PackLoader:240 - Cannot read IP mode file for STMicroelectronics.X-CUBE-DPower.1.3.0
2025-07-21 10:49:50,042 [WARN] PackLoader:240 - Cannot read IP mode file for STMicroelectronics.X-CUBE-AI.8.1.0
2025-07-21 10:49:50,051 [WARN] PackLoader:240 - Cannot read IP mode file for STMicroelectronics.X-CUBE-AZRTOS-G0.1.0.0
2025-07-21 10:49:50,064 [WARN] ConditionMgr:438 - getConditionDescription Invalid condition id : LAN8742 Phy interface Condition cause : null
2025-07-21 10:49:50,064 [WARN] PackLoader:240 - Cannot read IP mode file for STMicroelectronics.X-CUBE-AZRTOS-L4.2.0.0
2025-07-21 10:49:50,065 [WARN] ConditionMgr:1044 - genDependencies : Invalid condition id : LAN8742 Phy interface Condition cause : null
2025-07-21 10:49:50,065 [WARN] ConditionMgr:1044 - genDependencies : Invalid condition id : LAN8742 Phy interface Condition cause : null
2025-07-21 10:49:50,065 [WARN] ConditionMgr:1044 - genDependencies : Invalid condition id : LAN8742 Phy interface Condition cause : null
2025-07-21 10:49:50,070 [WARN] PackLoader:240 - Cannot read IP mode file for STMicroelectronics.X-CUBE-SFXS2LP1.4.0.0
2025-07-21 10:49:50,083 [WARN] PackLoader:240 - Cannot read IP mode file for STMicroelectronics.X-CUBE-AZRTOS-H7.3.0.0
2025-07-21 10:49:50,087 [WARN] PackLoader:240 - Cannot read IP mode file for STMicroelectronics.X-CUBE-ISPU.1.1.0
2025-07-21 10:49:50,106 [WARN] PackLoader:240 - Cannot read IP mode file for STMicroelectronics.X-CUBE-AZRTOS-H7.3.3.0
2025-07-21 10:49:50,113 [WARN] PackLoader:240 - Cannot read IP mode file for RoweBots.I-CUBE-UNISONRTOS.5.5.0-4
2025-07-21 10:49:50,119 [WARN] PackLoader:240 - Cannot read IP mode file for STMicroelectronics.X-CUBE-BLEMGR.4.1.0
2025-07-21 10:49:50,123 [WARN] PackLoader:240 - Cannot read IP mode file for STMicroelectronics.X-CUBE-AI.8.0.0
2025-07-21 10:49:50,129 [WARN] PackLoader:240 - Cannot read IP mode file for STMicroelectronics.X-CUBE-IPS.3.0.0
2025-07-21 10:49:50,140 [WARN] ConditionMgr:438 - getConditionDescription Invalid condition id : UX DEVICE CLASS RTOS Condition cause : null
2025-07-21 10:49:50,140 [WARN] ConditionMgr:438 - getConditionDescription Invalid condition id : UX DEVICE CLASS RTOS Condition cause : null
2025-07-21 10:49:50,142 [WARN] PackLoader:240 - Cannot read IP mode file for STMicroelectronics.X-CUBE-AZRTOS-WB.2.0.0
2025-07-21 10:49:50,142 [WARN] ConditionMgr:1044 - genDependencies : Invalid condition id : UX DEVICE CLASS RTOS Condition cause : null
2025-07-21 10:49:50,162 [WARN] ConditionMgr:1044 - genDependencies : Invalid condition id : UX DEVICE CLASS RTOS Condition cause : null
2025-07-21 10:49:50,162 [WARN] ConditionMgr:1044 - genDependencies : Invalid condition id : UX DEVICE CLASS RTOS Condition cause : null
2025-07-21 10:49:50,162 [WARN] ConditionMgr:1044 - genDependencies : Invalid condition id : UX DEVICE CLASS RTOS Condition cause : null
2025-07-21 10:49:50,162 [WARN] ConditionMgr:1044 - genDependencies : Invalid condition id : UX DEVICE CLASS RTOS Condition cause : null
2025-07-21 10:49:50,165 [WARN] PackLoader:240 - Cannot read IP mode file for STMicroelectronics.X-CUBE-FREERTOS.1.0.0
2025-07-21 10:49:50,168 [WARN] PackLoader:240 - Cannot read IP mode file for STMicroelectronics.X-CUBE-FREERTOS.1.0.1
2025-07-21 10:49:50,171 [WARN] PackLoader:240 - Cannot read IP mode file for STMicroelectronics.X-CUBE-GNSS1.7.0.0
2025-07-21 10:49:50,174 [WARN] PackLoader:240 - Cannot read IP mode file for STMicroelectronics.X-CUBE-GNSS1.7.0.1
2025-07-21 10:49:50,176 [WARN] PackLoader:240 - Cannot read IP mode file for STMicroelectronics.X-CUBE-TOUCHGFX.4.25.0
2025-07-21 10:49:50,180 [WARN] PackLoader:240 - Cannot read IP mode file for STMicroelectronics.FP-SNS-STBOX1.2.0.0
2025-07-21 10:49:50,191 [WARN] PackLoader:240 - Cannot read IP mode file for STMicroelectronics.X-CUBE-AZRTOS-L5.1.1.0
2025-07-21 10:49:50,196 [WARN] PackLoader:240 - Cannot read IP mode file for STMicroelectronics.X-CUBE-AI.8.0.1
2025-07-21 10:49:50,202 [WARN] PackLoader:240 - Cannot read IP mode file for STMicroelectronics.X-CUBE-SUBG2.5.0.0
2025-07-21 10:49:50,235 [WARN] PackLoader:240 - Cannot read IP mode file for STMicroelectronics.X-CUBE-AZRTOS-H7RS.1.1.0
2025-07-21 10:49:50,239 [WARN] PackLoader:240 - Cannot read IP mode file for Cesanta.I-CUBE-Mongoose.7.13.0
2025-07-21 10:49:50,244 [WARN] PackLoader:240 - Cannot read IP mode file for STMicroelectronics.X-CUBE-TOF1.3.3.1
2025-07-21 10:49:50,258 [WARN] PackLoader:240 - Cannot read IP mode file for STMicroelectronics.X-CUBE-AZRTOS-G4.2.0.0
2025-07-21 10:49:50,265 [WARN] PackLoader:240 - Cannot read IP mode file for STMicroelectronics.X-CUBE-TOF1.3.3.0
2025-07-21 10:49:50,271 [WARN] PackLoader:240 - Cannot read IP mode file for STMicroelectronics.FP-ATR-ASTRA1.1.1.1
2025-07-21 10:49:50,273 [WARN] PackLoader:240 - Cannot read IP mode file for wolfSSL.I-CUBE-wolfSSH.1.4.20
2025-07-21 10:49:50,276 [WARN] PackLoader:240 - Cannot read IP mode file for STMicroelectronics.X-CUBE-NFC7.2.0.0
2025-07-21 10:49:50,284 [WARN] PackLoader:240 - Cannot read IP mode file for STMicroelectronics.X-CUBE-AZRTOS-G4.1.0.0
2025-07-21 10:49:50,295 [WARN] PackLoader:240 - Cannot read IP mode file for STMicroelectronics.X-CUBE-AZRTOS-L4.1.0.0
2025-07-21 10:49:50,299 [WARN] PackLoader:240 - Cannot read IP mode file for STMicroelectronics.X-CUBE-ISPU.2.0.0
2025-07-21 10:49:50,305 [WARN] PackLoader:240 - Cannot read IP mode file for STMicroelectronics.X-CUBE-IPS.3.1.0
2025-07-21 10:49:50,311 [WARN] PackLoader:240 - Cannot read IP mode file for STMicroelectronics.X-CUBE-ALS.1.0.2
2025-07-21 10:49:50,334 [WARN] PackLoader:240 - Cannot read IP mode file for STMicroelectronics.X-CUBE-MEMS1.10.0.0
2025-07-21 10:49:50,408 [WARN] PackLoader:240 - Cannot read IP mode file for STMicroelectronics.X-CUBE-FREERTOS.1.1.0
2025-07-21 10:49:50,421 [WARN] PackLoader:240 - Cannot read IP mode file for STMicroelectronics.X-CUBE-AZRTOS-F7.1.0.0
2025-07-21 10:49:50,440 [WARN] PackLoader:240 - Cannot read IP mode file for STMicroelectronics.X-CUBE-AZRTOS-WL.1.0.0
2025-07-21 10:49:50,444 [WARN] PackLoader:240 - Cannot read IP mode file for STMicroelectronics.X-CUBE-TOUCHGFX.4.24.1
2025-07-21 10:49:50,479 [WARN] PackLoader:240 - Cannot read IP mode file for STMicroelectronics.X-CUBE-MEMS1.9.1.0
2025-07-21 10:49:50,536 [WARN] PackLoader:240 - Cannot read IP mode file for portGmbH.I-Cube-SoM-uGOAL.1.1.0
2025-07-21 10:49:50,538 [WARN] PackLoader:240 - Cannot read IP mode file for STMicroelectronics.X-CUBE-ALS.1.0.1
2025-07-21 10:49:50,547 [WARN] PackLoader:240 - Cannot read IP mode file for STMicroelectronics.X-CUBE-AZRTOS-WB.1.1.0
2025-07-21 10:49:50,559 [WARN] PackLoader:240 - Cannot read IP mode file for STMicroelectronics.X-CUBE-AZRTOS-L5.1.0.0
2025-07-21 10:49:50,569 [WARN] PackLoader:240 - Cannot read IP mode file for STMicroelectronics.X-CUBE-EEPRMA1.3.1.1
2025-07-21 10:49:50,572 [WARN] PackLoader:240 - Cannot read IP mode file for STMicroelectronics.X-CUBE-GNSS1.5.2.0
2025-07-21 10:49:50,575 [WARN] PackLoader:240 - Cannot read IP mode file for STMicroelectronics.FP-ATR-ASTRA1.2.0.0
2025-07-21 10:49:50,583 [WARN] PackLoader:240 - Cannot read IP mode file for STMicroelectronics.X-CUBE-TOF1.3.4.2
2025-07-21 10:49:50,595 [WARN] PackLoader:240 - Cannot read IP mode file for STMicroelectronics.X-CUBE-TOF1.3.4.3
2025-07-21 10:49:50,609 [WARN] PackLoader:240 - Cannot read IP mode file for STMicroelectronics.X-CUBE-TOF1.3.4.1
2025-07-21 10:49:50,627 [WARN] PackLoader:240 - Cannot read IP mode file for STMicroelectronics.X-CUBE-AZRTOS-H7.3.2.0
2025-07-21 10:49:50,636 [WARN] PackLoader:240 - Cannot read IP mode file for Infineon.AIROC-Wi-Fi-Bluetooth-STM32.1.6.0
2025-07-21 10:49:50,638 [INFO] ThirdParty:978 - Integrity check success = true
2025-07-21 10:49:50,638 [INFO] IntegrityCheckThread:100 - exiting critical section [integrity check]
2025-07-21 10:49:50,638 [INFO] IntegrityCheckThread:103 - End integrity checks thread
2025-07-21 10:51:42,525 [ERROR] LogOutputStream:75 - [STDERR_REDIRECT] 
